------Start of DE processing------ = [11/13/17 12:44:12:300 CST]
Exception = java.security.PrivilegedActionException
Source = com.ibm.ws.config.admin.internal.ConfigurationStore
probeid = 120
Stack Dump = java.security.PrivilegedActionException: java.io.FileNotFoundException: C:\Users\ahatua\Google Drive\fall17\CSC733\assignment2\liberty\usr\servers\defaultServer\workarea\org.eclipse.osgi\11\data\configs\com.ibm.ws.udpchannel.options_33!-434881310 (Access is denied)
	at java.security.AccessController.doPrivileged(Native Method)
	at com.ibm.ws.config.admin.internal.ConfigurationStore.saveConfiguration(ConfigurationStore.java:113)
	at com.ibm.ws.config.admin.internal.ExtendedConfigurationImpl.updateCache(ExtendedConfigurationImpl.java:464)
	at com.ibm.ws.config.xml.internal.ConfigUpdater.updateConfiguration(ConfigUpdater.java:265)
	at com.ibm.ws.config.xml.internal.ConfigUpdater.updateConfiguration(ConfigUpdater.java:194)
	at com.ibm.ws.config.xml.internal.ConfigUpdater.update(ConfigUpdater.java:109)
	at com.ibm.ws.config.xml.internal.ConfigUpdater.updateAndFireEvents(ConfigUpdater.java:625)
	at com.ibm.ws.config.xml.internal.BundleProcessor.addBundles(BundleProcessor.java:342)
	at com.ibm.ws.config.xml.internal.BundleProcessor.access$300(BundleProcessor.java:69)
	at com.ibm.ws.config.xml.internal.BundleProcessor$3.successfulCompletion(BundleProcessor.java:277)
	at com.ibm.ws.config.xml.internal.BundleProcessor$3.successfulCompletion(BundleProcessor.java:254)
	at com.ibm.ws.threading.internal.NonCancelableResultFuture.callListeners(NonCancelableResultFuture.java:135)
	at com.ibm.ws.threading.internal.FutureMonitorImpl.setResult(FutureMonitorImpl.java:143)
	at com.ibm.ws.runtime.update.internal.RuntimeUpdateManagerImpl$NotificationImpl.setResult(RuntimeUpdateManagerImpl.java:200)
	at com.ibm.ws.kernel.feature.internal.FeatureManager.updateFeatures(FeatureManager.java:1233)
	at com.ibm.ws.kernel.feature.internal.FeatureManager.update(FeatureManager.java:685)
	at com.ibm.ws.kernel.feature.internal.FeatureManager.processFeatureChanges(FeatureManager.java:788)
	at com.ibm.ws.kernel.feature.internal.FeatureManager$1.run(FeatureManager.java:583)
	at java.util.concurrent.ThreadPoolExecutor.runWorker(ThreadPoolExecutor.java:1142)
	at java.util.concurrent.ThreadPoolExecutor$Worker.run(ThreadPoolExecutor.java:617)
	at java.lang.Thread.run(Thread.java:745)
Caused by: java.io.FileNotFoundException: C:\Users\ahatua\Google Drive\fall17\CSC733\assignment2\liberty\usr\servers\defaultServer\workarea\org.eclipse.osgi\11\data\configs\com.ibm.ws.udpchannel.options_33!-434881310 (Access is denied)
	at java.io.FileOutputStream.open0(Native Method)
	at java.io.FileOutputStream.open(FileOutputStream.java:270)
	at java.io.FileOutputStream.<init>(FileOutputStream.java:213)
	at com.ibm.ws.config.admin.internal.ConfigurationStore.serializeConfigurationData(ConfigurationStore.java:204)
	at com.ibm.ws.config.admin.internal.ConfigurationStore$2.run(ConfigurationStore.java:116)
	... 21 more

Dump of callerThis
Object type = com.ibm.ws.config.admin.internal.ConfigurationStore
  tc = class com.ibm.websphere.ras.TraceComponent@78190a7
    strings[0] = "TraceComponent[com.ibm.ws.config.admin.internal.ConfigurationStore,class com.ibm.ws.config.admin.internal.ConfigurationStore,[config],com.ibm.ws.config.internal.resources.ConfigMessages,null]"
  caFactory = class com.ibm.ws.config.admin.internal.ConfigAdminServiceFactory@4f8ecbff
    tc = class com.ibm.websphere.ras.TraceComponent@489e82c3
      strings[0] = "TraceComponent[com.ibm.ws.config.admin.internal.ConfigAdminServiceFactory,class com.ibm.ws.config.admin.internal.ConfigAdminServiceFactory,[config],com.ibm.ws.config.internal.resources.ConfigMessages,null]"
    configurationPermission = class org.osgi.service.cm.ConfigurationPermission@1be9fbf4
      serialVersionUID = 5716868734811965383
      CONFIGURE = "configure"
      TARGET = "target"
      ACTION_CONFIGURE = 1
      ACTION_TARGET = 2
      ACTION_ALL = 3
      ACTION_NONE = 0
      action_mask = 1
      actions = null
      substrings = class java.util.ArrayList@76f0b5b5
      serialVersionUID = 6279438298436773498
      wildcard = true
      path = ""
      exitVM = false
      serialVersionUID = -5636570222231596674
      name = "*"
    INDEX_DICTIONARY = 0
    INDEX_LOCATION = 1
    INDEX_METATYPE_PROCESSED = 2
    INDEX_IN_OVERRIDES_FILE = 3
    INDEX_REFERENCES = 4
    INDEX_UNIQUES = 5
    bundleContext = class org.eclipse.osgi.internal.framework.BundleContextImpl@69153cc9
      findHookName = "org.osgi.framework.hooks.bundle.FindHook"
      valid = true
      bundle = class org.eclipse.osgi.internal.framework.EquinoxBundle@7e669137
      container = class org.eclipse.osgi.internal.framework.EquinoxContainer@374cb09d
      debug = class org.eclipse.osgi.internal.debug.Debug@3a75b7e3
      servicesInUse = class java.util.HashMap@7f2e2625
      activator = class com.ibm.ws.config.internal.WSConfigActivator@33374a6f
      contextLock = class java.lang.Object@61addccc
    msTracker = class com.ibm.ws.config.admin.internal.ManagedServiceTracker@7f0ca77e
      ME = "com.ibm.ws.config.admin.internal.ManagedServiceTracker"
      tc = class com.ibm.websphere.ras.TraceComponent@6bd4518
      caFactory = class com.ibm.ws.config.admin.internal.ConfigAdminServiceFactory@4f8ecbff
      managedServices = class java.util.HashMap@295a5d4c
      managedServiceReferences = class java.util.HashMap@7237f889
      serialVersionUID = -1361093010813248208
      DEBUG = false
      context = class org.eclipse.osgi.internal.framework.BundleContextImpl@69153cc9
      filter = class org.eclipse.osgi.internal.framework.FilterImpl@7407cefe
      customizer = class com.ibm.ws.config.admin.internal.ManagedServiceTracker@7f0ca77e
      listenerFilter = "(objectClass=org.osgi.service.cm.ManagedService)"
      trackClass = "org.osgi.service.cm.ManagedService"
      trackReference = null
      tracked = class org.osgi.util.tracker.ServiceTracker$Tracked@2d096d1f
      cachedReference = null
      cachedService = null
    msfTracker = class com.ibm.ws.config.admin.internal.ManagedServiceFactoryTracker@152815c7
      ME = "com.ibm.ws.config.admin.internal.ManagedServiceFactoryTracker"
      tc = class com.ibm.websphere.ras.TraceComponent@39740231
      caFactory = class com.ibm.ws.config.admin.internal.ConfigAdminServiceFactory@4f8ecbff
      managedServiceFactories = class java.util.HashMap@326f6768
      managedServiceFactoryReferences = class java.util.HashMap@7505c668
      serialVersionUID = -2719224650925081263
      DEBUG = false
      context = class org.eclipse.osgi.internal.framework.BundleContextImpl@69153cc9
      filter = class org.eclipse.osgi.internal.framework.FilterImpl@3d07662f
      customizer = class com.ibm.ws.config.admin.internal.ManagedServiceFactoryTracker@152815c7
      listenerFilter = "(objectClass=org.osgi.service.cm.ManagedServiceFactory)"
      trackClass = "org.osgi.service.cm.ManagedServiceFactory"
      trackReference = null
      tracked = class org.osgi.util.tracker.ServiceTracker$Tracked@6047320b
      cachedReference = null
      cachedService = null
    pluginManager = class com.ibm.ws.config.admin.internal.PluginManager@41ca6acd
      pluginTracker = class com.ibm.ws.config.admin.internal.PluginManager$PluginTracker@11524970
      serialVersionUID = -8398978898050816134
      $$$tc$$$ = class com.ibm.websphere.ras.TraceComponent@62e9d6ea
    configurationStore = class com.ibm.ws.config.admin.internal.ConfigurationStore@30a14c5f
    updateQueue = class com.ibm.ws.config.admin.internal.UpdateQueue@459b37e0
      tc = class com.ibm.websphere.ras.TraceComponent@21f41f70
      threadPool = class java.util.concurrent.ThreadPoolExecutor@441925a2
      queues = class com.ibm.ws.config.admin.internal.UpdateQueue$Queue[4]
      serialVersionUID = -2220987240531172166
    ced = class com.ibm.ws.config.admin.internal.ConfigEventDispatcher@5f364f7a
      ME = "com.ibm.ws.config.admin.internal.ConfigEventDispatcher"
      tc = class com.ibm.websphere.ras.TraceComponent@12e3b64b
      st = class org.osgi.util.tracker.ServiceTracker@4f2e2aa6
      configAdminReference = class org.eclipse.osgi.internal.serviceregistry.ServiceReferenceImpl@1420f671
      caFactory = class com.ibm.ws.config.admin.internal.ConfigAdminServiceFactory@4f8ecbff
      serialVersionUID = 7387440399302146247
    idMap = class java.util.Collections$SynchronizedMap@a65ef76
      serialVersionUID = 1978198479659022715
      m = class java.util.HashMap@56c2e5cf
      mutex = class java.util.Collections$SynchronizedMap@a65ef76
      keySet = null
      entrySet = null
      values = null
    referenceMap = class java.util.Collections$SynchronizedMap@18eb60f5
      serialVersionUID = 1978198479659022715
      m = class java.util.HashMap@78e1ba40
      mutex = class java.util.Collections$SynchronizedMap@18eb60f5
      keySet = null
      entrySet = null
      values = null
    variableRegistryTracker = class org.osgi.util.tracker.ServiceTracker@4d3603f
      DEBUG = false
      context = class org.eclipse.osgi.internal.framework.BundleContextImpl@69153cc9
      filter = class org.eclipse.osgi.internal.framework.FilterImpl@1abbb2c7
      customizer = class org.osgi.util.tracker.ServiceTracker@4d3603f
      listenerFilter = "(objectClass=com.ibm.wsspi.kernel.service.location.VariableRegistry)"
      trackClass = "com.ibm.wsspi.kernel.service.location.VariableRegistry"
      trackReference = null
      tracked = class org.osgi.util.tracker.ServiceTracker$Tracked@1faafc03
      cachedReference = class org.eclipse.osgi.internal.serviceregistry.ServiceReferenceImpl@216f9e4a
      cachedService = class com.ibm.ws.kernel.service.location.internal.VariableRegistryHelper@6973a240
    variableRegistry = class com.ibm.ws.kernel.service.location.internal.VariableRegistryHelper@6973a240
      registry = class com.ibm.ws.kernel.service.location.internal.SymbolRegistry@1b7cac2e
      serialVersionUID = 6631204287320083732
      $$$tc$$$ = class com.ibm.websphere.ras.TraceComponent@1b7e2b28
    configurationAdminRef = class org.eclipse.osgi.internal.serviceregistry.ServiceRegistrationImpl@15783c8d
      registry = class org.eclipse.osgi.internal.serviceregistry.ServiceRegistry@51c6e181
      context = class org.eclipse.osgi.internal.framework.BundleContextImpl@69153cc9
      bundle = class org.eclipse.osgi.internal.framework.EquinoxBundle@7e669137
      clazzes = class java.lang.String[1]
      service = class com.ibm.ws.config.admin.internal.ConfigAdminServiceFactory@4f8ecbff
      reference = class org.eclipse.osgi.internal.serviceregistry.ServiceReferenceImpl@1420f671
      contextsUsing = class java.util.ArrayList@766c6899
      properties = class org.eclipse.osgi.internal.serviceregistry.ServiceProperties@88fb7a6
      serviceid = 44
      serviceranking = 0
      registrationLock = class java.lang.Object@51a4a7af
      state = 0
      REGISTERED = 0
      UNREGISTERING = 1
      UNREGISTERED = 2
      $assertionsDisabled = true
    serialVersionUID = 6695202270027014725
  persistedConfig = class com.ibm.ws.config.admin.internal.PersistedConfigManager@69dd6d93
    persistDir = class java.io.File@5ec79780
      fs = class java.io.WinNTFileSystem@731b54d6
      path = "C:\Users\ahatua\Google Drive\fall17\CSC733\assignment2\liberty\usr\servers\defaultServer\workarea\org.eclipse.osgi\11\data\configs"
      status = class java.io.File$PathStatus@577f7a0
      prefixLength = 3
      separatorChar = \
      separator = "\"
      pathSeparatorChar = ;
      pathSeparator = ";"
      PATH_OFFSET = 16
      PREFIX_LENGTH_OFFSET = 12
      UNSAFE = class sun.misc.Unsafe@755e195a
      serialVersionUID = 301077366599181567
      filePath = null
      $assertionsDisabled = true
    serialVersionUID = -2732192261493706148
    $$$tc$$$ = class com.ibm.websphere.ras.TraceComponent@402812aa
      strings[0] = "TraceComponent[com.ibm.ws.config.admin.internal.PersistedConfigManager,class com.ibm.ws.config.admin.internal.PersistedConfigManager,[config],com.ibm.ws.config.internal.resources.ConfigMessages,null]"
  configurations = class java.util.HashMap@423544f1
    serialVersionUID = 362498820763181265
    DEFAULT_INITIAL_CAPACITY = 16
    MAXIMUM_CAPACITY = 1073741824
    DEFAULT_LOAD_FACTOR = 0.75
    TREEIFY_THRESHOLD = 8
    UNTREEIFY_THRESHOLD = 6
    MIN_TREEIFY_CAPACITY = 64
    table = class java.util.HashMap$Node[128]
      table[0] = null
      table[1] = class java.util.HashMap$Node@1a6c2bb8
      table[2] = class java.util.HashMap$Node@407fc0b
      table[3] = null
      table[4] = null
      table[5] = null
      table[6] = class java.util.HashMap$Node@1addd933
      table[7] = null
      table[8] = null
      table[9] = null
      table[10] = null
      table[11] = null
      table[12] = null
      table[13] = null
      table[14] = null
      table[15] = class java.util.HashMap$Node@78c4367f
      table[16] = class java.util.HashMap$Node@38ee334
      table[17] = null
      table[18] = class java.util.HashMap$Node@3852a0ea
      table[19] = class java.util.HashMap$Node@4cb2f292
      table[20] = class java.util.HashMap$Node@159c52b5
      table[21] = null
      table[22] = class java.util.HashMap$Node@617f9471
      table[23] = class java.util.HashMap$Node@4c872d44
      table[24] = class java.util.HashMap$Node@17fa6024
      table[25] = class java.util.HashMap$Node@60849194
      table[26] = class java.util.HashMap$Node@7d455de9
      table[27] = class java.util.HashMap$Node@8ddb208
      table[28] = class java.util.HashMap$Node@4ce20877
      table[29] = class java.util.HashMap$Node@8ae284e
      table[30] = class java.util.HashMap$Node@5f5386a7
      table[31] = class java.util.HashMap$Node@3afb22b7
      table[32] = class java.util.HashMap$Node@6686342f
      table[33] = null
      table[34] = null
      table[35] = class java.util.HashMap$Node@1f939ce9
      table[36] = null
      table[37] = class java.util.HashMap$Node@5cb64702
      table[38] = class java.util.HashMap$Node@3fbb38b9
      table[39] = class java.util.HashMap$Node@684b442d
      table[40] = null
      table[41] = null
      table[42] = class java.util.HashMap$Node@6bbce919
      table[43] = null
      table[44] = null
      table[45] = class java.util.HashMap$Node@5dc2d3b
      table[46] = null
      table[47] = null
      table[48] = class java.util.HashMap$Node@63c4a3c9
      table[49] = null
      table[50] = null
      table[51] = null
      table[52] = class java.util.HashMap$Node@519ce9b0
      table[53] = class java.util.HashMap$Node@5d6436bb
      table[54] = null
      table[55] = class java.util.HashMap$Node@39357dd9
      table[56] = null
      table[57] = null
      table[58] = null
      table[59] = null
      table[60] = class java.util.HashMap$Node@7fa95bdd
      table[61] = class java.util.HashMap$Node@49cefcf1
      table[62] = null
      table[63] = null
      table[64] = class java.util.HashMap$Node@3563ca9d
      table[65] = null
      table[66] = null
      table[67] = null
      table[68] = null
      table[69] = null
      table[70] = null
      table[71] = class java.util.HashMap$Node@27aaa25d
      table[72] = null
      table[73] = class java.util.HashMap$Node@126862c6
      table[74] = null
      table[75] = class java.util.HashMap$Node@2c7f2d0e
      table[76] = null
      table[77] = null
      table[78] = null
      table[79] = null
      table[80] = null
      table[81] = class java.util.HashMap$Node@7632d3e
      table[82] = class java.util.HashMap$Node@75a9cfc5
      table[83] = null
      table[84] = class java.util.HashMap$Node@2406fde4
      table[85] = class java.util.HashMap$Node@7144b337
      table[86] = class java.util.HashMap$Node@6fd06afc
      table[87] = class java.util.HashMap$Node@54bc4724
      table[88] = null
      table[89] = null
      table[90] = null
      table[91] = null
      table[92] = class java.util.HashMap$Node@4746798a
      table[93] = null
      table[94] = null
      table[95] = null
      table[96] = null
      table[97] = null
      table[98] = class java.util.HashMap$Node@13cfa75e
      table[99] = class java.util.HashMap$Node@7f24a851
      table[100] = null
      table[101] = null
      table[102] = class java.util.HashMap$Node@491745f6
      table[103] = null
      table[104] = null
      table[105] = class java.util.HashMap$Node@3de9ff77
      table[106] = null
      table[107] = null
      table[108] = class java.util.HashMap$Node@53724ac3
      table[109] = class java.util.HashMap$Node@94e16dc
      table[110] = class java.util.HashMap$Node@7a05caf6
      table[111] = class java.util.HashMap$Node@8e58086
      table[112] = class java.util.HashMap$Node@4980f70b
      table[113] = class java.util.HashMap$Node@3081f011
      table[114] = null
      table[115] = null
      table[116] = null
      table[117] = class java.util.HashMap$Node@6407ce8d
      table[118] = class java.util.HashMap$Node@40c2933b
      table[119] = null
      table[120] = null
      table[121] = class java.util.HashMap$Node@eb40c87
      table[122] = null
      table[123] = null
      table[124] = class java.util.HashMap$Node@310a7438
      table[125] = null
      table[126] = class java.util.HashMap$Node@6b23b732
      table[127] = class java.util.HashMap$Node@3f2cba26
    entrySet = null
    size = 77
    modCount = 87
    threshold = 96
    loadFactor = 0.75
    keySet = null
    values = class java.util.HashMap$Values@6f8e2959
      this$0 = class java.util.HashMap@423544f1
      MAX_ARRAY_SIZE = 2147483639
  cachedConfigScanned = true
  cachedConfigScannedLock = class com.ibm.ws.config.admin.internal.ConfigurationStore$1@712061f9
    this$0 = class com.ibm.ws.config.admin.internal.ConfigurationStore@30a14c5f
    serialVersionUID = -945624381174440198
    $$$tc$$$ = class com.ibm.websphere.ras.TraceComponent@2a5c150f
      strings[0] = "TraceComponent[com.ibm.ws.config.admin.internal.ConfigurationStore$1,class com.ibm.ws.config.admin.internal.ConfigurationStore$1,[config],com.ibm.ws.config.internal.resources.ConfigMessages,null]"
  configCount = 46
  serialVersionUID = 2395296793317701213

Dump of objectArray[0]
Object type = java.lang.String
  String value = "com.ibm.ws.udpchannel.options_33"

Dump of objectArray[1]
Object type = com.ibm.ws.config.admin.internal.ExtendedConfigurationImpl
  bundleLocation = null
  boundBundle = null
  caFactory = class com.ibm.ws.config.admin.internal.ConfigAdminServiceFactory@4f8ecbff
    tc = class com.ibm.websphere.ras.TraceComponent@489e82c3
      strings[0] = "TraceComponent[com.ibm.ws.config.admin.internal.ConfigAdminServiceFactory,class com.ibm.ws.config.admin.internal.ConfigAdminServiceFactory,[config],com.ibm.ws.config.internal.resources.ConfigMessages,null]"
    configurationPermission = class org.osgi.service.cm.ConfigurationPermission@1be9fbf4
      serialVersionUID = 5716868734811965383
      CONFIGURE = "configure"
      TARGET = "target"
      ACTION_CONFIGURE = 1
      ACTION_TARGET = 2
      ACTION_ALL = 3
      ACTION_NONE = 0
      action_mask = 1
      actions = null
      substrings = class java.util.ArrayList@76f0b5b5
      serialVersionUID = 6279438298436773498
      wildcard = true
      path = ""
      exitVM = false
      serialVersionUID = -5636570222231596674
      name = "*"
    INDEX_DICTIONARY = 0
    INDEX_LOCATION = 1
    INDEX_METATYPE_PROCESSED = 2
    INDEX_IN_OVERRIDES_FILE = 3
    INDEX_REFERENCES = 4
    INDEX_UNIQUES = 5
    bundleContext = class org.eclipse.osgi.internal.framework.BundleContextImpl@69153cc9
      findHookName = "org.osgi.framework.hooks.bundle.FindHook"
      valid = true
      bundle = class org.eclipse.osgi.internal.framework.EquinoxBundle@7e669137
      container = class org.eclipse.osgi.internal.framework.EquinoxContainer@374cb09d
      debug = class org.eclipse.osgi.internal.debug.Debug@3a75b7e3
      servicesInUse = class java.util.HashMap@7f2e2625
      activator = class com.ibm.ws.config.internal.WSConfigActivator@33374a6f
      contextLock = class java.lang.Object@61addccc
    msTracker = class com.ibm.ws.config.admin.internal.ManagedServiceTracker@7f0ca77e
      ME = "com.ibm.ws.config.admin.internal.ManagedServiceTracker"
      tc = class com.ibm.websphere.ras.TraceComponent@6bd4518
      caFactory = class com.ibm.ws.config.admin.internal.ConfigAdminServiceFactory@4f8ecbff
      managedServices = class java.util.HashMap@295a5d4c
      managedServiceReferences = class java.util.HashMap@7237f889
      serialVersionUID = -1361093010813248208
      DEBUG = false
      context = class org.eclipse.osgi.internal.framework.BundleContextImpl@69153cc9
      filter = class org.eclipse.osgi.internal.framework.FilterImpl@7407cefe
      customizer = class com.ibm.ws.config.admin.internal.ManagedServiceTracker@7f0ca77e
      listenerFilter = "(objectClass=org.osgi.service.cm.ManagedService)"
      trackClass = "org.osgi.service.cm.ManagedService"
      trackReference = null
      tracked = class org.osgi.util.tracker.ServiceTracker$Tracked@2d096d1f
      cachedReference = null
      cachedService = null
    msfTracker = class com.ibm.ws.config.admin.internal.ManagedServiceFactoryTracker@152815c7
      ME = "com.ibm.ws.config.admin.internal.ManagedServiceFactoryTracker"
      tc = class com.ibm.websphere.ras.TraceComponent@39740231
      caFactory = class com.ibm.ws.config.admin.internal.ConfigAdminServiceFactory@4f8ecbff
      managedServiceFactories = class java.util.HashMap@326f6768
      managedServiceFactoryReferences = class java.util.HashMap@7505c668
      serialVersionUID = -2719224650925081263
      DEBUG = false
      context = class org.eclipse.osgi.internal.framework.BundleContextImpl@69153cc9
      filter = class org.eclipse.osgi.internal.framework.FilterImpl@3d07662f
      customizer = class com.ibm.ws.config.admin.internal.ManagedServiceFactoryTracker@152815c7
      listenerFilter = "(objectClass=org.osgi.service.cm.ManagedServiceFactory)"
      trackClass = "org.osgi.service.cm.ManagedServiceFactory"
      trackReference = null
      tracked = class org.osgi.util.tracker.ServiceTracker$Tracked@6047320b
      cachedReference = null
      cachedService = null
    pluginManager = class com.ibm.ws.config.admin.internal.PluginManager@41ca6acd
      pluginTracker = class com.ibm.ws.config.admin.internal.PluginManager$PluginTracker@11524970
      serialVersionUID = -8398978898050816134
      $$$tc$$$ = class com.ibm.websphere.ras.TraceComponent@62e9d6ea
    configurationStore = class com.ibm.ws.config.admin.internal.ConfigurationStore@30a14c5f
      tc = class com.ibm.websphere.ras.TraceComponent@78190a7
      caFactory = class com.ibm.ws.config.admin.internal.ConfigAdminServiceFactory@4f8ecbff
      persistedConfig = class com.ibm.ws.config.admin.internal.PersistedConfigManager@69dd6d93
      configurations = class java.util.HashMap@423544f1
      cachedConfigScanned = true
      cachedConfigScannedLock = class com.ibm.ws.config.admin.internal.ConfigurationStore$1@712061f9
      configCount = 46
      serialVersionUID = 2395296793317701213
    updateQueue = class com.ibm.ws.config.admin.internal.UpdateQueue@459b37e0
      tc = class com.ibm.websphere.ras.TraceComponent@21f41f70
      threadPool = class java.util.concurrent.ThreadPoolExecutor@441925a2
      queues = class com.ibm.ws.config.admin.internal.UpdateQueue$Queue[4]
      serialVersionUID = -2220987240531172166
    ced = class com.ibm.ws.config.admin.internal.ConfigEventDispatcher@5f364f7a
      ME = "com.ibm.ws.config.admin.internal.ConfigEventDispatcher"
      tc = class com.ibm.websphere.ras.TraceComponent@12e3b64b
      st = class org.osgi.util.tracker.ServiceTracker@4f2e2aa6
      configAdminReference = class org.eclipse.osgi.internal.serviceregistry.ServiceReferenceImpl@1420f671
      caFactory = class com.ibm.ws.config.admin.internal.ConfigAdminServiceFactory@4f8ecbff
      serialVersionUID = 7387440399302146247
    idMap = class java.util.Collections$SynchronizedMap@a65ef76
      serialVersionUID = 1978198479659022715
      m = class java.util.HashMap@56c2e5cf
      mutex = class java.util.Collections$SynchronizedMap@a65ef76
      keySet = null
      entrySet = null
      values = null
    referenceMap = class java.util.Collections$SynchronizedMap@18eb60f5
      serialVersionUID = 1978198479659022715
      m = class java.util.HashMap@78e1ba40
      mutex = class java.util.Collections$SynchronizedMap@18eb60f5
      keySet = null
      entrySet = null
      values = null
    variableRegistryTracker = class org.osgi.util.tracker.ServiceTracker@4d3603f
      DEBUG = false
      context = class org.eclipse.osgi.internal.framework.BundleContextImpl@69153cc9
      filter = class org.eclipse.osgi.internal.framework.FilterImpl@1abbb2c7
      customizer = class org.osgi.util.tracker.ServiceTracker@4d3603f
      listenerFilter = "(objectClass=com.ibm.wsspi.kernel.service.location.VariableRegistry)"
      trackClass = "com.ibm.wsspi.kernel.service.location.VariableRegistry"
      trackReference = null
      tracked = class org.osgi.util.tracker.ServiceTracker$Tracked@1faafc03
      cachedReference = class org.eclipse.osgi.internal.serviceregistry.ServiceReferenceImpl@216f9e4a
      cachedService = class com.ibm.ws.kernel.service.location.internal.VariableRegistryHelper@6973a240
    variableRegistry = class com.ibm.ws.kernel.service.location.internal.VariableRegistryHelper@6973a240
      registry = class com.ibm.ws.kernel.service.location.internal.SymbolRegistry@1b7cac2e
      serialVersionUID = 6631204287320083732
      $$$tc$$$ = class com.ibm.websphere.ras.TraceComponent@1b7e2b28
    configurationAdminRef = class org.eclipse.osgi.internal.serviceregistry.ServiceRegistrationImpl@15783c8d
      registry = class org.eclipse.osgi.internal.serviceregistry.ServiceRegistry@51c6e181
      context = class org.eclipse.osgi.internal.framework.BundleContextImpl@69153cc9
      bundle = class org.eclipse.osgi.internal.framework.EquinoxBundle@7e669137
      clazzes = class java.lang.String[1]
      service = class com.ibm.ws.config.admin.internal.ConfigAdminServiceFactory@4f8ecbff
      reference = class org.eclipse.osgi.internal.serviceregistry.ServiceReferenceImpl@1420f671
      contextsUsing = class java.util.ArrayList@766c6899
      properties = class org.eclipse.osgi.internal.serviceregistry.ServiceProperties@88fb7a6
      serviceid = 44
      serviceranking = 0
      registrationLock = class java.lang.Object@51a4a7af
      state = 0
      REGISTERED = 0
      UNREGISTERING = 1
      UNREGISTERED = 2
      $assertionsDisabled = true
    serialVersionUID = 6695202270027014725
  factoryPid = "com.ibm.ws.udpchannel.options"
  pid = "com.ibm.ws.udpchannel.options_33"
  properties = class com.ibm.ws.config.admin.ConfigurationDictionary@29d8df45
    serialVersionUID = 7966152868712543805
    simpleTypes = class java.util.Arrays$ArrayList@736117a4
      serialVersionUID = -2764017481108945198
      a = class java.lang.Class[9]
      modCount = 0
      MAX_ARRAY_SIZE = 2147483639
    primitiveArrayTypes = class java.util.Arrays$ArrayList@24025233
      serialVersionUID = -2764017481108945198
      a = class java.lang.Class[8]
      modCount = 0
      MAX_ARRAY_SIZE = 2147483639
    simpleArrayTypes = class java.util.Arrays$ArrayList@3f3473af
      serialVersionUID = -2764017481108945198
      a = class java.lang.Class[9]
      modCount = 0
      MAX_ARRAY_SIZE = 2147483639
    extendedTypes = class java.util.Arrays$ArrayList@528c03e0
      serialVersionUID = -2764017481108945198
      a = class java.lang.Class[2]
      modCount = 0
      MAX_ARRAY_SIZE = 2147483639
    CASE_INSENSITIVE = class com.ibm.ws.config.admin.ConfigurationDictionary$CaseInsensitive@7f90ddb1
      serialVersionUID = 7962325242424955159
    properties = class java.util.Collections$SynchronizedMap@292be222
      serialVersionUID = 1978198479659022715
      m = class java.util.TreeMap@311a8f2f
      mutex = class java.util.Collections$SynchronizedMap@292be222
      keySet = null
      entrySet = null
      values = null
  hashCode = 0
  deleted = false
  inOverridesFile = true
  references = class java.util.Collections$EmptySet@2514332b
    serialVersionUID = 1582296315990362920
    MAX_ARRAY_SIZE = 2147483639
  uniqueVariables = class java.util.HashSet@6d5bc2c7
    serialVersionUID = -5024744406713321676
    map = class java.util.HashMap@72ed3804
      serialVersionUID = 362498820763181265
      DEFAULT_INITIAL_CAPACITY = 16
      MAXIMUM_CAPACITY = 1073741824
      DEFAULT_LOAD_FACTOR = 0.75
      TREEIFY_THRESHOLD = 8
      UNTREEIFY_THRESHOLD = 6
      MIN_TREEIFY_CAPACITY = 64
      table = null
      entrySet = null
      size = 0
      modCount = 0
      threshold = 0
      loadFactor = 0.75
      keySet = null
      values = null
    PRESENT = class java.lang.Object@6201ea9b
    MAX_ARRAY_SIZE = 2147483639
  lock = class java.util.concurrent.locks.ReentrantLock@397f43ba
    serialVersionUID = 7373984872572414699
    sync = class java.util.concurrent.locks.ReentrantLock$NonfairSync@314cdf04
      serialVersionUID = 7316153563782823691
      serialVersionUID = -5179523762034025860
      serialVersionUID = 7373984972572414691
      head = null
      tail = null
      state = 1
      spinForTimeoutThreshold = 1000
      unsafe = class sun.misc.Unsafe@755e195a
      stateOffset = 16
      headOffset = 20
      tailOffset = 24
      waitStatusOffset = 12
      nextOffset = 20
      serialVersionUID = 3737899427754241961
      exclusiveOwnerThread = class java.lang.Thread@3bb0fbb
  changeCount = class java.util.concurrent.atomic.AtomicLong@6dffb062
    serialVersionUID = 1927816293512124184
    unsafe = class sun.misc.Unsafe@755e195a
      theUnsafe = class sun.misc.Unsafe@755e195a
      INVALID_FIELD_OFFSET = -1
      ARRAY_BOOLEAN_BASE_OFFSET = 16
      ARRAY_BYTE_BASE_OFFSET = 16
      ARRAY_SHORT_BASE_OFFSET = 16
      ARRAY_CHAR_BASE_OFFSET = 16
      ARRAY_INT_BASE_OFFSET = 16
      ARRAY_LONG_BASE_OFFSET = 16
      ARRAY_FLOAT_BASE_OFFSET = 16
      ARRAY_DOUBLE_BASE_OFFSET = 16
      ARRAY_OBJECT_BASE_OFFSET = 16
      ARRAY_BOOLEAN_INDEX_SCALE = 1
      ARRAY_BYTE_INDEX_SCALE = 1
      ARRAY_SHORT_INDEX_SCALE = 2
      ARRAY_CHAR_INDEX_SCALE = 2
      ARRAY_INT_INDEX_SCALE = 4
      ARRAY_LONG_INDEX_SCALE = 8
      ARRAY_FLOAT_INDEX_SCALE = 4
      ARRAY_DOUBLE_INDEX_SCALE = 8
      ARRAY_OBJECT_INDEX_SCALE = 4
      ADDRESS_SIZE = 8
    valueOffset = 16
    VM_SUPPORTS_LONG_CAS = true
    value = 0
    serialVersionUID = -8742448824652078965
  configId = class com.ibm.ws.config.admin.ConfigID@2b2686f
    serialVersionUID = -7188381474767207297
    pid = "com.ibm.ws.udpchannel.options"
    id = "defaultUDPOptions"
    parent = null
    childAttribute = null
  sendEvents = false
  serialVersionUID = -7173954266841568360
  $$$tc$$$ = class com.ibm.websphere.ras.TraceComponent@78212804
    strings[0] = "TraceComponent[com.ibm.ws.config.admin.internal.ExtendedConfigurationImpl,class com.ibm.ws.config.admin.internal.ExtendedConfigurationImpl,[config],com.ibm.ws.config.internal.resources.ConfigMessages,null]"

