------Start of DE processing------ = [11/13/17 12:44:12:447 CST]
Exception = java.io.FileNotFoundException
Source = com.ibm.ws.config.xml.internal.ConfigUpdater
probeid = 266
Stack Dump = java.io.FileNotFoundException: C:\Users\ahatua\Google Drive\fall17\CSC733\assignment2\liberty\usr\servers\defaultServer\workarea\org.eclipse.osgi\11\data\configs\com.ibm.ws.udpchannel.options_33!-434881310 (Access is denied)
	at java.io.FileOutputStream.open0(Native Method)
	at java.io.FileOutputStream.open(FileOutputStream.java:270)
	at java.io.FileOutputStream.<init>(FileOutputStream.java:213)
	at com.ibm.ws.config.admin.internal.ConfigurationStore.serializeConfigurationData(ConfigurationStore.java:204)
	at com.ibm.ws.config.admin.internal.ConfigurationStore$2.run(ConfigurationStore.java:116)
	at java.security.AccessController.doPrivileged(Native Method)
	at com.ibm.ws.config.admin.internal.ConfigurationStore.saveConfiguration(ConfigurationStore.java:113)
	at com.ibm.ws.config.admin.internal.ExtendedConfigurationImpl.updateCache(ExtendedConfigurationImpl.java:464)
	at com.ibm.ws.config.xml.internal.ConfigUpdater.updateConfiguration(ConfigUpdater.java:265)
	at com.ibm.ws.config.xml.internal.ConfigUpdater.updateConfiguration(ConfigUpdater.java:194)
	at com.ibm.ws.config.xml.internal.ConfigUpdater.update(ConfigUpdater.java:109)
	at com.ibm.ws.config.xml.internal.ConfigUpdater.updateAndFireEvents(ConfigUpdater.java:625)
	at com.ibm.ws.config.xml.internal.BundleProcessor.addBundles(BundleProcessor.java:342)
	at com.ibm.ws.config.xml.internal.BundleProcessor.access$300(BundleProcessor.java:69)
	at com.ibm.ws.config.xml.internal.BundleProcessor$3.successfulCompletion(BundleProcessor.java:277)
	at com.ibm.ws.config.xml.internal.BundleProcessor$3.successfulCompletion(BundleProcessor.java:254)
	at com.ibm.ws.threading.internal.NonCancelableResultFuture.callListeners(NonCancelableResultFuture.java:135)
	at com.ibm.ws.threading.internal.FutureMonitorImpl.setResult(FutureMonitorImpl.java:143)
	at com.ibm.ws.runtime.update.internal.RuntimeUpdateManagerImpl$NotificationImpl.setResult(RuntimeUpdateManagerImpl.java:200)
	at com.ibm.ws.kernel.feature.internal.FeatureManager.updateFeatures(FeatureManager.java:1233)
	at com.ibm.ws.kernel.feature.internal.FeatureManager.update(FeatureManager.java:685)
	at com.ibm.ws.kernel.feature.internal.FeatureManager.processFeatureChanges(FeatureManager.java:788)
	at com.ibm.ws.kernel.feature.internal.FeatureManager$1.run(FeatureManager.java:583)
	at java.util.concurrent.ThreadPoolExecutor.runWorker(ThreadPoolExecutor.java:1142)
	at java.util.concurrent.ThreadPoolExecutor$Worker.run(ThreadPoolExecutor.java:617)
	at java.lang.Thread.run(Thread.java:745)

Dump of callerThis
Object type = com.ibm.ws.config.xml.internal.ConfigUpdater
  tc = class com.ibm.websphere.ras.TraceComponent@4f37b734
    strings[0] = "TraceComponent[com.ibm.ws.config.xml.internal.ConfigUpdater,class com.ibm.ws.config.xml.internal.ConfigUpdater,[config],com.ibm.ws.config.internal.resources.ConfigMessages,null]"
  configEvaluator = class com.ibm.ws.config.xml.internal.ConfigEvaluator@46173357
    tc = class com.ibm.websphere.ras.TraceComponent@32db3136
      strings[0] = "TraceComponent[com.ibm.ws.config.xml.internal.ConfigEvaluator,class com.ibm.ws.config.xml.internal.ConfigEvaluator,[config],com.ibm.ws.config.internal.resources.ConfigMessages,null]"
    EMPTY_STRING = ""
    ALL_PIDS = "*"
    configRetriever = class com.ibm.ws.config.xml.internal.ConfigRetriever@ce317f6
      tc = class com.ibm.websphere.ras.TraceComponent@3f635aa8
      caSupport = class com.ibm.ws.config.admin.internal.SystemConfigSupportImpl@28517abc
      configAdmin = class com.ibm.ws.config.admin.internal.ConfigurationAdminImpl@87bcc82
      variableRegistry = class com.ibm.ws.config.xml.internal.ConfigVariableRegistry@73858942
      serialVersionUID = -2418731197807035025
    metatypeRegistry = class com.ibm.ws.config.xml.internal.MetaTypeRegistry@17b811fc
    variableRegistry = class com.ibm.ws.config.xml.internal.ConfigVariableRegistry@73858942
    serverXMLConfig = class com.ibm.ws.config.xml.internal.ServerXMLConfiguration@40598532
      tc = class com.ibm.websphere.ras.TraceComponent@6d670099
      configRoot = class com.ibm.ws.kernel.service.location.internal.LocalFileResource@5a43e8a
      configDropinDefaults = class com.ibm.ws.kernel.service.location.internal.LocalFileResource@6315bf3f
      configDropinOverrides = class com.ibm.ws.kernel.service.location.internal.LocalFileResource@4c84ec81
      bundleContext = class org.eclipse.osgi.internal.framework.BundleContextImpl@69153cc9
      serverConfiguration = class com.ibm.ws.config.xml.internal.ServerConfiguration@7e8db5d3
      CONFIG_DROPINS = "configDropins"
      CONFIG_DROPIN_DEFAULTS = "configDropins/defaults/"
      CONFIG_DROPIN_OVERRIDES = "configDropins/overrides/"
      configReadTime = 1510202529877
      parser = class com.ibm.ws.config.xml.internal.XMLConfigParser@5a7984e6
      serialVersionUID = -173981188152250166
    serialVersionUID = 5245532984346892633
  variableRegistry = class com.ibm.ws.config.xml.internal.ConfigVariableRegistry@73858942
    tc = class com.ibm.websphere.ras.TraceComponent@7b15156a
      strings[0] = "TraceComponent[com.ibm.ws.config.xml.internal.ConfigVariableRegistry,class com.ibm.ws.config.xml.internal.ConfigVariableRegistry,[config],com.ibm.ws.config.internal.resources.ConfigMessages,null]"
    UNIQUE = "UNIQUE_"
    IN_USE = "WLP_VAR_IN_USE"
    registry = class com.ibm.ws.kernel.service.location.internal.VariableRegistryHelper@6973a240
      registry = class com.ibm.ws.kernel.service.location.internal.SymbolRegistry@1b7cac2e
      serialVersionUID = 6631204287320083732
      $$$tc$$$ = class com.ibm.websphere.ras.TraceComponent@1b7e2b28
    variableCacheFile = class java.io.File@64e81248
      fs = class java.io.WinNTFileSystem@731b54d6
      path = "C:\Users\ahatua\Google Drive\fall17\CSC733\assignment2\liberty\usr\servers\defaultServer\workarea\org.eclipse.osgi\11\data\variableCache"
      status = class java.io.File$PathStatus@577f7a0
      prefixLength = 3
      separatorChar = \
      separator = "\"
      pathSeparatorChar = ;
      pathSeparator = ";"
      PATH_OFFSET = 16
      PREFIX_LENGTH_OFFSET = 12
      UNSAFE = class sun.misc.Unsafe@755e195a
      serialVersionUID = 301077366599181567
      filePath = null
      $assertionsDisabled = true
    configVariables = class java.util.HashMap@378547f9
      serialVersionUID = 362498820763181265
      DEFAULT_INITIAL_CAPACITY = 16
      MAXIMUM_CAPACITY = 1073741824
      DEFAULT_LOAD_FACTOR = 0.75
      TREEIFY_THRESHOLD = 8
      UNTREEIFY_THRESHOLD = 6
      MIN_TREEIFY_CAPACITY = 64
      table = null
      entrySet = class java.util.HashMap$EntrySet@3d798cf1
      size = 0
      modCount = 0
      threshold = 0
      loadFactor = 0.75
      keySet = null
      values = null
    variableCache = class java.util.HashMap@6c2d057e
      serialVersionUID = 362498820763181265
      DEFAULT_INITIAL_CAPACITY = 16
      MAXIMUM_CAPACITY = 1073741824
      DEFAULT_LOAD_FACTOR = 0.75
      TREEIFY_THRESHOLD = 8
      UNTREEIFY_THRESHOLD = 6
      MIN_TREEIFY_CAPACITY = 64
      table = class java.util.HashMap$Node[64]
      entrySet = null
      size = 41
      modCount = 42
      threshold = 48
      loadFactor = 0.75
      keySet = null
      values = null
    defaultVariableCache = class java.util.HashMap@38773455
      serialVersionUID = 362498820763181265
      DEFAULT_INITIAL_CAPACITY = 16
      MAXIMUM_CAPACITY = 1073741824
      DEFAULT_LOAD_FACTOR = 0.75
      TREEIFY_THRESHOLD = 8
      UNTREEIFY_THRESHOLD = 6
      MIN_TREEIFY_CAPACITY = 64
      table = class java.util.HashMap$Node[16]
      entrySet = null
      size = 4
      modCount = 5
      threshold = 12
      loadFactor = 0.75
      keySet = null
      values = null
    serialVersionUID = -1196293758344540930
  caSupport = class com.ibm.ws.config.admin.internal.SystemConfigSupportImpl@28517abc
    caFactory = class com.ibm.ws.config.admin.internal.ConfigAdminServiceFactory@4f8ecbff
      tc = class com.ibm.websphere.ras.TraceComponent@489e82c3
      configurationPermission = class org.osgi.service.cm.ConfigurationPermission@1be9fbf4
      INDEX_DICTIONARY = 0
      INDEX_LOCATION = 1
      INDEX_METATYPE_PROCESSED = 2
      INDEX_IN_OVERRIDES_FILE = 3
      INDEX_REFERENCES = 4
      INDEX_UNIQUES = 5
      bundleContext = class org.eclipse.osgi.internal.framework.BundleContextImpl@69153cc9
      msTracker = class com.ibm.ws.config.admin.internal.ManagedServiceTracker@7f0ca77e
      msfTracker = class com.ibm.ws.config.admin.internal.ManagedServiceFactoryTracker@152815c7
      pluginManager = class com.ibm.ws.config.admin.internal.PluginManager@41ca6acd
      configurationStore = class com.ibm.ws.config.admin.internal.ConfigurationStore@30a14c5f
      updateQueue = class com.ibm.ws.config.admin.internal.UpdateQueue@459b37e0
      ced = class com.ibm.ws.config.admin.internal.ConfigEventDispatcher@5f364f7a
      idMap = class java.util.Collections$SynchronizedMap@a65ef76
      referenceMap = class java.util.Collections$SynchronizedMap@18eb60f5
      variableRegistryTracker = class org.osgi.util.tracker.ServiceTracker@4d3603f
      variableRegistry = class com.ibm.ws.kernel.service.location.internal.VariableRegistryHelper@6973a240
      configurationAdminRef = class org.eclipse.osgi.internal.serviceregistry.ServiceRegistrationImpl@15783c8d
      serialVersionUID = 6695202270027014725
    caSupportRef = class org.eclipse.osgi.internal.serviceregistry.ServiceRegistrationImpl@46a15e93
      registry = class org.eclipse.osgi.internal.serviceregistry.ServiceRegistry@51c6e181
      context = class org.eclipse.osgi.internal.framework.BundleContextImpl@69153cc9
      bundle = class org.eclipse.osgi.internal.framework.EquinoxBundle@7e669137
      clazzes = class java.lang.String[1]
      service = class com.ibm.ws.config.admin.internal.SystemConfigSupportImpl@28517abc
      reference = class org.eclipse.osgi.internal.serviceregistry.ServiceReferenceImpl@7aa8d4f5
      contextsUsing = class java.util.ArrayList@37989acd
      properties = class org.eclipse.osgi.internal.serviceregistry.ServiceProperties@492707cb
      serviceid = 45
      serviceranking = 0
      registrationLock = class java.lang.Object@24339c3f
      state = 0
      REGISTERED = 0
      UNREGISTERING = 1
      UNREGISTERED = 2
      $assertionsDisabled = true
    eventTracker = class org.osgi.util.tracker.ServiceTracker@2c25f11c
      DEBUG = false
      context = class org.eclipse.osgi.internal.framework.BundleContextImpl@69153cc9
      filter = class org.eclipse.osgi.internal.framework.FilterImpl@1a551ffc
      customizer = class org.osgi.util.tracker.ServiceTracker@2c25f11c
      listenerFilter = "(objectClass=org.osgi.service.event.EventAdmin)"
      trackClass = "org.osgi.service.event.EventAdmin"
      trackReference = null
      tracked = class org.osgi.util.tracker.ServiceTracker$Tracked@223faaed
      cachedReference = null
      cachedService = null
    serialVersionUID = -5567496331460706713
    $$$tc$$$ = class com.ibm.websphere.ras.TraceComponent@e6440a3
      strings[0] = "TraceComponent[com.ibm.ws.config.admin.internal.SystemConfigSupportImpl,class com.ibm.ws.config.admin.internal.SystemConfigSupportImpl,[config],com.ibm.ws.config.internal.resources.ConfigMessages,null]"
  extendedMetatypeManager = class com.ibm.ws.config.xml.internal.ExtendedMetatypeManager@37da5e15
    tc = class com.ibm.websphere.ras.TraceComponent@9544215
      strings[0] = "TraceComponent[com.ibm.ws.config.xml.internal.ExtendedMetatypeManager,class com.ibm.ws.config.xml.internal.ExtendedMetatypeManager,[config],com.ibm.ws.config.internal.resources.ConfigMessages,null]"
    EXT_SOURCE_PID_KEY = "ibm.extends.source.pid"
    EXT_IMMEDIATE_SUBTYPE_PID_KEY = "ibm.extends.subtype.pid"
    EXT_SOURCE_FACTORY_KEY = "ibm.extends.source.factoryPid"
    metatypeRegistry = class com.ibm.ws.config.xml.internal.MetaTypeRegistry@17b811fc
    configAdmin = class com.ibm.ws.config.admin.internal.ConfigurationAdminImpl@87bcc82
      bundle = class org.eclipse.osgi.internal.framework.EquinoxBundle@7e669137
      caFactory = class com.ibm.ws.config.admin.internal.ConfigAdminServiceFactory@4f8ecbff
      serialVersionUID = -3783880043350273893
      $$$tc$$$ = class com.ibm.websphere.ras.TraceComponent@17e2aa6e
    knownSupertypeConfigs = class java.util.HashMap@15dce8fb
      serialVersionUID = 362498820763181265
      DEFAULT_INITIAL_CAPACITY = 16
      MAXIMUM_CAPACITY = 1073741824
      DEFAULT_LOAD_FACTOR = 0.75
      TREEIFY_THRESHOLD = 8
      UNTREEIFY_THRESHOLD = 6
      MIN_TREEIFY_CAPACITY = 64
      table = class java.util.HashMap$Node[16]
      entrySet = null
      size = 1
      modCount = 1
      threshold = 12
      loadFactor = 0.75
      keySet = null
      values = null
    index = -1
    serialVersionUID = -5964489346879728611
  unresolvedReferences = class java.util.HashSet@48a84e32
    serialVersionUID = -5024744406713321676
    map = class java.util.HashMap@3fdfd526
      serialVersionUID = 362498820763181265
      DEFAULT_INITIAL_CAPACITY = 16
      MAXIMUM_CAPACITY = 1073741824
      DEFAULT_LOAD_FACTOR = 0.75
      TREEIFY_THRESHOLD = 8
      UNTREEIFY_THRESHOLD = 6
      MIN_TREEIFY_CAPACITY = 64
      table = class java.util.HashMap$Node[16]
      entrySet = null
      size = 5
      modCount = 7
      threshold = 12
      loadFactor = 0.75
      keySet = class java.util.HashMap$KeySet@6b3d540f
      values = null
    PRESENT = class java.lang.Object@6201ea9b
    MAX_ARRAY_SIZE = 2147483639
  metatypeRegistry = class com.ibm.ws.config.xml.internal.MetaTypeRegistry@17b811fc
    tc = class com.ibm.websphere.ras.TraceComponent@4626e26b
      strings[0] = "TraceComponent[com.ibm.ws.config.xml.internal.MetaTypeRegistry,class com.ibm.ws.config.xml.internal.MetaTypeRegistry,[config],com.ibm.ws.config.internal.resources.ConfigMessages,null]"
    MTP_REMOVED_TOPIC = "internal_mtp_removed"
    MTP_ADDED_TOPIC = "internal_mtp_added"
    UPDATED_PIDS = "internal_mtp_updated_pids"
    BUNDLE = "internal_mtp_bundle"
    MTP_INFO = "internal_mtp_info"
    entryMap = class java.util.concurrent.ConcurrentHashMap@17e4c8cb
      serialVersionUID = 7249069246763182397
      MAXIMUM_CAPACITY = 1073741824
      DEFAULT_CAPACITY = 16
      MAX_ARRAY_SIZE = 2147483639
      DEFAULT_CONCURRENCY_LEVEL = 16
      LOAD_FACTOR = 0.75
      TREEIFY_THRESHOLD = 8
      UNTREEIFY_THRESHOLD = 6
      MIN_TREEIFY_CAPACITY = 64
      MIN_TRANSFER_STRIDE = 16
      RESIZE_STAMP_BITS = 16
      MAX_RESIZERS = 65535
      RESIZE_STAMP_SHIFT = 16
      MOVED = -1
      TREEBIN = -2
      RESERVED = -3
      HASH_BITS = 2147483647
      NCPU = 4
      serialPersistentFields = class java.io.ObjectStreamField[3]
      table = class java.util.concurrent.ConcurrentHashMap$Node[256]
      nextTable = null
      baseCount = 153
      sizeCtl = 192
      transferIndex = 0
      cellsBusy = 0
      counterCells = null
      keySet = null
      values = class java.util.concurrent.ConcurrentHashMap$ValuesView@7fd0323f
      entrySet = null
      U = class sun.misc.Unsafe@755e195a
      SIZECTL = 20
      TRANSFERINDEX = 32
      BASECOUNT = 24
      CELLSBUSY = 36
      CELLVALUE = 144
      ABASE = 16
      ASHIFT = 2
      keySet = null
      values = null
    aliasMap = class java.util.concurrent.ConcurrentHashMap@52f69f2e
      serialVersionUID = 7249069246763182397
      MAXIMUM_CAPACITY = 1073741824
      DEFAULT_CAPACITY = 16
      MAX_ARRAY_SIZE = 2147483639
      DEFAULT_CONCURRENCY_LEVEL = 16
      LOAD_FACTOR = 0.75
      TREEIFY_THRESHOLD = 8
      UNTREEIFY_THRESHOLD = 6
      MIN_TREEIFY_CAPACITY = 64
      MIN_TRANSFER_STRIDE = 16
      RESIZE_STAMP_BITS = 16
      MAX_RESIZERS = 65535
      RESIZE_STAMP_SHIFT = 16
      MOVED = -1
      TREEBIN = -2
      RESERVED = -3
      HASH_BITS = 2147483647
      NCPU = 4
      serialPersistentFields = class java.io.ObjectStreamField[3]
      table = class java.util.concurrent.ConcurrentHashMap$Node[128]
      nextTable = null
      baseCount = 69
      sizeCtl = 96
      transferIndex = 0
      cellsBusy = 0
      counterCells = null
      keySet = null
      values = null
      entrySet = null
      U = class sun.misc.Unsafe@755e195a
      SIZECTL = 20
      TRANSFERINDEX = 32
      BASECOUNT = 24
      CELLSBUSY = 36
      CELLVALUE = 144
      ABASE = 16
      ASHIFT = 2
      keySet = null
      values = null
    invalidEntryMap = class java.util.concurrent.ConcurrentHashMap@463e6e21
      serialVersionUID = 7249069246763182397
      MAXIMUM_CAPACITY = 1073741824
      DEFAULT_CAPACITY = 16
      MAX_ARRAY_SIZE = 2147483639
      DEFAULT_CONCURRENCY_LEVEL = 16
      LOAD_FACTOR = 0.75
      TREEIFY_THRESHOLD = 8
      UNTREEIFY_THRESHOLD = 6
      MIN_TREEIFY_CAPACITY = 64
      MIN_TRANSFER_STRIDE = 16
      RESIZE_STAMP_BITS = 16
      MAX_RESIZERS = 65535
      RESIZE_STAMP_SHIFT = 16
      MOVED = -1
      TREEBIN = -2
      RESERVED = -3
      HASH_BITS = 2147483647
      NCPU = 4
      serialPersistentFields = class java.io.ObjectStreamField[3]
      table = class java.util.concurrent.ConcurrentHashMap$Node[16]
      nextTable = null
      baseCount = 0
      sizeCtl = 12
      transferIndex = 0
      cellsBusy = 0
      counterCells = null
      keySet = null
      values = null
      entrySet = null
      U = class sun.misc.Unsafe@755e195a
      SIZECTL = 20
      TRANSFERINDEX = 32
      BASECOUNT = 24
      CELLSBUSY = 36
      CELLVALUE = 144
      ABASE = 16
      ASHIFT = 2
      keySet = null
      values = null
    childAliasMap = class java.util.concurrent.ConcurrentHashMap@4a4213c1
      serialVersionUID = 7249069246763182397
      MAXIMUM_CAPACITY = 1073741824
      DEFAULT_CAPACITY = 16
      MAX_ARRAY_SIZE = 2147483639
      DEFAULT_CONCURRENCY_LEVEL = 16
      LOAD_FACTOR = 0.75
      TREEIFY_THRESHOLD = 8
      UNTREEIFY_THRESHOLD = 6
      MIN_TREEIFY_CAPACITY = 64
      MIN_TRANSFER_STRIDE = 16
      RESIZE_STAMP_BITS = 16
      MAX_RESIZERS = 65535
      RESIZE_STAMP_SHIFT = 16
      MOVED = -1
      TREEBIN = -2
      RESERVED = -3
      HASH_BITS = 2147483647
      NCPU = 4
      serialPersistentFields = class java.io.ObjectStreamField[3]
      table = class java.util.concurrent.ConcurrentHashMap$Node[32]
      nextTable = null
      baseCount = 12
      sizeCtl = 24
      transferIndex = 0
      cellsBusy = 0
      counterCells = null
      keySet = null
      values = null
      entrySet = null
      U = class sun.misc.Unsafe@755e195a
      SIZECTL = 20
      TRANSFERINDEX = 32
      BASECOUNT = 24
      CELLSBUSY = 36
      CELLVALUE = 144
      ABASE = 16
      ASHIFT = 2
      keySet = null
      values = null
    childPidMap = class java.util.concurrent.ConcurrentHashMap@7b5138d2
      serialVersionUID = 7249069246763182397
      MAXIMUM_CAPACITY = 1073741824
      DEFAULT_CAPACITY = 16
      MAX_ARRAY_SIZE = 2147483639
      DEFAULT_CONCURRENCY_LEVEL = 16
      LOAD_FACTOR = 0.75
      TREEIFY_THRESHOLD = 8
      UNTREEIFY_THRESHOLD = 6
      MIN_TREEIFY_CAPACITY = 64
      MIN_TRANSFER_STRIDE = 16
      RESIZE_STAMP_BITS = 16
      MAX_RESIZERS = 65535
      RESIZE_STAMP_SHIFT = 16
      MOVED = -1
      TREEBIN = -2
      RESERVED = -3
      HASH_BITS = 2147483647
      NCPU = 4
      serialPersistentFields = class java.io.ObjectStreamField[3]
      table = class java.util.concurrent.ConcurrentHashMap$Node[32]
      nextTable = null
      baseCount = 12
      sizeCtl = 24
      transferIndex = 0
      cellsBusy = 0
      counterCells = null
      keySet = null
      values = null
      entrySet = null
      U = class sun.misc.Unsafe@755e195a
      SIZECTL = 20
      TRANSFERINDEX = 32
      BASECOUNT = 24
      CELLSBUSY = 36
      CELLVALUE = 144
      ABASE = 16
      ASHIFT = 2
      keySet = null
      values = null
    serviceToObjectClassMap = class java.util.concurrent.ConcurrentHashMap@1db8d779
      serialVersionUID = 7249069246763182397
      MAXIMUM_CAPACITY = 1073741824
      DEFAULT_CAPACITY = 16
      MAX_ARRAY_SIZE = 2147483639
      DEFAULT_CONCURRENCY_LEVEL = 16
      LOAD_FACTOR = 0.75
      TREEIFY_THRESHOLD = 8
      UNTREEIFY_THRESHOLD = 6
      MIN_TREEIFY_CAPACITY = 64
      MIN_TRANSFER_STRIDE = 16
      RESIZE_STAMP_BITS = 16
      MAX_RESIZERS = 65535
      RESIZE_STAMP_SHIFT = 16
      MOVED = -1
      TREEBIN = -2
      RESERVED = -3
      HASH_BITS = 2147483647
      NCPU = 4
      serialPersistentFields = class java.io.ObjectStreamField[3]
      table = class java.util.concurrent.ConcurrentHashMap$Node[16]
      nextTable = null
      baseCount = 2
      sizeCtl = 12
      transferIndex = 0
      cellsBusy = 0
      counterCells = null
      keySet = null
      values = null
      entrySet = null
      U = class sun.misc.Unsafe@755e195a
      SIZECTL = 20
      TRANSFERINDEX = 32
      BASECOUNT = 24
      CELLSBUSY = 36
      CELLVALUE = 144
      ABASE = 16
      ASHIFT = 2
      keySet = null
      values = null
    serviceToServicesMap = class java.util.concurrent.ConcurrentHashMap@28c2ed89
      serialVersionUID = 7249069246763182397
      MAXIMUM_CAPACITY = 1073741824
      DEFAULT_CAPACITY = 16
      MAX_ARRAY_SIZE = 2147483639
      DEFAULT_CONCURRENCY_LEVEL = 16
      LOAD_FACTOR = 0.75
      TREEIFY_THRESHOLD = 8
      UNTREEIFY_THRESHOLD = 6
      MIN_TREEIFY_CAPACITY = 64
      MIN_TRANSFER_STRIDE = 16
      RESIZE_STAMP_BITS = 16
      MAX_RESIZERS = 65535
      RESIZE_STAMP_SHIFT = 16
      MOVED = -1
      TREEBIN = -2
      RESERVED = -3
      HASH_BITS = 2147483647
      NCPU = 4
      serialPersistentFields = class java.io.ObjectStreamField[3]
      table = class java.util.concurrent.ConcurrentHashMap$Node[16]
      nextTable = null
      baseCount = 3
      sizeCtl = 12
      transferIndex = 0
      cellsBusy = 0
      counterCells = null
      keySet = null
      values = null
      entrySet = null
      U = class sun.misc.Unsafe@755e195a
      SIZECTL = 20
      TRANSFERINDEX = 32
      BASECOUNT = 24
      CELLSBUSY = 36
      CELLVALUE = 144
      ABASE = 16
      ASHIFT = 2
      keySet = null
      values = null
    bundleMap = class java.util.concurrent.ConcurrentHashMap@72c43f4b
      serialVersionUID = 7249069246763182397
      MAXIMUM_CAPACITY = 1073741824
      DEFAULT_CAPACITY = 16
      MAX_ARRAY_SIZE = 2147483639
      DEFAULT_CONCURRENCY_LEVEL = 16
      LOAD_FACTOR = 0.75
      TREEIFY_THRESHOLD = 8
      UNTREEIFY_THRESHOLD = 6
      MIN_TREEIFY_CAPACITY = 64
      MIN_TRANSFER_STRIDE = 16
      RESIZE_STAMP_BITS = 16
      MAX_RESIZERS = 65535
      RESIZE_STAMP_SHIFT = 16
      MOVED = -1
      TREEBIN = -2
      RESERVED = -3
      HASH_BITS = 2147483647
      NCPU = 4
      serialPersistentFields = class java.io.ObjectStreamField[3]
      table = class java.util.concurrent.ConcurrentHashMap$Node[128]
      nextTable = null
      baseCount = 54
      sizeCtl = 96
      transferIndex = 0
      cellsBusy = 0
      counterCells = null
      keySet = null
      values = null
      entrySet = null
      U = class sun.misc.Unsafe@755e195a
      SIZECTL = 20
      TRANSFERINDEX = 32
      BASECOUNT = 24
      CELLSBUSY = 36
      CELLVALUE = 144
      ABASE = 16
      ASHIFT = 2
      keySet = null
      values = null
    metaTypeTracker = class org.osgi.util.tracker.ServiceTracker@a10e69
      DEBUG = false
      context = class org.eclipse.osgi.internal.framework.BundleContextImpl@69153cc9
      filter = class org.eclipse.osgi.internal.framework.FilterImpl@7c4d75d1
      customizer = class org.osgi.util.tracker.ServiceTracker@a10e69
      listenerFilter = "(objectClass=org.osgi.service.metatype.MetaTypeService)"
      trackClass = "org.osgi.service.metatype.MetaTypeService"
      trackReference = null
      tracked = class org.osgi.util.tracker.ServiceTracker$Tracked@589801c
      cachedReference = class org.eclipse.osgi.internal.serviceregistry.ServiceReferenceImpl@645187b6
      cachedService = class org.eclipse.equinox.metatype.impl.MetaTypeServiceImpl@3a0041a6
    mtpTracker = class com.ibm.ws.config.xml.internal.MetaTypeRegistry$MTPTracker@5bf9021b
      registry = class com.ibm.ws.config.xml.internal.MetaTypeRegistry@17b811fc
      eventTracker = class org.osgi.util.tracker.ServiceTracker@7a6dc517
      serialVersionUID = -6180965171787297116
      $$$tc$$$ = class com.ibm.websphere.ras.TraceComponent@3f682b1b
      DEBUG = false
      context = class org.eclipse.osgi.internal.framework.BundleContextImpl@69153cc9
      filter = class org.eclipse.osgi.internal.framework.FilterImpl@714ee95e
      customizer = class com.ibm.ws.config.xml.internal.MetaTypeRegistry$MTPTracker@5bf9021b
      listenerFilter = "(objectClass=org.osgi.service.metatype.MetaTypeProvider)"
      trackClass = "org.osgi.service.metatype.MetaTypeProvider"
      trackReference = null
      tracked = class org.osgi.util.tracker.ServiceTracker$Tracked@69a1fec7
      cachedReference = null
      cachedService = null
    serialVersionUID = -7127920695312189277
  failedUpdateInfo = class java.util.HashMap@341f1d2d
    serialVersionUID = 362498820763181265
    DEFAULT_INITIAL_CAPACITY = 16
    MAXIMUM_CAPACITY = 1073741824
    DEFAULT_LOAD_FACTOR = 0.75
    TREEIFY_THRESHOLD = 8
    UNTREEIFY_THRESHOLD = 6
    MIN_TREEIFY_CAPACITY = 64
    table = null
    entrySet = null
    size = 0
    modCount = 0
    threshold = 0
    loadFactor = 0.75
    keySet = null
    values = null
  failedUpdateAttrDef = class java.util.HashMap@5150d74d
    serialVersionUID = 362498820763181265
    DEFAULT_INITIAL_CAPACITY = 16
    MAXIMUM_CAPACITY = 1073741824
    DEFAULT_LOAD_FACTOR = 0.75
    TREEIFY_THRESHOLD = 8
    UNTREEIFY_THRESHOLD = 6
    MIN_TREEIFY_CAPACITY = 64
    table = null
    entrySet = null
    size = 0
    modCount = 0
    threshold = 0
    loadFactor = 0.75
    keySet = null
    values = null
  retryUpdateInfoList = class java.util.ArrayList@5b83ca8b
    serialVersionUID = 8683452581122892189
    DEFAULT_CAPACITY = 10
    EMPTY_ELEMENTDATA = class java.lang.Object[0]
    DEFAULTCAPACITY_EMPTY_ELEMENTDATA = class java.lang.Object[0]
    elementData = class java.lang.Object[0]
    size = 0
    MAX_ARRAY_SIZE = 2147483639
    modCount = 4
    MAX_ARRAY_SIZE = 2147483639
  ranUpdateRetry = false
  serialVersionUID = 4618814127728183361

Dump of objectArray[0]
Object type = com.ibm.ws.config.xml.internal.ConfigEvaluator$EvaluationResult
  configElement = class com.ibm.ws.config.xml.internal.FactoryElement@30fb8059
    id = "defaultUDPOptions"
    serialVersionUID = -290568863603112051
    $$$tc$$$ = class com.ibm.websphere.ras.TraceComponent@1493d8bc
      strings[0] = "TraceComponent[com.ibm.ws.config.xml.internal.FactoryElement,class com.ibm.ws.config.xml.internal.FactoryElement,[config],com.ibm.ws.config.internal.resources.ConfigMessages,null]"
    pid = "com.ibm.ws.udpchannel.options"
    serialVersionUID = -9047414204686928380
    $$$tc$$$ = class com.ibm.websphere.ras.TraceComponent@7980a1a2
      strings[0] = "TraceComponent[com.ibm.ws.config.xml.internal.MetaTypeElement,class com.ibm.ws.config.xml.internal.MetaTypeElement,[config],com.ibm.ws.config.internal.resources.ConfigMessages,null]"
    nodeName = "udpOptions"
    attributes = class com.ibm.ws.config.xml.internal.ConfigElement$GroupHashMap@171bbe54
      serialVersionUID = 3632130989008067578
      comparator = class com.ibm.ws.config.xml.internal.ConfigElement$1@283d0b29
      root = class java.util.TreeMap$Entry@6a4ec74b
      size = 2
      modCount = 2
      entrySet = class java.util.TreeMap$EntrySet@52eeb5c
      navigableKeySet = null
      descendingMap = null
      UNBOUNDED = class java.lang.Object@41cfeba3
      RED = false
      BLACK = true
      serialVersionUID = 919286545866124006
      keySet = null
      values = null
    sequenceId = 0
    location = "bundleentry://67.fwk1239183618/OSGI-INF/wlp/defaultInstances.xml"
    overrideLocation = "bundleentry://67.fwk1239183618/OSGI-INF/wlp/defaultInstances.xml"
    operations = class java.util.HashMap@7b0e0da6
      serialVersionUID = 362498820763181265
      DEFAULT_INITIAL_CAPACITY = 16
      MAXIMUM_CAPACITY = 1073741824
      DEFAULT_LOAD_FACTOR = 0.75
      TREEIFY_THRESHOLD = 8
      UNTREEIFY_THRESHOLD = 6
      MIN_TREEIFY_CAPACITY = 64
      table = null
      entrySet = null
      size = 0
      modCount = 0
      threshold = 0
      loadFactor = 0.75
      keySet = null
      values = null
    isTextOnly = true
    elementValue = ""
    parent = null
    children = class java.util.ArrayList@74e06eba
      serialVersionUID = 8683452581122892189
      DEFAULT_CAPACITY = 10
      EMPTY_ELEMENTDATA = class java.lang.Object[0]
      DEFAULTCAPACITY_EMPTY_ELEMENTDATA = class java.lang.Object[0]
      elementData = class java.lang.Object[10]
      size = 0
      MAX_ARRAY_SIZE = 2147483639
      modCount = 1
      MAX_ARRAY_SIZE = 2147483639
    childAttributeName = null
    mergeBehavior = class com.ibm.ws.config.xml.internal.XMLConfigParser$MergeBehavior@621ef020
      MERGE = class com.ibm.ws.config.xml.internal.XMLConfigParser$MergeBehavior@621ef020
      REPLACE = class com.ibm.ws.config.xml.internal.XMLConfigParser$MergeBehavior@e698d21
      IGNORE = class com.ibm.ws.config.xml.internal.XMLConfigParser$MergeBehavior@717f46a0
      MERGE_WHEN_EXISTS = class com.ibm.ws.config.xml.internal.XMLConfigParser$MergeBehavior@4fbdfdd8
      MERGE_WHEN_MISSING = class com.ibm.ws.config.xml.internal.XMLConfigParser$MergeBehavior@5daa6578
      $VALUES = class com.ibm.ws.config.xml.internal.XMLConfigParser$MergeBehavior[5]
      $$$tc$$$ = class com.ibm.websphere.ras.TraceComponent@59befab
      name = "MERGE"
      ordinal = 0
    docLocationStack = null
    behaviorStack = null
    CASE_INSENSITIVE = class com.ibm.ws.config.xml.internal.ConfigElement$1@283d0b29
      serialVersionUID = 2579770070088481384
      $$$tc$$$ = class com.ibm.websphere.ras.TraceComponent@6523f876
  properties = class com.ibm.ws.config.admin.ConfigurationDictionary@5f8a1d60
    serialVersionUID = 7966152868712543805
    simpleTypes = class java.util.Arrays$ArrayList@736117a4
      serialVersionUID = -2764017481108945198
      a = class java.lang.Class[9]
      modCount = 0
      MAX_ARRAY_SIZE = 2147483639
    primitiveArrayTypes = class java.util.Arrays$ArrayList@24025233
      serialVersionUID = -2764017481108945198
      a = class java.lang.Class[8]
      modCount = 0
      MAX_ARRAY_SIZE = 2147483639
    simpleArrayTypes = class java.util.Arrays$ArrayList@3f3473af
      serialVersionUID = -2764017481108945198
      a = class java.lang.Class[9]
      modCount = 0
      MAX_ARRAY_SIZE = 2147483639
    extendedTypes = class java.util.Arrays$ArrayList@528c03e0
      serialVersionUID = -2764017481108945198
      a = class java.lang.Class[2]
      modCount = 0
      MAX_ARRAY_SIZE = 2147483639
    CASE_INSENSITIVE = class com.ibm.ws.config.admin.ConfigurationDictionary$CaseInsensitive@7f90ddb1
      serialVersionUID = 7962325242424955159
    properties = class java.util.Collections$SynchronizedMap@8401dae
      serialVersionUID = 1978198479659022715
      m = class java.util.TreeMap@5adc6957
      mutex = class java.util.Collections$SynchronizedMap@8401dae
      keySet = class java.util.Collections$SynchronizedSet@232d57e8
      entrySet = null
      values = null
  references = null
  nestedResults = null
  variables = null
  pid = null
  valid = true
  unresolvedReferences = class java.util.HashSet@4aab887e
    serialVersionUID = -5024744406713321676
    map = class java.util.HashMap@11935d0
      serialVersionUID = 362498820763181265
      DEFAULT_INITIAL_CAPACITY = 16
      MAXIMUM_CAPACITY = 1073741824
      DEFAULT_LOAD_FACTOR = 0.75
      TREEIFY_THRESHOLD = 8
      UNTREEIFY_THRESHOLD = 6
      MIN_TREEIFY_CAPACITY = 64
      table = null
      entrySet = null
      size = 0
      modCount = 0
      threshold = 0
      loadFactor = 0.75
      keySet = class java.util.HashMap$KeySet@efc3e60
      values = null
    PRESENT = class java.lang.Object@6201ea9b
    MAX_ARRAY_SIZE = 2147483639
  registryEntry = class com.ibm.ws.config.xml.internal.MetaTypeRegistry$RegistryEntry@53481daa
    pid = "com.ibm.ws.udpchannel.options"
    rootPid = "com.ibm.ws.udpchannel.options"
    factory = true
    ocd = class com.ibm.ws.config.xml.internal.metatype.ExtendedObjectClassDefinitionImpl@23d540b5
      EXPOSED_FILTERS = class java.util.Arrays$ArrayList@67e6625a
      delegate = class org.eclipse.equinox.metatype.impl.ObjectClassDefinitionImpl@4ea6f5d9
      parentPid = null
      alias = "udpOptions"
      extraProperties = false
      action = null
      localization = null
      supportsExtensions = false
      supportsHiddenExtensions = false
      extendsAlias = null
      extendsAttribute = null
      childAlias = null
      anyCount = 0
      excludedChildren = null
      objectClass = null
      requireExplicitConfiguration = false
      pid = "com.ibm.ws.udpchannel.options"
      beta = false
      serialVersionUID = -5356085438660987379
      $$$tc$$$ = class com.ibm.websphere.ras.TraceComponent@6c675f9a
    bundleId = 67
    bundleName = "com.ibm.ws.channelfw"
    valid = true
    effectiveAttributes = class java.util.LinkedHashMap@54376fcb
      serialVersionUID = 3801124242820219131
      head = class java.util.LinkedHashMap$Entry@755a3e00
      tail = class java.util.LinkedHashMap$Entry@755a3e00
      accessOrder = false
      serialVersionUID = 362498820763181265
      DEFAULT_INITIAL_CAPACITY = 16
      MAXIMUM_CAPACITY = 1073741824
      DEFAULT_LOAD_FACTOR = 0.75
      TREEIFY_THRESHOLD = 8
      UNTREEIFY_THRESHOLD = 6
      MIN_TREEIFY_CAPACITY = 64
      table = class java.util.HashMap$Node[16]
      entrySet = class java.util.LinkedHashMap$LinkedEntrySet@1b34b91e
      size = 1
      modCount = 1
      threshold = 12
      loadFactor = 0.75
      keySet = null
      values = class java.util.LinkedHashMap$LinkedValues@2ae70c43
    requiredAttributeNames = class java.util.HashSet@413d0a9d
      serialVersionUID = -5024744406713321676
      map = class java.util.HashMap@659ee68
      PRESENT = class java.lang.Object@6201ea9b
      MAX_ARRAY_SIZE = 2147483639
    extenders = null
    referencingPids = null
    referencedPids = null
    extendedRegistryEntry = null
    serialVersionUID = 8337314792633918935
    $$$tc$$$ = class com.ibm.websphere.ras.TraceComponent@45107386
      strings[0] = "TraceComponent[com.ibm.ws.config.xml.internal.MetaTypeRegistry$RegistryEntry,class com.ibm.ws.config.xml.internal.MetaTypeRegistry$RegistryEntry,[config],com.ibm.ws.config.internal.resources.ConfigMessages,null]"
  serialVersionUID = -532615335863117056
  $$$tc$$$ = class com.ibm.websphere.ras.TraceComponent@112b917
    strings[0] = "TraceComponent[com.ibm.ws.config.xml.internal.ConfigEvaluator$EvaluationResult,class com.ibm.ws.config.xml.internal.ConfigEvaluator$EvaluationResult,[config],com.ibm.ws.config.internal.resources.ConfigMessages,null]"

Dump of objectArray[1]
Object type = com.ibm.ws.config.xml.internal.ConfigurationInfo
  tc = class com.ibm.websphere.ras.TraceComponent@40b4d20f
    strings[0] = "TraceComponent[com.ibm.ws.config.xml.internal.ConfigurationInfo,class com.ibm.ws.config.xml.internal.ConfigurationInfo,[config],com.ibm.ws.config.internal.resources.ConfigMessages,null]"
  configElement = class com.ibm.ws.config.xml.internal.FactoryElement@30fb8059
    id = "defaultUDPOptions"
    serialVersionUID = -290568863603112051
    $$$tc$$$ = class com.ibm.websphere.ras.TraceComponent@1493d8bc
      strings[0] = "TraceComponent[com.ibm.ws.config.xml.internal.FactoryElement,class com.ibm.ws.config.xml.internal.FactoryElement,[config],com.ibm.ws.config.internal.resources.ConfigMessages,null]"
    pid = "com.ibm.ws.udpchannel.options"
    serialVersionUID = -9047414204686928380
    $$$tc$$$ = class com.ibm.websphere.ras.TraceComponent@7980a1a2
      strings[0] = "TraceComponent[com.ibm.ws.config.xml.internal.MetaTypeElement,class com.ibm.ws.config.xml.internal.MetaTypeElement,[config],com.ibm.ws.config.internal.resources.ConfigMessages,null]"
    nodeName = "udpOptions"
    attributes = class com.ibm.ws.config.xml.internal.ConfigElement$GroupHashMap@171bbe54
      serialVersionUID = 3632130989008067578
      comparator = class com.ibm.ws.config.xml.internal.ConfigElement$1@283d0b29
      root = class java.util.TreeMap$Entry@6a4ec74b
      size = 2
      modCount = 2
      entrySet = class java.util.TreeMap$EntrySet@52eeb5c
      navigableKeySet = null
      descendingMap = null
      UNBOUNDED = class java.lang.Object@41cfeba3
      RED = false
      BLACK = true
      serialVersionUID = 919286545866124006
      keySet = null
      values = null
    sequenceId = 0
    location = "bundleentry://67.fwk1239183618/OSGI-INF/wlp/defaultInstances.xml"
    overrideLocation = "bundleentry://67.fwk1239183618/OSGI-INF/wlp/defaultInstances.xml"
    operations = class java.util.HashMap@7b0e0da6
      serialVersionUID = 362498820763181265
      DEFAULT_INITIAL_CAPACITY = 16
      MAXIMUM_CAPACITY = 1073741824
      DEFAULT_LOAD_FACTOR = 0.75
      TREEIFY_THRESHOLD = 8
      UNTREEIFY_THRESHOLD = 6
      MIN_TREEIFY_CAPACITY = 64
      table = null
      entrySet = null
      size = 0
      modCount = 0
      threshold = 0
      loadFactor = 0.75
      keySet = null
      values = null
    isTextOnly = true
    elementValue = ""
    parent = null
    children = class java.util.ArrayList@74e06eba
      serialVersionUID = 8683452581122892189
      DEFAULT_CAPACITY = 10
      EMPTY_ELEMENTDATA = class java.lang.Object[0]
      DEFAULTCAPACITY_EMPTY_ELEMENTDATA = class java.lang.Object[0]
      elementData = class java.lang.Object[10]
      size = 0
      MAX_ARRAY_SIZE = 2147483639
      modCount = 1
      MAX_ARRAY_SIZE = 2147483639
    childAttributeName = null
    mergeBehavior = class com.ibm.ws.config.xml.internal.XMLConfigParser$MergeBehavior@621ef020
      MERGE = class com.ibm.ws.config.xml.internal.XMLConfigParser$MergeBehavior@621ef020
      REPLACE = class com.ibm.ws.config.xml.internal.XMLConfigParser$MergeBehavior@e698d21
      IGNORE = class com.ibm.ws.config.xml.internal.XMLConfigParser$MergeBehavior@717f46a0
      MERGE_WHEN_EXISTS = class com.ibm.ws.config.xml.internal.XMLConfigParser$MergeBehavior@4fbdfdd8
      MERGE_WHEN_MISSING = class com.ibm.ws.config.xml.internal.XMLConfigParser$MergeBehavior@5daa6578
      $VALUES = class com.ibm.ws.config.xml.internal.XMLConfigParser$MergeBehavior[5]
      $$$tc$$$ = class com.ibm.websphere.ras.TraceComponent@59befab
      name = "MERGE"
      ordinal = 0
    docLocationStack = null
    behaviorStack = null
    CASE_INSENSITIVE = class com.ibm.ws.config.xml.internal.ConfigElement$1@283d0b29
      serialVersionUID = 2579770070088481384
      $$$tc$$$ = class com.ibm.websphere.ras.TraceComponent@6523f876
  config = class com.ibm.ws.config.admin.internal.ExtendedConfigurationImpl@3b8fff6
    bundleLocation = null
    boundBundle = null
    caFactory = class com.ibm.ws.config.admin.internal.ConfigAdminServiceFactory@4f8ecbff
      tc = class com.ibm.websphere.ras.TraceComponent@489e82c3
      configurationPermission = class org.osgi.service.cm.ConfigurationPermission@1be9fbf4
      INDEX_DICTIONARY = 0
      INDEX_LOCATION = 1
      INDEX_METATYPE_PROCESSED = 2
      INDEX_IN_OVERRIDES_FILE = 3
      INDEX_REFERENCES = 4
      INDEX_UNIQUES = 5
      bundleContext = class org.eclipse.osgi.internal.framework.BundleContextImpl@69153cc9
      msTracker = class com.ibm.ws.config.admin.internal.ManagedServiceTracker@7f0ca77e
      msfTracker = class com.ibm.ws.config.admin.internal.ManagedServiceFactoryTracker@152815c7
      pluginManager = class com.ibm.ws.config.admin.internal.PluginManager@41ca6acd
      configurationStore = class com.ibm.ws.config.admin.internal.ConfigurationStore@30a14c5f
      updateQueue = class com.ibm.ws.config.admin.internal.UpdateQueue@459b37e0
      ced = class com.ibm.ws.config.admin.internal.ConfigEventDispatcher@5f364f7a
      idMap = class java.util.Collections$SynchronizedMap@a65ef76
      referenceMap = class java.util.Collections$SynchronizedMap@18eb60f5
      variableRegistryTracker = class org.osgi.util.tracker.ServiceTracker@4d3603f
      variableRegistry = class com.ibm.ws.kernel.service.location.internal.VariableRegistryHelper@6973a240
      configurationAdminRef = class org.eclipse.osgi.internal.serviceregistry.ServiceRegistrationImpl@15783c8d
      serialVersionUID = 6695202270027014725
    factoryPid = "com.ibm.ws.udpchannel.options"
    pid = "com.ibm.ws.udpchannel.options_33"
    properties = class com.ibm.ws.config.admin.ConfigurationDictionary@29d8df45
      serialVersionUID = 7966152868712543805
      simpleTypes = class java.util.Arrays$ArrayList@736117a4
      primitiveArrayTypes = class java.util.Arrays$ArrayList@24025233
      simpleArrayTypes = class java.util.Arrays$ArrayList@3f3473af
      extendedTypes = class java.util.Arrays$ArrayList@528c03e0
      CASE_INSENSITIVE = class com.ibm.ws.config.admin.ConfigurationDictionary$CaseInsensitive@7f90ddb1
      properties = class java.util.Collections$SynchronizedMap@292be222
    hashCode = 0
    deleted = false
    inOverridesFile = true
    references = class java.util.Collections$EmptySet@2514332b
      serialVersionUID = 1582296315990362920
      MAX_ARRAY_SIZE = 2147483639
    uniqueVariables = class java.util.HashSet@6d5bc2c7
      serialVersionUID = -5024744406713321676
      map = class java.util.HashMap@72ed3804
      PRESENT = class java.lang.Object@6201ea9b
      MAX_ARRAY_SIZE = 2147483639
    lock = class java.util.concurrent.locks.ReentrantLock@397f43ba
      serialVersionUID = 7373984872572414699
      sync = class java.util.concurrent.locks.ReentrantLock$NonfairSync@314cdf04
    changeCount = class java.util.concurrent.atomic.AtomicLong@6dffb062
      serialVersionUID = 1927816293512124184
      unsafe = class sun.misc.Unsafe@755e195a
      valueOffset = 16
      VM_SUPPORTS_LONG_CAS = true
      value = 0
      serialVersionUID = -8742448824652078965
    configId = class com.ibm.ws.config.admin.ConfigID@2b2686f
      serialVersionUID = -7188381474767207297
      pid = "com.ibm.ws.udpchannel.options"
      id = "defaultUDPOptions"
      parent = null
      childAttribute = null
    sendEvents = false
    serialVersionUID = -7173954266841568360
    $$$tc$$$ = class com.ibm.websphere.ras.TraceComponent@78212804
      strings[0] = "TraceComponent[com.ibm.ws.config.admin.internal.ExtendedConfigurationImpl,class com.ibm.ws.config.admin.internal.ExtendedConfigurationImpl,[config],com.ibm.ws.config.internal.resources.ConfigMessages,null]"
  metaTypeAttributes = class java.util.LinkedHashMap@54376fcb
    serialVersionUID = 3801124242820219131
    head = class java.util.LinkedHashMap$Entry@755a3e00
      before = null
      after = null
      hash = 709048254
      key = "service.ranking"
      value = class com.ibm.ws.config.xml.internal.metatype.ExtendedAttributeDefinitionImpl@62bebdd4
      next = null
    tail = class java.util.LinkedHashMap$Entry@755a3e00
    accessOrder = false
    serialVersionUID = 362498820763181265
    DEFAULT_INITIAL_CAPACITY = 16
    MAXIMUM_CAPACITY = 1073741824
    DEFAULT_LOAD_FACTOR = 0.75
    TREEIFY_THRESHOLD = 8
    UNTREEIFY_THRESHOLD = 6
    MIN_TREEIFY_CAPACITY = 64
    table = class java.util.HashMap$Node[16]
      table[0] = null
      table[1] = null
      table[2] = null
      table[3] = null
      table[4] = null
      table[5] = null
      table[6] = null
      table[7] = null
      table[8] = null
      table[9] = null
      table[10] = null
      table[11] = null
      table[12] = null
      table[13] = null
      table[14] = class java.util.LinkedHashMap$Entry@755a3e00
      table[15] = null
    entrySet = class java.util.LinkedHashMap$LinkedEntrySet@1b34b91e
      this$0 = class java.util.LinkedHashMap@54376fcb
      MAX_ARRAY_SIZE = 2147483639
    size = 1
    modCount = 1
    threshold = 12
    loadFactor = 0.75
    keySet = null
    values = class java.util.LinkedHashMap$LinkedValues@2ae70c43
      this$0 = class java.util.LinkedHashMap@54376fcb
      MAX_ARRAY_SIZE = 2147483639
  deleted = false
  registryEntry = class com.ibm.ws.config.xml.internal.MetaTypeRegistry$RegistryEntry@53481daa
    pid = "com.ibm.ws.udpchannel.options"
    rootPid = "com.ibm.ws.udpchannel.options"
    factory = true
    ocd = class com.ibm.ws.config.xml.internal.metatype.ExtendedObjectClassDefinitionImpl@23d540b5
      EXPOSED_FILTERS = class java.util.Arrays$ArrayList@67e6625a
      delegate = class org.eclipse.equinox.metatype.impl.ObjectClassDefinitionImpl@4ea6f5d9
      parentPid = null
      alias = "udpOptions"
      extraProperties = false
      action = null
      localization = null
      supportsExtensions = false
      supportsHiddenExtensions = false
      extendsAlias = null
      extendsAttribute = null
      childAlias = null
      anyCount = 0
      excludedChildren = null
      objectClass = null
      requireExplicitConfiguration = false
      pid = "com.ibm.ws.udpchannel.options"
      beta = false
      serialVersionUID = -5356085438660987379
      $$$tc$$$ = class com.ibm.websphere.ras.TraceComponent@6c675f9a
    bundleId = 67
    bundleName = "com.ibm.ws.channelfw"
    valid = true
    effectiveAttributes = class java.util.LinkedHashMap@54376fcb
    requiredAttributeNames = class java.util.HashSet@413d0a9d
      serialVersionUID = -5024744406713321676
      map = class java.util.HashMap@659ee68
      PRESENT = class java.lang.Object@6201ea9b
      MAX_ARRAY_SIZE = 2147483639
    extenders = null
    referencingPids = null
    referencedPids = null
    extendedRegistryEntry = null
    serialVersionUID = 8337314792633918935
    $$$tc$$$ = class com.ibm.websphere.ras.TraceComponent@45107386
      strings[0] = "TraceComponent[com.ibm.ws.config.xml.internal.MetaTypeRegistry$RegistryEntry,class com.ibm.ws.config.xml.internal.MetaTypeRegistry$RegistryEntry,[config],com.ibm.ws.config.internal.resources.ConfigMessages,null]"
  superTypeConfigs = class java.util.ArrayList@9a23c61
    serialVersionUID = 8683452581122892189
    DEFAULT_CAPACITY = 10
    EMPTY_ELEMENTDATA = class java.lang.Object[0]
    DEFAULTCAPACITY_EMPTY_ELEMENTDATA = class java.lang.Object[0]
    elementData = class java.lang.Object[0]
    size = 0
    MAX_ARRAY_SIZE = 2147483639
    modCount = 0
    MAX_ARRAY_SIZE = 2147483639
  serialVersionUID = -3998717669418688491

Dump of objectArray[2]
Object type = java.util.ArrayList
  serialVersionUID = 8683452581122892189
  DEFAULT_CAPACITY = 10
  EMPTY_ELEMENTDATA = class java.lang.Object[0]
  DEFAULTCAPACITY_EMPTY_ELEMENTDATA = class java.lang.Object[0]
  elementData = class java.lang.Object[73]
    elementData[0] = class com.ibm.ws.config.xml.internal.ConfigurationInfo@13a37b4b
      tc = class com.ibm.websphere.ras.TraceComponent@40b4d20f
      configElement = class com.ibm.ws.config.xml.internal.SingletonElement@54822282
      config = class com.ibm.ws.config.admin.internal.ExtendedConfigurationImpl@7dc899b0
      metaTypeAttributes = class java.util.LinkedHashMap@18b99c33
      deleted = false
      registryEntry = class com.ibm.ws.config.xml.internal.MetaTypeRegistry$RegistryEntry@19301330
      superTypeConfigs = class java.util.ArrayList@2b0a8778
      serialVersionUID = -3998717669418688491
    elementData[1] = class com.ibm.ws.config.xml.internal.ConfigurationInfo@f9dc204
      tc = class com.ibm.websphere.ras.TraceComponent@40b4d20f
      configElement = class com.ibm.ws.config.xml.internal.SingletonElement@2caf6f0d
      config = class com.ibm.ws.config.admin.internal.ExtendedConfigurationImpl@254c0ed9
      metaTypeAttributes = class java.util.LinkedHashMap@326aef9
      deleted = false
      registryEntry = class com.ibm.ws.config.xml.internal.MetaTypeRegistry$RegistryEntry@4c874980
      superTypeConfigs = class java.util.ArrayList@4c3b1399
      serialVersionUID = -3998717669418688491
    elementData[2] = class com.ibm.ws.config.xml.internal.ConfigurationInfo@2ddc606
      tc = class com.ibm.websphere.ras.TraceComponent@40b4d20f
      configElement = class com.ibm.ws.config.xml.internal.FactoryElement@5b2e18de
      config = class com.ibm.ws.config.admin.internal.ExtendedConfigurationImpl@1f665fc1
      metaTypeAttributes = class java.util.LinkedHashMap@4811701e
      deleted = false
      registryEntry = class com.ibm.ws.config.xml.internal.MetaTypeRegistry$RegistryEntry@119b2e93
      superTypeConfigs = class java.util.ArrayList@2851f4b5
      serialVersionUID = -3998717669418688491
    elementData[3] = class com.ibm.ws.config.xml.internal.ConfigurationInfo@5987403b
      tc = class com.ibm.websphere.ras.TraceComponent@40b4d20f
      configElement = class com.ibm.ws.config.xml.internal.SingletonElement@63c12de4
      config = class com.ibm.ws.config.admin.internal.ExtendedConfigurationImpl@64725521
      metaTypeAttributes = class java.util.LinkedHashMap@7a70d046
      deleted = false
      registryEntry = class com.ibm.ws.config.xml.internal.MetaTypeRegistry$RegistryEntry@5605d809
      superTypeConfigs = class java.util.ArrayList@203b0d7a
      serialVersionUID = -3998717669418688491
    elementData[4] = class com.ibm.ws.config.xml.internal.ConfigurationInfo@51f60163
      tc = class com.ibm.websphere.ras.TraceComponent@40b4d20f
      configElement = class com.ibm.ws.config.xml.internal.SingletonElement@1e2ef5d3
      config = class com.ibm.ws.config.admin.internal.ExtendedConfigurationImpl@250d23b5
      metaTypeAttributes = class java.util.LinkedHashMap@d09dcb1
      deleted = false
      registryEntry = class com.ibm.ws.config.xml.internal.MetaTypeRegistry$RegistryEntry@24f419e3
      superTypeConfigs = class java.util.ArrayList@1c767a03
      serialVersionUID = -3998717669418688491
    elementData[5] = class com.ibm.ws.config.xml.internal.ConfigurationInfo@301a74bb
      tc = class com.ibm.websphere.ras.TraceComponent@40b4d20f
      configElement = class com.ibm.ws.config.xml.internal.FactoryElement@40ccac1e
      config = class com.ibm.ws.config.admin.internal.ExtendedConfigurationImpl@41c67b85
      metaTypeAttributes = class java.util.LinkedHashMap@34b2666
      deleted = false
      registryEntry = class com.ibm.ws.config.xml.internal.MetaTypeRegistry$RegistryEntry@548e5a92
      superTypeConfigs = class java.util.ArrayList@204376fd
      serialVersionUID = -3998717669418688491
    elementData[6] = class com.ibm.ws.config.xml.internal.ConfigurationInfo@5c1b7948
      tc = class com.ibm.websphere.ras.TraceComponent@40b4d20f
      configElement = class com.ibm.ws.config.xml.internal.FactoryElement@2ef40da
      config = class com.ibm.ws.config.admin.internal.ExtendedConfigurationImpl@11438b17
      metaTypeAttributes = class java.util.LinkedHashMap@34b2666
      deleted = false
      registryEntry = class com.ibm.ws.config.xml.internal.MetaTypeRegistry$RegistryEntry@548e5a92
      superTypeConfigs = class java.util.ArrayList@6a65a8b0
      serialVersionUID = -3998717669418688491
    elementData[7] = class com.ibm.ws.config.xml.internal.ConfigurationInfo@3f7e6c68
      tc = class com.ibm.websphere.ras.TraceComponent@40b4d20f
      configElement = class com.ibm.ws.config.xml.internal.FactoryElement@669376b
      config = class com.ibm.ws.config.admin.internal.ExtendedConfigurationImpl@1a47b23f
      metaTypeAttributes = class java.util.LinkedHashMap@34b2666
      deleted = false
      registryEntry = class com.ibm.ws.config.xml.internal.MetaTypeRegistry$RegistryEntry@548e5a92
      superTypeConfigs = class java.util.ArrayList@6f80ca18
      serialVersionUID = -3998717669418688491
    elementData[8] = class com.ibm.ws.config.xml.internal.ConfigurationInfo@5ee29ffd
      tc = class com.ibm.websphere.ras.TraceComponent@40b4d20f
      configElement = class com.ibm.ws.config.xml.internal.FactoryElement@44e53d69
      config = class com.ibm.ws.config.admin.internal.ExtendedConfigurationImpl@505649b7
      metaTypeAttributes = class java.util.LinkedHashMap@34b2666
      deleted = false
      registryEntry = class com.ibm.ws.config.xml.internal.MetaTypeRegistry$RegistryEntry@548e5a92
      superTypeConfigs = class java.util.ArrayList@63e77101
      serialVersionUID = -3998717669418688491
    elementData[9] = class com.ibm.ws.config.xml.internal.ConfigurationInfo@3d3e9736
      tc = class com.ibm.websphere.ras.TraceComponent@40b4d20f
      configElement = class com.ibm.ws.config.xml.internal.FactoryElement@795ec843
      config = class com.ibm.ws.config.admin.internal.ExtendedConfigurationImpl@7d3fa594
      metaTypeAttributes = class java.util.LinkedHashMap@34b2666
      deleted = false
      registryEntry = class com.ibm.ws.config.xml.internal.MetaTypeRegistry$RegistryEntry@548e5a92
      superTypeConfigs = class java.util.ArrayList@363db661
      serialVersionUID = -3998717669418688491
    elementData[10] = class com.ibm.ws.config.xml.internal.ConfigurationInfo@3a6868e0
      tc = class com.ibm.websphere.ras.TraceComponent@40b4d20f
      configElement = class com.ibm.ws.config.xml.internal.FactoryElement@25761af9
      config = class com.ibm.ws.config.admin.internal.ExtendedConfigurationImpl@25a1cfd9
      metaTypeAttributes = class java.util.LinkedHashMap@34b2666
      deleted = false
      registryEntry = class com.ibm.ws.config.xml.internal.MetaTypeRegistry$RegistryEntry@548e5a92
      superTypeConfigs = class java.util.ArrayList@2a65c2c4
      serialVersionUID = -3998717669418688491
    elementData[11] = class com.ibm.ws.config.xml.internal.ConfigurationInfo@76395ee9
      tc = class com.ibm.websphere.ras.TraceComponent@40b4d20f
      configElement = class com.ibm.ws.config.xml.internal.FactoryElement@57586385
      config = class com.ibm.ws.config.admin.internal.ExtendedConfigurationImpl@6bd0a8ca
      metaTypeAttributes = class java.util.LinkedHashMap@34b2666
      deleted = false
      registryEntry = class com.ibm.ws.config.xml.internal.MetaTypeRegistry$RegistryEntry@548e5a92
      superTypeConfigs = class java.util.ArrayList@7d21567c
      serialVersionUID = -3998717669418688491
    elementData[12] = class com.ibm.ws.config.xml.internal.ConfigurationInfo@3cee3aa4
      tc = class com.ibm.websphere.ras.TraceComponent@40b4d20f
      configElement = class com.ibm.ws.config.xml.internal.SingletonElement@6bbf7716
      config = class com.ibm.ws.config.admin.internal.ExtendedConfigurationImpl@4377c159
      metaTypeAttributes = class java.util.LinkedHashMap@107dbda5
      deleted = false
      registryEntry = class com.ibm.ws.config.xml.internal.MetaTypeRegistry$RegistryEntry@43593f79
      superTypeConfigs = class java.util.ArrayList@753b0ded
      serialVersionUID = -3998717669418688491
    elementData[13] = class com.ibm.ws.config.xml.internal.ConfigurationInfo@75208d28
      tc = class com.ibm.websphere.ras.TraceComponent@40b4d20f
      configElement = class com.ibm.ws.config.xml.internal.SingletonElement@70c7b9f8
      config = class com.ibm.ws.config.admin.internal.ExtendedConfigurationImpl@223352c4
      metaTypeAttributes = class java.util.LinkedHashMap@2b92873f
      deleted = false
      registryEntry = class com.ibm.ws.config.xml.internal.MetaTypeRegistry$RegistryEntry@2d454463
      superTypeConfigs = class java.util.ArrayList@3e26e166
      serialVersionUID = -3998717669418688491
    elementData[14] = class com.ibm.ws.config.xml.internal.ConfigurationInfo@c76d404
      tc = class com.ibm.websphere.ras.TraceComponent@40b4d20f
      configElement = class com.ibm.ws.config.xml.internal.SingletonElement@20ba3f7
      config = class com.ibm.ws.config.admin.internal.ExtendedConfigurationImpl@6f74366a
      metaTypeAttributes = class java.util.LinkedHashMap@23bc167b
      deleted = false
      registryEntry = class com.ibm.ws.config.xml.internal.MetaTypeRegistry$RegistryEntry@76eceec6
      superTypeConfigs = class java.util.ArrayList@3989d57a
      serialVersionUID = -3998717669418688491
    elementData[15] = class com.ibm.ws.config.xml.internal.ConfigurationInfo@30041d75
      tc = class com.ibm.websphere.ras.TraceComponent@40b4d20f
      configElement = class com.ibm.ws.config.xml.internal.SingletonElement@4b0d437e
      config = class com.ibm.ws.config.admin.internal.ExtendedConfigurationImpl@610e7ce4
      metaTypeAttributes = class java.util.LinkedHashMap@666f981e
      deleted = false
      registryEntry = class com.ibm.ws.config.xml.internal.MetaTypeRegistry$RegistryEntry@3d00042e
      superTypeConfigs = class java.util.ArrayList@66b46578
      serialVersionUID = -3998717669418688491
    elementData[16] = class com.ibm.ws.config.xml.internal.ConfigurationInfo@7df23acb
      tc = class com.ibm.websphere.ras.TraceComponent@40b4d20f
      configElement = class com.ibm.ws.config.xml.internal.SingletonElement@1c242ee6
      config = class com.ibm.ws.config.admin.internal.ExtendedConfigurationImpl@59c3e526
      metaTypeAttributes = class java.util.LinkedHashMap@6ece04e8
      deleted = false
      registryEntry = class com.ibm.ws.config.xml.internal.MetaTypeRegistry$RegistryEntry@46853abe
      superTypeConfigs = class java.util.ArrayList@a947ac4
      serialVersionUID = -3998717669418688491
    elementData[17] = class com.ibm.ws.config.xml.internal.ConfigurationInfo@c4aa190
      tc = class com.ibm.websphere.ras.TraceComponent@40b4d20f
      configElement = class com.ibm.ws.config.xml.internal.FactoryElement@24488d04
      config = class com.ibm.ws.config.admin.internal.ExtendedConfigurationImpl@78a24478
      metaTypeAttributes = class java.util.LinkedHashMap@f954c7b
      deleted = false
      registryEntry = class com.ibm.ws.config.xml.internal.MetaTypeRegistry$RegistryEntry@728485c0
      superTypeConfigs = class java.util.ArrayList@78b96a63
      serialVersionUID = -3998717669418688491
    elementData[18] = class com.ibm.ws.config.xml.internal.ConfigurationInfo@36a682e9
      tc = class com.ibm.websphere.ras.TraceComponent@40b4d20f
      configElement = class com.ibm.ws.config.xml.internal.FactoryElement@17c25264
      config = class com.ibm.ws.config.admin.internal.ExtendedConfigurationImpl@5befd37
      metaTypeAttributes = class java.util.LinkedHashMap@f954c7b
      deleted = false
      registryEntry = class com.ibm.ws.config.xml.internal.MetaTypeRegistry$RegistryEntry@728485c0
      superTypeConfigs = class java.util.ArrayList@b60be94
      serialVersionUID = -3998717669418688491
    elementData[19] = class com.ibm.ws.config.xml.internal.ConfigurationInfo@2659defd
      tc = class com.ibm.websphere.ras.TraceComponent@40b4d20f
      configElement = class com.ibm.ws.config.xml.internal.SingletonElement@6d26f056
      config = class com.ibm.ws.config.admin.internal.ExtendedConfigurationImpl@710cf301
      metaTypeAttributes = class java.util.LinkedHashMap@40a90a81
      deleted = false
      registryEntry = class com.ibm.ws.config.xml.internal.MetaTypeRegistry$RegistryEntry@4dec0918
      superTypeConfigs = class java.util.ArrayList@65a0f2d6
      serialVersionUID = -3998717669418688491
    elementData[20] = class com.ibm.ws.config.xml.internal.ConfigurationInfo@4a119c9f
      tc = class com.ibm.websphere.ras.TraceComponent@40b4d20f
      configElement = class com.ibm.ws.config.xml.internal.SingletonElement@996383c
      config = class com.ibm.ws.config.admin.internal.ExtendedConfigurationImpl@6d6d7f7a
      metaTypeAttributes = class java.util.LinkedHashMap@3dbf4047
      deleted = false
      registryEntry = class com.ibm.ws.config.xml.internal.MetaTypeRegistry$RegistryEntry@373b0470
      superTypeConfigs = class java.util.ArrayList@110a9ba1
      serialVersionUID = -3998717669418688491
    elementData[21] = class com.ibm.ws.config.xml.internal.ConfigurationInfo@130ef26c
      tc = class com.ibm.websphere.ras.TraceComponent@40b4d20f
      configElement = class com.ibm.ws.config.xml.internal.SingletonElement@69f05bc6
      config = class com.ibm.ws.config.admin.internal.ExtendedConfigurationImpl@15cdd2c0
      metaTypeAttributes = class java.util.LinkedHashMap@f220899
      deleted = false
      registryEntry = class com.ibm.ws.config.xml.internal.MetaTypeRegistry$RegistryEntry@106ff038
      superTypeConfigs = class java.util.ArrayList@2c94e50
      serialVersionUID = -3998717669418688491
    elementData[22] = class com.ibm.ws.config.xml.internal.ConfigurationInfo@11bd8b2e
      tc = class com.ibm.websphere.ras.TraceComponent@40b4d20f
      configElement = class com.ibm.ws.config.xml.internal.FactoryElement@39055639
      config = class com.ibm.ws.config.admin.internal.ExtendedConfigurationImpl@4ed9391e
      metaTypeAttributes = class java.util.LinkedHashMap@152089ca
      deleted = false
      registryEntry = class com.ibm.ws.config.xml.internal.MetaTypeRegistry$RegistryEntry@5e202241
      superTypeConfigs = class java.util.ArrayList@5f98b3bd
      serialVersionUID = -3998717669418688491
    elementData[23] = class com.ibm.ws.config.xml.internal.ConfigurationInfo@79fb11d2
      tc = class com.ibm.websphere.ras.TraceComponent@40b4d20f
      configElement = class com.ibm.ws.config.xml.internal.SingletonElement@6eb0e1c3
      config = class com.ibm.ws.config.admin.internal.ExtendedConfigurationImpl@40c3b73b
      metaTypeAttributes = class java.util.LinkedHashMap@4c5daf98
      deleted = false
      registryEntry = class com.ibm.ws.config.xml.internal.MetaTypeRegistry$RegistryEntry@298e5ce6
      superTypeConfigs = class java.util.ArrayList@439d52e2
      serialVersionUID = -3998717669418688491
    elementData[24] = class com.ibm.ws.config.xml.internal.ConfigurationInfo@3fc89f16
      tc = class com.ibm.websphere.ras.TraceComponent@40b4d20f
      configElement = class com.ibm.ws.config.xml.internal.SingletonElement@73197d7e
      config = class com.ibm.ws.config.admin.internal.ExtendedConfigurationImpl@546ffb5d
      metaTypeAttributes = class java.util.LinkedHashMap@544acbf4
      deleted = false
      registryEntry = class com.ibm.ws.config.xml.internal.MetaTypeRegistry$RegistryEntry@4c085661
      superTypeConfigs = class java.util.ArrayList@cd71dca
      serialVersionUID = -3998717669418688491
    elementData[25] = class com.ibm.ws.config.xml.internal.ConfigurationInfo@5b319711
      tc = class com.ibm.websphere.ras.TraceComponent@40b4d20f
      configElement = class com.ibm.ws.config.xml.internal.SingletonElement@122eeef
      config = class com.ibm.ws.config.admin.internal.ExtendedConfigurationImpl@6c4195d7
      metaTypeAttributes = class java.util.LinkedHashMap@eb87219
      deleted = false
      registryEntry = class com.ibm.ws.config.xml.internal.MetaTypeRegistry$RegistryEntry@11a398d3
      superTypeConfigs = class java.util.ArrayList@568f75b6
      serialVersionUID = -3998717669418688491
    elementData[26] = class com.ibm.ws.config.xml.internal.ConfigurationInfo@262883a2
      tc = class com.ibm.websphere.ras.TraceComponent@40b4d20f
      configElement = class com.ibm.ws.config.xml.internal.FactoryElement@70f88cad
      config = class com.ibm.ws.config.admin.internal.ExtendedConfigurationImpl@6e22bd89
      metaTypeAttributes = class java.util.LinkedHashMap@27317504
      deleted = false
      registryEntry = class com.ibm.ws.config.xml.internal.MetaTypeRegistry$RegistryEntry@36e1c695
      superTypeConfigs = class java.util.ArrayList@69209dac
      serialVersionUID = -3998717669418688491
    elementData[27] = class com.ibm.ws.config.xml.internal.ConfigurationInfo@77c6334
      tc = class com.ibm.websphere.ras.TraceComponent@40b4d20f
      configElement = class com.ibm.ws.config.xml.internal.FactoryElement@72280ffa
      config = class com.ibm.ws.config.admin.internal.ExtendedConfigurationImpl@8f0dff1
      metaTypeAttributes = class java.util.LinkedHashMap@4e94fdd3
      deleted = false
      registryEntry = class com.ibm.ws.config.xml.internal.MetaTypeRegistry$RegistryEntry@3af82b8c
      superTypeConfigs = class java.util.ArrayList@3ec8be2a
      serialVersionUID = -3998717669418688491
    elementData[28] = class com.ibm.ws.config.xml.internal.ConfigurationInfo@7c376ce2
      tc = class com.ibm.websphere.ras.TraceComponent@40b4d20f
      configElement = class com.ibm.ws.config.xml.internal.SingletonElement@5c254771
      config = class com.ibm.ws.config.admin.internal.ExtendedConfigurationImpl@56ee86bd
      metaTypeAttributes = class java.util.LinkedHashMap@424daf23
      deleted = false
      registryEntry = class com.ibm.ws.config.xml.internal.MetaTypeRegistry$RegistryEntry@52c664bd
      superTypeConfigs = class java.util.ArrayList@3a5cce20
      serialVersionUID = -3998717669418688491
    elementData[29] = class com.ibm.ws.config.xml.internal.ConfigurationInfo@2b69e56a
      tc = class com.ibm.websphere.ras.TraceComponent@40b4d20f
      configElement = class com.ibm.ws.config.xml.internal.SingletonElement@7daf8cad
      config = class com.ibm.ws.config.admin.internal.ExtendedConfigurationImpl@18081a45
      metaTypeAttributes = class java.util.LinkedHashMap@7bf7a608
      deleted = false
      registryEntry = class com.ibm.ws.config.xml.internal.MetaTypeRegistry$RegistryEntry@142d8251
      superTypeConfigs = class java.util.ArrayList@3f200182
      serialVersionUID = -3998717669418688491
    elementData[30] = class com.ibm.ws.config.xml.internal.ConfigurationInfo@49be4636
      tc = class com.ibm.websphere.ras.TraceComponent@40b4d20f
      configElement = class com.ibm.ws.config.xml.internal.SingletonElement@3ad16784
      config = class com.ibm.ws.config.admin.internal.ExtendedConfigurationImpl@7794115f
      metaTypeAttributes = class java.util.LinkedHashMap@4800cbed
      deleted = false
      registryEntry = class com.ibm.ws.config.xml.internal.MetaTypeRegistry$RegistryEntry@5bccb849
      superTypeConfigs = class java.util.ArrayList@41a43e5a
      serialVersionUID = -3998717669418688491
    elementData[31] = class com.ibm.ws.config.xml.internal.ConfigurationInfo@2dbff9f6
      tc = class com.ibm.websphere.ras.TraceComponent@40b4d20f
      configElement = class com.ibm.ws.config.xml.internal.FactoryElement@c2d21d6
      config = class com.ibm.ws.config.admin.internal.ExtendedConfigurationImpl@a6e3747
      metaTypeAttributes = class java.util.LinkedHashMap@39c9e93d
      deleted = false
      registryEntry = class com.ibm.ws.config.xml.internal.MetaTypeRegistry$RegistryEntry@2b430ed4
      superTypeConfigs = class java.util.ArrayList@2ac78f5
      serialVersionUID = -3998717669418688491
    elementData[32] = class com.ibm.ws.config.xml.internal.ConfigurationInfo@6aa8c0df
      tc = class com.ibm.websphere.ras.TraceComponent@40b4d20f
      configElement = class com.ibm.ws.config.xml.internal.FactoryElement@17811643
      config = class com.ibm.ws.config.admin.internal.ExtendedConfigurationImpl@3a37bd9a
      metaTypeAttributes = class java.util.LinkedHashMap@39c9e93d
      deleted = false
      registryEntry = class com.ibm.ws.config.xml.internal.MetaTypeRegistry$RegistryEntry@2b430ed4
      superTypeConfigs = class java.util.ArrayList@7475cb6d
      serialVersionUID = -3998717669418688491
    elementData[33] = class com.ibm.ws.config.xml.internal.ConfigurationInfo@e8e2a55
      tc = class com.ibm.websphere.ras.TraceComponent@40b4d20f
      configElement = class com.ibm.ws.config.xml.internal.FactoryElement@1b8869ae
      config = class com.ibm.ws.config.admin.internal.ExtendedConfigurationImpl@556cb179
      metaTypeAttributes = class java.util.LinkedHashMap@39c9e93d
      deleted = false
      registryEntry = class com.ibm.ws.config.xml.internal.MetaTypeRegistry$RegistryEntry@2b430ed4
      superTypeConfigs = class java.util.ArrayList@304b6ae9
      serialVersionUID = -3998717669418688491
    elementData[34] = class com.ibm.ws.config.xml.internal.ConfigurationInfo@353a4244
      tc = class com.ibm.websphere.ras.TraceComponent@40b4d20f
      configElement = class com.ibm.ws.config.xml.internal.FactoryElement@72de388c
      config = class com.ibm.ws.config.admin.internal.ExtendedConfigurationImpl@50a93806
      metaTypeAttributes = class java.util.LinkedHashMap@39c9e93d
      deleted = false
      registryEntry = class com.ibm.ws.config.xml.internal.MetaTypeRegistry$RegistryEntry@2b430ed4
      superTypeConfigs = class java.util.ArrayList@6bb39fa
      serialVersionUID = -3998717669418688491
    elementData[35] = class com.ibm.ws.config.xml.internal.ConfigurationInfo@67186d5c
      tc = class com.ibm.websphere.ras.TraceComponent@40b4d20f
      configElement = class com.ibm.ws.config.xml.internal.FactoryElement@3def69bd
      config = class com.ibm.ws.config.admin.internal.ExtendedConfigurationImpl@6444470b
      metaTypeAttributes = class java.util.LinkedHashMap@39c9e93d
      deleted = false
      registryEntry = class com.ibm.ws.config.xml.internal.MetaTypeRegistry$RegistryEntry@2b430ed4
      superTypeConfigs = class java.util.ArrayList@4de9e5d
      serialVersionUID = -3998717669418688491
    elementData[36] = class com.ibm.ws.config.xml.internal.ConfigurationInfo@4b1ae758
      tc = class com.ibm.websphere.ras.TraceComponent@40b4d20f
      configElement = class com.ibm.ws.config.xml.internal.FactoryElement@530d40b5
      config = class com.ibm.ws.config.admin.internal.ExtendedConfigurationImpl@27ee377d
      metaTypeAttributes = class java.util.LinkedHashMap@39c9e93d
      deleted = false
      registryEntry = class com.ibm.ws.config.xml.internal.MetaTypeRegistry$RegistryEntry@2b430ed4
      superTypeConfigs = class java.util.ArrayList@45c7fca2
      serialVersionUID = -3998717669418688491
    elementData[37] = class com.ibm.ws.config.xml.internal.ConfigurationInfo@3439b0ec
      tc = class com.ibm.websphere.ras.TraceComponent@40b4d20f
      configElement = class com.ibm.ws.config.xml.internal.FactoryElement@7d3bc1f3
      config = class com.ibm.ws.config.admin.internal.ExtendedConfigurationImpl@7f0aa85e
      metaTypeAttributes = class java.util.LinkedHashMap@39c9e93d
      deleted = false
      registryEntry = class com.ibm.ws.config.xml.internal.MetaTypeRegistry$RegistryEntry@2b430ed4
      superTypeConfigs = class java.util.ArrayList@bd31fea
      serialVersionUID = -3998717669418688491
    elementData[38] = class com.ibm.ws.config.xml.internal.ConfigurationInfo@5376ec4d
      tc = class com.ibm.websphere.ras.TraceComponent@40b4d20f
      configElement = class com.ibm.ws.config.xml.internal.SingletonElement@3ba44183
      config = class com.ibm.ws.config.admin.internal.ExtendedConfigurationImpl@5911ac2a
      metaTypeAttributes = class java.util.LinkedHashMap@1cc8cb31
      deleted = false
      registryEntry = class com.ibm.ws.config.xml.internal.MetaTypeRegistry$RegistryEntry@914498d
      superTypeConfigs = class java.util.ArrayList@4a273c54
      serialVersionUID = -3998717669418688491
    elementData[39] = class com.ibm.ws.config.xml.internal.ConfigurationInfo@772009f2
      tc = class com.ibm.websphere.ras.TraceComponent@40b4d20f
      configElement = class com.ibm.ws.config.xml.internal.FactoryElement@57f7f2ad
      config = class com.ibm.ws.config.admin.internal.ExtendedConfigurationImpl@474564eb
      metaTypeAttributes = class java.util.LinkedHashMap@2012dc99
      deleted = false
      registryEntry = class com.ibm.ws.config.xml.internal.MetaTypeRegistry$RegistryEntry@68df9e42
      superTypeConfigs = class java.util.ArrayList@7e9c1d53
      serialVersionUID = -3998717669418688491
    elementData[40] = class com.ibm.ws.config.xml.internal.ConfigurationInfo@6b9c1069
      tc = class com.ibm.websphere.ras.TraceComponent@40b4d20f
      configElement = class com.ibm.ws.config.xml.internal.SingletonElement@7c53f896
      config = class com.ibm.ws.config.admin.internal.ExtendedConfigurationImpl@652df81b
      metaTypeAttributes = class java.util.LinkedHashMap@2398e8f0
      deleted = false
      registryEntry = class com.ibm.ws.config.xml.internal.MetaTypeRegistry$RegistryEntry@13b99318
      superTypeConfigs = class java.util.ArrayList@60542d36
      serialVersionUID = -3998717669418688491
    elementData[41] = class com.ibm.ws.config.xml.internal.ConfigurationInfo@125b7326
      tc = class com.ibm.websphere.ras.TraceComponent@40b4d20f
      configElement = class com.ibm.ws.config.xml.internal.SingletonElement@4e8d8b0a
      config = class com.ibm.ws.config.admin.internal.ExtendedConfigurationImpl@2a28a782
      metaTypeAttributes = class java.util.LinkedHashMap@1939efb6
      deleted = false
      registryEntry = class com.ibm.ws.config.xml.internal.MetaTypeRegistry$RegistryEntry@716faacc
      superTypeConfigs = class java.util.ArrayList@103199ad
      serialVersionUID = -3998717669418688491
    elementData[42] = class com.ibm.ws.config.xml.internal.ConfigurationInfo@762be1a4
      tc = class com.ibm.websphere.ras.TraceComponent@40b4d20f
      configElement = class com.ibm.ws.config.xml.internal.FactoryElement@462db042
      config = class com.ibm.ws.config.admin.internal.ExtendedConfigurationImpl@3f92e3cb
      metaTypeAttributes = class java.util.LinkedHashMap@6fe06d67
      deleted = false
      registryEntry = class com.ibm.ws.config.xml.internal.MetaTypeRegistry$RegistryEntry@7d28158c
      superTypeConfigs = class java.util.ArrayList@205d192
      serialVersionUID = -3998717669418688491
    elementData[43] = class com.ibm.ws.config.xml.internal.ConfigurationInfo@1b3190a
      tc = class com.ibm.websphere.ras.TraceComponent@40b4d20f
      configElement = class com.ibm.ws.config.xml.internal.SingletonElement@7ee6b169
      config = class com.ibm.ws.config.admin.internal.ExtendedConfigurationImpl@7bfe349
      metaTypeAttributes = class java.util.LinkedHashMap@4308e34d
      deleted = false
      registryEntry = class com.ibm.ws.config.xml.internal.MetaTypeRegistry$RegistryEntry@c6aa0cf
      superTypeConfigs = class java.util.ArrayList@5dff4680
      serialVersionUID = -3998717669418688491
    elementData[44] = class com.ibm.ws.config.xml.internal.ConfigurationInfo@a274e0d
      tc = class com.ibm.websphere.ras.TraceComponent@40b4d20f
      configElement = class com.ibm.ws.config.xml.internal.FactoryElement@6b774416
      config = class com.ibm.ws.config.admin.internal.ExtendedConfigurationImpl@6911c5e3
      metaTypeAttributes = class java.util.LinkedHashMap@2201e42
      deleted = false
      registryEntry = class com.ibm.ws.config.xml.internal.MetaTypeRegistry$RegistryEntry@3121e78d
      superTypeConfigs = class java.util.ArrayList@23a050f1
      serialVersionUID = -3998717669418688491
    elementData[45] = class com.ibm.ws.config.xml.internal.ConfigurationInfo@432cce2c
      tc = class com.ibm.websphere.ras.TraceComponent@40b4d20f
      configElement = class com.ibm.ws.config.xml.internal.SingletonElement@4ded976a
      config = class com.ibm.ws.config.admin.internal.ExtendedConfigurationImpl@2f45236b
      metaTypeAttributes = class java.util.LinkedHashMap@a09c34f
      deleted = false
      registryEntry = class com.ibm.ws.config.xml.internal.MetaTypeRegistry$RegistryEntry@6e1ef0a8
      superTypeConfigs = class java.util.ArrayList@5c58068b
      serialVersionUID = -3998717669418688491
    elementData[46] = class com.ibm.ws.config.xml.internal.ConfigurationInfo@6a23312c
      tc = class com.ibm.websphere.ras.TraceComponent@40b4d20f
      configElement = class com.ibm.ws.config.xml.internal.FactoryElement@7e668299
      config = class com.ibm.ws.config.admin.internal.ExtendedConfigurationImpl@6f76a86b
      metaTypeAttributes = class java.util.LinkedHashMap@44c539b0
      deleted = false
      registryEntry = class com.ibm.ws.config.xml.internal.MetaTypeRegistry$RegistryEntry@66667038
      superTypeConfigs = class java.util.ArrayList@55e292b7
      serialVersionUID = -3998717669418688491
    elementData[47] = class com.ibm.ws.config.xml.internal.ConfigurationInfo@73411e2b
      tc = class com.ibm.websphere.ras.TraceComponent@40b4d20f
      configElement = class com.ibm.ws.config.xml.internal.FactoryElement@5c326223
      config = class com.ibm.ws.config.admin.internal.ExtendedConfigurationImpl@19e1dd15
      metaTypeAttributes = class java.util.LinkedHashMap@646b8c4
      deleted = false
      registryEntry = class com.ibm.ws.config.xml.internal.MetaTypeRegistry$RegistryEntry@1cb45f0c
      superTypeConfigs = class java.util.ArrayList@4d6d921e
      serialVersionUID = -3998717669418688491
    elementData[48] = class com.ibm.ws.config.xml.internal.ConfigurationInfo@43267168
      tc = class com.ibm.websphere.ras.TraceComponent@40b4d20f
      configElement = class com.ibm.ws.config.xml.internal.FactoryElement@1e7193f8
      config = class com.ibm.ws.config.admin.internal.ExtendedConfigurationImpl@1c62c86b
      metaTypeAttributes = class java.util.LinkedHashMap@44c539b0
      deleted = false
      registryEntry = class com.ibm.ws.config.xml.internal.MetaTypeRegistry$RegistryEntry@66667038
      superTypeConfigs = class java.util.ArrayList@2fa57a9f
      serialVersionUID = -3998717669418688491
    elementData[49] = class com.ibm.ws.config.xml.internal.ConfigurationInfo@66de9a8e
      tc = class com.ibm.websphere.ras.TraceComponent@40b4d20f
      configElement = class com.ibm.ws.config.xml.internal.FactoryElement@dba7d5d
      config = class com.ibm.ws.config.admin.internal.ExtendedConfigurationImpl@6cc66d85
      metaTypeAttributes = class java.util.LinkedHashMap@44c539b0
      deleted = false
      registryEntry = class com.ibm.ws.config.xml.internal.MetaTypeRegistry$RegistryEntry@66667038
      superTypeConfigs = class java.util.ArrayList@43a7f517
      serialVersionUID = -3998717669418688491
    elementData[50] = class com.ibm.ws.config.xml.internal.ConfigurationInfo@15876d28
      tc = class com.ibm.websphere.ras.TraceComponent@40b4d20f
      configElement = class com.ibm.ws.config.xml.internal.FactoryElement@a030c25
      config = class com.ibm.ws.config.admin.internal.ExtendedConfigurationImpl@4bee34cd
      metaTypeAttributes = class java.util.LinkedHashMap@44c539b0
      deleted = false
      registryEntry = class com.ibm.ws.config.xml.internal.MetaTypeRegistry$RegistryEntry@66667038
      superTypeConfigs = class java.util.ArrayList@5b05ae87
      serialVersionUID = -3998717669418688491
    elementData[51] = class com.ibm.ws.config.xml.internal.ConfigurationInfo@6ecc89f5
      tc = class com.ibm.websphere.ras.TraceComponent@40b4d20f
      configElement = class com.ibm.ws.config.xml.internal.FactoryElement@741455a1
      config = class com.ibm.ws.config.admin.internal.ExtendedConfigurationImpl@67514c20
      metaTypeAttributes = class java.util.LinkedHashMap@44c539b0
      deleted = false
      registryEntry = class com.ibm.ws.config.xml.internal.MetaTypeRegistry$RegistryEntry@66667038
      superTypeConfigs = class java.util.ArrayList@3fb2dfb3
      serialVersionUID = -3998717669418688491
    elementData[52] = class com.ibm.ws.config.xml.internal.ConfigurationInfo@1e911875
      tc = class com.ibm.websphere.ras.TraceComponent@40b4d20f
      configElement = class com.ibm.ws.config.xml.internal.FactoryElement@429bbe2f
      config = class com.ibm.ws.config.admin.internal.ExtendedConfigurationImpl@ae8d3e2
      metaTypeAttributes = class java.util.LinkedHashMap@646b8c4
      deleted = false
      registryEntry = class com.ibm.ws.config.xml.internal.MetaTypeRegistry$RegistryEntry@1cb45f0c
      superTypeConfigs = class java.util.ArrayList@4bf78715
      serialVersionUID = -3998717669418688491
    elementData[53] = class com.ibm.ws.config.xml.internal.ConfigurationInfo@c09ebc3
      tc = class com.ibm.websphere.ras.TraceComponent@40b4d20f
      configElement = class com.ibm.ws.config.xml.internal.FactoryElement@14b1b86f
      config = class com.ibm.ws.config.admin.internal.ExtendedConfigurationImpl@4a66a28
      metaTypeAttributes = class java.util.LinkedHashMap@44c539b0
      deleted = false
      registryEntry = class com.ibm.ws.config.xml.internal.MetaTypeRegistry$RegistryEntry@66667038
      superTypeConfigs = class java.util.ArrayList@79cb7f8c
      serialVersionUID = -3998717669418688491
    elementData[54] = class com.ibm.ws.config.xml.internal.ConfigurationInfo@22492947
      tc = class com.ibm.websphere.ras.TraceComponent@40b4d20f
      configElement = class com.ibm.ws.config.xml.internal.FactoryElement@7c2ab9d1
      config = class com.ibm.ws.config.admin.internal.ExtendedConfigurationImpl@33b612ee
      metaTypeAttributes = class java.util.LinkedHashMap@44c539b0
      deleted = false
      registryEntry = class com.ibm.ws.config.xml.internal.MetaTypeRegistry$RegistryEntry@66667038
      superTypeConfigs = class java.util.ArrayList@33fe417
      serialVersionUID = -3998717669418688491
    elementData[55] = class com.ibm.ws.config.xml.internal.ConfigurationInfo@28c09fda
      tc = class com.ibm.websphere.ras.TraceComponent@40b4d20f
      configElement = class com.ibm.ws.config.xml.internal.FactoryElement@2502d00c
      config = class com.ibm.ws.config.admin.internal.ExtendedConfigurationImpl@67b357dd
      metaTypeAttributes = class java.util.LinkedHashMap@649a2b2d
      deleted = false
      registryEntry = class com.ibm.ws.config.xml.internal.MetaTypeRegistry$RegistryEntry@5e0ed50d
      superTypeConfigs = class java.util.ArrayList@728204a6
      serialVersionUID = -3998717669418688491
    elementData[56] = class com.ibm.ws.config.xml.internal.ConfigurationInfo@3e846807
      tc = class com.ibm.websphere.ras.TraceComponent@40b4d20f
      configElement = class com.ibm.ws.config.xml.internal.FactoryElement@235024b3
      config = class com.ibm.ws.config.admin.internal.ExtendedConfigurationImpl@229b1e90
      metaTypeAttributes = class java.util.LinkedHashMap@649a2b2d
      deleted = false
      registryEntry = class com.ibm.ws.config.xml.internal.MetaTypeRegistry$RegistryEntry@5e0ed50d
      superTypeConfigs = class java.util.ArrayList@5b091a2d
      serialVersionUID = -3998717669418688491
    elementData[57] = class com.ibm.ws.config.xml.internal.ConfigurationInfo@7d90dbe7
      tc = class com.ibm.websphere.ras.TraceComponent@40b4d20f
      configElement = class com.ibm.ws.config.xml.internal.FactoryElement@104e727b
      config = class com.ibm.ws.config.admin.internal.ExtendedConfigurationImpl@5132c0d9
      metaTypeAttributes = class java.util.LinkedHashMap@646b8c4
      deleted = false
      registryEntry = class com.ibm.ws.config.xml.internal.MetaTypeRegistry$RegistryEntry@1cb45f0c
      superTypeConfigs = class java.util.ArrayList@4e1ee7b2
      serialVersionUID = -3998717669418688491
    elementData[58] = class com.ibm.ws.config.xml.internal.ConfigurationInfo@1678d603
      tc = class com.ibm.websphere.ras.TraceComponent@40b4d20f
      configElement = class com.ibm.ws.config.xml.internal.SingletonElement@14ea73bf
      config = class com.ibm.ws.config.admin.internal.ExtendedConfigurationImpl@77d406f3
      metaTypeAttributes = class java.util.LinkedHashMap@30a724d8
      deleted = false
      registryEntry = class com.ibm.ws.config.xml.internal.MetaTypeRegistry$RegistryEntry@3f330c89
      superTypeConfigs = class java.util.ArrayList@9bd6609
      serialVersionUID = -3998717669418688491
    elementData[59] = class com.ibm.ws.config.xml.internal.ConfigurationInfo@3aeaa559
      tc = class com.ibm.websphere.ras.TraceComponent@40b4d20f
      configElement = class com.ibm.ws.config.xml.internal.FactoryElement@59d579ab
      config = class com.ibm.ws.config.admin.internal.ExtendedConfigurationImpl@78538db8
      metaTypeAttributes = class java.util.LinkedHashMap@4916bca
      deleted = false
      registryEntry = class com.ibm.ws.config.xml.internal.MetaTypeRegistry$RegistryEntry@55762acc
      superTypeConfigs = class java.util.ArrayList@6a23d4b3
      serialVersionUID = -3998717669418688491
    elementData[60] = class com.ibm.ws.config.xml.internal.ConfigurationInfo@27b32653
      tc = class com.ibm.websphere.ras.TraceComponent@40b4d20f
      configElement = class com.ibm.ws.config.xml.internal.FactoryElement@67a0229b
      config = class com.ibm.ws.config.admin.internal.ExtendedConfigurationImpl@5f6a519c
      metaTypeAttributes = class java.util.LinkedHashMap@4916bca
      deleted = false
      registryEntry = class com.ibm.ws.config.xml.internal.MetaTypeRegistry$RegistryEntry@55762acc
      superTypeConfigs = class java.util.ArrayList@5d7d24ee
      serialVersionUID = -3998717669418688491
    elementData[61] = class com.ibm.ws.config.xml.internal.ConfigurationInfo@5c878ea1
      tc = class com.ibm.websphere.ras.TraceComponent@40b4d20f
      configElement = class com.ibm.ws.config.xml.internal.FactoryElement@5eef8401
      config = class com.ibm.ws.config.admin.internal.ExtendedConfigurationImpl@7e480a50
      metaTypeAttributes = class java.util.LinkedHashMap@4916bca
      deleted = false
      registryEntry = class com.ibm.ws.config.xml.internal.MetaTypeRegistry$RegistryEntry@55762acc
      superTypeConfigs = class java.util.ArrayList@c6484db
      serialVersionUID = -3998717669418688491
    elementData[62] = class com.ibm.ws.config.xml.internal.ConfigurationInfo@c9f83fc
      tc = class com.ibm.websphere.ras.TraceComponent@40b4d20f
      configElement = class com.ibm.ws.config.xml.internal.FactoryElement@362750b3
      config = class com.ibm.ws.config.admin.internal.ExtendedConfigurationImpl@6a76b243
      metaTypeAttributes = class java.util.LinkedHashMap@4916bca
      deleted = false
      registryEntry = class com.ibm.ws.config.xml.internal.MetaTypeRegistry$RegistryEntry@55762acc
      superTypeConfigs = class java.util.ArrayList@5d6213da
      serialVersionUID = -3998717669418688491
    elementData[63] = class com.ibm.ws.config.xml.internal.ConfigurationInfo@63b03f5b
      tc = class com.ibm.websphere.ras.TraceComponent@40b4d20f
      configElement = class com.ibm.ws.config.xml.internal.FactoryElement@3223ed8c
      config = class com.ibm.ws.config.admin.internal.ExtendedConfigurationImpl@4a56382
      metaTypeAttributes = class java.util.LinkedHashMap@7d4fb291
      deleted = false
      registryEntry = class com.ibm.ws.config.xml.internal.MetaTypeRegistry$RegistryEntry@4b2b47f
      superTypeConfigs = class java.util.ArrayList@6ad1c158
      serialVersionUID = -3998717669418688491
    elementData[64] = class com.ibm.ws.config.xml.internal.ConfigurationInfo@5d8f0cc0
      tc = class com.ibm.websphere.ras.TraceComponent@40b4d20f
      configElement = class com.ibm.ws.config.xml.internal.SingletonElement@eb48cee
      config = class com.ibm.ws.config.admin.internal.ExtendedConfigurationImpl@3a24ac4d
      metaTypeAttributes = class java.util.LinkedHashMap@7c119f4a
      deleted = false
      registryEntry = class com.ibm.ws.config.xml.internal.MetaTypeRegistry$RegistryEntry@7994b346
      superTypeConfigs = class java.util.ArrayList@5942e227
      serialVersionUID = -3998717669418688491
    elementData[65] = class com.ibm.ws.config.xml.internal.ConfigurationInfo@3d1d6356
      tc = class com.ibm.websphere.ras.TraceComponent@40b4d20f
      configElement = class com.ibm.ws.config.xml.internal.SingletonElement@5432413d
      config = class com.ibm.ws.config.admin.internal.ExtendedConfigurationImpl@4d59e914
      metaTypeAttributes = class java.util.LinkedHashMap@7a192dbd
      deleted = false
      registryEntry = class com.ibm.ws.config.xml.internal.MetaTypeRegistry$RegistryEntry@526a0f8a
      superTypeConfigs = class java.util.ArrayList@580c0a6d
      serialVersionUID = -3998717669418688491
    elementData[66] = null
    elementData[67] = null
    elementData[68] = null
    elementData[69] = null
    elementData[70] = null
    elementData[71] = null
    elementData[72] = null
  size = 66
  MAX_ARRAY_SIZE = 2147483639
  modCount = 66
  MAX_ARRAY_SIZE = 2147483639

Dump of objectArray[3]
Object type = java.lang.Boolean
  TRUE = true
  FALSE = false
  TYPE = class java.lang.Class@1794d431
    ANNOTATION = 8192
    ENUM = 16384
    SYNTHETIC = 4096
    cachedConstructor = null
    newInstanceCallerCache = null
    name = "boolean"
    allPermDomain = null
    useCaches = true
    reflectionData = null
    classRedefinedCount = 0
    genericInfo = null
    serialVersionUID = 3206093459760846163
    serialPersistentFields = class java.io.ObjectStreamField[0]
    reflectionFactory = class sun.reflect.ReflectionFactory@5e78e63d
      initted = true
      reflectionFactoryAccessPerm = class java.lang.RuntimePermission@11bbf80a
      soleInstance = class sun.reflect.ReflectionFactory@5e78e63d
      langReflectAccess = class java.lang.reflect.ReflectAccess@870103b
      noInflation = false
      inflationThreshold = 15
    initted = true
    enumConstants = null
    enumConstantDirectory = null
    annotationData = null
    annotationType = null
    classValueMap = null
  value = false
  serialVersionUID = -3665804199014368530

