------Start of DE processing------ = [11/3/17 10:10:18:471 CDT]
Exception = java.lang.NullPointerException
Source = com.ibm.ws.webcontainer.filter.WebAppFilterManager.invokeFilters
probeid = 1105
Stack Dump = java.lang.NullPointerException
	at org.apache.cxf.transport.http.AbstractHTTPDestination.invoke(AbstractHTTPDestination.java:274)
	at com.ibm.ws.jaxrs20.endpoint.AbstractJaxRsWebEndpoint.invoke(AbstractJaxRsWebEndpoint.java:134)
	at com.ibm.websphere.jaxrs.server.IBMRestServlet.handleRequest(IBMRestServlet.java:146)
	at com.ibm.websphere.jaxrs.server.IBMRestServlet.doGet(IBMRestServlet.java:112)
	at javax.servlet.http.HttpServlet.service(HttpServlet.java:687)
	at com.ibm.websphere.jaxrs.server.IBMRestServlet.service(IBMRestServlet.java:96)
	at com.ibm.ws.webcontainer.servlet.ServletWrapper.service(ServletWrapper.java:1255)
	at com.ibm.ws.webcontainer.servlet.ServletWrapper.handleRequest(ServletWrapper.java:743)
	at com.ibm.ws.webcontainer.servlet.ServletWrapper.handleRequest(ServletWrapper.java:440)
	at com.ibm.ws.webcontainer.filter.WebAppFilterManager.invokeFilters(WebAppFilterManager.java:1138)
	at com.ibm.ws.webcontainer.webapp.WebApp.handleRequest(WebApp.java:4938)
	at com.ibm.ws.webcontainer.osgi.DynamicVirtualHost$2.handleRequest(DynamicVirtualHost.java:316)
	at com.ibm.ws.webcontainer.WebContainer.handleRequest(WebContainer.java:990)
	at com.ibm.ws.webcontainer.osgi.DynamicVirtualHost$2.run(DynamicVirtualHost.java:281)
	at com.ibm.ws.http.dispatcher.internal.channel.HttpDispatcherLink$TaskWrapper.run(HttpDispatcherLink.java:960)
	at com.ibm.ws.http.dispatcher.internal.channel.HttpDispatcherLink.wrapHandlerAndExecute(HttpDispatcherLink.java:362)
	at com.ibm.ws.http.dispatcher.internal.channel.HttpDispatcherLink.ready(HttpDispatcherLink.java:321)
	at com.ibm.ws.http.channel.internal.inbound.HttpInboundLink.handleDiscrimination(HttpInboundLink.java:499)
	at com.ibm.ws.http.channel.internal.inbound.HttpInboundLink.handleNewRequest(HttpInboundLink.java:433)
	at com.ibm.ws.http.channel.internal.inbound.HttpInboundLink.processRequest(HttpInboundLink.java:313)
	at com.ibm.ws.http.channel.internal.inbound.HttpInboundLink.ready(HttpInboundLink.java:284)
	at com.ibm.ws.tcpchannel.internal.NewConnectionInitialReadCallback.sendToDiscriminators(NewConnectionInitialReadCallback.java:165)
	at com.ibm.ws.tcpchannel.internal.NewConnectionInitialReadCallback.complete(NewConnectionInitialReadCallback.java:74)
	at com.ibm.ws.tcpchannel.internal.WorkQueueManager.requestComplete(WorkQueueManager.java:503)
	at com.ibm.ws.tcpchannel.internal.WorkQueueManager.attemptIO(WorkQueueManager.java:573)
	at com.ibm.ws.tcpchannel.internal.WorkQueueManager.workerRun(WorkQueueManager.java:928)
	at com.ibm.ws.tcpchannel.internal.WorkQueueManager$Worker.run(WorkQueueManager.java:1017)
	at java.util.concurrent.ThreadPoolExecutor.runWorker(ThreadPoolExecutor.java:1142)
	at java.util.concurrent.ThreadPoolExecutor$Worker.run(ThreadPoolExecutor.java:617)
	at java.lang.Thread.run(Thread.java:745)

Dump of callerThis
Object type = com.ibm.ws.webcontainer.osgi.filter.WebAppFilterManagerImpl
  _filterWrappers = class java.util.Hashtable@489931b6
    table = class java.util.Hashtable$Entry[11]
      table[0] = null
      table[1] = null
      table[2] = null
      table[3] = null
      table[4] = null
      table[5] = null
      table[6] = null
      table[7] = null
      table[8] = null
      table[9] = null
      table[10] = null
    count = 0
    threshold = 8
    loadFactor = 0.75
    modCount = 0
    serialVersionUID = 1421746759512286392
    MAX_ARRAY_SIZE = 2147483639
    keySet = null
    entrySet = null
    values = null
    KEYS = 0
    VALUES = 1
    ENTRIES = 2
  chainCache = class java.util.Collections$SynchronizedMap@54c416d4
    serialVersionUID = 1978198479659022715
    m = class com.ibm.ws.webcontainer.filter.WebAppFilterManager$1@197404fc
      this$0 = class com.ibm.ws.webcontainer.osgi.filter.WebAppFilterManagerImpl@5c4c1790
      serialVersionUID = 3801124242820219131
      head = null
      tail = null
      accessOrder = true
      serialVersionUID = 362498820763181265
      DEFAULT_INITIAL_CAPACITY = 16
      MAXIMUM_CAPACITY = 1073741824
      DEFAULT_LOAD_FACTOR = 0.75
      TREEIFY_THRESHOLD = 8
      UNTREEIFY_THRESHOLD = 6
      MIN_TREEIFY_CAPACITY = 64
      table = null
      entrySet = null
      size = 0
      modCount = 0
      threshold = 32
      loadFactor = 0.75
      keySet = null
      values = null
    mutex = class java.util.Collections$SynchronizedMap@54c416d4
    keySet = null
    entrySet = null
    values = null
  forwardChainCache = class java.util.Collections$SynchronizedMap@67f2f0bc
    serialVersionUID = 1978198479659022715
    m = class com.ibm.ws.webcontainer.filter.WebAppFilterManager$2@605fee5
      this$0 = class com.ibm.ws.webcontainer.osgi.filter.WebAppFilterManagerImpl@5c4c1790
      serialVersionUID = 3801124242820219131
      head = null
      tail = null
      accessOrder = true
      serialVersionUID = 362498820763181265
      DEFAULT_INITIAL_CAPACITY = 16
      MAXIMUM_CAPACITY = 1073741824
      DEFAULT_LOAD_FACTOR = 0.75
      TREEIFY_THRESHOLD = 8
      UNTREEIFY_THRESHOLD = 6
      MIN_TREEIFY_CAPACITY = 64
      table = null
      entrySet = null
      size = 0
      modCount = 0
      threshold = 16
      loadFactor = 0.75
      keySet = null
      values = null
    mutex = class java.util.Collections$SynchronizedMap@67f2f0bc
    keySet = null
    entrySet = null
    values = null
  includeChainCache = class java.util.Collections$SynchronizedMap@54c68faa
    serialVersionUID = 1978198479659022715
    m = class com.ibm.ws.webcontainer.filter.WebAppFilterManager$3@686b5200
      this$0 = class com.ibm.ws.webcontainer.osgi.filter.WebAppFilterManagerImpl@5c4c1790
      serialVersionUID = 3801124242820219131
      head = null
      tail = null
      accessOrder = true
      serialVersionUID = 362498820763181265
      DEFAULT_INITIAL_CAPACITY = 16
      MAXIMUM_CAPACITY = 1073741824
      DEFAULT_LOAD_FACTOR = 0.75
      TREEIFY_THRESHOLD = 8
      UNTREEIFY_THRESHOLD = 6
      MIN_TREEIFY_CAPACITY = 64
      table = null
      entrySet = null
      size = 0
      modCount = 0
      threshold = 8
      loadFactor = 0.75
      keySet = null
      values = null
    mutex = class java.util.Collections$SynchronizedMap@54c68faa
    keySet = null
    entrySet = null
    values = null
  errorChainCache = class java.util.Collections$SynchronizedMap@55530005
    serialVersionUID = 1978198479659022715
    m = class com.ibm.ws.webcontainer.filter.WebAppFilterManager$4@2fb246b5
      this$0 = class com.ibm.ws.webcontainer.osgi.filter.WebAppFilterManagerImpl@5c4c1790
      serialVersionUID = 3801124242820219131
      head = null
      tail = null
      accessOrder = true
      serialVersionUID = 362498820763181265
      DEFAULT_INITIAL_CAPACITY = 16
      MAXIMUM_CAPACITY = 1073741824
      DEFAULT_LOAD_FACTOR = 0.75
      TREEIFY_THRESHOLD = 8
      UNTREEIFY_THRESHOLD = 6
      MIN_TREEIFY_CAPACITY = 64
      table = null
      entrySet = null
      size = 0
      modCount = 0
      threshold = 2
      loadFactor = 0.75
      keySet = null
      values = null
    mutex = class java.util.Collections$SynchronizedMap@55530005
    keySet = null
    entrySet = null
    values = null
  _filtersDefined = false
  FMI_MAPPING_SINGLE_SLASH = 0
  FMI_MAPPING_PATH_MATCH = 1
  FMI_MAPPING_EXTENSION_MATCH = 2
  FMI_MAPPING_EXACT_MATCH = 3
  logger = class com.ibm.ws.logging.internal.WsLogger@5152bd5b
    tc = class com.ibm.websphere.ras.TraceComponent@48320d39
      strings[0] = "TraceComponent[com.ibm.ws.logging.internal.WsLogger,class com.ibm.ws.logging.internal.WsLogger,[logging],com.ibm.ws.logging.internal.resources.LoggingMessages,null]"
    ivCachedResourceBundleName = null
    ivCachedResourceBundle = null
    ivComponent = null
    ivOrganization = null
    ivProduct = null
    ivMinimumLocalizationLevelIntValue = 625
    ivTC = class com.ibm.websphere.ras.TraceComponent@25f86ffe
      strings[0] = "TraceComponent[com.ibm.ws.webcontainer.filter,class com.ibm.wsspi.webcontainer.logging.LoggerFactory$1,[com.ibm.ws.webcontainer.filter],null,null]"
    loggerRegistrationComponent = class java.lang.ThreadLocal@225df657
      threadLocalHashCode = -1992887715
      nextHashCode = class java.util.concurrent.atomic.AtomicInteger@736f8c2e
      HASH_INCREMENT = 1640531527
    emptyHandlers = class java.util.logging.Handler[0]
    offValue = 2147483647
    SYSTEM_LOGGER_RB_NAME = "sun.util.logging.resources.logging"
    SYSTEM_BUNDLE = class java.util.logging.Logger$LoggerBundle@2a34511d
      resourceBundleName = "sun.util.logging.resources.logging"
      userBundle = null
    NO_RESOURCE_BUNDLE = class java.util.logging.Logger$LoggerBundle@286531a1
      resourceBundleName = null
      userBundle = null
    manager = class com.ibm.ws.kernel.boot.logging.WsLogManager@4cf5fce8
      CLASS_NAME = "com.ibm.ws.kernel.boot.logging.WsLogManager"
      CONFIGURE_BY_SERVER_PROPERTY_NAME = "java.util.logging.configureByServer"
      CONFIGURE_BY_LOGGING_PROPERTIES_FILE = "java.util.logging.configureByLoggingPropertiesFile"
      configureByServer = true
      configureByLoggingProperties = false
      wsLogger = class java.lang.reflect.Constructor@69af8e81
      resetEnabled = true
      manager = class com.ibm.ws.kernel.boot.logging.WsLogManager@4cf5fce8
      props = class java.util.Properties@1151be1
      defaultLevel = class java.util.logging.Level@1f176587
      listenerMap = class java.util.HashMap@6a22f4d3
      systemContext = class java.util.logging.LogManager$SystemLoggerContext@48aa4cd4
      userContext = class java.util.logging.LogManager$LoggerContext@5d6408c6
      rootLogger = class java.util.logging.LogManager$RootLogger@7487ca98
      readPrimordialConfiguration = true
      initializedGlobalHandlers = true
      deathImminent = false
      initializedCalled = true
      initializationDone = true
      contextsMap = null
      loggerRefQueue = class java.lang.ref.ReferenceQueue@97e3cb7
      MAX_ITERATIONS = 400
      controlPermission = class java.util.logging.LoggingPermission@13280da0
      loggingMXBean = null
      LOGGING_MXBEAN_NAME = "java.util.logging:type=Logging"
      $assertionsDisabled = true
    name = "com.ibm.ws.webcontainer.filter"
    handlers = class java.util.concurrent.CopyOnWriteArrayList@1d7446f
      serialVersionUID = 8673264195747942595
      lock = class java.util.concurrent.locks.ReentrantLock@31e63de4
      array = class java.lang.Object[0]
      UNSAFE = class sun.misc.Unsafe@7d30ae53
      lockOffset = 12
    loggerBundle = class java.util.logging.Logger$LoggerBundle@96341f1
      resourceBundleName = "com.ibm.ws.webcontainer.resources.Messages"
      userBundle = null
    useParentHandlers = true
    filter = null
    anonymous = false
    catalog = class com.ibm.ws.webcontainer.resources.Messages@80a9145
      resources = class [Ljava.lang.Object;[332]
      lookup = class java.util.HashMap@55d48ec0
      INITIAL_CACHE_SIZE = 32
      NONEXISTENT_BUNDLE = class java.util.ResourceBundle$1@dd582a
      cacheList = class java.util.concurrent.ConcurrentHashMap@198adda1
      referenceQueue = class java.lang.ref.ReferenceQueue@464dbeb5
      parent = null
      locale = class java.util.Locale@371e8a32
      name = "com.ibm.ws.webcontainer.resources.Messages"
      expired = false
      cacheKey = class java.util.ResourceBundle$CacheKey@5de898f3
      keySet = null
      providers = null
      $assertionsDisabled = true
    catalogName = "com.ibm.ws.webcontainer.resources.Messages"
    catalogLocale = class java.util.Locale@6b7b2e10
      LOCALECACHE = class java.util.Locale$Cache@76f85a2d
      ENGLISH = class java.util.Locale@7352e104
      FRENCH = class java.util.Locale@4a5eda7d
      GERMAN = class java.util.Locale@4d30517
      ITALIAN = class java.util.Locale@304e1e92
      JAPANESE = class java.util.Locale@54f0935e
      KOREAN = class java.util.Locale@6841268f
      CHINESE = class java.util.Locale@74266d2d
      SIMPLIFIED_CHINESE = class java.util.Locale@345c47b5
      TRADITIONAL_CHINESE = class java.util.Locale@64e64803
      FRANCE = class java.util.Locale@5f27f4e
      GERMANY = class java.util.Locale@427a25d8
      ITALY = class java.util.Locale@14cda3cd
      JAPAN = class java.util.Locale@42bd4707
      KOREA = class java.util.Locale@54a34811
      CHINA = class java.util.Locale@345c47b5
      PRC = class java.util.Locale@345c47b5
      TAIWAN = class java.util.Locale@64e64803
      UK = class java.util.Locale@4764f3b8
      US = class java.util.Locale@6b7b2e10
      CANADA = class java.util.Locale@3e4ef352
      CANADA_FRENCH = class java.util.Locale@16630ee3
      ROOT = class java.util.Locale@371e8a32
      PRIVATE_USE_EXTENSION = x
      UNICODE_LOCALE_EXTENSION = u
      serialVersionUID = 9149081749638150636
      DISPLAY_LANGUAGE = 0
      DISPLAY_COUNTRY = 1
      DISPLAY_VARIANT = 2
      DISPLAY_SCRIPT = 3
      baseLocale = class sun.util.locale.BaseLocale@38d7ee6c
      localeExtensions = null
      hashCodeValue = 96636889
      defaultLocale = class java.util.Locale@6b7b2e10
      defaultDisplayLocale = null
      defaultFormatLocale = class java.util.Locale@6b7b2e10
      languageTag = "en-US"
      serialPersistentFields = class java.io.ObjectStreamField[6]
      isoLanguages = null
      isoCountries = null
      $assertionsDisabled = true
    treeLock = class java.lang.Object@5034fb2c
    parent = class com.ibm.ws.logging.internal.WsLogger@434b5412
      tc = class com.ibm.websphere.ras.TraceComponent@48320d39
      ivCachedResourceBundleName = "com.ibm.ws.webcontainer.resources.Messages"
      ivCachedResourceBundle = class com.ibm.ws.webcontainer.resources.Messages@59131be0
      ivComponent = null
      ivOrganization = null
      ivProduct = null
      ivMinimumLocalizationLevelIntValue = 625
      ivTC = class com.ibm.websphere.ras.TraceComponent@88174ee
      loggerRegistrationComponent = class java.lang.ThreadLocal@225df657
      emptyHandlers = class java.util.logging.Handler[0]
      offValue = 2147483647
      SYSTEM_LOGGER_RB_NAME = "sun.util.logging.resources.logging"
      SYSTEM_BUNDLE = class java.util.logging.Logger$LoggerBundle@2a34511d
      NO_RESOURCE_BUNDLE = class java.util.logging.Logger$LoggerBundle@286531a1
      manager = class com.ibm.ws.kernel.boot.logging.WsLogManager@4cf5fce8
      name = "com.ibm.ws.webcontainer"
      handlers = class java.util.concurrent.CopyOnWriteArrayList@1737ef1b
      loggerBundle = class java.util.logging.Logger$LoggerBundle@197ebf67
      useParentHandlers = true
      filter = null
      anonymous = false
      catalog = class com.ibm.ws.webcontainer.resources.Messages@59131be0
      catalogName = "com.ibm.ws.webcontainer.resources.Messages"
      catalogLocale = class java.util.Locale@6b7b2e10
      treeLock = class java.lang.Object@5034fb2c
      parent = class java.util.logging.Logger@3cd84e87
      kids = class java.util.ArrayList@44623d79
      levelObject = class java.util.logging.Level@1f176587
      levelValue = 800
      callersClassLoaderRef = class java.lang.ref.WeakReference@6c855dd9
      isSystemLogger = false
      GLOBAL_LOGGER_NAME = "global"
      global = class java.util.logging.Logger@43c69459
      $assertionsDisabled = true
    kids = null
    levelObject = class java.util.logging.Level@1f176587
      defaultBundle = "sun.util.logging.resources.logging"
      name = "INFO"
      value = 800
      resourceBundleName = "sun.util.logging.resources.logging"
      localizedLevelName = "INFO"
      cachedLocale = class java.util.Locale@6b7b2e10
      OFF = class java.util.logging.Level@5fe75a1d
      SEVERE = class java.util.logging.Level@7c25f765
      WARNING = class java.util.logging.Level@3b92170
      INFO = class java.util.logging.Level@1f176587
      CONFIG = class java.util.logging.Level@19b82a99
      FINE = class java.util.logging.Level@7c6abc01
      FINER = class java.util.logging.Level@2fa7f236
      FINEST = class java.util.logging.Level@65dfe413
      ALL = class java.util.logging.Level@3d6bf6d3
      serialVersionUID = -8176160795706313070
    levelValue = 800
    callersClassLoaderRef = class java.lang.ref.WeakReference@5a34b0c9
      referent = class org.eclipse.osgi.internal.loader.EquinoxClassLoader@43111415
      queue = class java.lang.ref.ReferenceQueue$Null@522ac597
      next = null
      discovered = null
      lock = class java.lang.ref.Reference$Lock@1cbbd8e5
      pending = null
    isSystemLogger = false
    GLOBAL_LOGGER_NAME = "global"
    global = class java.util.logging.Logger@43c69459
      emptyHandlers = class java.util.logging.Handler[0]
      offValue = 2147483647
      SYSTEM_LOGGER_RB_NAME = "sun.util.logging.resources.logging"
      SYSTEM_BUNDLE = class java.util.logging.Logger$LoggerBundle@2a34511d
      NO_RESOURCE_BUNDLE = class java.util.logging.Logger$LoggerBundle@286531a1
      manager = class com.ibm.ws.kernel.boot.logging.WsLogManager@4cf5fce8
      name = "global"
      handlers = class java.util.concurrent.CopyOnWriteArrayList@6f79b49a
      loggerBundle = class java.util.logging.Logger$LoggerBundle@286531a1
      useParentHandlers = true
      filter = null
      anonymous = false
      catalog = null
      catalogName = null
      catalogLocale = null
      treeLock = class java.lang.Object@5034fb2c
      parent = class java.util.logging.Logger@3cd84e87
      kids = null
      levelObject = null
      levelValue = 800
      callersClassLoaderRef = null
      isSystemLogger = true
      GLOBAL_LOGGER_NAME = "global"
      global = class java.util.logging.Logger@43c69459
      $assertionsDisabled = true
    $assertionsDisabled = true
  CLASS_NAME = "com.ibm.ws.webcontainer.filter.WebAppFilterManager"
  nls = class com.ibm.ejs.ras.TraceNLS@3109d304
    resolver = class com.ibm.ws.logging.internal.TraceNLSResolver@5e16cd23
      tc = class com.ibm.websphere.ras.TraceComponent@631330c
      DEBUG_TRACE_NLS_PROPERTY = "com.ibm.ejs.ras.debugTraceNLSResolver"
      debugTraceNLSResolver = false
      makeNoise = false
      nullKey = "null"
      svNullBundleName = "Resource Bundle name is null, key = {0}"
      svBundleNotLoaded = "Unable to load ResourceBundle {0}"
      svNullKeyMessage = "Null key passed while using ResourceBundle {0}"
      svMalformedMessage = "No message text associated with key {0} in bundle {1}"
    finder = null
    ivBundleName = "com.ibm.ws.webcontainer.resources.Messages"
    caller = class java.lang.Class@46020d8e
      ANNOTATION = 8192
      ENUM = 16384
      SYNTHETIC = 4096
      cachedConstructor = null
      newInstanceCallerCache = null
      name = null
      allPermDomain = class java.security.ProtectionDomain@5e58bcc
      useCaches = true
      reflectionData = class java.lang.ref.SoftReference@791b4f53
      classRedefinedCount = 0
      genericInfo = null
      serialVersionUID = 3206093459760846163
      serialPersistentFields = class java.io.ObjectStreamField[0]
      reflectionFactory = class sun.reflect.ReflectionFactory@4cf662ab
      initted = true
      enumConstants = null
      enumConstantDirectory = null
      annotationData = class java.lang.Class$AnnotationData@459be00e
      annotationType = null
      classValueMap = null
  webAppConfig = class com.ibm.ws.webcontainer.osgi.webapp.WebAppConfiguration@7c97be08
    webModuleMetaData = class com.ibm.ws.webcontainer.osgi.metadata.WebModuleMetaDataImpl@7e81edde
    webComponentMetaData = class com.ibm.ws.webcontainer.osgi.metadata.WebComponentMetaDataImpl@729672a7
    dVirtualHost = class com.ibm.ws.webcontainer.osgi.DynamicVirtualHost@4d985ea0
      tc = class com.ibm.websphere.ras.TraceComponent@39e0d8a
      CLASS_NAME = "com.ibm.ws.webcontainer.osgi.DynamicVirtualHost"
      webContainerParent = class com.ibm.ws.webcontainer.osgi.WebContainer@437cd7d1
      dhostConfig = class com.ibm.ws.webcontainer.osgi.DynamicVirtualHostConfiguration@7527a77a
      predefinedMatcher = null
      normalizeRequestURI = false
      httpInboundConnection = class com.ibm.ws.http.dispatcher.internal.channel.HttpDispatcherLink@220029e4
      logger = class com.ibm.ws.logging.internal.WsLogger@434b5412
      CLASS_NAME = "com.ibm.ws.webcontainer.VirtualHost"
      vHostConfig = class com.ibm.ws.webcontainer.osgi.DynamicVirtualHostConfiguration@7527a77a
      commands = class java.util.ArrayList@13607629
      requestMapper = class com.ibm.wsspi.webcontainer.util.URIMapper@3687f9cb
      parent = class com.ibm.ws.webcontainer.osgi.WebContainer@437cd7d1
      name = "default_host"
      isAlive = true
      subElements = class java.util.HashMap@7ed38416
      attributes = null
      config = null
      serialVersionUID = -8271459000149267764
      $$$tc$$$ = class com.ibm.websphere.ras.TraceComponent@73da2ca
    orderedLibPaths = class java.util.Collections$UnmodifiableRandomAccessList@21eb1a72
    bundleHeaders = null
    cdiEnabled = false
    CLASS_NAME = "com.ibm.ws.webcontainer.webapp.WebAppConfiguration"
    logger = class com.ibm.ws.logging.internal.WsLogger@100c152f
    tc = class com.ibm.websphere.ras.TraceComponent@499f538e
      strings[0] = "TraceComponent[com.ibm.ws.webcontainer.webapp.WebAppConfiguration,class com.ibm.ws.webcontainer.webapp.WebAppConfiguration,[webcontainer],com.ibm.ws.webcontainer.resources.LShimMessages,null]"
    nls = class com.ibm.ejs.ras.TraceNLS@6129fef6
      resolver = class com.ibm.ws.logging.internal.TraceNLSResolver@5e16cd23
      finder = null
      ivBundleName = "com.ibm.ws.webcontainer.resources.Messages"
      caller = class java.lang.Class@341b8d9
    version = 30
    contextRoot = "/GetStartedJava"
    sessionTimeout = 0
    moduleSessionTimeoutSet = false
    moduleSessionTrackingModeSet = false
    sessionCookieConfig = class com.ibm.ws.session.SessionCookieConfigImpl@79f4e214
      comment = ""
      domain = ""
      maxAge = -1
      maxAgeSet = false
      name = "JSESSIONID"
      path = "/"
      httpOnly = true
      httpOnlySet = false
      secure = false
      secureSet = false
      contextInitialized = true
      externalCall = true
      programmaticChange = false
      nls = class com.ibm.ejs.ras.TraceNLS@61fd045c
    hasProgrammaticCookieConfig = false
    sessionDefaultTrackingModeSet = class java.util.RegularEnumSet@21b65686
      serialVersionUID = 3411599620347842686
      elements = 1
      elementType = class java.lang.Class@b5e7407
      universe = class javax.servlet.SessionTrackingMode[3]
      ZERO_LENGTH_ENUM_ARRAY = class java.lang.Enum[0]
      MAX_ARRAY_SIZE = 2147483639
    sessionManagerConfig = class com.ibm.ws.session.SessionManagerConfig@7165fc9d
      usingWebContainerSM = true
      useContextRootForSessionCookiePath = false
      usingMemory = true
      usingDatabase = false
      usingMemToMem = false
      enableUrlProtocolSwitchRewriting = false
      dcookieName = "SSLJSESSION"
      sipSessionCookieName = "ibmappid"
      inMemorySize = 1000
      enableOverflow = true
      sessionInvalidationTime = 1800
      integrateSec = true
      throwSecurityExceptionOnGetSessionFalse = true
      invalidateOnUnauthorizedSessionRequestException = false
      allowSerializedSessionAccess = false
      serializedSessionAccessMaxWaitTime = 0
      accessSessionOnTimeout = true
      JNDIDataSourceName = "jdbc/sample"
      sessionDBID = null
      sessionDBPWD = null
      rowSize = 4
      tableSpaceName = null
      usingMultirow = false
      drsSettings = null
      enableEOSWrite = true
      enableManualWrite = false
      enableTimeBasedWrite = false
      mPropertyWriterInterval = 120
      writeAllProperties = false
      scheduledInvalidation = false
      firstHour = 0
      secondHour = 0
      is_zOS = false
      serverId = "5d0de57c-f239-4eb1-9cae-f295e4738947"
      cloneId = "5d0de57c-f239-4eb1-9cae-f295e4738947"
      sacKey = "DEFAULT_SAC_KEY"
      cloneSeparator = :
      debugSessionCrossover = false
      cloneIdPropertySet = false
      expectedCloneIdsPropertySet = false
      expectedCloneIds = null
      idReuse = false
      reaperPollInterval = 162
      turnOffCacheId = false
      turnOffCloneId = false
      noAffinitySwitchBack = false
      maxSessionIdentifierLength = 1024
      sessUrlRewritePrefix = ";jsessionid="
      tableNameValue = null
      checkRecentlyInvalidList = true
      modifyActiveCountOnInvalidatedSession = false
      useOracleBlob = false
      usingCustomSchemaName = false
      trackGCCount = false
      hideSessionValues = true
      hideSessionValuesPropertySet = false
      doRemoteInvalidations = true
      zosBaseServerReplication = false
      servlet21SessionCompat = false
      cacheIdLength = 0
      sessionIDLength = 23
      trackingModes = class java.util.RegularEnumSet@7607d244
      privateSessionCookieName = "JSESSIONID"
      privateSessionCookieComment = ""
      privateSessionCookieDomain = ""
      privateSessionCookieMaxAge = -1
      privateSessionCookiePath = "/"
      privateSessionCookieSecure = false
      privateSessionCookieHttpOnly = true
      cookieConfig = class com.ibm.ws.session.SessionCookieConfigImpl@79f4e214
      SIPConvergedHttpPort = 80
      SIPConvergedHttpsPort = 443
      SIPConvergedHostName = "localhost"
      optimizeCacheIdIncrements = false
      alwaysEncodeURL = false
      checkSessionCookieNameOnEncodeURL = false
      onlyCheckInCacheDuringPreInvoke = false
      enableHotFailover = true
      forceSessionInvalidationMultiple = 3
      persistSessionAfterPassivation = false
      usingApplicationSessionsAndInvalidateAll = false
      usingApplicationSessionsAlwaysRetrieve = false
      forceSessionIdLengthCheck = false
      securityUserIgnoreCase = false
      sessionTableSkipIndexCreation = false
      checkSessionNewOnIsValidRequest = true
      delayInvalidationAlarmDuringServerStartup = 0
      useSeparateSessionInvalidatorThreadPool = true
      connectionRetryCount = 2
    displayName = "GetStartedJava"
    description = null
    reloadInterval = 0
    distributable = false
    denyUncoveredHttpMethods = false
    reloadingEnabled = false
    serveServletsByClassnameEnabled = false
    defaultErrorPage = null
    additionalClassPath = null
    fileServingEnabled = null
    directoryBrowsingEnabled = false
    autoRequestEncoding = false
    autoResponseEncoding = false
    autoLoadFilters = false
    requestListeners = null
    requestAttributeListeners = null
    sessionListeners = null
    localeMap = null
    moduleName = "GetStartedJava"
    j2eeModuleName = "GetStartedJava.war"
    moduleId = null
    isSyncToThreadEnabled = false
    encodeDispatchedRequestURI = false
    isSystemApp = false
    ardEnabled = false
    ardDispatchType = null
    listeners = class java.util.ArrayList@5f157209
      serialVersionUID = 8683452581122892189
      DEFAULT_CAPACITY = 10
      EMPTY_ELEMENTDATA = class java.lang.Object[0]
      DEFAULTCAPACITY_EMPTY_ELEMENTDATA = class java.lang.Object[0]
      elementData = class java.lang.Object[0]
      size = 0
      MAX_ARRAY_SIZE = 2147483639
      modCount = 0
      MAX_ARRAY_SIZE = 2147483639
    welcomeFileList = class java.util.ArrayList@12fdfbd
      serialVersionUID = 8683452581122892189
      DEFAULT_CAPACITY = 10
      EMPTY_ELEMENTDATA = class java.lang.Object[0]
      DEFAULTCAPACITY_EMPTY_ELEMENTDATA = class java.lang.Object[0]
      elementData = class java.lang.Object[10]
      size = 3
      MAX_ARRAY_SIZE = 2147483639
      modCount = 1
      MAX_ARRAY_SIZE = 2147483639
    servletMappings = class java.util.HashMap@12beab78
      serialVersionUID = 362498820763181265
      DEFAULT_INITIAL_CAPACITY = 16
      MAXIMUM_CAPACITY = 1073741824
      DEFAULT_LOAD_FACTOR = 0.75
      TREEIFY_THRESHOLD = 8
      UNTREEIFY_THRESHOLD = 6
      MIN_TREEIFY_CAPACITY = 64
      table = class java.util.HashMap$Node[16]
      entrySet = null
      size = 1
      modCount = 1
      threshold = 12
      loadFactor = 0.75
      keySet = null
      values = null
    lastIndexBeforeDeclaredFilters = 0
    filterMappings = class java.util.ArrayList@4ce13ca6
      serialVersionUID = 8683452581122892189
      DEFAULT_CAPACITY = 10
      EMPTY_ELEMENTDATA = class java.lang.Object[0]
      DEFAULTCAPACITY_EMPTY_ELEMENTDATA = class java.lang.Object[0]
      elementData = class java.lang.Object[0]
      size = 0
      MAX_ARRAY_SIZE = 2147483639
      modCount = 0
      MAX_ARRAY_SIZE = 2147483639
    servletInfo = class java.util.HashMap@38909a09
      serialVersionUID = 362498820763181265
      DEFAULT_INITIAL_CAPACITY = 16
      MAXIMUM_CAPACITY = 1073741824
      DEFAULT_LOAD_FACTOR = 0.75
      TREEIFY_THRESHOLD = 8
      UNTREEIFY_THRESHOLD = 6
      MIN_TREEIFY_CAPACITY = 64
      table = class java.util.HashMap$Node[16]
      entrySet = null
      size = 1
      modCount = 1
      threshold = 12
      loadFactor = 0.75
      keySet = class java.util.HashMap$KeySet@2ed03462
      values = class java.util.HashMap$Values@5f068f17
    filterInfo = class java.util.HashMap@47bd7891
      serialVersionUID = 362498820763181265
      DEFAULT_INITIAL_CAPACITY = 16
      MAXIMUM_CAPACITY = 1073741824
      DEFAULT_LOAD_FACTOR = 0.75
      TREEIFY_THRESHOLD = 8
      UNTREEIFY_THRESHOLD = 6
      MIN_TREEIFY_CAPACITY = 64
      table = null
      entrySet = null
      size = 0
      modCount = 0
      threshold = 0
      loadFactor = 0.75
      keySet = null
      values = class java.util.HashMap$Values@5313f55e
    mimeMappings = class java.util.HashMap@20bfee75
      serialVersionUID = 362498820763181265
      DEFAULT_INITIAL_CAPACITY = 16
      MAXIMUM_CAPACITY = 1073741824
      DEFAULT_LOAD_FACTOR = 0.75
      TREEIFY_THRESHOLD = 8
      UNTREEIFY_THRESHOLD = 6
      MIN_TREEIFY_CAPACITY = 64
      table = null
      entrySet = null
      size = 0
      modCount = 0
      threshold = 0
      loadFactor = 0.75
      keySet = null
      values = null
    mimeFilters = null
    isMimeFilteringEnabled = false
    theWebGroup = null
    jspAttributes = class java.util.HashMap@657ee2c8
      serialVersionUID = 362498820763181265
      DEFAULT_INITIAL_CAPACITY = 16
      MAXIMUM_CAPACITY = 1073741824
      DEFAULT_LOAD_FACTOR = 0.75
      TREEIFY_THRESHOLD = 8
      UNTREEIFY_THRESHOLD = 6
      MIN_TREEIFY_CAPACITY = 64
      table = null
      entrySet = null
      size = 0
      modCount = 0
      threshold = 0
      loadFactor = 0.75
      keySet = class java.util.HashMap$KeySet@20c79dc9
      values = null
    fileServingAttributes = class java.util.HashMap@59826cbc
      serialVersionUID = 362498820763181265
      DEFAULT_INITIAL_CAPACITY = 16
      MAXIMUM_CAPACITY = 1073741824
      DEFAULT_LOAD_FACTOR = 0.75
      TREEIFY_THRESHOLD = 8
      UNTREEIFY_THRESHOLD = 6
      MIN_TREEIFY_CAPACITY = 64
      table = null
      entrySet = null
      size = 0
      modCount = 0
      threshold = 0
      loadFactor = 0.75
      keySet = null
      values = null
    invokerAttributes = class java.util.HashMap@75d7eeed
      serialVersionUID = 362498820763181265
      DEFAULT_INITIAL_CAPACITY = 16
      MAXIMUM_CAPACITY = 1073741824
      DEFAULT_LOAD_FACTOR = 0.75
      TREEIFY_THRESHOLD = 8
      UNTREEIFY_THRESHOLD = 6
      MIN_TREEIFY_CAPACITY = 64
      table = null
      entrySet = null
      size = 0
      modCount = 0
      threshold = 0
      loadFactor = 0.75
      keySet = null
      values = null
    contextParams = class java.util.HashMap@2ac46a64
      serialVersionUID = 362498820763181265
      DEFAULT_INITIAL_CAPACITY = 16
      MAXIMUM_CAPACITY = 1073741824
      DEFAULT_LOAD_FACTOR = 0.75
      TREEIFY_THRESHOLD = 8
      UNTREEIFY_THRESHOLD = 6
      MIN_TREEIFY_CAPACITY = 64
      table = null
      entrySet = null
      size = 0
      modCount = 0
      threshold = 0
      loadFactor = 0.75
      keySet = null
      values = null
    virtualHost = "default_host"
    exceptionErrorPages = class java.util.HashMap@38beb556
      serialVersionUID = 362498820763181265
      DEFAULT_INITIAL_CAPACITY = 16
      MAXIMUM_CAPACITY = 1073741824
      DEFAULT_LOAD_FACTOR = 0.75
      TREEIFY_THRESHOLD = 8
      UNTREEIFY_THRESHOLD = 6
      MIN_TREEIFY_CAPACITY = 64
      table = null
      entrySet = null
      size = 0
      modCount = 0
      threshold = 0
      loadFactor = 0.75
      keySet = null
      values = null
    codeErrorPages = class java.util.HashMap@7213c971
      serialVersionUID = 362498820763181265
      DEFAULT_INITIAL_CAPACITY = 16
      MAXIMUM_CAPACITY = 1073741824
      DEFAULT_LOAD_FACTOR = 0.75
      TREEIFY_THRESHOLD = 8
      UNTREEIFY_THRESHOLD = 6
      MIN_TREEIFY_CAPACITY = 64
      table = null
      entrySet = null
      size = 0
      modCount = 0
      threshold = 0
      loadFactor = 0.75
      keySet = null
      values = null
    tagLibList = null
    precompileJsps = false
    webApp = class com.ibm.ws.webcontainer31.osgi.webapp.WebApp31@2a45af27
    virtualHostList = class java.util.Collections$EmptyList@3879f158
      serialVersionUID = 8842843931221139166
      modCount = 0
      MAX_ARRAY_SIZE = 2147483639
    appStartupWeight = 0
    moduleStartupWeight = 0
    metaDataComplete = false
    classesToScan = class java.util.ArrayList@31672b79
      serialVersionUID = 8683452581122892189
      DEFAULT_CAPACITY = 10
      EMPTY_ELEMENTDATA = class java.lang.Object[0]
      DEFAULTCAPACITY_EMPTY_ELEMENTDATA = class java.lang.Object[0]
      elementData = class java.lang.Object[0]
      size = 0
      MAX_ARRAY_SIZE = 2147483639
      modCount = 0
      MAX_ARRAY_SIZE = 2147483639
    uriFilterMappingInfos = null
    servletFilterMappingInfos = null
    dynamicServletRegistrationMap = null
    applicationName = "get-started-java"
    libBinPathList = class java.util.ArrayList@7c3e2c06
      serialVersionUID = 8683452581122892189
      DEFAULT_CAPACITY = 10
      EMPTY_ELEMENTDATA = class java.lang.Object[0]
      DEFAULTCAPACITY_EMPTY_ELEMENTDATA = class java.lang.Object[0]
      elementData = class java.lang.Object[15]
      size = 12
      MAX_ARRAY_SIZE = 2147483639
      modCount = 12
      MAX_ARRAY_SIZE = 2147483639
    webXmlDefinedListeners = class java.util.HashSet@100a2ab1
      serialVersionUID = -5024744406713321676
      map = class java.util.HashMap@6d460bff
      PRESENT = class java.lang.Object@437530d0
      MAX_ARRAY_SIZE = 2147483639
    allRefs = class java.util.EnumMap@670efad9
      keyType = class java.lang.Class@12425113
      keyUniverse = class com.ibm.wsspi.injectionengine.JNDIEnvironmentRefType[14]
      vals = class java.lang.Object[14]
      size = 0
      NULL = class java.util.EnumMap$1@1d47fdc
      ZERO_LENGTH_ENUM_ARRAY = class java.lang.Enum[0]
      entrySet = null
      serialVersionUID = 458661240069192865
      keySet = null
      values = null
    allRefBindings = class java.util.EnumMap@6fba29a2
      keyType = class java.lang.Class@12425113
      keyUniverse = class com.ibm.wsspi.injectionengine.JNDIEnvironmentRefType[14]
      vals = class java.lang.Object[14]
      size = 6
      NULL = class java.util.EnumMap$1@1d47fdc
      ZERO_LENGTH_ENUM_ARRAY = class java.lang.Enum[0]
      entrySet = null
      serialVersionUID = 458661240069192865
      keySet = null
      values = null
    envEntryValues = class java.util.HashMap@62e9764f
      serialVersionUID = 362498820763181265
      DEFAULT_INITIAL_CAPACITY = 16
      MAXIMUM_CAPACITY = 1073741824
      DEFAULT_LOAD_FACTOR = 0.75
      TREEIFY_THRESHOLD = 8
      UNTREEIFY_THRESHOLD = 6
      MIN_TREEIFY_CAPACITY = 64
      table = null
      entrySet = null
      size = 0
      modCount = 0
      threshold = 0
      loadFactor = 0.75
      keySet = null
      values = null
    resourceRefConfigList = null
    disallowAllFileServingProp = "false"
    disallowServeServletsByClassnameProp = "true"
    disableStaticMappingCache = false
    jspCachedLocations = class java.util.HashMap@23779701
      serialVersionUID = 362498820763181265
      DEFAULT_INITIAL_CAPACITY = 16
      MAXIMUM_CAPACITY = 1073741824
      DEFAULT_LOAD_FACTOR = 0.75
      TREEIFY_THRESHOLD = 8
      UNTREEIFY_THRESHOLD = 6
      MIN_TREEIFY_CAPACITY = 64
      table = null
      entrySet = null
      size = 0
      modCount = 0
      threshold = 0
      loadFactor = 0.75
      keySet = null
      values = null
    primedSTSHeader = "NoValue"
    enablemultireadofpostdata = false
    _id = "WebAppGeneratedId1"
    _attributes = null
    serialVersionUID = 7511545662945734886
    $$$tc$$$ = class com.ibm.websphere.ras.TraceComponent@351d0f40
      strings[0] = "TraceComponent[com.ibm.ws.container.BaseConfiguration,class com.ibm.ws.container.BaseConfiguration,[],null,null]"
  webApp = class com.ibm.ws.webcontainer31.osgi.webapp.WebApp31@2a45af27
    tc = class com.ibm.websphere.ras.TraceComponent@548dcf46
      strings[0] = "TraceComponent[com.ibm.ws.webcontainer31.osgi.webapp.WebApp31,class com.ibm.ws.webcontainer31.osgi.webapp.WebApp31,[webcontainer],com.ibm.ws.webcontainer31.resources.Messages,null]"
    CLASS_NAME = "com.ibm.ws.webcontainer31.osgi.webapp.WebApp31"
    servlet31NLS = class com.ibm.ejs.ras.TraceNLS@27bd32b8
      resolver = class com.ibm.ws.logging.internal.TraceNLSResolver@5e16cd23
      finder = null
      ivBundleName = "com.ibm.ws.webcontainer31.resources.Messages"
      caller = class java.lang.Class@14c3abbf
    validListenerClasses = class java.lang.Class[7]
      validListenerClasses[0] = class java.lang.Class@31923967
      validListenerClasses[1] = class java.lang.Class@79e30795
      validListenerClasses[2] = class java.lang.Class@63fee32d
      validListenerClasses[3] = class java.lang.Class@70b4ca3f
      validListenerClasses[4] = class java.lang.Class@11fb2856
      validListenerClasses[5] = class java.lang.Class@28df028a
      validListenerClasses[6] = class java.lang.Class@4da2abd2
    wsocServHandler = class com.ibm.ws.wsoc.external.WsocHandlerImpl@2bff61b5
      tc = class com.ibm.websphere.ras.TraceComponent@7229749c
      noMoreAddsCalled = true
      serialVersionUID = -2067291126638824067
    tc = class com.ibm.websphere.ras.TraceComponent@3046201f
      strings[0] = "TraceComponent[com.ibm.ws.webcontainer.osgi.webapp.WebApp,class com.ibm.ws.webcontainer.osgi.webapp.WebApp,[webcontainer],com.ibm.ws.webcontainer.resources.LShimMessages,null]"
    CLASS_NAME = "com.ibm.ws.webcontainer.osgi.webapp.WebApp"
    metaDataService = class com.ibm.ws.container.service.metadata.internal.MetaDataServiceImpl@5e9f422d
      applicationMetaDataManager = class com.ibm.ws.container.service.metadata.internal.ApplicationMetaDataManager@7e17ea6a
      moduleMetaDataManager = class com.ibm.ws.container.service.metadata.internal.ModuleMetaDataManager@1103b55b
      componentMetaDataManager = class com.ibm.ws.container.service.metadata.internal.ComponentMetaDataManager@337c0e85
      methodMetaDataManager = class com.ibm.ws.container.service.metadata.internal.MethodMetaDataManager@50f1aee7
      appModuleNameToModuleContainer = class java.util.concurrent.ConcurrentHashMap@11744a29
      jeeNameToComponentMetaData = class java.util.concurrent.ConcurrentHashMap@1dd18c31
      deferredMetaDataFactories = class com.ibm.wsspi.kernel.service.utils.ConcurrentServiceReferenceSet@4e8aa128
      deferredMetaDataInitializers = class com.ibm.wsspi.kernel.service.utils.ConcurrentServiceReferenceMap@1351b888
      serialVersionUID = -2494605732980966097
      $$$tc$$$ = class com.ibm.websphere.ras.TraceComponent@2e176853
    namespacePopulated = false
    referenceContext = class com.ibm.ws.injectionengine.osgi.internal.OSGiReferenceContextImpl@286e9d09
      scopeData = class com.ibm.ws.injectionengine.osgi.internal.OSGiInjectionScopeData@3b6d3c73
      serialVersionUID = 521511923892134915
      $$$tc$$$ = class com.ibm.websphere.ras.TraceComponent@3d0591b6
      CLASS_NAME = "com.ibm.ws.injectionengine.ReferenceContextImpl"
      tc = class com.ibm.websphere.ras.TraceComponent@39bdf447
      ivInjectionEngine = class com.ibm.ws.injectionengine.osgi.internal.OSGiInjectionEngineImpl@1f1d2190
      ivProviders = class java.util.ArrayList@7ebd46cb
      ivComponentJavaContext = null
      ivComponentNameSpace = null
      ivJavaColonCompEnvMap = class java.util.LinkedHashMap@5858ef57
      ivEjbContext10 = class java.util.Properties@731a6830
      ivResourceRefConfigList = null
      isAlreadyProcessed = true
      ivProcessFailure = null
      ivInjectionTargetMap = class java.util.concurrent.ConcurrentHashMap@5fdd662
      svInjTarMapCacheSize = 256
      ivDeclaredInjectionTargets = class java.util.HashMap@11e25308
      ivProcessedInjectionClasses = class java.util.HashSet@edf2434
      ivProcessedInjectionBindings = class java.util.ArrayList@2e249637
      ivAnyProcessDynamic = false
      ivCheckAppConfig = false
    j2eeNameFactory = class com.ibm.ws.container.service.metadata.internal.J2EENameFactoryImpl@609cff10
      serialVersionUID = 3486344295038028821
      $$$tc$$$ = class com.ibm.websphere.ras.TraceComponent@7577954
    moduleLoader = class com.ibm.ws.classloading.internal.AppClassLoader@420334f9
      tc = class com.ibm.websphere.ras.TraceComponent@460093e2
      PARENT_FIRST_SEARCH_ORDER = class java.util.Collections$UnmodifiableRandomAccessList@5d10054e
      CLASS_LOADING_TRACE_PREFIX = "com.ibm.ws.class.load."
      DEFAULT_PACKAGE = "default.package"
      perPackageClassLoadingTraceComponents = class java.util.concurrent.ConcurrentHashMap@32e1ac4a
      config = class com.ibm.ws.classloading.internal.ClassLoaderConfigurationImpl@42905101
      privateLibraries = null
      delegateLoaders = class com.ibm.ws.classloading.internal.util.CompositeIterable@a4d2ee5
      nativeLibraryFiles = class java.util.ArrayList@572a7097
      transformers = class java.util.ArrayList@689615c4
      apiAccess = class com.ibm.ws.classloading.internal.GatewayClassLoader@6a45c8f3
      generator = class com.ibm.ws.classloading.internal.ClassGeneratorManager@28ce498e
      protectionDomains = class java.util.concurrent.ConcurrentHashMap@4b176074
      parent = class com.ibm.ws.classloading.internal.GatewayClassLoader@6a45c8f3
      serialVersionUID = 952643806680066297
      tc = class com.ibm.websphere.ras.TraceComponent@30f19c00
      EMPTY_URL_ARRAY = class java.net.URL[0]
      smartClassPath = class com.ibm.ws.classloading.internal.ContainerClassLoader$SmartClassPathImpl@4f3d0f49
      nativeLibraryContainers = class java.util.ArrayList@175d1b5f
      redefiner = class com.ibm.ws.classloading.internal.util.ClassRedefiner@4d05b203
      mapCreationQueue = class java.util.concurrent.Executors$FinalizableDelegatedExecutorService@3de16f17
      serialVersionUID = 7249739282446266343
      serialVersionUID = -7411549862368381758
      $$$tc$$$ = class com.ibm.websphere.ras.TraceComponent@6d5df316
      serialVersionUID = -4868702105808481416
      $$$tc$$$ = class com.ibm.websphere.ras.TraceComponent@4ac2031
      serialVersionUID = 2596921220292114344
      $$$tc$$$ = class com.ibm.websphere.ras.TraceComponent@60c1db73
      initialized = true
      pdcache = class java.util.HashMap@1a8178a5
      debug = null
      parent = class com.ibm.ws.classloading.internal.GatewayClassLoader@6a45c8f3
      parallelLockMap = null
      package2certs = class java.util.Hashtable@65790f49
      nocerts = class java.security.cert.Certificate[0]
      classes = class java.util.Vector@58c2c4f
      defaultDomain = class java.security.ProtectionDomain@33a3723e
      domains = class java.util.HashSet@227660bf
      packages = class java.util.HashMap@f5830ff
      scl = class sun.misc.Launcher$AppClassLoader@18b4aac2
      sclSet = true
      loadedLibraryNames = class java.util.Vector@63e34ba5
      systemNativeLibraries = class java.util.Vector@7911b143
      nativeLibraries = class java.util.Vector@6b529b0f
      nativeLibraryContext = class java.util.Stack@2ba94d1d
      usr_paths = class java.lang.String[49]
      sys_paths = class java.lang.String[1]
      assertionLock = class com.ibm.ws.classloading.internal.AppClassLoader@420334f9
      defaultAssertionStatus = false
      packageAssertionStatus = null
      classAssertionStatus = null
    webAppConfig = class com.ibm.ws.webcontainer.osgi.webapp.WebAppConfiguration@7c97be08
    extensionProcessingDisabled = false
    managedObjectService = class com.ibm.ws.cdi.impl.managedobject.CDIManagedObjectService@303ec87f
      cdiServiceRef = class com.ibm.wsspi.kernel.service.utils.AtomicServiceReference@55a00d0
      defaultMOSRef = class com.ibm.wsspi.kernel.service.utils.AtomicServiceReference@39d4135b
      cdiRuntime = null
      serialVersionUID = -2697988188171262037
      $$$tc$$$ = class com.ibm.websphere.ras.TraceComponent@7305180b
    GenPluginCfgMB = null
    internalServletMetaData = interface com.ibm.wsspi.webcontainer.metadata.WebComponentMetaData[2]
      internalServletMetaData[0] = null
      internalServletMetaData[1] = null
    loginProcessor = null
    logoutProcessor = null
    collabHelper = class com.ibm.ws.webcontainer.osgi.collaborator.CollaboratorHelperImpl@733bb4f1
    envObject = class com.ibm.ws.util.WSThreadLocal@13fe92a0
      tc = class com.ibm.ejs.ras.TraceComponent@405a40b2
      count = 8
      index = 3
      SUSPECTED_MISUSAGE_THRESHOLD = 200
      threadLocalHashCode = 1137100212
      nextHashCode = class java.util.concurrent.atomic.AtomicInteger@736f8c2e
      HASH_INCREMENT = 1640531527
    orderedLibPaths = class java.util.Collections$UnmodifiableRandomAccessList@21eb1a72
      serialVersionUID = -2542308836966382001
      serialVersionUID = -283967356065247728
      list = class java.util.ArrayList@1e0b2ad4
      serialVersionUID = 1820017752578914078
      c = class java.util.ArrayList@1e0b2ad4
    perm = class com.ibm.websphere.security.WebSphereRuntimePermission@f7c7e30
      serialVersionUID = -3306242789188168337
      $$$tc$$$ = class com.ibm.websphere.ras.TraceComponent@1fdf6e07
      serialVersionUID = 6279438298436773498
      wildcard = false
      path = "accessServletContext"
      exitVM = false
      serialVersionUID = -5636570222231596674
      name = "accessServletContext"
    WELCOME_FILE_LIST = "com.ibm.ws.webcontainer.config.WelcomeFileList"
    DIR_BROWSING_MAPPING = "__dirBrowsing__1509721764017"
    FILTER_PROXY_MAPPING = "/__filterProxy__1509721764017"
    logger = class com.ibm.ws.logging.internal.WsLogger@100c152f
      tc = class com.ibm.websphere.ras.TraceComponent@48320d39
      ivCachedResourceBundleName = null
      ivCachedResourceBundle = null
      ivComponent = null
      ivOrganization = null
      ivProduct = null
      ivMinimumLocalizationLevelIntValue = 625
      ivTC = class com.ibm.websphere.ras.TraceComponent@59f53bd
      loggerRegistrationComponent = class java.lang.ThreadLocal@225df657
      emptyHandlers = class java.util.logging.Handler[0]
      offValue = 2147483647
      SYSTEM_LOGGER_RB_NAME = "sun.util.logging.resources.logging"
      SYSTEM_BUNDLE = class java.util.logging.Logger$LoggerBundle@2a34511d
      NO_RESOURCE_BUNDLE = class java.util.logging.Logger$LoggerBundle@286531a1
      manager = class com.ibm.ws.kernel.boot.logging.WsLogManager@4cf5fce8
      name = "com.ibm.ws.webcontainer.webapp"
      handlers = class java.util.concurrent.CopyOnWriteArrayList@5c0dcad9
      loggerBundle = class java.util.logging.Logger$LoggerBundle@f1b89f5
      useParentHandlers = true
      filter = null
      anonymous = false
      catalog = class com.ibm.ws.webcontainer.resources.Messages@59131be0
      catalogName = "com.ibm.ws.webcontainer.resources.Messages"
      catalogLocale = class java.util.Locale@6b7b2e10
      treeLock = class java.lang.Object@5034fb2c
      parent = class com.ibm.ws.logging.internal.WsLogger@434b5412
      kids = null
      levelObject = class java.util.logging.Level@1f176587
      levelValue = 800
      callersClassLoaderRef = class java.lang.ref.WeakReference@b241cdc
      isSystemLogger = false
      GLOBAL_LOGGER_NAME = "global"
      global = class java.util.logging.Logger@43c69459
      $assertionsDisabled = true
    CLASS_NAME = "com.ibm.ws.webcontainer.webapp.WebApp"
    loader = class com.ibm.ws.classloading.internal.ThreadContextClassLoader@7581aee7
      tc = class com.ibm.websphere.ras.TraceComponent@7c7fe8a9
      bundle = class java.util.concurrent.atomic.AtomicReference@126660ce
      key = "WebModule:get-started-java#GetStartedJava.war"
      refCount = class java.util.concurrent.atomic.AtomicInteger@3c100f2f
      appLoader = class com.ibm.ws.classloading.internal.AppClassLoader@420334f9
      clSvc = class com.ibm.ws.classloading.internal.ClassLoadingServiceImpl@4f99e5c7
      serialVersionUID = 846416563800781557
      followOnClassLoaders = class java.util.ArrayList@6fec464e
      serialVersionUID = -5107316606107305512
      $$$tc$$$ = class com.ibm.websphere.ras.TraceComponent@1123b7d6
      serialVersionUID = -4868702105808481416
      $$$tc$$$ = class com.ibm.websphere.ras.TraceComponent@4ac2031
      serialVersionUID = 2596921220292114344
      $$$tc$$$ = class com.ibm.websphere.ras.TraceComponent@60c1db73
      initialized = true
      pdcache = class java.util.HashMap@4ead2b6d
      debug = null
      parent = class com.ibm.ws.classloading.internal.GatewayClassLoader@294c0430
      parallelLockMap = null
      package2certs = class java.util.Hashtable@72782ce0
      nocerts = class java.security.cert.Certificate[0]
      classes = class java.util.Vector@72cf48b5
      defaultDomain = class java.security.ProtectionDomain@7f9cae94
      domains = class java.util.HashSet@58cd0449
      packages = class java.util.HashMap@6b613c9c
      scl = class sun.misc.Launcher$AppClassLoader@18b4aac2
      sclSet = true
      loadedLibraryNames = class java.util.Vector@63e34ba5
      systemNativeLibraries = class java.util.Vector@7911b143
      nativeLibraries = class java.util.Vector@49ce0d64
      nativeLibraryContext = class java.util.Stack@2ba94d1d
      usr_paths = class java.lang.String[49]
      sys_paths = class java.lang.String[1]
      assertionLock = class com.ibm.ws.classloading.internal.ThreadContextClassLoader@7581aee7
      defaultAssertionStatus = false
      packageAssertionStatus = null
      classAssertionStatus = null
    facade = class com.ibm.ws.webcontainer31.facade.ServletContextFacade31@7780fe1c
      context = class com.ibm.ws.webcontainer31.osgi.webapp.WebApp31@2a45af27
    features = class java.util.ArrayList@ec14214
      serialVersionUID = 8683452581122892189
      DEFAULT_CAPACITY = 10
      EMPTY_ELEMENTDATA = class java.lang.Object[0]
      DEFAULTCAPACITY_EMPTY_ELEMENTDATA = class java.lang.Object[0]
      elementData = class java.lang.Object[0]
      size = 0
      MAX_ARRAY_SIZE = 2147483639
      modCount = 0
      MAX_ARRAY_SIZE = 2147483639
    applicationName = "get-started-java"
    config = class com.ibm.ws.webcontainer.osgi.webapp.WebAppConfiguration@7c97be08
    securityEnabledForApp = true
    webExtensionProcessor = class com.ibm.ws.webcontainer.osgi.extension.WebExtensionProcessor@62a03002
      webApp = class com.ibm.ws.webcontainer31.osgi.webapp.WebApp31@2a45af27
      extensionContext = class com.ibm.ws.webcontainer31.osgi.webapp.WebApp31@2a45af27
    production = true
    isServlet23 = true
    contextPath = "/GetStartedJava"
    internalServletList = class [Ljava.lang.String;[2]
      internalServletList[0] = class java.lang.String[2]
      internalServletList[1] = class java.lang.String[2]
    BY_NAME_ONLY = "/_1509721764017_/"
    filterManager = class com.ibm.ws.webcontainer.osgi.filter.WebAppFilterManagerImpl@5c4c1790
    documentRoot = null
    SERVLET_API_VERSION = "Servlet 2.5"
    disableServletAuditLogging = -1
    serverInfo = "IBM WebSphere Liberty/${liberty.service.version}"
    sessionCtx = class com.ibm.ws.webcontainer31.session.impl.HttpSessionContext31Impl@6620b7e0
      methodClassName = "HttpSessionContextImpl"
      _smc = class com.ibm.ws.session.SessionManagerConfig@7165fc9d
      sessionStoreService = null
      _sap = class com.ibm.ws.session.SessionApplicationParameters@5ffb5ca8
      _coreHttpSessionManager = class com.ibm.ws.session.SessionManager@3e1cd80f
      _coreHttpAppSessionManager = null
      _sam = class com.ibm.ws.webcontainer.session.impl.SessionAffinityManagerImpl@619604be
      isSIPApplication = false
      sessionAttributeListener = false
      sessionListener = true
      mHttpSessionAttributeListeners = class java.util.ArrayList@441a08c1
      mHttpSessionListeners = class java.util.ArrayList@410112f6
      mHttpSessionIdListeners = class java.util.ArrayList@19057679
      mHttpSessionAttributeListenersJ2eeNames = class java.util.ArrayList@48673213
      mHttpSessionListenersJ2eeNames = class java.util.ArrayList@5c2f77de
      mHttpSessionIdListenersJ2eeNames = class java.util.ArrayList@1570580f
      mLocalHost = null
      _refCount = 0
      currentThreadSacHashtable = null
      methodClassName = "SessionContext"
      ANONYMOUS_USER = "anonymous"
      wasHttpSessionObserver = class com.ibm.ws.session.WasHttpSessionObserver@27f45266
      wasHttpSessionAttributeObserver = null
      _invalidator = class com.ibm.ws.session.SessionInvalidatorWithThreadPool@56f20b21
      _storer = class com.ibm.ws.session.EOSSessionStorer@71c407a6
      wasHttpAppSessionObserver = null
      mHttpAppSessionListeners = null
      cmvcInfo = "CMVC Version 1.9 6/24/07 11:12:24"
      _loggedVersion = true
      CREATE_CORE_SESSION_MANAGER = 0
      GET_REQUESTED_SESSION_ID = 1
      GET_IHTTP_SESSION = 2
      SESSION_PRE_INVOKE = 3
      SESSION_POST_INVOKE = 4
      STOP = 5
      STOP_LISTENERS = 6
      IS_VALID = 7
      ENCODE_URL = 8
      SHOULD_ENCODE_URL = 9
      IS_PROTOCOL_SWITCH = 10
      GET_LOCAL_HOST = 11
      ADD_HTTP_SESSION_ATTRIBUTE_LISTENER = 12
      ADD_HTTP_SESSION_LISTENER = 13
      GET_SESSION_AFFINITY_CONTEXT = 14
      CHECK_SECURITY = 15
      INVALIDATE = 16
      CHECK_SESSSIONID_IS_RIGHT_LENGTH = 17
      LOCK_SESSION = 18
      UNLOCK_SESSION = 19
      ADD_HTTP_SESSION_ID_LISTENER = 20
      methodNames = class java.lang.String[21]
    eventSource = class com.ibm.ws.webcontainer.webapp.WebAppEventSource@98f8344
    nls = class com.ibm.ejs.ras.TraceNLS@5e3bb06
      resolver = class com.ibm.ws.logging.internal.TraceNLSResolver@5e16cd23
      finder = null
      ivBundleName = "com.ibm.ws.webcontainer.resources.Messages"
      caller = class java.lang.Class@7360dde7
    liberty_nls = class com.ibm.ejs.ras.TraceNLS@388b3aea
      resolver = class com.ibm.ws.logging.internal.TraceNLSResolver@5e16cd23
      finder = null
      ivBundleName = "com.ibm.ws.webcontainer.resources.LShimMessages"
      caller = class java.lang.Class@7360dde7
    error_nls = class com.ibm.ejs.ras.TraceNLS@76f2427b
      resolver = class com.ibm.ws.logging.internal.TraceNLSResolver@5e16cd23
      finder = null
      ivBundleName = "com.ibm.ws.webcontainer.resources.ErrorPage"
      caller = class java.lang.Class@7360dde7
    sessionListeners = class java.util.ArrayList@150e74f2
      serialVersionUID = 8683452581122892189
      DEFAULT_CAPACITY = 10
      EMPTY_ELEMENTDATA = class java.lang.Object[0]
      DEFAULTCAPACITY_EMPTY_ELEMENTDATA = class java.lang.Object[0]
      elementData = class java.lang.Object[10]
      size = 1
      MAX_ARRAY_SIZE = 2147483639
      modCount = 2
      MAX_ARRAY_SIZE = 2147483639
    sessionIdListeners = class java.util.ArrayList@dadd6de
      serialVersionUID = 8683452581122892189
      DEFAULT_CAPACITY = 10
      EMPTY_ELEMENTDATA = class java.lang.Object[0]
      DEFAULTCAPACITY_EMPTY_ELEMENTDATA = class java.lang.Object[0]
      elementData = class java.lang.Object[0]
      size = 0
      MAX_ARRAY_SIZE = 2147483639
      modCount = 0
      MAX_ARRAY_SIZE = 2147483639
    sessionAttrListeners = class java.util.ArrayList@6c90e1eb
      serialVersionUID = 8683452581122892189
      DEFAULT_CAPACITY = 10
      EMPTY_ELEMENTDATA = class java.lang.Object[0]
      DEFAULTCAPACITY_EMPTY_ELEMENTDATA = class java.lang.Object[0]
      elementData = class java.lang.Object[0]
      size = 0
      MAX_ARRAY_SIZE = 2147483639
      modCount = 1
      MAX_ARRAY_SIZE = 2147483639
    addedSessionListeners = class java.util.ArrayList@8159798
      serialVersionUID = 8683452581122892189
      DEFAULT_CAPACITY = 10
      EMPTY_ELEMENTDATA = class java.lang.Object[0]
      DEFAULTCAPACITY_EMPTY_ELEMENTDATA = class java.lang.Object[0]
      elementData = class java.lang.Object[0]
      size = 0
      MAX_ARRAY_SIZE = 2147483639
      modCount = 0
      MAX_ARRAY_SIZE = 2147483639
    addedSessionAttrListeners = class java.util.ArrayList@6e5adb8c
      serialVersionUID = 8683452581122892189
      DEFAULT_CAPACITY = 10
      EMPTY_ELEMENTDATA = class java.lang.Object[0]
      DEFAULTCAPACITY_EMPTY_ELEMENTDATA = class java.lang.Object[0]
      elementData = class java.lang.Object[0]
      size = 0
      MAX_ARRAY_SIZE = 2147483639
      modCount = 0
      MAX_ARRAY_SIZE = 2147483639
    servletContextListeners = class java.util.ArrayList@d22fbbf
      serialVersionUID = 8683452581122892189
      DEFAULT_CAPACITY = 10
      EMPTY_ELEMENTDATA = class java.lang.Object[0]
      DEFAULTCAPACITY_EMPTY_ELEMENTDATA = class java.lang.Object[0]
      elementData = class java.lang.Object[10]
      size = 4
      MAX_ARRAY_SIZE = 2147483639
      modCount = 5
      MAX_ARRAY_SIZE = 2147483639
    servletContextLAttrListeners = class java.util.ArrayList@6656cc49
      serialVersionUID = 8683452581122892189
      DEFAULT_CAPACITY = 10
      EMPTY_ELEMENTDATA = class java.lang.Object[0]
      DEFAULTCAPACITY_EMPTY_ELEMENTDATA = class java.lang.Object[0]
      elementData = class java.lang.Object[0]
      size = 0
      MAX_ARRAY_SIZE = 2147483639
      modCount = 1
      MAX_ARRAY_SIZE = 2147483639
    servletRequestListeners = class java.util.ArrayList@425b3e4c
      serialVersionUID = 8683452581122892189
      DEFAULT_CAPACITY = 10
      EMPTY_ELEMENTDATA = class java.lang.Object[0]
      DEFAULTCAPACITY_EMPTY_ELEMENTDATA = class java.lang.Object[0]
      elementData = class java.lang.Object[0]
      size = 0
      MAX_ARRAY_SIZE = 2147483639
      modCount = 1
      MAX_ARRAY_SIZE = 2147483639
    servletRequestLAttrListeners = class java.util.ArrayList@7ae51b30
      serialVersionUID = 8683452581122892189
      DEFAULT_CAPACITY = 10
      EMPTY_ELEMENTDATA = class java.lang.Object[0]
      DEFAULTCAPACITY_EMPTY_ELEMENTDATA = class java.lang.Object[0]
      elementData = class java.lang.Object[0]
      size = 0
      MAX_ARRAY_SIZE = 2147483639
      modCount = 1
      MAX_ARRAY_SIZE = 2147483639
    prependSlashToResource = false
    destroyed = true
    webAppNameSpaceCollab = class com.ibm.ws.webcontainer.osgi.collaborator.WebAppNameSpaceCollaboratorImpl@374767a8
    txCollab = class com.ibm.ws.transaction.services.WebAppTransactionCollaboratorImpl@6080f8d0
      tc = class com.ibm.websphere.ras.TraceComponent@3745d954
      ltCurrentRef = class com.ibm.wsspi.kernel.service.utils.AtomicServiceReference@12c0313a
      tranMgrRef = class com.ibm.wsspi.kernel.service.utils.AtomicServiceReference@39d38dc1
      userTranRef = class com.ibm.wsspi.kernel.service.utils.AtomicServiceReference@7a5fdfd3
      uowCallbackRef = class com.ibm.wsspi.kernel.service.utils.AtomicServiceReference@63e9ef6b
      serialVersionUID = -8319003162899973281
    sessionActivationListeners = class java.util.ArrayList@3064440d
      serialVersionUID = 8683452581122892189
      DEFAULT_CAPACITY = 10
      EMPTY_ELEMENTDATA = class java.lang.Object[0]
      DEFAULTCAPACITY_EMPTY_ELEMENTDATA = class java.lang.Object[0]
      elementData = class java.lang.Object[0]
      size = 0
      MAX_ARRAY_SIZE = 2147483639
      modCount = 1
      MAX_ARRAY_SIZE = 2147483639
    sessionBindingListeners = class java.util.ArrayList@2bd6a513
      serialVersionUID = 8683452581122892189
      DEFAULT_CAPACITY = 10
      EMPTY_ELEMENTDATA = class java.lang.Object[0]
      DEFAULTCAPACITY_EMPTY_ELEMENTDATA = class java.lang.Object[0]
      elementData = class java.lang.Object[0]
      size = 0
      MAX_ARRAY_SIZE = 2147483639
      modCount = 1
      MAX_ARRAY_SIZE = 2147483639
    scratchdir = null
    jspClassLoaderLimit = 0
    jspClassLoaderExclusionList = null
    jspClassLoadersMap = null
    jspClassLoaderLimitTrackIF = false
    defaultExtProc = null
    directoryBrowsingServlet = null
    cdiContexts = class java.util.concurrent.ConcurrentHashMap@1e19264d
      serialVersionUID = 7249069246763182397
      MAXIMUM_CAPACITY = 1073741824
      DEFAULT_CAPACITY = 16
      MAX_ARRAY_SIZE = 2147483639
      DEFAULT_CONCURRENCY_LEVEL = 16
      LOAD_FACTOR = 0.75
      TREEIFY_THRESHOLD = 8
      UNTREEIFY_THRESHOLD = 6
      MIN_TREEIFY_CAPACITY = 64
      MIN_TRANSFER_STRIDE = 16
      RESIZE_STAMP_BITS = 16
      MAX_RESIZERS = 65535
      RESIZE_STAMP_SHIFT = 16
      MOVED = -1
      TREEBIN = -2
      RESERVED = -3
      HASH_BITS = 2147483647
      NCPU = 4
      serialPersistentFields = class java.io.ObjectStreamField[3]
      table = null
      nextTable = null
      baseCount = 0
      sizeCtl = 0
      transferIndex = 0
      cellsBusy = 0
      counterCells = null
      keySet = null
      values = null
      entrySet = class java.util.concurrent.ConcurrentHashMap$EntrySetView@518e81be
      U = class sun.misc.Unsafe@7d30ae53
      SIZECTL = 20
      TRANSFERINDEX = 32
      BASECOUNT = 24
      CELLSBUSY = 36
      CELLVALUE = 144
      ABASE = 16
      ASHIFT = 2
      keySet = null
      values = null
    moduleConfig = class com.ibm.ws.webcontainer.osgi.container.DeployedModule@ccf4daf
      tc = class com.ibm.websphere.ras.TraceComponent@40494c4c
      loader = class com.ibm.ws.classloading.internal.ThreadContextClassLoader@7581aee7
      webApp = class com.ibm.ws.webcontainer31.osgi.webapp.WebApp31@2a45af27
      webAppConfig = class com.ibm.ws.webcontainer.osgi.webapp.WebAppConfiguration@7c97be08
      contextRootAdded = null
      properContextRoot = "/GetStartedJava"
      mappingContextRoot = "/GetStartedJava/*"
      serialVersionUID = -2104814060051592457
      $$$tc$$$ = class com.ibm.websphere.ras.TraceComponent@a9abf1c
    extensionFactories = class java.util.ArrayList@122f9f18
      serialVersionUID = 8683452581122892189
      DEFAULT_CAPACITY = 10
      EMPTY_ELEMENTDATA = class java.lang.Object[0]
      DEFAULTCAPACITY_EMPTY_ELEMENTDATA = class java.lang.Object[0]
      elementData = class java.lang.Object[10]
      size = 4
      MAX_ARRAY_SIZE = 2147483639
      modCount = 9
      MAX_ARRAY_SIZE = 2147483639
    initialized = true
    lock = class com.ibm.ws.webcontainer.webapp.WebApp$1@2b100c98
      this$0 = class com.ibm.ws.webcontainer31.osgi.webapp.WebApp31@2a45af27
    afterServletContextCreated = false
    redirectContextRoot = false
    errorExceptionTypeFirst = false
    initFilterBeforeServletInit = false
    sortedServletConfigs = class java.util.ArrayList@7cec6cf9
      serialVersionUID = 8683452581122892189
      DEFAULT_CAPACITY = 10
      EMPTY_ELEMENTDATA = class java.lang.Object[0]
      DEFAULTCAPACITY_EMPTY_ELEMENTDATA = class java.lang.Object[0]
      elementData = class java.lang.Object[10]
      size = 1
      MAX_ARRAY_SIZE = 2147483639
      modCount = 1
      MAX_ARRAY_SIZE = 2147483639
    effectiveMajorVersion = 3
    effectiveMinorVersion = 0
    canAddServletContextListener = true
    withinContextInitOfProgAddListener = false
    lastProgAddListenerInitialized = "com.ibm.ws.cache.CacheServiceImpl"
    webInfLibClassloader = null
    metaInfCache = class com.ibm.ws.webcontainer.webapp.WebApp$2@ab8e4fe
      this$0 = class com.ibm.ws.webcontainer31.osgi.webapp.WebApp31@2a45af27
      serialVersionUID = 3801124242820219131
      head = null
      tail = null
      accessOrder = true
      serialVersionUID = 362498820763181265
      DEFAULT_INITIAL_CAPACITY = 16
      MAXIMUM_CAPACITY = 1073741824
      DEFAULT_LOAD_FACTOR = 0.75
      TREEIFY_THRESHOLD = 8
      UNTREEIFY_THRESHOLD = 6
      MIN_TREEIFY_CAPACITY = 64
      table = null
      entrySet = null
      size = 0
      modCount = 0
      threshold = 32
      loadFactor = 1.0
      keySet = null
      values = null
    useMetaInfCache = true
    SUN_CONFIGURE_LISTENER_CLASSNAME = "com.sun.faces.config.ConfigureListener"
    MYFACES_LIFECYCLE_LISTENER_CLASSNAME = "org.apache.myfaces.webapp.StartupServletContextListener"
    JSF_IMPL_ENABLED_PARAM = "com.ibm.ws.jsf.JSF_IMPL_ENABLED"
    JSF_IMPL_ENABLED_CUSTOM = "Custom"
    JSF_IMPL_ENABLED_NONE = "None"
    staticDocRoot = class com.ibm.ws.webcontainer.util.DocumentRootUtils@64816dee
      logger = class com.ibm.ws.logging.internal.WsLogger@4b2a9eda
      CLASS_NAME = "com.ibm.ws.webcontainer.util.DocumentRootUtils"
      useContentLength = false
      matchedFile = null
      matchedZipFile = null
      matchedEntry = null
      matchedURL = null
      edrRoot = null
      pfedrRoot = null
      ctxt = class com.ibm.ws.webcontainer31.osgi.webapp.WebApp31@2a45af27
      baseDir = null
      edr = null
      pfedr = null
      metaInfRes = null
      searchpfEDR = false
      searchEDR = false
      searchMetaInfRes = true
      matchFromEDR = false
      matchFromMetaInfRes = false
      matchIsADirectory = false
      appConfig = class com.ibm.ws.webcontainer.osgi.webapp.WebAppConfiguration@7c97be08
      attributeType = "staticFile"
      STATIC_FILE = "staticFile"
      JSP = "jsp"
      PFEDR = "preFragmentExtendedDocumentRoot"
      EDR = "extendedDocumentRoot"
    jspDocRoot = class com.ibm.ws.webcontainer.util.DocumentRootUtils@4f5ec92a
      logger = class com.ibm.ws.logging.internal.WsLogger@4b2a9eda
      CLASS_NAME = "com.ibm.ws.webcontainer.util.DocumentRootUtils"
      useContentLength = false
      matchedFile = null
      matchedZipFile = null
      matchedEntry = null
      matchedURL = null
      edrRoot = null
      pfedrRoot = null
      ctxt = class com.ibm.ws.webcontainer31.osgi.webapp.WebApp31@2a45af27
      baseDir = null
      edr = null
      pfedr = null
      metaInfRes = null
      searchpfEDR = false
      searchEDR = false
      searchMetaInfRes = true
      matchFromEDR = false
      matchFromMetaInfRes = false
      matchIsADirectory = false
      appConfig = class com.ibm.ws.webcontainer.osgi.webapp.WebAppConfiguration@7c97be08
      attributeType = "jsp"
      STATIC_FILE = "staticFile"
      JSP = "jsp"
      PFEDR = "preFragmentExtendedDocumentRoot"
      EDR = "extendedDocumentRoot"
    container = class com.ibm.ws.adaptable.module.internal.AdaptableContainerImpl@24527beb
      root = class com.ibm.ws.adaptable.module.internal.AdaptableContainerImpl@24527beb
      rootOverlay = class com.ibm.ws.artifact.overlay.internal.DirectoryBasedOverlayContainerImpl@2a7e5911
      factoryHolder = class com.ibm.ws.adaptable.module.internal.AdaptableModuleFactoryImpl@3475312e
      delegate = class com.ibm.ws.artifact.overlay.internal.DirectoryBasedOverlayContainerImpl@2a7e5911
      notifier = class com.ibm.ws.adaptable.module.internal.NotifierImpl@28c0dbbc
      serialVersionUID = -5621513278641113667
      $$$tc$$$ = class com.ibm.websphere.ras.TraceComponent@c257626
    metaInfResourceFinder = class com.ibm.ws.webcontainer.util.MetaInfResourceFinder@504aef9c
      jarResourceContainers = class java.util.ArrayList@7444ee07
      container = class com.ibm.ws.adaptable.module.internal.AdaptableContainerImpl@24527beb
    postConstructMethods = class com.ibm.ws.webcontainer.webapp.WebApp$AnnotatedMethods@1d187e7f
      annotationClass = class java.lang.Class@217c3437
      noOpClassNames = class java.util.HashSet@45010b57
      annotatedMethodNames = class java.util.concurrent.ConcurrentHashMap@46787aec
      EMPTY_METHODS = class java.lang.reflect.Method[0]
    preDestroyMethods = class com.ibm.ws.webcontainer.webapp.WebApp$AnnotatedMethods@72198e2f
      annotationClass = class java.lang.Class@74968a43
      noOpClassNames = class java.util.HashSet@a878d41
      annotatedMethodNames = class java.util.concurrent.ConcurrentHashMap@46f2204a
      EMPTY_METHODS = class java.lang.reflect.Method[0]
    upgraded = false
    OBJ_EMPTY = class java.lang.Object[0]
    CLASS_EMPTY = class java.lang.Class[0]
    DEFAULT_JSP_EXTENSIONS = class java.util.ArrayList@4bb71edf
      serialVersionUID = 8683452581122892189
      DEFAULT_CAPACITY = 10
      EMPTY_ELEMENTDATA = class java.lang.Object[0]
      DEFAULTCAPACITY_EMPTY_ELEMENTDATA = class java.lang.Object[0]
      elementData = class java.lang.Object[10]
      size = 4
      MAX_ARRAY_SIZE = 2147483639
      modCount = 4
      MAX_ARRAY_SIZE = 2147483639
    DEFER_SERVLET_REQUEST_LISTENER_DESTROY_ON_ERROR = false
    DO_ACCEPT_PARTIAL = true
    DO_NOT_ACCEPT_PARTIAL = false
    DO_ACCEPT_EXCLUDED = true
    DO_NOT_ACCEPT_EXCLUDED = false
    commands = class java.util.ArrayList@4c062e3a
      serialVersionUID = 8683452581122892189
      DEFAULT_CAPACITY = 10
      EMPTY_ELEMENTDATA = class java.lang.Object[0]
      DEFAULTCAPACITY_EMPTY_ELEMENTDATA = class java.lang.Object[0]
      elementData = class java.lang.Object[3]
      size = 0
      MAX_ARRAY_SIZE = 2147483639
      modCount = 0
      MAX_ARRAY_SIZE = 2147483639
    requestMapper = class com.ibm.wsspi.webcontainer.util.URIMapper@12335a43
      matcher = class com.ibm.wsspi.webcontainer.util.URIMatcher@fd92383
    parent = class com.ibm.ws.webcontainer.osgi.webapp.WebGroup@2c65c6dc
      tc = class com.ibm.websphere.ras.TraceComponent@10ff5d6c
      logger = class com.ibm.ws.logging.internal.WsLogger@100c152f
      CLASS_NAME = "com.ibm.ws.webcontainer.webapp.WebGroup"
      sessUrlRewritePrefix = ";jsessionid="
      qMark = "?"
      config = null
      webApp = null
      commands = class java.util.ArrayList@28c9ca5d
      requestMapper = null
      parent = class com.ibm.ws.webcontainer.osgi.DynamicVirtualHost@4d985ea0
      name = "/GetStartedJava/*"
      isAlive = false
      subElements = class java.util.HashMap@70a7a884
      attributes = null
      config = null
      serialVersionUID = -8271459000149267764
      $$$tc$$$ = class com.ibm.websphere.ras.TraceComponent@73da2ca
    name = "GetStartedJava"
    isAlive = false
    subElements = null
    attributes = class java.util.concurrent.ConcurrentHashMap@5fd76469
      serialVersionUID = 7249069246763182397
      MAXIMUM_CAPACITY = 1073741824
      DEFAULT_CAPACITY = 16
      MAX_ARRAY_SIZE = 2147483639
      DEFAULT_CONCURRENCY_LEVEL = 16
      LOAD_FACTOR = 0.75
      TREEIFY_THRESHOLD = 8
      UNTREEIFY_THRESHOLD = 6
      MIN_TREEIFY_CAPACITY = 64
      MIN_TRANSFER_STRIDE = 16
      RESIZE_STAMP_BITS = 16
      MAX_RESIZERS = 65535
      RESIZE_STAMP_SHIFT = 16
      MOVED = -1
      TREEBIN = -2
      RESERVED = -3
      HASH_BITS = 2147483647
      NCPU = 4
      serialPersistentFields = class java.io.ObjectStreamField[3]
      table = class java.util.concurrent.ConcurrentHashMap$Node[32]
      nextTable = null
      baseCount = 17
      sizeCtl = 24
      transferIndex = 0
      cellsBusy = 0
      counterCells = null
      keySet = null
      values = null
      entrySet = null
      U = class sun.misc.Unsafe@7d30ae53
      SIZECTL = 20
      TRANSFERINDEX = 32
      BASECOUNT = 24
      CELLSBUSY = 36
      CELLVALUE = 144
      ABASE = 16
      ASHIFT = 2
      keySet = null
      values = null
    config = null
    serialVersionUID = -8271459000149267764
    $$$tc$$$ = class com.ibm.websphere.ras.TraceComponent@73da2ca
      strings[0] = "TraceComponent[com.ibm.ws.container.AbstractContainer,class com.ibm.ws.container.AbstractContainer,[],null,null]"
  collabHelper = class com.ibm.ws.webcontainer.osgi.collaborator.CollaboratorHelperImpl@733bb4f1
    webAppInvCollabs = class java.util.Collections$UnmodifiableSet@67d9fafb
      serialVersionUID = -9215047833775013803
      serialVersionUID = 1820017752578914078
      c = class java.util.concurrent.CopyOnWriteArraySet@24eed177
    securityDomainForApp = null
    logger = class com.ibm.ws.logging.internal.WsLogger@3cb24dd0
      tc = class com.ibm.websphere.ras.TraceComponent@48320d39
      ivCachedResourceBundleName = null
      ivCachedResourceBundle = null
      ivComponent = null
      ivOrganization = null
      ivProduct = null
      ivMinimumLocalizationLevelIntValue = 625
      ivTC = class com.ibm.websphere.ras.TraceComponent@1478cd77
      loggerRegistrationComponent = class java.lang.ThreadLocal@225df657
      emptyHandlers = class java.util.logging.Handler[0]
      offValue = 2147483647
      SYSTEM_LOGGER_RB_NAME = "sun.util.logging.resources.logging"
      SYSTEM_BUNDLE = class java.util.logging.Logger$LoggerBundle@2a34511d
      NO_RESOURCE_BUNDLE = class java.util.logging.Logger$LoggerBundle@286531a1
      manager = class com.ibm.ws.kernel.boot.logging.WsLogManager@4cf5fce8
      name = "com.ibm.ws.webcontainer.collaborator"
      handlers = class java.util.concurrent.CopyOnWriteArrayList@105d054b
      loggerBundle = class java.util.logging.Logger$LoggerBundle@9f4f598
      useParentHandlers = true
      filter = null
      anonymous = false
      catalog = class com.ibm.ws.webcontainer.resources.Messages@80a9145
      catalogName = "com.ibm.ws.webcontainer.resources.Messages"
      catalogLocale = class java.util.Locale@6b7b2e10
      treeLock = class java.lang.Object@5034fb2c
      parent = class com.ibm.ws.logging.internal.WsLogger@434b5412
      kids = null
      levelObject = class java.util.logging.Level@1f176587
      levelValue = 800
      callersClassLoaderRef = class java.lang.ref.WeakReference@58857ffd
      isSystemLogger = false
      GLOBAL_LOGGER_NAME = "global"
      global = class java.util.logging.Logger@43c69459
      $assertionsDisabled = true
    staticDefaultSecurityCollaborator = class com.ibm.ws.webcontainer.collaborator.WebAppSecurityCollaborator@43ff1077
    logger = class com.ibm.ws.logging.internal.WsLogger@34ec200d
      tc = class com.ibm.websphere.ras.TraceComponent@48320d39
      ivCachedResourceBundleName = null
      ivCachedResourceBundle = null
      ivComponent = null
      ivOrganization = null
      ivProduct = null
      ivMinimumLocalizationLevelIntValue = 625
      ivTC = class com.ibm.websphere.ras.TraceComponent@59151f43
      loggerRegistrationComponent = class java.lang.ThreadLocal@225df657
      emptyHandlers = class java.util.logging.Handler[0]
      offValue = 2147483647
      SYSTEM_LOGGER_RB_NAME = "sun.util.logging.resources.logging"
      SYSTEM_BUNDLE = class java.util.logging.Logger$LoggerBundle@2a34511d
      NO_RESOURCE_BUNDLE = class java.util.logging.Logger$LoggerBundle@286531a1
      manager = class com.ibm.ws.kernel.boot.logging.WsLogManager@4cf5fce8
      name = "com.ibm.wsspi.webcontainer.collaborator"
      handlers = class java.util.concurrent.CopyOnWriteArrayList@7e728f01
      loggerBundle = class java.util.logging.Logger$LoggerBundle@77a4ab77
      useParentHandlers = true
      filter = null
      anonymous = false
      catalog = class com.ibm.ws.webcontainer.resources.Messages@80a9145
      catalogName = "com.ibm.ws.webcontainer.resources.Messages"
      catalogLocale = class java.util.Locale@6b7b2e10
      treeLock = class java.lang.Object@5034fb2c
      parent = class com.ibm.ws.logging.internal.WsLogger@779981be
      kids = null
      levelObject = class java.util.logging.Level@1f176587
      levelValue = 800
      callersClassLoaderRef = class java.lang.ref.WeakReference@1b1c7101
      isSystemLogger = false
      GLOBAL_LOGGER_NAME = "global"
      global = class java.util.logging.Logger@43c69459
      $assertionsDisabled = true
    CLASS_NAME = "com.ibm.wsspi.webcontainer.collaborator.CollaboratorHelper"
    webApp = class com.ibm.ws.webcontainer31.osgi.webapp.WebApp31@2a45af27
    securityCollaborator = class com.ibm.ws.webcontainer.security.WebAppSecurityCollaboratorImpl@482913b7
    nameSpaceCollaborator = class com.ibm.ws.webcontainer.osgi.collaborator.WebAppNameSpaceCollaboratorImpl@374767a8
    transactionCollaborator = class com.ibm.ws.transaction.services.WebAppTransactionCollaboratorImpl@6080f8d0
    connectionCollaborator = class com.ibm.ws.webcontainer.collaborator.ConnectionCollaborator@1c4a0a49
    allCollabEnum = class java.util.RegularEnumSet@32b808dd
      serialVersionUID = 3411599620347842686
      elements = 511
      elementType = class java.lang.Class@4e91373c
      universe = class com.ibm.wsspi.webcontainer.collaborator.CollaboratorInvocationEnum[9]
      ZERO_LENGTH_ENUM_ARRAY = class java.lang.Enum[0]
      MAX_ARRAY_SIZE = 2147483639
    servlet_23_or_greater = true
    DEFER_SERVLET_REQUEST_LISTENER_DESTROY_ON_ERROR = false
  webAppNameSpaceCollab = class com.ibm.ws.webcontainer.osgi.collaborator.WebAppNameSpaceCollaboratorImpl@374767a8
    cmdai = class com.ibm.ws.threadContext.ComponentMetaDataAccessorImpl@302f36ca
      tc = class com.ibm.websphere.ras.TraceComponent@507e8ccd
      cmdai = class com.ibm.ws.threadContext.ComponentMetaDataAccessorImpl@302f36ca
      threadContext = class com.ibm.ws.threadContext.ThreadContextImpl@717cefe4
      defaultCMD = null
  secCollab = class com.ibm.ws.webcontainer.security.WebAppSecurityCollaboratorImpl@482913b7
    tc = class com.ibm.websphere.ras.TraceComponent@39bedf6e
      strings[0] = "TraceComponent[com.ibm.ws.webcontainer.security.WebAppSecurityCollaboratorImpl,class com.ibm.ws.webcontainer.security.WebAppSecurityCollaboratorImpl,[WebAppSecurity],com.ibm.ws.webcontainer.security.resources.WebAppSecurityMessages,null]"
    KEY_ID = "id"
    KEY_SERVICE_ID = "service.id"
    KEY_COMPONENT_NAME = "component.name"
    KEY_SECURITY_SERVICE = "securityService"
    KEY_TAI_SERVICE = "taiService"
    KEY_INTERCEPTOR_SERVICE = "interceptorService"
    KEY_JACC_SERVICE = "jaccService"
    JASPI_SERVICE_COMPONENT_NAME = "com.ibm.ws.security.jaspi"
    KEY_WEB_AUTHENTICATOR = "webAuthenticator"
    KEY_UNPROTECTED_RESOURCE_SERVICE = "unprotectedResourceService"
    DELEGATION_USERS_LIST = "DELEGATION_USERS_LIST"
    webAuthenticatorRef = class com.ibm.wsspi.kernel.service.utils.ConcurrentServiceReferenceMap@1658e45b
      referenceName = "webAuthenticator"
      context = class org.apache.felix.scr.impl.manager.ComponentContextImpl@33bf7984
      elementMap = class java.util.concurrent.ConcurrentHashMap@d76b168
      serialVersionUID = 6980924785166233786
      $$$tc$$$ = class com.ibm.websphere.ras.TraceComponent@63c6b4ad
    unprotectedResourceServiceRef = class com.ibm.wsspi.kernel.service.utils.ConcurrentServiceReferenceMap@1705aeea
      referenceName = "unprotectedResourceService"
      context = class org.apache.felix.scr.impl.manager.ComponentContextImpl@33bf7984
      elementMap = class java.util.concurrent.ConcurrentHashMap@23511daf
      serialVersionUID = 6980924785166233786
      $$$tc$$$ = class com.ibm.websphere.ras.TraceComponent@63c6b4ad
    taiServiceRef = class com.ibm.wsspi.kernel.service.utils.AtomicServiceReference@643a7d52
      referenceName = "taiService"
      tuple = class java.util.concurrent.atomic.AtomicReference@3b6ea5a4
      serialVersionUID = 2226592364007985000
      $$$tc$$$ = class com.ibm.websphere.ras.TraceComponent@2d4994d3
    interceptorServiceRef = class com.ibm.wsspi.kernel.service.utils.ConcurrentServiceReferenceMap@5980188e
      referenceName = "interceptorService"
      context = class org.apache.felix.scr.impl.manager.ComponentContextImpl@33bf7984
      elementMap = class java.util.concurrent.ConcurrentHashMap@4801e2e5
      serialVersionUID = 6980924785166233786
      $$$tc$$$ = class com.ibm.websphere.ras.TraceComponent@63c6b4ad
    securityServiceRef = class com.ibm.wsspi.kernel.service.utils.AtomicServiceReference@82b55d9
      referenceName = "securityService"
      tuple = class java.util.concurrent.atomic.AtomicReference@18fefc0a
      serialVersionUID = 2226592364007985000
      $$$tc$$$ = class com.ibm.websphere.ras.TraceComponent@2d4994d3
    jaccServiceRef = class com.ibm.wsspi.kernel.service.utils.AtomicServiceReference@3263c8c8
      referenceName = "jaccService"
      tuple = class java.util.concurrent.atomic.AtomicReference@46cf055
      serialVersionUID = 2226592364007985000
      $$$tc$$$ = class com.ibm.websphere.ras.TraceComponent@2d4994d3
    KEY_LOCATION_ADMIN = "locationAdmin"
    locationAdminRef = class com.ibm.wsspi.kernel.service.utils.AtomicServiceReference@504e33b
      referenceName = "locationAdmin"
      tuple = class java.util.concurrent.atomic.AtomicReference@262f07e1
      serialVersionUID = 2226592364007985000
      $$$tc$$$ = class com.ibm.websphere.ras.TraceComponent@2d4994d3
    PERMIT_REPLY = class com.ibm.ws.webcontainer.security.internal.PermitReply@5c19cf7d
      serialVersionUID = 8303150652534131684
      $$$tc$$$ = class com.ibm.websphere.ras.TraceComponent@46221fb9
      responseCode = 200
      message = "OK"
      serialVersionUID = -2052464364003317781
      $$$tc$$$ = class com.ibm.websphere.ras.TraceComponent@9a8e44d
    DENY_AUTHZ_FAILED = class com.ibm.ws.webcontainer.security.internal.DenyReply@e4edcba
      serialVersionUID = -5683685740512191354
      $$$tc$$$ = class com.ibm.websphere.ras.TraceComponent@5d85c706
      responseCode = 403
      message = "AuthorizationFailed"
      serialVersionUID = -2052464364003317781
      $$$tc$$$ = class com.ibm.websphere.ras.TraceComponent@9a8e44d
    AUTH_TYPE = "AUTH_TYPE"
    ALL_AUTHENTICATED_ROLE = "**"
    STARSTAR_ROLE = "_starstar_"
    globalConfig = class com.ibm.ws.webcontainer.security.internal.extended.WebAppSecurityConfigImplExtended@22c76033
      tc = class com.ibm.websphere.ras.TraceComponent@42d157e2
      oidcServerRef = class com.ibm.wsspi.kernel.service.utils.AtomicServiceReference@6aca369e
      oidcClientRef = class com.ibm.wsspi.kernel.service.utils.AtomicServiceReference@2bc7fc3c
      serialVersionUID = -720314228807838986
      tc = class com.ibm.websphere.ras.TraceComponent@3a1e8392
      WLP_USER_DIR = "${wlp.user.dir}"
      AUTO_GEN_COOKIE_NAME_PREFIX = "WAS_"
      DEFAULT_SSO_COOKIE_NAME = "LtpaToken2"
      CFG_KEY_LOGOUT_ON_HTTP_SESSION_EXPIRE = "logoutOnHttpSessionExpire"
      CFG_KEY_SINGLE_SIGN_ON_ENABLED = "singleSignonEnabled"
      CFG_KEY_PRESERVE_FULLY_QUALIFIED_REFERRER_URL = "preserveFullyQualifiedReferrerUrl"
      CFG_KEY_POSTPARAM_SAVE_METHOD = "postParamSaveMethod"
      CFG_KEY_POSTPARAM_COOKIE_SIZE = "postParamCookieSize"
      CFG_KEY_ALLOW_LOGOUT_PAGE_REDIRECT_TO_ANY_HOST = "allowLogoutPageRedirectToAnyHost"
      CFG_KEY_LOGOUT_PAGE_REDIRECT_DOMAIN_NAMES = "logoutPageRedirectDomainNames"
      CFG_KEY_WAS_REQ_URL_REDIRECT_DOMAIN_NAMES = "wasReqURLRedirectDomainNames"
      CFG_KEY_SSO_COOKIE_NAME = "ssoCookieName"
      CFG_KEY_AUTO_GEN_SSO_COOKIE_NAME = "autoGenSsoCookieName"
      CFG_KEY_FAIL_OVER_TO_BASICAUTH = "allowFailOverToBasicAuth"
      CFG_KEY_DISPLAY_AUTHENTICATION_REALM = "displayAuthenticationRealm"
      CFG_KEY_HTTP_ONLY_COOKIES = "httpOnlyCookies"
      CFG_KEY_WEB_ALWAYS_LOGIN = "webAlwaysLogin"
      CFG_KEY_SSO_DOMAIN_NAMES = "ssoDomainNames"
      CFG_KEY_SSO_REQUIRES_SSL = "ssoRequiresSSL"
      CFG_KEY_SSO_USE_DOMAIN_FROM_URL = "ssoUseDomainFromURL"
      CFG_KEY_USE_AUTH_DATA_FOR_UNPROTECTED = "useAuthenticationDataForUnprotectedResource"
      CFG_KEY_LOGIN_FORM_URL = "loginFormURL"
      CFG_KEY_ALLOW_FAIL_OVER_TO_AUTH_METHOD = "allowAuthenticationFailOverToAuthMethod"
      CFG_KEY_INCLUDE_PATH_IN_WAS_REQ_URL = "includePathInWASReqURL"
      CFG_KEY_TRACK_LOGGED_OUT_SSO_COOKIES = "trackLoggedOutSSOCookies"
      CFG_KEY_USE_ONLY_CUSTOM_COOKIE_NAME = "useOnlyCustomCookieName"
      logoutOnHttpSessionExpire = false
      singleSignonEnabled = true
      preserveFullyQualifiedReferrerUrl = false
      postParamSaveMethod = "Cookie"
      postParamCookieSize = 16384
      allowLogoutPageRedirectToAnyHost = false
      wasReqURLRedirectDomainNames = null
      logoutPageRedirectDomainNames = null
      ssoCookieName = "LtpaToken2"
      autoGenSsoCookieName = false
      allowFailOverToBasicAuth = false
      displayAuthenticationRealm = false
      httpOnlyCookies = true
      webAlwaysLogin = false
      ssoRequiresSSL = false
      ssoDomainNames = null
      ssoUseDomainFromURL = false
      useAuthenticationDataForUnprotectedResource = true
      loginFormURL = null
      allowFailOverToAuthMethod = null
      includePathInWASReqURL = false
      trackLoggedOutSSOCookies = false
      useOnlyCustomCookieName = false
      locationAdminRef = class com.ibm.wsspi.kernel.service.utils.AtomicServiceReference@504e33b
      securityServiceRef = class com.ibm.wsspi.kernel.service.utils.AtomicServiceReference@82b55d9
      serialVersionUID = -7863660892004950769
    currentProps = class java.util.HashMap@f8426b
      serialVersionUID = 362498820763181265
      DEFAULT_INITIAL_CAPACITY = 16
      MAXIMUM_CAPACITY = 1073741824
      DEFAULT_LOAD_FACTOR = 0.75
      TREEIFY_THRESHOLD = 8
      UNTREEIFY_THRESHOLD = 6
      MIN_TREEIFY_CAPACITY = 64
      table = class java.util.HashMap$Node[64]
      entrySet = null
      size = 26
      modCount = 27
      threshold = 48
      loadFactor = 0.75
      keySet = null
      values = null
    authenticatorFactory = class com.ibm.ws.webcontainer.security.internal.extended.WebAuthenticatorFactoryImplExtended@1208072e
      KEY_OAUTH_SERVICE = "oauthService"
      KEY_OIDC_SERVER = "oidcServer"
      KEY_OIDC_CLIENT = "oidcClient"
      KEY_OPENID_CLIENT_SERVICE = "openidClientService"
      oauthServiceRef = class com.ibm.wsspi.kernel.service.utils.AtomicServiceReference@394d4463
      oidcServerRef = class com.ibm.wsspi.kernel.service.utils.AtomicServiceReference@6aca369e
      oidcClientRef = class com.ibm.wsspi.kernel.service.utils.AtomicServiceReference@2bc7fc3c
      openidClientRef = class com.ibm.wsspi.kernel.service.utils.AtomicServiceReference@2ec764
      serialVersionUID = -1477921690833372224
      $$$tc$$$ = class com.ibm.websphere.ras.TraceComponent@4f99e6a1
    webAppSecConfig = class com.ibm.ws.webcontainer.security.internal.extended.WebAppSecurityConfigImplExtended@22c76033
    authenticateApi = class com.ibm.ws.webcontainer.security.extended.AuthenticateApiExtended@6a5bb2d9
      serialVersionUID = 8376760192840062807
      $$$tc$$$ = class com.ibm.websphere.ras.TraceComponent@3f6e82a9
      tc = class com.ibm.websphere.ras.TraceComponent@1e904fa2
      KEY_SECURITY_SERVICE = "securityService"
      securityServiceRef = class com.ibm.wsspi.kernel.service.utils.AtomicServiceReference@82b55d9
      subjectManager = class com.ibm.ws.security.context.SubjectManager@875a07c
      subjectHelper = class com.ibm.ws.security.authentication.utility.SubjectHelper@179f25c6
      ssoCookieHelper = class com.ibm.ws.webcontainer.security.extended.SSOCookieHelperImplExtended@184e9f10
      authCacheService = class com.ibm.ws.security.authentication.internal.cache.AuthCacheServiceImpl@5ecd72a1
      collabUtils = class com.ibm.ws.security.collaborator.CollaboratorUtils@31ad7e58
      authService = class com.ibm.ws.security.authentication.internal.AuthenticationServiceImpl@7b1e5f44
      webAuthenticatorRefs = class com.ibm.wsspi.kernel.service.utils.ConcurrentServiceReferenceMap@1658e45b
      unprotectedResourceServiceRef = class com.ibm.wsspi.kernel.service.utils.ConcurrentServiceReferenceMap@1705aeea
      DENY_AUTHN_FAILED = class com.ibm.ws.webcontainer.security.internal.DenyReply@1541f4f4
      logoutSubject = null
      serialVersionUID = 4961033084277237683
    postParameterHelper = class com.ibm.ws.webcontainer.security.PostParameterHelper@73848159
      tc = class com.ibm.websphere.ras.TraceComponent@25d11e22
      INITIAL_URL = "INITIAL_URL"
      PARAM_NAMES = "PARAM_NAMES"
      PARAM_VALUES = "PARAM_VALUES"
      POSTPARAM_COOKIE = "WASPostParam"
      ATTRIB_HASH_MAP = "ServletRequestWrapperHashmap"
      LENGTH_INT = 4
      OFFSET_REQURL = 0
      OFFSET_DATA = 1
      webAppSecurityConfig = class com.ibm.ws.webcontainer.security.internal.extended.WebAppSecurityConfigImplExtended@22c76033
      serialVersionUID = -1165845467615987734
    collabUtils = class com.ibm.ws.security.collaborator.CollaboratorUtils@31ad7e58
      tc = class com.ibm.websphere.ras.TraceComponent@6aaaa9a5
      subjectManager = class com.ibm.ws.security.context.SubjectManager@543495fe
      serialVersionUID = 1544996125297377090
    subjectHelper = class com.ibm.ws.security.authentication.utility.SubjectHelper@634e2e34
      tc = class com.ibm.websphere.ras.TraceComponent@4a0e108d
      serialVersionUID = -892250569803095632
    subjectManager = class com.ibm.ws.security.context.SubjectManager@543495fe
      threadLocal = class com.ibm.ws.security.context.SubjectManager$SecurityThreadLocal@25ec242b
      serialVersionUID = 8008928227801865506
      $$$tc$$$ = class com.ibm.websphere.ras.TraceComponent@3540a01c
    httpsRedirectHandler = class com.ibm.ws.webcontainer.security.internal.HTTPSRedirectHandler@3ed4868
      tc = class com.ibm.websphere.ras.TraceComponent@30bddfef
      serialVersionUID = -3103286160096161340
    auditManager = class com.ibm.websphere.security.audit.context.AuditManager@5968b9f3
      threadLocal = class com.ibm.websphere.security.audit.context.AuditManager$AuditThreadLocal@189c53a9
      serialVersionUID = 3990873393024807062
      $$$tc$$$ = class com.ibm.websphere.ras.TraceComponent@51334fb4
    extraAuditData = class java.util.HashMap@4b450364
      serialVersionUID = 362498820763181265
      DEFAULT_INITIAL_CAPACITY = 16
      MAXIMUM_CAPACITY = 1073741824
      DEFAULT_LOAD_FACTOR = 0.75
      TREEIFY_THRESHOLD = 8
      UNTREEIFY_THRESHOLD = 6
      MIN_TREEIFY_CAPACITY = 64
      table = class java.util.HashMap$Node[16]
      entrySet = null
      size = 1
      modCount = 1
      threshold = 12
      loadFactor = 0.75
      keySet = null
      values = null
    authenticatorProxy = class com.ibm.ws.webcontainer.security.extended.WebAuthenticatorProxyExtended@3baef497
      tc = class com.ibm.websphere.ras.TraceComponent@69f9e411
      oidcServerRef = class com.ibm.wsspi.kernel.service.utils.AtomicServiceReference@6aca369e
      serialVersionUID = -6484703206286851753
      tc = class com.ibm.websphere.ras.TraceComponent@70d37ca9
      AUTH_TYPE = "AUTH_TYPE"
      securityServiceRef = class com.ibm.wsspi.kernel.service.utils.AtomicServiceReference@82b55d9
      webAppSecurityConfig = class com.ibm.ws.webcontainer.security.internal.extended.WebAppSecurityConfigImplExtended@22c76033
      postParameterHelper = class com.ibm.ws.webcontainer.security.PostParameterHelper@73848159
      providerAuthenticatorProxy = class com.ibm.ws.webcontainer.security.extended.WebProviderAuthenticatorProxyExtended@52e95582
      extraAuditData = class java.util.HashMap@4d7e3991
      serialVersionUID = 4335595118122782273
    providerAuthenticatorProxy = class com.ibm.ws.webcontainer.security.extended.WebProviderAuthenticatorProxyExtended@52e95582
      tc = class com.ibm.websphere.ras.TraceComponent@26e41e38
      authenticatorOdering = class java.util.Collections$UnmodifiableRandomAccessList@7fd0529b
      OAUTH_CONT = class com.ibm.ws.webcontainer.security.AuthenticationResult@5648b350
      OPENID_CLIENT_CONT = class com.ibm.ws.webcontainer.security.AuthenticationResult@516b937b
      OIDC_SERVER_CONT = class com.ibm.ws.webcontainer.security.AuthenticationResult@72f05777
      OIDC_CLIENT_CONT = class com.ibm.ws.webcontainer.security.AuthenticationResult@fc98738
      SPNEGO_CONT = class com.ibm.ws.webcontainer.security.AuthenticationResult@1c0877a2
      oauthServiceRef = class com.ibm.wsspi.kernel.service.utils.AtomicServiceReference@394d4463
      openIdClientServiceRef = class com.ibm.wsspi.kernel.service.utils.AtomicServiceReference@2ec764
      oidcServerRef = class com.ibm.wsspi.kernel.service.utils.AtomicServiceReference@6aca369e
      oidcClientRef = class com.ibm.wsspi.kernel.service.utils.AtomicServiceReference@2bc7fc3c
      authHelper = class com.ibm.ws.webcontainer.security.WebProviderAuthenticatorHelper@1175df13
      referrerURLCookieHandler = class com.ibm.ws.webcontainer.security.extended.ReferrerURLCookieHandlerExtended@614e79a5
      serialVersionUID = -4962376951919845428
      tc = class com.ibm.websphere.ras.TraceComponent@6805369d
      JASPI_CONT = class com.ibm.ws.webcontainer.security.AuthenticationResult@227dc2f3
      securityServiceRef = class com.ibm.wsspi.kernel.service.utils.AtomicServiceReference@82b55d9
      taiServiceRef = class com.ibm.wsspi.kernel.service.utils.AtomicServiceReference@643a7d52
      interceptorServiceRef = class com.ibm.wsspi.kernel.service.utils.ConcurrentServiceReferenceMap@5980188e
      webAppSecurityConfig = class com.ibm.ws.webcontainer.security.internal.extended.WebAppSecurityConfigImplExtended@22c76033
      webAuthenticatorRef = class com.ibm.wsspi.kernel.service.utils.ConcurrentServiceReferenceMap@1658e45b
      serialVersionUID = -187182665254904997
    unauthenticatedSubjectService = class com.ibm.ws.security.authentication.internal.UnauthenticatedSubjectServiceImpl@4e52c90d
      tc = class com.ibm.websphere.ras.TraceComponent@6d45198
      KEY_SECURITY_SERVICE = "securityService"
      KEY_CREDENTIALS_SERVICE = "credentialsService"
      securityServiceRef = class com.ibm.wsspi.kernel.service.utils.AtomicServiceReference@5a2b33b
      credentialsServiceRef = class com.ibm.wsspi.kernel.service.utils.AtomicServiceReference@39a4028a
      unauthenticatedSubject = class javax.security.auth.Subject@2cffbbe0
      unauthenticatedSubjectLock = class com.ibm.ws.security.authentication.internal.UnauthenticatedSubjectServiceImpl$1@f65505
      serialVersionUID = -259576979582176405
    wasch = class com.ibm.ws.webcontainer.security.WebAppSecurityCollaboratorImpl@482913b7
    isJaspiEnabled = false
    savedSubject = null
    byPassedAuthRequest = true
    isActive = true
    threadLocal = class java.lang.ThreadLocal@2d6fad80
      threadLocalHashCode = 1637383029
      nextHashCode = class java.util.concurrent.atomic.AtomicInteger@736f8c2e
      HASH_INCREMENT = 1640531527
    serialVersionUID = -4833686237530004079
  sessionSecurityIntegrationEnabled = true
  assumeFilterSuccessOnSecurityError = false
  useOriginalRequestState = false
  _evtSource = class com.ibm.ws.webcontainer.webapp.WebAppEventSource@98f8344
    _invocationListeners = class com.ibm.ws.webcontainer.util.EventListeners@97fca55
      EMPTY_LISTENERS = interface java.util.EventListener[0]
      logger = class com.ibm.ws.logging.internal.WsLogger@4b2a9eda
      CLASS_NAME = "com.ibm.ws.webcontainer.util.EventListeners"
      listeners = interface java.util.EventListener[0]
    _servletListeners = class com.ibm.ws.webcontainer.util.EventListeners@5cc66f3f
      EMPTY_LISTENERS = interface java.util.EventListener[0]
      logger = class com.ibm.ws.logging.internal.WsLogger@4b2a9eda
      CLASS_NAME = "com.ibm.ws.webcontainer.util.EventListeners"
      listeners = interface java.util.EventListener[0]
    _errorListeners = class com.ibm.ws.webcontainer.util.EventListeners@10123eac
      EMPTY_LISTENERS = interface java.util.EventListener[0]
      logger = class com.ibm.ws.logging.internal.WsLogger@4b2a9eda
      CLASS_NAME = "com.ibm.ws.webcontainer.util.EventListeners"
      listeners = interface java.util.EventListener[0]
    _applicationListeners = class com.ibm.ws.webcontainer.util.EventListeners@629e3293
      EMPTY_LISTENERS = interface java.util.EventListener[0]
      logger = class com.ibm.ws.logging.internal.WsLogger@4b2a9eda
      CLASS_NAME = "com.ibm.ws.webcontainer.util.EventListeners"
      listeners = interface java.util.EventListener[0]
    _filterInvocationListeners = class com.ibm.ws.webcontainer.util.EventListeners@154461f7
      EMPTY_LISTENERS = interface java.util.EventListener[0]
      logger = class com.ibm.ws.logging.internal.WsLogger@4b2a9eda
      CLASS_NAME = "com.ibm.ws.webcontainer.util.EventListeners"
      listeners = interface java.util.EventListener[0]
    _filterListeners = class com.ibm.ws.webcontainer.util.EventListeners@7a944bf7
      EMPTY_LISTENERS = interface java.util.EventListener[0]
      logger = class com.ibm.ws.logging.internal.WsLogger@4b2a9eda
      CLASS_NAME = "com.ibm.ws.webcontainer.util.EventListeners"
      listeners = interface java.util.EventListener[0]
    _filterErrorListeners = class com.ibm.ws.webcontainer.util.EventListeners@7b72fd57
      EMPTY_LISTENERS = interface java.util.EventListener[0]
      logger = class com.ibm.ws.logging.internal.WsLogger@4b2a9eda
      CLASS_NAME = "com.ibm.ws.webcontainer.util.EventListeners"
      listeners = interface java.util.EventListener[0]
  defaultComponentMetaData = class com.ibm.ws.webcontainer.osgi.metadata.WebComponentMetaDataImpl@729672a7
    j2eeName = class com.ibm.ws.container.service.metadata.internal.J2EENameImpl@7a7f646e
      serialVersionUID = 7488184044073147667
      application = "get-started-java"
      module = "GetStartedJava.war"
      component = null
      string = "get-started-java#GetStartedJava.war"
      j2eeNameBytes = null
      $$$tc$$$ = class com.ibm.websphere.ras.TraceComponent@2c9f7684
    webModuleMetaData = class com.ibm.ws.webcontainer.osgi.metadata.WebModuleMetaDataImpl@7e81edde
      applicationMetaData = class com.ibm.ws.container.service.app.deploy.internal.ApplicationMetaDataImpl@ec52a9
      j2eeName = class com.ibm.ws.container.service.metadata.internal.J2EENameImpl@7a7f646e
      wccmd = class com.ibm.ws.webcontainer.osgi.metadata.WebCollaboratorComponentMetaDataImpl@cb622de
      securityMetaData = class com.ibm.ws.webcontainer.security.metadata.SecurityServletConfiguratorHelper@7ebe9845
      annotatedSecurityMetaData = null
      webAppConfig = class com.ibm.ws.webcontainer.osgi.webapp.WebAppConfiguration@7c97be08
      _isServlet23OrHigher = false
      jspComponentMetaData = class com.ibm.ws.jsp.runtime.metadata.JspComponentMetaData@2be2eb1e
      sessionCookieNameInUse = null
      mBeanServiceReg = null
      tc = class com.ibm.websphere.ras.TraceComponent@225fae24
      NUM_STATIC_SLOTS = 4
      ID_UNINITIALIZED = -1
      id = 0
      metaDataInterface = class java.lang.Class@12fb7e14
      staticSlots = class java.lang.Object[4]
      dynamicSlots = class java.lang.Object[4]
    mBeanServiceReg = null
    tc = class com.ibm.websphere.ras.TraceComponent@225fae24
      strings[0] = "TraceComponent[com.ibm.ws.runtime.metadata.MetaDataImpl,class com.ibm.ws.runtime.metadata.MetaDataImpl,[Runtime],null,null]"
    NUM_STATIC_SLOTS = 4
    ID_UNINITIALIZED = -1
    id = 1
    metaDataInterface = class java.lang.Class@73dfc737
      ANNOTATION = 8192
      ENUM = 16384
      SYNTHETIC = 4096
      cachedConstructor = null
      newInstanceCallerCache = null
      name = null
      allPermDomain = class java.security.ProtectionDomain@5e58bcc
      useCaches = true
      reflectionData = null
      classRedefinedCount = 0
      genericInfo = null
      serialVersionUID = 3206093459760846163
      serialPersistentFields = class java.io.ObjectStreamField[0]
      reflectionFactory = class sun.reflect.ReflectionFactory@4cf662ab
      initted = true
      enumConstants = null
      enumConstantDirectory = null
      annotationData = null
      annotationType = null
      classValueMap = null
    staticSlots = class java.lang.Object[4]
      staticSlots[0] = null
      staticSlots[1] = null
      staticSlots[2] = null
      staticSlots[3] = null
    dynamicSlots = null
  DEFER_SERVLET_REQUEST_LISTENER_DESTROY_ON_ERROR = false

