------Start of DE processing------ = [11/8/17 21:39:32:063 CST]
Exception = com.ibm.ws.webcontainer.exception.WebAppNotLoadedException
Source = com.ibm.ws.webcontainer.Webcontainer
probeid = 732
Stack Dump = com.ibm.ws.webcontainer.exception.WebAppNotLoadedException: Failed to load webapp: Context root /GetStartedJava/* is already bound. Cannot start application GetStartedJava_2
	at com.ibm.ws.webcontainer.osgi.DynamicVirtualHost.addWebApplication(DynamicVirtualHost.java:130)
	at com.ibm.ws.webcontainer.WebContainer.addWebApp(WebContainer.java:536)
	at com.ibm.ws.webcontainer.WebContainer.addWebApplication(WebContainer.java:491)
	at com.ibm.ws.webcontainer.osgi.WebContainer.startModule(WebContainer.java:918)
	at com.ibm.ws.app.manager.module.internal.ModuleHandlerBase.deployModule(ModuleHandlerBase.java:99)
	at com.ibm.ws.app.manager.module.internal.DeployedModuleInfoImpl.installModule(DeployedModuleInfoImpl.java:49)
	at com.ibm.ws.app.manager.module.internal.DeployedAppInfoBase.deployModules(DeployedAppInfoBase.java:419)
	at com.ibm.ws.app.manager.module.internal.DeployedAppInfoBase.deployApp(DeployedAppInfoBase.java:405)
	at com.ibm.ws.app.manager.war.internal.WARApplicationHandlerImpl.install(WARApplicationHandlerImpl.java:65)
	at com.ibm.ws.app.manager.internal.statemachine.StartAction.execute(StartAction.java:140)
	at com.ibm.ws.app.manager.internal.statemachine.ApplicationStateMachineImpl.enterState(ApplicationStateMachineImpl.java:1258)
	at com.ibm.ws.app.manager.internal.statemachine.ApplicationStateMachineImpl.run(ApplicationStateMachineImpl.java:873)
	at java.util.concurrent.ThreadPoolExecutor.runWorker(ThreadPoolExecutor.java:1142)
	at java.util.concurrent.ThreadPoolExecutor$Worker.run(ThreadPoolExecutor.java:617)
	at java.lang.Thread.run(Thread.java:745)

Dump of callerThis
Object type = com.ibm.ws.webcontainer.osgi.WebContainer
  tc = class com.ibm.websphere.ras.TraceComponent@2cfd6583
    strings[0] = "TraceComponent[com.ibm.ws.webcontainer.osgi.WebContainer,class com.ibm.ws.webcontainer.osgi.WebContainer,[webcontainer],com.ibm.ws.webcontainer.resources.LShimMessages,null]"
  CLASS_NAME = "com.ibm.ws.webcontainer.osgi.WebContainer"
  initialized = true
  eventService = class com.ibm.ws.event.internal.EventEngineImpl@cdf9986
    tc = class com.ibm.websphere.ras.TraceComponent@4d3f6e0f
      strings[0] = "TraceComponent[com.ibm.ws.event.internal.EventEngineImpl,class com.ibm.ws.event.internal.EventEngineImpl,[EventEngine],,null]"
    OSGI_EVENT_HANDLER_REFERENCE_NAME = "OsgiEventHandler"
    WS_EVENT_HANDLER_REFERENCE_NAME = "WsEventHandler"
    CFG_KEY_REENTRANT_HANDLER_DEFAULT = "reentrant.handler.default"
    CFG_KEY_STAGE_PREFIX = "stage.topics."
    topicCache = class com.ibm.ws.event.internal.TopicBasedCache@4b151809
      serialVersionUID = -1668099068630434622
      DEFAULT_STAGE_NAME = "Events"
      serviceReferenceMap = class java.util.HashMap@553afba6
      discreteEventHandlers = class java.util.HashMap@4f3081c7
      wildcardEventHandlers = class java.util.HashMap@525f00b
      discreteStageTopics = class java.util.HashMap@18c4ab89
      wildcardStageTopics = class java.util.HashMap@1aa184fc
      topicDataCache = class java.util.concurrent.ConcurrentHashMap@51d410d6
      eventEngine = class com.ibm.ws.event.internal.EventEngineImpl@cdf9986
      $$$tc$$$ = class com.ibm.websphere.ras.TraceComponent@30cfafdf
    componentContext = class org.apache.felix.scr.impl.manager.ComponentContextImpl@50abe993
      m_componentManager = class org.apache.felix.scr.impl.manager.SingleComponentManager@4504454e
      edgeInfos = class org.apache.felix.scr.impl.manager.EdgeInfo[4]
      m_componentInstance = class org.apache.felix.scr.impl.manager.ComponentContextImpl$ComponentInstanceImpl@650ed217
      m_usingBundle = class org.eclipse.osgi.internal.framework.EquinoxBundle@1374f877
      m_serviceRegistration = class org.eclipse.osgi.internal.serviceregistry.ServiceRegistrationImpl@40b35022
      m_implementationObject = class com.ibm.ws.event.internal.EventEngineImpl@cdf9986
      m_implementationAccessible = true
      accessibleLatch = class java.util.concurrent.CountDownLatch@6d1de152
      serviceObjectsHelper = class org.apache.felix.scr.impl.helper.ComponentServiceObjectsHelper@a54f78a
    bundleContext = class org.eclipse.osgi.internal.framework.BundleContextImpl@2472438d
      findHookName = "org.osgi.framework.hooks.bundle.FindHook"
      valid = true
      bundle = class org.eclipse.osgi.internal.framework.EquinoxBundle@1374f877
      container = class org.eclipse.osgi.internal.framework.EquinoxContainer@49427566
      debug = class org.eclipse.osgi.internal.debug.Debug@467e735e
      servicesInUse = class java.util.HashMap@3c210248
      activator = null
      contextLock = class java.lang.Object@420cc73b
    logService = class com.ibm.ws.logging.internal.osgi.TrLogServiceImpl@42bbf259
      LOG_EVENT = -5
      publishEvents = false
      publishDebugEvents = false
      logImpl = class com.ibm.ws.logging.internal.osgi.TrLogImpl@25e833b
      bundle = class org.eclipse.osgi.internal.framework.EquinoxBundle@1374f877
      ffdcMe = "com.ibm.ws.event-1.0.18.cl170320170927-1854"
      tc = class com.ibm.ws.logging.internal.osgi.TrLogServiceImpl$OSGiTraceComponent@4e4f8fa0
    frameworkEventAdapter = class com.ibm.ws.event.internal.adapter.FrameworkEventAdapter@292757f5
      FRAMEWORK_EVENT_TOPIC_PREFIX = "org/osgi/framework/FrameworkEvent/"
      eventAdmin = class com.ibm.ws.event.internal.EventEngineImpl@cdf9986
      serialVersionUID = -1092610607214715909
      $$$tc$$$ = class com.ibm.websphere.ras.TraceComponent@6b6d706c
    bundleEventAdapter = class com.ibm.ws.event.internal.adapter.BundleEventAdapter@4a91c788
      BUNDLE_EVENT_TOPIC_PREFIX = "org/osgi/framework/BundleEvent/"
      eventAdmin = class com.ibm.ws.event.internal.EventEngineImpl@cdf9986
      serialVersionUID = -818773777250172927
      $$$tc$$$ = class com.ibm.websphere.ras.TraceComponent@7bd2eb87
    serviceEventAdapter = class com.ibm.ws.event.internal.adapter.ServiceEventAdapter@45f94838
      SERVICE_EVENT_TOPIC_PREFIX = "org/osgi/framework/ServiceEvent/"
      eventAdmin = class com.ibm.ws.event.internal.EventEngineImpl@cdf9986
      serialVersionUID = 408387796793790680
      $$$tc$$$ = class com.ibm.websphere.ras.TraceComponent@7776e286
    executorServiceFactory = class com.ibm.ws.event.internal.WorkStageExecutorServiceFactory@58cd53e4
      executorService = class com.ibm.ws.threading.internal.ExecutorServiceImpl@16810dab
      serialVersionUID = -89348135483836177
      $$$tc$$$ = class com.ibm.websphere.ras.TraceComponent@3121e628
    defaultReentrancy = true
    skipSchedule = false
    serialVersionUID = -3714378010555321089
  futureMonitor = class com.ibm.ws.threading.internal.FutureMonitorImpl@e6220bf
    _monitor = class java.util.concurrent.ConcurrentLinkedQueue@4bc63ff7
      serialVersionUID = 196745693267521676
      head = class java.util.concurrent.ConcurrentLinkedQueue$Node@73dbc43b
      tail = class java.util.concurrent.ConcurrentLinkedQueue$Node@73dbc43b
      UNSAFE = class sun.misc.Unsafe@1ae847bc
      headOffset = 12
      tailOffset = 16
      MAX_ARRAY_SIZE = 2147483639
    _executor = class com.ibm.ws.threading.internal.ScheduledExecutorImpl@4ca266d7
    _threadRunning = class java.util.concurrent.atomic.AtomicBoolean@f2f0c80
      serialVersionUID = 4654671469794556979
      unsafe = class sun.misc.Unsafe@1ae847bc
      valueOffset = 12
      value = 0
    _thread = class com.ibm.ws.threading.internal.FutureMonitorImpl$1@182dd5
      this$0 = class com.ibm.ws.threading.internal.FutureMonitorImpl@e6220bf
      serialVersionUID = 2422512430832938099
      $$$tc$$$ = class com.ibm.websphere.ras.TraceComponent@c4f7a66
    serialVersionUID = 2765238413969174390
    $$$tc$$$ = class com.ibm.websphere.ras.TraceComponent@295886a2
      strings[0] = "TraceComponent[com.ibm.ws.threading.internal.FutureMonitorImpl,class com.ibm.ws.threading.internal.FutureMonitorImpl,[Threading],com.ibm.ws.threading.internal.resources.ThreadingMessages,null]"
  classLoadingSRRef = class com.ibm.wsspi.kernel.service.utils.AtomicServiceReference@47d8a0d7
    referenceName = "classLoadingService"
    tuple = class java.util.concurrent.atomic.AtomicReference@123ca441
      serialVersionUID = -1848883965231344442
      unsafe = class sun.misc.Unsafe@1ae847bc
      valueOffset = 12
      value = class com.ibm.wsspi.kernel.service.utils.AtomicServiceReference$ReferenceTuple@1aa79485
    serialVersionUID = 2226592364007985000
    $$$tc$$$ = class com.ibm.websphere.ras.TraceComponent@5c58ad72
      strings[0] = "TraceComponent[com.ibm.wsspi.kernel.service.utils.AtomicServiceReference,class com.ibm.wsspi.kernel.service.utils.AtomicServiceReference,[kernelUtils],com.ibm.ws.kernel.service.utils.resources.ServiceMessages,null]"
  sessionHelperSRRef = class com.ibm.wsspi.kernel.service.utils.AtomicServiceReference@72788b18
    referenceName = "sessionHelper"
    tuple = class java.util.concurrent.atomic.AtomicReference@32780c41
      serialVersionUID = -1848883965231344442
      unsafe = class sun.misc.Unsafe@1ae847bc
      valueOffset = 12
      value = class com.ibm.wsspi.kernel.service.utils.AtomicServiceReference$ReferenceTuple@79254624
    serialVersionUID = 2226592364007985000
    $$$tc$$$ = class com.ibm.websphere.ras.TraceComponent@5c58ad72
  cacheManagerSRRef = class com.ibm.wsspi.kernel.service.utils.AtomicServiceReference@29b2f78
    referenceName = "cacheManager"
    tuple = class java.util.concurrent.atomic.AtomicReference@48bbb47e
      serialVersionUID = -1848883965231344442
      unsafe = class sun.misc.Unsafe@1ae847bc
      valueOffset = 12
      value = class com.ibm.wsspi.kernel.service.utils.AtomicServiceReference$ReferenceTuple@4f88e1fd
    serialVersionUID = 2226592364007985000
    $$$tc$$$ = class com.ibm.websphere.ras.TraceComponent@5c58ad72
  injectionEngineSRRef = class com.ibm.wsspi.kernel.service.utils.AtomicServiceReference@1d63904c
    referenceName = "injectionEngine"
    tuple = class java.util.concurrent.atomic.AtomicReference@78de3a7
      serialVersionUID = -1848883965231344442
      unsafe = class sun.misc.Unsafe@1ae847bc
      valueOffset = 12
      value = class com.ibm.wsspi.kernel.service.utils.AtomicServiceReference$ReferenceTuple@2948339d
    serialVersionUID = 2226592364007985000
    $$$tc$$$ = class com.ibm.websphere.ras.TraceComponent@5c58ad72
  managedObjectServiceSRRef = class com.ibm.wsspi.kernel.service.utils.AtomicServiceReference@1f3f452f
    referenceName = "managedObjectService"
    tuple = class java.util.concurrent.atomic.AtomicReference@53424d4f
      serialVersionUID = -1848883965231344442
      unsafe = class sun.misc.Unsafe@1ae847bc
      valueOffset = 12
      value = class com.ibm.wsspi.kernel.service.utils.AtomicServiceReference$ReferenceTuple@2ead7366
    serialVersionUID = 2226592364007985000
    $$$tc$$$ = class com.ibm.websphere.ras.TraceComponent@5c58ad72
  backgroundWebAppStartFutures = class com.ibm.ws.webcontainer.util.OneTimeUseArrayList@29292d9b
    enabled = true
    runnables = class java.util.ArrayList@31547428
      serialVersionUID = 8683452581122892189
      DEFAULT_CAPACITY = 10
      EMPTY_ELEMENTDATA = class java.lang.Object[0]
      DEFAULTCAPACITY_EMPTY_ELEMENTDATA = class java.lang.Object[0]
      elementData = class java.lang.Object[10]
      size = 1
      MAX_ARRAY_SIZE = 2147483639
      modCount = 1
      MAX_ARRAY_SIZE = 2147483639
  REFERENCE_WEB_MBEAN_RUNTIME = "webMBeanRuntime"
  webMBeanRuntimeServiceRef = class com.ibm.wsspi.kernel.service.utils.AtomicServiceReference@72122729
    referenceName = "webMBeanRuntime"
    tuple = class java.util.concurrent.atomic.AtomicReference@3fa3888a
      serialVersionUID = -1848883965231344442
      unsafe = class sun.misc.Unsafe@1ae847bc
      valueOffset = 12
      value = class com.ibm.wsspi.kernel.service.utils.AtomicServiceReference$ReferenceTuple@5d8aaa39
    serialVersionUID = 2226592364007985000
    $$$tc$$$ = class com.ibm.websphere.ras.TraceComponent@5c58ad72
  servletContainerInitializers = class com.ibm.wsspi.kernel.service.utils.ConcurrentServiceReferenceSet@737228d7
    referenceName = "servletContainerInitializers"
    contextRef = class java.util.concurrent.atomic.AtomicReference@64ef675b
      serialVersionUID = -1848883965231344442
      unsafe = class sun.misc.Unsafe@1ae847bc
      valueOffset = 12
      value = class org.apache.felix.scr.impl.manager.ComponentContextImpl@4334198b
    elementMap = class java.util.LinkedHashMap@39b02549
      serialVersionUID = 3801124242820219131
      head = class java.util.LinkedHashMap$Entry@149ee330
      tail = class java.util.LinkedHashMap$Entry@3fd83176
      accessOrder = false
      serialVersionUID = 362498820763181265
      DEFAULT_INITIAL_CAPACITY = 16
      MAXIMUM_CAPACITY = 1073741824
      DEFAULT_LOAD_FACTOR = 0.75
      TREEIFY_THRESHOLD = 8
      UNTREEIFY_THRESHOLD = 6
      MIN_TREEIFY_CAPACITY = 64
      table = class java.util.HashMap$Node[16]
      entrySet = null
      size = 6
      modCount = 6
      threshold = 12
      loadFactor = 0.75
      keySet = null
      values = null
    elementSet = class java.util.concurrent.ConcurrentSkipListSet@7f999c94
      serialVersionUID = -2479143111061671589
      m = class java.util.concurrent.ConcurrentSkipListMap@53ad6185
      UNSAFE = class sun.misc.Unsafe@1ae847bc
      mapOffset = 12
      MAX_ARRAY_SIZE = 2147483639
    elementSetUnsorted = false
    serialVersionUID = 756240983881166148
    $$$tc$$$ = class com.ibm.websphere.ras.TraceComponent@1dee5c49
      strings[0] = "TraceComponent[com.ibm.wsspi.kernel.service.utils.ConcurrentServiceReferenceSet,class com.ibm.wsspi.kernel.service.utils.ConcurrentServiceReferenceSet,[kernelUtils],com.ibm.ws.kernel.service.utils.resources.ServiceMessages,null]"
  es = class com.ibm.ws.threading.internal.ExecutorServiceImpl@16810dab
    JAVA_6 = false
    threadPool = class java.util.concurrent.ThreadPoolExecutor@eebb90f
      ctl = class java.util.concurrent.atomic.AtomicInteger@3ff17b13
      COUNT_BITS = 29
      CAPACITY = 536870911
      RUNNING = -536870912
      SHUTDOWN = 0
      STOP = 536870912
      TIDYING = 1073741824
      TERMINATED = 1610612736
      workQueue = class com.ibm.ws.threading.internal.BoundedBuffer@62f9a440
      mainLock = class java.util.concurrent.locks.ReentrantLock@415bf023
      workers = class java.util.HashSet@37eae468
      termination = class java.util.concurrent.locks.AbstractQueuedSynchronizer$ConditionObject@3f73865
      largestPoolSize = 10
      completedTaskCount = 11
      threadFactory = class com.ibm.ws.threading.internal.ThreadFactoryImpl@2c8357ff
      handler = class com.ibm.ws.threading.internal.ExecutorServiceImpl$ExpandPolicy@32c760a4
      keepAliveTime = 60000000000
      allowCoreThreadTimeOut = false
      corePoolSize = 8
      maximumPoolSize = 8
      defaultHandler = class java.util.concurrent.ThreadPoolExecutor$AbortPolicy@5b3402
      shutdownPerm = class java.lang.RuntimePermission@51c7bcdc
      ONLY_ONE = true
      $assertionsDisabled = true
    threadPoolController = class com.ibm.ws.threading.internal.ThreadPoolController@5b4847e3
      tc = class com.ibm.websphere.ras.TraceComponent@21443b7b
      INTERVAL = 1500
      MAX_INTERVALS_WITHOUT_CHANGE = 5
      EMPTY_QUEUE_SHRINK_MAGIC_PER_INTERVAL = 0.04
      NON_EMPTY_QUEUE_GROW_MAGIC_PER_INTERVAL = 0.02
      IDLE_INTERVALS_BEFORE_PAUSE = 3
      MAX_OUTLIER_AFTER_CHANGE_BEFORE_RESET = 3
      MAX_THREADS_TO_BREAK_HANG = 1000
      executorService = class com.ibm.ws.threading.internal.ExecutorServiceImpl@16810dab
      lastAction = class com.ibm.ws.threading.internal.ThreadPoolController$LastAction@75181b8d
      timer = class java.util.Timer@478ce5c1
      activeTask = class com.ibm.ws.threading.internal.IntervalTask@3a9df9d0
      paused = false
      lastTimerPop = 1510198771504
      previousCompleted = 62
      previousThroughput = 15.968063872255488
      consecutiveQueueEmptyCount = 6
      consecutiveNoAdjustment = 0
      consecutiveOutlierAfterAdjustment = 0
      consecutiveIdleCount = 0
      maxThreads = 2147483647
      coreThreads = 8
      threadPool = class java.util.concurrent.ThreadPoolExecutor@eebb90f
      threadStats = class com.ibm.ws.threading.internal.ThroughputDistribution[12]
      poolSizeWhenHangDetected = -1
      hangIntervalCounter = 0
      serialVersionUID = -4660281053535413674
    poolName = "Default Executor"
    componentConfig = class org.apache.felix.scr.impl.helper.ReadOnlyDictionary@5675bbff
      m_delegate = class java.util.Hashtable@221f9c7e
      m_serviceReference = null
    interceptorsActive = false
    interceptors = class java.util.concurrent.CopyOnWriteArraySet@54fd0bf6
      serialVersionUID = 5457747651344034263
      al = class java.util.concurrent.CopyOnWriteArrayList@1c4f74d8
      MAX_ARRAY_SIZE = 2147483639
    threadFactory = null
    serialVersionUID = -1809836785261129577
    $$$tc$$$ = class com.ibm.websphere.ras.TraceComponent@6d3467e2
      strings[0] = "TraceComponent[com.ibm.ws.threading.internal.ExecutorServiceImpl,class com.ibm.ws.threading.internal.ExecutorServiceImpl,[Threading],com.ibm.ws.threading.internal.resources.ThreadingMessages,null]"
  locationServiceRef = class java.util.concurrent.atomic.AtomicReference@76a4af15
    serialVersionUID = -1848883965231344442
    unsafe = class sun.misc.Unsafe@1ae847bc
    valueOffset = 12
    value = class com.ibm.ws.kernel.service.location.internal.WsLocationAdminImpl@dcb6a14
  transferContextServiceRef = class com.ibm.wsspi.kernel.service.utils.ConcurrentServiceReferenceSet@15ecf587
    referenceName = "transferService"
    contextRef = class java.util.concurrent.atomic.AtomicReference@19554277
      serialVersionUID = -1848883965231344442
      unsafe = class sun.misc.Unsafe@1ae847bc
      valueOffset = 12
      value = class org.apache.felix.scr.impl.manager.ComponentContextImpl@4334198b
    elementMap = class java.util.LinkedHashMap@1905d37a
      serialVersionUID = 3801124242820219131
      head = class java.util.LinkedHashMap$Entry@28e3af63
      tail = class java.util.LinkedHashMap$Entry@28e3af63
      accessOrder = false
      serialVersionUID = 362498820763181265
      DEFAULT_INITIAL_CAPACITY = 16
      MAXIMUM_CAPACITY = 1073741824
      DEFAULT_LOAD_FACTOR = 0.75
      TREEIFY_THRESHOLD = 8
      UNTREEIFY_THRESHOLD = 6
      MIN_TREEIFY_CAPACITY = 64
      table = class java.util.HashMap$Node[16]
      entrySet = null
      size = 1
      modCount = 1
      threshold = 12
      loadFactor = 0.75
      keySet = null
      values = null
    elementSet = class java.util.concurrent.ConcurrentSkipListSet@673924b9
      serialVersionUID = -2479143111061671589
      m = class java.util.concurrent.ConcurrentSkipListMap@2cd0a5ee
      UNSAFE = class sun.misc.Unsafe@1ae847bc
      mapOffset = 12
      MAX_ARRAY_SIZE = 2147483639
    elementSetUnsorted = false
    serialVersionUID = 756240983881166148
    $$$tc$$$ = class com.ibm.websphere.ras.TraceComponent@1dee5c49
  encodingServiceRef = class java.util.concurrent.atomic.AtomicReference@773a437d
    serialVersionUID = -1848883965231344442
    unsafe = class sun.misc.Unsafe@1ae847bc
    valueOffset = 12
    value = class com.ibm.ws.http.internal.EncodingUtilsImpl@35939f7f
      tc = class com.ibm.websphere.ras.TraceComponent@4612673
      DEFAULT_ENCODING = "ISO-8859-1"
      TEST_CHAR = {97} /* array length = 1*/
      localeMap = class java.util.HashMap@52ee1b30
      converterMap = class java.util.HashMap@68e03518
      supportedEncodingsCache = class java.util.HashMap@5eeaab54
      localesCache = class java.util.HashMap@57a1226d
      cachedLocale = null
      cachedEncoding = null
      serialVersionUID = -1198395850126550961
  instance = class java.util.concurrent.atomic.AtomicReference@6948f464
    serialVersionUID = -1848883965231344442
    unsafe = class sun.misc.Unsafe@1ae847bc
    valueOffset = 12
    value = class com.ibm.ws.webcontainer.osgi.WebContainer@5572a515
  vhostManager = class com.ibm.ws.webcontainer.osgi.DynamicVirtualHostManager@3a47325f
    tc = class com.ibm.websphere.ras.TraceComponent@5f6c3dda
      strings[0] = "TraceComponent[com.ibm.ws.webcontainer.osgi.DynamicVirtualHostManager,class com.ibm.ws.webcontainer.osgi.DynamicVirtualHostManager,[webcontainer],com.ibm.ws.webcontainer.resources.LShimMessages,null]"
    hostMap = class java.util.concurrent.ConcurrentHashMap@71585a8a
      serialVersionUID = 7249069246763182397
      MAXIMUM_CAPACITY = 1073741824
      DEFAULT_CAPACITY = 16
      MAX_ARRAY_SIZE = 2147483639
      DEFAULT_CONCURRENCY_LEVEL = 16
      LOAD_FACTOR = 0.75
      TREEIFY_THRESHOLD = 8
      UNTREEIFY_THRESHOLD = 6
      MIN_TREEIFY_CAPACITY = 64
      MIN_TRANSFER_STRIDE = 16
      RESIZE_STAMP_BITS = 16
      MAX_RESIZERS = 65535
      RESIZE_STAMP_SHIFT = 16
      MOVED = -1
      TREEBIN = -2
      RESERVED = -3
      HASH_BITS = 2147483647
      NCPU = 4
      serialPersistentFields = class java.io.ObjectStreamField[3]
      table = class java.util.concurrent.ConcurrentHashMap$Node[16]
      nextTable = null
      baseCount = 1
      sizeCtl = 12
      transferIndex = 0
      cellsBusy = 0
      counterCells = null
      keySet = null
      values = class java.util.concurrent.ConcurrentHashMap$ValuesView@229c5609
      entrySet = null
      U = class sun.misc.Unsafe@1ae847bc
      SIZECTL = 20
      TRANSFERINDEX = 32
      BASECOUNT = 24
      CELLSBUSY = 36
      CELLVALUE = 144
      ABASE = 16
      ASHIFT = 2
      keySet = null
      values = null
    transportMap = class java.util.concurrent.ConcurrentHashMap@7a22d7bd
      serialVersionUID = 7249069246763182397
      MAXIMUM_CAPACITY = 1073741824
      DEFAULT_CAPACITY = 16
      MAX_ARRAY_SIZE = 2147483639
      DEFAULT_CONCURRENCY_LEVEL = 16
      LOAD_FACTOR = 0.75
      TREEIFY_THRESHOLD = 8
      UNTREEIFY_THRESHOLD = 6
      MIN_TREEIFY_CAPACITY = 64
      MIN_TRANSFER_STRIDE = 16
      RESIZE_STAMP_BITS = 16
      MAX_RESIZERS = 65535
      RESIZE_STAMP_SHIFT = 16
      MOVED = -1
      TREEBIN = -2
      RESERVED = -3
      HASH_BITS = 2147483647
      NCPU = 4
      serialPersistentFields = class java.io.ObjectStreamField[3]
      table = class java.util.concurrent.ConcurrentHashMap$Node[16]
      nextTable = null
      baseCount = 1
      sizeCtl = 12
      transferIndex = 0
      cellsBusy = 0
      counterCells = null
      keySet = null
      values = null
      entrySet = null
      U = class sun.misc.Unsafe@1ae847bc
      SIZECTL = 20
      TRANSFERINDEX = 32
      BASECOUNT = 24
      CELLSBUSY = 36
      CELLVALUE = 144
      ABASE = 16
      ASHIFT = 2
      keySet = null
      values = null
    locationService = class com.ibm.ws.kernel.service.location.internal.WsLocationAdminImpl@dcb6a14
      tc = class com.ibm.websphere.ras.TraceComponent@5db07a09
      LOC_INTERNAL_LIB_DIR = "wlp.lib.dir"
      LOC_AREA_NAME_APPS = "shared/apps/"
      LOC_AREA_NAME_CONFIG = "shared/config/"
      LOC_AREA_NAME_RESC = "shared/resources/"
      LOC_AREA_NAME_STATE = "logs/state/"
      LOC_AREA_NAME_SERVERS = "servers/"
      LOC_AREA_NAME_CLIENTS = "clients/"
      LOC_AREA_NAME_WORKING = "workarea/"
      LOC_AREA_NAME_EXTENSION = "extension/"
      instance = class com.ibm.ws.kernel.service.location.internal.WsLocationAdminImpl@dcb6a14
      installRoot = class com.ibm.ws.kernel.service.location.internal.SymbolicRootResource@2913945c
      installParentRoot = class com.ibm.ws.kernel.service.location.internal.SymbolicRootResource@495c2c90
      userRoot = class com.ibm.ws.kernel.service.location.internal.SymbolicRootResource@607325fa
      usrExtensionRoot = class com.ibm.ws.kernel.service.location.internal.SymbolicRootResource@2009a500
      serverConfigDir = class com.ibm.ws.kernel.service.location.internal.SymbolicRootResource@150d6429
      serverOutputDir = class com.ibm.ws.kernel.service.location.internal.SymbolicRootResource@150d6429
      bootstrapLib = class com.ibm.ws.kernel.service.location.internal.LocalFileResource@3d9de2b4
      serverWorkarea = class com.ibm.ws.kernel.service.location.internal.LocalFileResource@44384c08
      serverState = class com.ibm.ws.kernel.service.location.internal.LocalFileResource@2974d02a
      sharedAppsRoot = class com.ibm.ws.kernel.service.location.internal.SymbolicRootResource@57a6c501
      sharedConfigRoot = class com.ibm.ws.kernel.service.location.internal.SymbolicRootResource@5fc0503
      sharedResourceRoot = class com.ibm.ws.kernel.service.location.internal.SymbolicRootResource@3a241b8
      tmpRoot = class com.ibm.ws.kernel.service.location.internal.SymbolicRootResource@c582466
      serverName = "defaultServer"
      resourcePaths = class java.util.ArrayList@6db77621
      resourceGroups = class java.util.HashMap@806a289
      commonRoot = class com.ibm.ws.kernel.service.location.internal.VirtualRootResource@19389db0
      serialVersionUID = 7766352982799267432
    schedExecutor = class com.ibm.ws.threading.internal.ScheduledExecutorImpl@4ca266d7
      threadGroupName = "Scheduled Executor Thread Group"
      executor = class com.ibm.ws.threading.internal.ExecutorServiceImpl@16810dab
      serialVersionUID = -9110693807503469597
      $$$tc$$$ = class com.ibm.websphere.ras.TraceComponent@fdfa2bc
      continueExistingPeriodicTasksAfterShutdown = false
      executeExistingDelayedTasksAfterShutdown = true
      removeOnCancel = false
      sequencer = class java.util.concurrent.atomic.AtomicLong@3819fda
      ctl = class java.util.concurrent.atomic.AtomicInteger@2b65586a
      COUNT_BITS = 29
      CAPACITY = 536870911
      RUNNING = -536870912
      SHUTDOWN = 0
      STOP = 536870912
      TIDYING = 1073741824
      TERMINATED = 1610612736
      workQueue = class java.util.concurrent.ScheduledThreadPoolExecutor$DelayedWorkQueue@55ce1c1d
      mainLock = class java.util.concurrent.locks.ReentrantLock@74156b07
      workers = class java.util.HashSet@7b654510
      termination = class java.util.concurrent.locks.AbstractQueuedSynchronizer$ConditionObject@7a42f41e
      largestPoolSize = 1
      completedTaskCount = 0
      threadFactory = class com.ibm.ws.threading.internal.ThreadFactoryImpl@5f4921bf
      handler = class java.util.concurrent.ThreadPoolExecutor$AbortPolicy@5b3402
      keepAliveTime = 0
      allowCoreThreadTimeOut = false
      corePoolSize = 1
      maximumPoolSize = 2147483647
      defaultHandler = class java.util.concurrent.ThreadPoolExecutor$AbortPolicy@5b3402
      shutdownPerm = class java.lang.RuntimePermission@51c7bcdc
      ONLY_ONE = true
      $assertionsDisabled = true
    pluginCfgVhostUris = class java.util.HashMap@7f1df9c3
      serialVersionUID = 362498820763181265
      DEFAULT_INITIAL_CAPACITY = 16
      MAXIMUM_CAPACITY = 1073741824
      DEFAULT_LOAD_FACTOR = 0.75
      TREEIFY_THRESHOLD = 8
      UNTREEIFY_THRESHOLD = 6
      MIN_TREEIFY_CAPACITY = 64
      table = null
      entrySet = null
      size = 0
      modCount = 0
      threshold = 4
      loadFactor = 0.75
      keySet = null
      values = null
    PLUGIN_CFG = "plugin-cfg.xml"
  metaDataService = class com.ibm.ws.container.service.metadata.internal.MetaDataServiceImpl@48f5b85d
    applicationMetaDataManager = class com.ibm.ws.container.service.metadata.internal.ApplicationMetaDataManager@579b0b11
      serialVersionUID = 1843747281024490904
      $$$tc$$$ = class com.ibm.websphere.ras.TraceComponent@7918290c
      listeners = class com.ibm.wsspi.kernel.service.utils.ConcurrentServiceReferenceSet@7608f724
      metaDataIDs = class com.ibm.ws.container.service.metadata.internal.IndexList@3ce1c53c
      metaDatas = class java.util.ArrayList@6e944093
      slotIDs = class com.ibm.ws.container.service.metadata.internal.IndexList@131fe8ee
      serialVersionUID = 5464421863354792977
      $$$tc$$$ = class com.ibm.websphere.ras.TraceComponent@324cd4c1
    moduleMetaDataManager = class com.ibm.ws.container.service.metadata.internal.ModuleMetaDataManager@48517b06
      serialVersionUID = 2513574389899327209
      $$$tc$$$ = class com.ibm.websphere.ras.TraceComponent@3c072b4a
      listeners = class com.ibm.wsspi.kernel.service.utils.ConcurrentServiceReferenceSet@7bd3fc8e
      metaDataIDs = class com.ibm.ws.container.service.metadata.internal.IndexList@78e4f150
      metaDatas = class java.util.ArrayList@1283af65
      slotIDs = class com.ibm.ws.container.service.metadata.internal.IndexList@955ed
      serialVersionUID = 5464421863354792977
      $$$tc$$$ = class com.ibm.websphere.ras.TraceComponent@324cd4c1
    componentMetaDataManager = class com.ibm.ws.container.service.metadata.internal.ComponentMetaDataManager@70f39528
      serialVersionUID = 8629793739641703882
      $$$tc$$$ = class com.ibm.websphere.ras.TraceComponent@43d3f31f
      listeners = class com.ibm.wsspi.kernel.service.utils.ConcurrentServiceReferenceSet@3a76e0e3
      metaDataIDs = class com.ibm.ws.container.service.metadata.internal.IndexList@7a9ad5ba
      metaDatas = class java.util.ArrayList@3bc727c
      slotIDs = class com.ibm.ws.container.service.metadata.internal.IndexList@8f43e47
      serialVersionUID = 5464421863354792977
      $$$tc$$$ = class com.ibm.websphere.ras.TraceComponent@324cd4c1
    methodMetaDataManager = class com.ibm.ws.container.service.metadata.internal.MethodMetaDataManager@433dca9e
      serialVersionUID = -3308748211841563417
      $$$tc$$$ = class com.ibm.websphere.ras.TraceComponent@1b2ef8c6
      listeners = class com.ibm.wsspi.kernel.service.utils.ConcurrentServiceReferenceSet@408f89ca
      metaDataIDs = class com.ibm.ws.container.service.metadata.internal.IndexList@1ff9cc3d
      metaDatas = class java.util.ArrayList@ad71e39
      slotIDs = class com.ibm.ws.container.service.metadata.internal.IndexList@18aca808
      serialVersionUID = 5464421863354792977
      $$$tc$$$ = class com.ibm.websphere.ras.TraceComponent@324cd4c1
    appModuleNameToModuleContainer = class java.util.concurrent.ConcurrentHashMap@4cf1826b
      serialVersionUID = 7249069246763182397
      MAXIMUM_CAPACITY = 1073741824
      DEFAULT_CAPACITY = 16
      MAX_ARRAY_SIZE = 2147483639
      DEFAULT_CONCURRENCY_LEVEL = 16
      LOAD_FACTOR = 0.75
      TREEIFY_THRESHOLD = 8
      UNTREEIFY_THRESHOLD = 6
      MIN_TREEIFY_CAPACITY = 64
      MIN_TRANSFER_STRIDE = 16
      RESIZE_STAMP_BITS = 16
      MAX_RESIZERS = 65535
      RESIZE_STAMP_SHIFT = 16
      MOVED = -1
      TREEBIN = -2
      RESERVED = -3
      HASH_BITS = 2147483647
      NCPU = 4
      serialPersistentFields = class java.io.ObjectStreamField[3]
      table = class java.util.concurrent.ConcurrentHashMap$Node[16]
      nextTable = null
      baseCount = 2
      sizeCtl = 12
      transferIndex = 0
      cellsBusy = 0
      counterCells = null
      keySet = null
      values = null
      entrySet = null
      U = class sun.misc.Unsafe@1ae847bc
      SIZECTL = 20
      TRANSFERINDEX = 32
      BASECOUNT = 24
      CELLSBUSY = 36
      CELLVALUE = 144
      ABASE = 16
      ASHIFT = 2
      keySet = null
      values = null
    jeeNameToComponentMetaData = class java.util.concurrent.ConcurrentHashMap@f3b49b8
      serialVersionUID = 7249069246763182397
      MAXIMUM_CAPACITY = 1073741824
      DEFAULT_CAPACITY = 16
      MAX_ARRAY_SIZE = 2147483639
      DEFAULT_CONCURRENCY_LEVEL = 16
      LOAD_FACTOR = 0.75
      TREEIFY_THRESHOLD = 8
      UNTREEIFY_THRESHOLD = 6
      MIN_TREEIFY_CAPACITY = 64
      MIN_TRANSFER_STRIDE = 16
      RESIZE_STAMP_BITS = 16
      MAX_RESIZERS = 65535
      RESIZE_STAMP_SHIFT = 16
      MOVED = -1
      TREEBIN = -2
      RESERVED = -3
      HASH_BITS = 2147483647
      NCPU = 4
      serialPersistentFields = class java.io.ObjectStreamField[3]
      table = class java.util.concurrent.ConcurrentHashMap$Node[16]
      nextTable = null
      baseCount = 3
      sizeCtl = 12
      transferIndex = 0
      cellsBusy = 0
      counterCells = null
      keySet = null
      values = null
      entrySet = null
      U = class sun.misc.Unsafe@1ae847bc
      SIZECTL = 20
      TRANSFERINDEX = 32
      BASECOUNT = 24
      CELLSBUSY = 36
      CELLVALUE = 144
      ABASE = 16
      ASHIFT = 2
      keySet = null
      values = null
    deferredMetaDataFactories = class com.ibm.wsspi.kernel.service.utils.ConcurrentServiceReferenceSet@630dc7a2
      referenceName = "deferredMetaDataFactory"
      contextRef = class java.util.concurrent.atomic.AtomicReference@7a9be49a
      elementMap = class java.util.LinkedHashMap@475f3dc1
      elementSet = class java.util.concurrent.ConcurrentSkipListSet@2b1a4ad9
      elementSetUnsorted = false
      serialVersionUID = 756240983881166148
      $$$tc$$$ = class com.ibm.websphere.ras.TraceComponent@1dee5c49
    deferredMetaDataInitializers = class com.ibm.wsspi.kernel.service.utils.ConcurrentServiceReferenceMap@4ec99867
      referenceName = "deferredMetaDataFactory"
      context = class org.apache.felix.scr.impl.manager.ComponentContextImpl@fdc7ea5
      elementMap = class java.util.concurrent.ConcurrentHashMap@7f8c3656
      serialVersionUID = 6980924785166233786
      $$$tc$$$ = class com.ibm.websphere.ras.TraceComponent@3b9b0bb9
    serialVersionUID = -2494605732980966097
    $$$tc$$$ = class com.ibm.websphere.ras.TraceComponent@6b22f8ad
      strings[0] = "TraceComponent[com.ibm.ws.container.service.metadata.internal.MetaDataServiceImpl,class com.ibm.ws.container.service.metadata.internal.MetaDataServiceImpl,[Runtime],,null]"
  j2eeNameFactory = class com.ibm.ws.container.service.metadata.internal.J2EENameFactoryImpl@6d712b95
    serialVersionUID = 3486344295038028821
    $$$tc$$$ = class com.ibm.websphere.ras.TraceComponent@124e6be
      strings[0] = "TraceComponent[com.ibm.ws.container.service.metadata.internal.J2EENameFactoryImpl,class com.ibm.ws.container.service.metadata.internal.J2EENameFactoryImpl,[Runtime],,null]"
  context = class org.apache.felix.scr.impl.manager.ComponentContextImpl@4334198b
    m_componentManager = class org.apache.felix.scr.impl.manager.SingleComponentManager@415fe931
      m_useCount = class java.util.concurrent.atomic.AtomicInteger@4faaf5f0
      m_componentContext = class org.apache.felix.scr.impl.manager.ComponentContextImpl@4334198b
      m_configurationProperties = class java.util.HashMap@2fd8c0d1
      m_factoryProperties = null
      m_properties = class java.util.HashMap@621ced3f
      m_serviceProperties = null
      REASONS = class java.lang.String[7]
      m_container = class org.apache.felix.scr.impl.ComponentRegistry$DefaultConfigurableComponentHolder@35bf6230
      m_factoryInstance = false
      m_componentId = 271
      m_componentMethods = class org.apache.felix.scr.impl.inject.ComponentMethodsImpl@30cf14ad
      m_dependencyManagers = class java.util.ArrayList@580bc1e4
      m_dependencyManagersInitialized = true
      m_trackingCount = class java.util.concurrent.atomic.AtomicInteger@436194e2
      m_stateLock = class java.util.concurrent.locks.ReentrantLock@d81c05c
      m_enabledLatchRef = class java.util.concurrent.atomic.AtomicReference@4523c73d
      state = class java.util.concurrent.atomic.AtomicReference@43a12a9c
      m_floor = 39
      m_ceiling = 39
      m_missingLock = class java.util.concurrent.locks.ReentrantLock@ca8708e
      m_missingCondition = class java.util.concurrent.locks.AbstractQueuedSynchronizer$ConditionObject@fa8d267
      m_missing = class java.util.TreeSet@54e9f680
      m_activationLock = class java.util.concurrent.locks.ReentrantReadWriteLock@1ed6d34b
      taskCounter = class java.util.concurrent.atomic.AtomicLong@51b5fc1f
      registrationManager = class org.apache.felix.scr.impl.manager.AbstractComponentManager$3@184727a4
    edgeInfos = class org.apache.felix.scr.impl.manager.EdgeInfo[25]
      edgeInfos[0] = class org.apache.felix.scr.impl.manager.EdgeInfo@35baf76a
      edgeInfos[1] = class org.apache.felix.scr.impl.manager.EdgeInfo@10206a73
      edgeInfos[2] = class org.apache.felix.scr.impl.manager.EdgeInfo@2e2ffc83
      edgeInfos[3] = class org.apache.felix.scr.impl.manager.EdgeInfo@579a371d
      edgeInfos[4] = class org.apache.felix.scr.impl.manager.EdgeInfo@35f98b23
      edgeInfos[5] = class org.apache.felix.scr.impl.manager.EdgeInfo@26191c1d
      edgeInfos[6] = class org.apache.felix.scr.impl.manager.EdgeInfo@778337b9
      edgeInfos[7] = class org.apache.felix.scr.impl.manager.EdgeInfo@71a7c48b
      edgeInfos[8] = class org.apache.felix.scr.impl.manager.EdgeInfo@87ef90f
      edgeInfos[9] = class org.apache.felix.scr.impl.manager.EdgeInfo@6669f5e9
      edgeInfos[10] = class org.apache.felix.scr.impl.manager.EdgeInfo@8392862
      edgeInfos[11] = class org.apache.felix.scr.impl.manager.EdgeInfo@47f52672
      edgeInfos[12] = class org.apache.felix.scr.impl.manager.EdgeInfo@38bc0902
      edgeInfos[13] = class org.apache.felix.scr.impl.manager.EdgeInfo@11d37541
      edgeInfos[14] = class org.apache.felix.scr.impl.manager.EdgeInfo@50e82521
      edgeInfos[15] = class org.apache.felix.scr.impl.manager.EdgeInfo@3e404ff8
      edgeInfos[16] = class org.apache.felix.scr.impl.manager.EdgeInfo@666cb52b
      edgeInfos[17] = class org.apache.felix.scr.impl.manager.EdgeInfo@6c1fbdda
      edgeInfos[18] = class org.apache.felix.scr.impl.manager.EdgeInfo@7d4f5c55
      edgeInfos[19] = class org.apache.felix.scr.impl.manager.EdgeInfo@41ccf38b
      edgeInfos[20] = class org.apache.felix.scr.impl.manager.EdgeInfo@420ad374
      edgeInfos[21] = class org.apache.felix.scr.impl.manager.EdgeInfo@536a4782
      edgeInfos[22] = class org.apache.felix.scr.impl.manager.EdgeInfo@5440044e
      edgeInfos[23] = class org.apache.felix.scr.impl.manager.EdgeInfo@7236f5e6
      edgeInfos[24] = class org.apache.felix.scr.impl.manager.EdgeInfo@66b319a7
    m_componentInstance = class org.apache.felix.scr.impl.manager.ComponentContextImpl$ComponentInstanceImpl@761dbf27
      m_componentContext = class org.apache.felix.scr.impl.manager.ComponentContextImpl@4334198b
    m_usingBundle = class org.eclipse.osgi.internal.framework.EquinoxBundle@330b16e5
      equinoxContainer = class org.eclipse.osgi.internal.framework.EquinoxContainer@49427566
      module = class org.eclipse.osgi.internal.framework.EquinoxBundle$EquinoxModule@18066d78
      monitor = class java.lang.Object@2d1d3f6e
      context = class org.eclipse.osgi.internal.framework.BundleContextImpl@26efb8e0
      signerInfos = null
      $SWITCH_TABLE$org$eclipse$osgi$container$Module$State = {1,2,3,4,5,6,7} /* array length = 7*/
    m_serviceRegistration = class org.eclipse.osgi.internal.serviceregistry.ServiceRegistrationImpl@1dfb6157
      registry = class org.eclipse.osgi.internal.serviceregistry.ServiceRegistry@263f0eae
      context = class org.eclipse.osgi.internal.framework.BundleContextImpl@26efb8e0
      bundle = class org.eclipse.osgi.internal.framework.EquinoxBundle@330b16e5
      clazzes = class java.lang.String[2]
      service = class org.apache.felix.scr.impl.manager.SingleComponentManager@415fe931
      reference = class org.eclipse.osgi.internal.serviceregistry.ServiceReferenceImpl@68e0a22
      contextsUsing = class java.util.ArrayList@5308305a
      properties = class org.eclipse.osgi.internal.serviceregistry.ServiceProperties@2fabf171
      serviceid = 538
      serviceranking = 0
      registrationLock = class java.lang.Object@6b6dcfe2
      state = 0
      REGISTERED = 0
      UNREGISTERING = 1
      UNREGISTERED = 2
      $assertionsDisabled = true
    m_implementationObject = class com.ibm.ws.webcontainer.osgi.WebContainer@5572a515
    m_implementationAccessible = true
    accessibleLatch = class java.util.concurrent.CountDownLatch@3b982ee5
      sync = class java.util.concurrent.CountDownLatch$Sync@567e559d
    serviceObjectsHelper = class org.apache.felix.scr.impl.helper.ComponentServiceObjectsHelper@5b05ec6
      bundleContext = class org.eclipse.osgi.internal.framework.BundleContextImpl@26efb8e0
      services = class java.util.concurrent.ConcurrentHashMap@73380074
      closedServices = class java.util.ArrayList@1ff57393
      prototypeInstances = class java.util.concurrent.ConcurrentHashMap@61449f23
  contextRoots = class java.util.Collections$SynchronizedSet@40e21e78
    serialVersionUID = 487447009682186044
    serialVersionUID = 3053995032091335093
    c = class java.util.HashSet@45a30501
      serialVersionUID = -5024744406713321676
      map = class java.util.HashMap@300de492
      PRESENT = class java.lang.Object@6e2f7281
      MAX_ARRAY_SIZE = 2147483639
    mutex = class java.util.Collections$SynchronizedSet@40e21e78
  pendingContextRoots = class java.util.HashMap@25b06169
    serialVersionUID = 362498820763181265
    DEFAULT_INITIAL_CAPACITY = 16
    MAXIMUM_CAPACITY = 1073741824
    DEFAULT_LOAD_FACTOR = 0.75
    TREEIFY_THRESHOLD = 8
    UNTREEIFY_THRESHOLD = 6
    MIN_TREEIFY_CAPACITY = 64
    table = null
    entrySet = null
    size = 0
    modCount = 0
    threshold = 0
    loadFactor = 0.75
    keySet = null
    values = null
  deployedModuleMap = class java.util.concurrent.ConcurrentHashMap@4179dbc9
    serialVersionUID = 7249069246763182397
    MAXIMUM_CAPACITY = 1073741824
    DEFAULT_CAPACITY = 16
    MAX_ARRAY_SIZE = 2147483639
    DEFAULT_CONCURRENCY_LEVEL = 16
    LOAD_FACTOR = 0.75
    TREEIFY_THRESHOLD = 8
    UNTREEIFY_THRESHOLD = 6
    MIN_TREEIFY_CAPACITY = 64
    MIN_TRANSFER_STRIDE = 16
    RESIZE_STAMP_BITS = 16
    MAX_RESIZERS = 65535
    RESIZE_STAMP_SHIFT = 16
    MOVED = -1
    TREEBIN = -2
    RESERVED = -3
    HASH_BITS = 2147483647
    NCPU = 4
    serialPersistentFields = class java.io.ObjectStreamField[3]
      serialPersistentFields[0] = class java.io.ObjectStreamField@3d0bf194
      serialPersistentFields[1] = class java.io.ObjectStreamField@3593f56
      serialPersistentFields[2] = class java.io.ObjectStreamField@2a8f0506
    table = class java.util.concurrent.ConcurrentHashMap$Node[16]
      table[0] = null
      table[1] = null
      table[2] = null
      table[3] = null
      table[4] = null
      table[5] = null
      table[6] = null
      table[7] = null
      table[8] = class java.util.concurrent.ConcurrentHashMap$Node@5e108b24
      table[9] = null
      table[10] = null
      table[11] = class java.util.concurrent.ConcurrentHashMap$Node@7b8634fa
      table[12] = null
      table[13] = null
      table[14] = null
      table[15] = null
    nextTable = null
    baseCount = 2
    sizeCtl = 12
    transferIndex = 0
    cellsBusy = 0
    counterCells = null
    keySet = null
    values = null
    entrySet = null
    U = class sun.misc.Unsafe@1ae847bc
    SIZECTL = 20
    TRANSFERINDEX = 32
    BASECOUNT = 24
    CELLSBUSY = 36
    CELLVALUE = 144
    ABASE = 16
    ASHIFT = 2
    keySet = null
    values = null
  connContextPool = class com.ibm.ws.webcontainer31.osgi.srt.factory.SRTConnectionContextPool31Impl@22e26a2c
    head = class java.lang.ThreadLocal@72bb70c8
      threadLocalHashCode = -982131971
      nextHashCode = class java.util.concurrent.atomic.AtomicInteger@7eb01e55
      HASH_INCREMENT = 1640531527
  DEFAULT_PORT = "*"
  DEFAULT_VHOST_NAME = "default_host"
  cachedServerInfo = "IBM WebSphere Liberty/${liberty.service.version}"
  lock = class com.ibm.ws.webcontainer.osgi.WebContainer$1@7223a1d6
    this$0 = class com.ibm.ws.webcontainer.osgi.WebContainer@5572a515
  webAppFactory = class com.ibm.ws.webcontainer31.osgi.webapp.factory.WebAppFactoryImpl31@54be2dd2
  requestFactory = class com.ibm.ws.webcontainer31.osgi.response.factory.IRequestResponseFactory@5b96031f
  responseFactory = class com.ibm.ws.webcontainer31.osgi.response.factory.IRequestResponseFactory@5b96031f
  asyncContextFactory = class com.ibm.ws.webcontainer31.async.factory.AsyncContextFactory31Impl@6a14b14b
  DEFAULT_MAX_VERSION = 30
  versionRef = class org.eclipse.osgi.internal.serviceregistry.ServiceReferenceImpl@5d680ce
    registration = class org.eclipse.osgi.internal.serviceregistry.ServiceRegistrationImpl@70ed20ec
      registry = class org.eclipse.osgi.internal.serviceregistry.ServiceRegistry@263f0eae
      context = class org.eclipse.osgi.internal.framework.BundleContextImpl@6910046b
      bundle = class org.eclipse.osgi.internal.framework.EquinoxBundle@10ccc47e
      clazzes = class java.lang.String[1]
      service = class org.apache.felix.scr.impl.manager.SingleComponentManager@6d697a2b
      reference = class org.eclipse.osgi.internal.serviceregistry.ServiceReferenceImpl@5d680ce
      contextsUsing = class java.util.ArrayList@5197219
      properties = class org.eclipse.osgi.internal.serviceregistry.ServiceProperties@5b0d566a
      serviceid = 364
      serviceranking = 0
      registrationLock = class java.lang.Object@45997475
      state = 0
      REGISTERED = 0
      UNREGISTERING = 1
      UNREGISTERED = 2
      $assertionsDisabled = true
  serverStopping = false
  modulesStarting = 1
  SPEC_LEVEL_UNLOADED = -1
  SPEC_LEVEL_30 = 30
  SPEC_LEVEL_31 = 31
  DEFAULT_SPEC_LEVEL = 30
  loadedContainerSpecLevel = 31
  ISO = "ISO-8859-1"
  encoding = "UTF-8"
  decode = true
  wcconfig = class com.ibm.ws.webcontainer.osgi.WebContainerConfiguration@4b469cfb
    properties = class org.apache.felix.scr.impl.helper.ReadOnlyDictionary@49a62b98
      m_delegate = class java.util.Hashtable@163ffecc
      m_serviceReference = null
    CFG_KEY_ENFORCE_SEC = "enforce.security"
    logger = class com.ibm.ws.logging.internal.WsLogger@1b106ba9
    CLASS_NAME = "com.ibm.ws.webcontainer.WebContainerConfiguration"
    _localeProps = null
    _jvmProps = null
    enableServletCaching = false
    defaultVirtualHostName = "default_host"
    ardEnabled = false
    ardIncludeTimeout = 0
    poolingDisabled = false
    maximumExpiredEntries = 0
    maximumResponseStoreSize = 0
    useAsyncRunnableWorkManager = false
    asyncRunnableWorkManagerName = null
    numAsyncTimerThreads = 2
    defaultAsyncServletTimeout = 30000
  applicationListeners = class java.util.ArrayList@417e231
    serialVersionUID = 8683452581122892189
    DEFAULT_CAPACITY = 10
    EMPTY_ELEMENTDATA = class java.lang.Object[0]
    DEFAULTCAPACITY_EMPTY_ELEMENTDATA = class java.lang.Object[0]
    elementData = class java.lang.Object[0]
    size = 0
    MAX_ARRAY_SIZE = 2147483639
    modCount = 0
    MAX_ARRAY_SIZE = 2147483639
  servletListeners = class java.util.ArrayList@35f6d28d
    serialVersionUID = 8683452581122892189
    DEFAULT_CAPACITY = 10
    EMPTY_ELEMENTDATA = class java.lang.Object[0]
    DEFAULTCAPACITY_EMPTY_ELEMENTDATA = class java.lang.Object[0]
    elementData = class java.lang.Object[0]
    size = 0
    MAX_ARRAY_SIZE = 2147483639
    modCount = 0
    MAX_ARRAY_SIZE = 2147483639
  servletErrorListeners = class java.util.ArrayList@a822a0d
    serialVersionUID = 8683452581122892189
    DEFAULT_CAPACITY = 10
    EMPTY_ELEMENTDATA = class java.lang.Object[0]
    DEFAULTCAPACITY_EMPTY_ELEMENTDATA = class java.lang.Object[0]
    elementData = class java.lang.Object[0]
    size = 0
    MAX_ARRAY_SIZE = 2147483639
    modCount = 0
    MAX_ARRAY_SIZE = 2147483639
  servletInvocationListeners = class java.util.ArrayList@755ccee2
    serialVersionUID = 8683452581122892189
    DEFAULT_CAPACITY = 10
    EMPTY_ELEMENTDATA = class java.lang.Object[0]
    DEFAULTCAPACITY_EMPTY_ELEMENTDATA = class java.lang.Object[0]
    elementData = class java.lang.Object[0]
    size = 0
    MAX_ARRAY_SIZE = 2147483639
    modCount = 0
    MAX_ARRAY_SIZE = 2147483639
  filterInvocationListeners = class java.util.ArrayList@4e61ac12
    serialVersionUID = 8683452581122892189
    DEFAULT_CAPACITY = 10
    EMPTY_ELEMENTDATA = class java.lang.Object[0]
    DEFAULTCAPACITY_EMPTY_ELEMENTDATA = class java.lang.Object[0]
    elementData = class java.lang.Object[0]
    size = 0
    MAX_ARRAY_SIZE = 2147483639
    modCount = 0
    MAX_ARRAY_SIZE = 2147483639
  filterErrorListeners = class java.util.ArrayList@4d007de9
    serialVersionUID = 8683452581122892189
    DEFAULT_CAPACITY = 10
    EMPTY_ELEMENTDATA = class java.lang.Object[0]
    DEFAULTCAPACITY_EMPTY_ELEMENTDATA = class java.lang.Object[0]
    elementData = class java.lang.Object[0]
    size = 0
    MAX_ARRAY_SIZE = 2147483639
    modCount = 0
    MAX_ARRAY_SIZE = 2147483639
  filterListeners = class java.util.ArrayList@56c9e406
    serialVersionUID = 8683452581122892189
    DEFAULT_CAPACITY = 10
    EMPTY_ELEMENTDATA = class java.lang.Object[0]
    DEFAULTCAPACITY_EMPTY_ELEMENTDATA = class java.lang.Object[0]
    elementData = class java.lang.Object[0]
    size = 0
    MAX_ARRAY_SIZE = 2147483639
    modCount = 0
    MAX_ARRAY_SIZE = 2147483639
  servletRequestListeners = class java.util.ArrayList@45711be3
    serialVersionUID = 8683452581122892189
    DEFAULT_CAPACITY = 10
    EMPTY_ELEMENTDATA = class java.lang.Object[0]
    DEFAULTCAPACITY_EMPTY_ELEMENTDATA = class java.lang.Object[0]
    elementData = class java.lang.Object[0]
    size = 0
    MAX_ARRAY_SIZE = 2147483639
    modCount = 0
    MAX_ARRAY_SIZE = 2147483639
  servletRequestAttributeListeners = class java.util.ArrayList@6333e63
    serialVersionUID = 8683452581122892189
    DEFAULT_CAPACITY = 10
    EMPTY_ELEMENTDATA = class java.lang.Object[0]
    DEFAULTCAPACITY_EMPTY_ELEMENTDATA = class java.lang.Object[0]
    elementData = class java.lang.Object[0]
    size = 0
    MAX_ARRAY_SIZE = 2147483639
    modCount = 0
    MAX_ARRAY_SIZE = 2147483639
  servletContextListeners = class java.util.ArrayList@4892f479
    serialVersionUID = 8683452581122892189
    DEFAULT_CAPACITY = 10
    EMPTY_ELEMENTDATA = class java.lang.Object[0]
    DEFAULTCAPACITY_EMPTY_ELEMENTDATA = class java.lang.Object[0]
    elementData = class java.lang.Object[0]
    size = 0
    MAX_ARRAY_SIZE = 2147483639
    modCount = 0
    MAX_ARRAY_SIZE = 2147483639
  servletContextAttributeListeners = class java.util.ArrayList@5162d0b9
    serialVersionUID = 8683452581122892189
    DEFAULT_CAPACITY = 10
    EMPTY_ELEMENTDATA = class java.lang.Object[0]
    DEFAULTCAPACITY_EMPTY_ELEMENTDATA = class java.lang.Object[0]
    elementData = class java.lang.Object[0]
    size = 0
    MAX_ARRAY_SIZE = 2147483639
    modCount = 0
    MAX_ARRAY_SIZE = 2147483639
  sessionListeners = class java.util.ArrayList@1c816775
    serialVersionUID = 8683452581122892189
    DEFAULT_CAPACITY = 10
    EMPTY_ELEMENTDATA = class java.lang.Object[0]
    DEFAULTCAPACITY_EMPTY_ELEMENTDATA = class java.lang.Object[0]
    elementData = class java.lang.Object[0]
    size = 0
    MAX_ARRAY_SIZE = 2147483639
    modCount = 0
    MAX_ARRAY_SIZE = 2147483639
  sessionIdListeners = class java.util.ArrayList@35e92a0
    serialVersionUID = 8683452581122892189
    DEFAULT_CAPACITY = 10
    EMPTY_ELEMENTDATA = class java.lang.Object[0]
    DEFAULTCAPACITY_EMPTY_ELEMENTDATA = class java.lang.Object[0]
    elementData = class java.lang.Object[0]
    size = 0
    MAX_ARRAY_SIZE = 2147483639
    modCount = 0
    MAX_ARRAY_SIZE = 2147483639
  sessionAttributeListeners = class java.util.ArrayList@5c308f8e
    serialVersionUID = 8683452581122892189
    DEFAULT_CAPACITY = 10
    EMPTY_ELEMENTDATA = class java.lang.Object[0]
    DEFAULTCAPACITY_EMPTY_ELEMENTDATA = class java.lang.Object[0]
    elementData = class java.lang.Object[0]
    size = 0
    MAX_ARRAY_SIZE = 2147483639
    modCount = 0
    MAX_ARRAY_SIZE = 2147483639
  DEFAULT_HOST = "default_host"
  _initialized = true
  logger = class com.ibm.ws.logging.internal.WsLogger@1b106ba9
    tc = class com.ibm.websphere.ras.TraceComponent@68ec7ba4
      strings[0] = "TraceComponent[com.ibm.ws.logging.internal.WsLogger,class com.ibm.ws.logging.internal.WsLogger,[logging],com.ibm.ws.logging.internal.resources.LoggingMessages,null]"
    ivCachedResourceBundleName = "com.ibm.ws.webcontainer.resources.Messages"
    ivCachedResourceBundle = class com.ibm.ws.webcontainer.resources.Messages@7d9537dc
      resources = class [Ljava.lang.Object;[332]
      lookup = class java.util.HashMap@7184867d
      INITIAL_CACHE_SIZE = 32
      NONEXISTENT_BUNDLE = class java.util.ResourceBundle$1@3689b143
      cacheList = class java.util.concurrent.ConcurrentHashMap@621f59e6
      referenceQueue = class java.lang.ref.ReferenceQueue@377d9cb6
      parent = null
      locale = class java.util.Locale@25ab0adc
      name = "com.ibm.ws.webcontainer.resources.Messages"
      expired = false
      cacheKey = class java.util.ResourceBundle$CacheKey@3bf35ad4
      keySet = null
      providers = null
      $assertionsDisabled = true
    ivComponent = null
    ivOrganization = null
    ivProduct = null
    ivMinimumLocalizationLevelIntValue = 625
    ivTC = class com.ibm.websphere.ras.TraceComponent@7b6b70ec
      strings[0] = "TraceComponent[com.ibm.ws.webcontainer,class com.ibm.wsspi.webcontainer.logging.LoggerFactory$1,[com.ibm.ws.webcontainer],null,null]"
    loggerRegistrationComponent = class java.lang.ThreadLocal@6ff2e972
      threadLocalHashCode = 2062729253
      nextHashCode = class java.util.concurrent.atomic.AtomicInteger@7eb01e55
      HASH_INCREMENT = 1640531527
    emptyHandlers = class java.util.logging.Handler[0]
    offValue = 2147483647
    SYSTEM_LOGGER_RB_NAME = "sun.util.logging.resources.logging"
    SYSTEM_BUNDLE = class java.util.logging.Logger$LoggerBundle@4dd00e3b
      resourceBundleName = "sun.util.logging.resources.logging"
      userBundle = null
    NO_RESOURCE_BUNDLE = class java.util.logging.Logger$LoggerBundle@19affb8a
      resourceBundleName = null
      userBundle = null
    manager = class com.ibm.ws.kernel.boot.logging.WsLogManager@61ee38b4
      CLASS_NAME = "com.ibm.ws.kernel.boot.logging.WsLogManager"
      CONFIGURE_BY_SERVER_PROPERTY_NAME = "java.util.logging.configureByServer"
      CONFIGURE_BY_LOGGING_PROPERTIES_FILE = "java.util.logging.configureByLoggingPropertiesFile"
      configureByServer = true
      configureByLoggingProperties = false
      wsLogger = class java.lang.reflect.Constructor@3b6bed54
      resetEnabled = true
      manager = class com.ibm.ws.kernel.boot.logging.WsLogManager@61ee38b4
      props = class java.util.Properties@7e700898
      defaultLevel = class java.util.logging.Level@61eb86fb
      listenerMap = class java.util.HashMap@4dee3426
      systemContext = class java.util.logging.LogManager$SystemLoggerContext@298b7182
      userContext = class java.util.logging.LogManager$LoggerContext@79690b25
      rootLogger = class java.util.logging.LogManager$RootLogger@7a3e858
      readPrimordialConfiguration = true
      initializedGlobalHandlers = true
      deathImminent = false
      initializedCalled = true
      initializationDone = true
      contextsMap = null
      loggerRefQueue = class java.lang.ref.ReferenceQueue@3bd0a38e
      MAX_ITERATIONS = 400
      controlPermission = class java.util.logging.LoggingPermission@49a5c217
      loggingMXBean = null
      LOGGING_MXBEAN_NAME = "java.util.logging:type=Logging"
      $assertionsDisabled = true
    name = "com.ibm.ws.webcontainer"
    handlers = class java.util.concurrent.CopyOnWriteArrayList@4e524d41
      serialVersionUID = 8673264195747942595
      lock = class java.util.concurrent.locks.ReentrantLock@3e6ed43f
      array = class java.lang.Object[0]
      UNSAFE = class sun.misc.Unsafe@1ae847bc
      lockOffset = 12
    loggerBundle = class java.util.logging.Logger$LoggerBundle@33e3366
      resourceBundleName = "com.ibm.ws.webcontainer.resources.Messages"
      userBundle = null
    useParentHandlers = true
    filter = null
    anonymous = false
    catalog = class com.ibm.ws.webcontainer.resources.Messages@7d9537dc
    catalogName = "com.ibm.ws.webcontainer.resources.Messages"
    catalogLocale = class java.util.Locale@652bfb20
      LOCALECACHE = class java.util.Locale$Cache@4e162cf6
      ENGLISH = class java.util.Locale@65351401
      FRENCH = class java.util.Locale@23b55cb
      GERMAN = class java.util.Locale@4c016035
      ITALIAN = class java.util.Locale@330f84df
      JAPANESE = class java.util.Locale@7ed70ba3
      KOREAN = class java.util.Locale@269a9cbf
      CHINESE = class java.util.Locale@61dd4091
      SIMPLIFIED_CHINESE = class java.util.Locale@2ebb0909
      TRADITIONAL_CHINESE = class java.util.Locale@68f7856e
      FRANCE = class java.util.Locale@1afa93ab
      GERMANY = class java.util.Locale@112881ad
      ITALY = class java.util.Locale@67ad31c0
      JAPAN = class java.util.Locale@33a514ae
      KOREA = class java.util.Locale@7d0caeba
      CHINA = class java.util.Locale@2ebb0909
      PRC = class java.util.Locale@2ebb0909
      TAIWAN = class java.util.Locale@68f7856e
      UK = class java.util.Locale@287c6d5f
      US = class java.util.Locale@652bfb20
      CANADA = class java.util.Locale@26517aa1
      CANADA_FRENCH = class java.util.Locale@3dca1aa1
      ROOT = class java.util.Locale@25ab0adc
      PRIVATE_USE_EXTENSION = x
      UNICODE_LOCALE_EXTENSION = u
      serialVersionUID = 9149081749638150636
      DISPLAY_LANGUAGE = 0
      DISPLAY_COUNTRY = 1
      DISPLAY_VARIANT = 2
      DISPLAY_SCRIPT = 3
      baseLocale = class sun.util.locale.BaseLocale@6e769da3
      localeExtensions = null
      hashCodeValue = 96636889
      defaultLocale = class java.util.Locale@652bfb20
      defaultDisplayLocale = null
      defaultFormatLocale = class java.util.Locale@652bfb20
      languageTag = "en-US"
      serialPersistentFields = class java.io.ObjectStreamField[6]
      isoLanguages = null
      isoCountries = null
      $assertionsDisabled = true
    treeLock = class java.lang.Object@759054a9
    parent = class java.util.logging.Logger@2974271f
      emptyHandlers = class java.util.logging.Handler[0]
      offValue = 2147483647
      SYSTEM_LOGGER_RB_NAME = "sun.util.logging.resources.logging"
      SYSTEM_BUNDLE = class java.util.logging.Logger$LoggerBundle@4dd00e3b
      NO_RESOURCE_BUNDLE = class java.util.logging.Logger$LoggerBundle@19affb8a
      manager = class com.ibm.ws.kernel.boot.logging.WsLogManager@61ee38b4
      name = ""
      handlers = class java.util.concurrent.CopyOnWriteArrayList@6fe1ee6a
      loggerBundle = class java.util.logging.Logger$LoggerBundle@19affb8a
      useParentHandlers = true
      filter = null
      anonymous = false
      catalog = null
      catalogName = null
      catalogLocale = null
      treeLock = class java.lang.Object@759054a9
      parent = null
      kids = class java.util.ArrayList@49008134
      levelObject = null
      levelValue = 800
      callersClassLoaderRef = null
      isSystemLogger = false
      GLOBAL_LOGGER_NAME = "global"
      global = class java.util.logging.Logger@1e6d2276
      $assertionsDisabled = true
    kids = class java.util.ArrayList@5ba39454
      serialVersionUID = 8683452581122892189
      DEFAULT_CAPACITY = 10
      EMPTY_ELEMENTDATA = class java.lang.Object[0]
      DEFAULTCAPACITY_EMPTY_ELEMENTDATA = class java.lang.Object[0]
      elementData = class java.lang.Object[6]
      size = 5
      MAX_ARRAY_SIZE = 2147483639
      modCount = 5
      MAX_ARRAY_SIZE = 2147483639
    levelObject = class java.util.logging.Level@61eb86fb
      defaultBundle = "sun.util.logging.resources.logging"
      name = "INFO"
      value = 800
      resourceBundleName = "sun.util.logging.resources.logging"
      localizedLevelName = "INFO"
      cachedLocale = class java.util.Locale@652bfb20
      OFF = class java.util.logging.Level@31be98c3
      SEVERE = class java.util.logging.Level@74cdebd1
      WARNING = class java.util.logging.Level@4cd40d84
      INFO = class java.util.logging.Level@61eb86fb
      CONFIG = class java.util.logging.Level@267c031d
      FINE = class java.util.logging.Level@63c1ef91
      FINER = class java.util.logging.Level@7849135b
      FINEST = class java.util.logging.Level@149d89fb
      ALL = class java.util.logging.Level@52bf049e
      serialVersionUID = -8176160795706313070
    levelValue = 800
    callersClassLoaderRef = class java.lang.ref.WeakReference@1629a373
      referent = class org.eclipse.osgi.internal.loader.EquinoxClassLoader@50a4a787
      queue = class java.lang.ref.ReferenceQueue$Null@5eaf0d17
      next = null
      discovered = null
      lock = class java.lang.ref.Reference$Lock@397dc9af
      pending = null
    isSystemLogger = false
    GLOBAL_LOGGER_NAME = "global"
    global = class java.util.logging.Logger@1e6d2276
      emptyHandlers = class java.util.logging.Handler[0]
      offValue = 2147483647
      SYSTEM_LOGGER_RB_NAME = "sun.util.logging.resources.logging"
      SYSTEM_BUNDLE = class java.util.logging.Logger$LoggerBundle@4dd00e3b
      NO_RESOURCE_BUNDLE = class java.util.logging.Logger$LoggerBundle@19affb8a
      manager = class com.ibm.ws.kernel.boot.logging.WsLogManager@61ee38b4
      name = "global"
      handlers = class java.util.concurrent.CopyOnWriteArrayList@74a7df1d
      loggerBundle = class java.util.logging.Logger$LoggerBundle@19affb8a
      useParentHandlers = true
      filter = null
      anonymous = false
      catalog = null
      catalogName = null
      catalogLocale = null
      treeLock = class java.lang.Object@759054a9
      parent = class java.util.logging.Logger@2974271f
      kids = null
      levelObject = null
      levelValue = 800
      callersClassLoaderRef = null
      isSystemLogger = true
      GLOBAL_LOGGER_NAME = "global"
      global = class java.util.logging.Logger@1e6d2276
      $assertionsDisabled = true
    $assertionsDisabled = true
  CLASS_NAME = "com.ibm.ws.webcontainer.internal.WebContainer"
  nls = class com.ibm.ejs.ras.TraceNLS@c3d1d71
    resolver = class com.ibm.ws.logging.internal.TraceNLSResolver@55c2edb4
      tc = class com.ibm.websphere.ras.TraceComponent@cac736f
      DEBUG_TRACE_NLS_PROPERTY = "com.ibm.ejs.ras.debugTraceNLSResolver"
      debugTraceNLSResolver = false
      makeNoise = false
      nullKey = "null"
      svNullBundleName = "Resource Bundle name is null, key = {0}"
      svBundleNotLoaded = "Unable to load ResourceBundle {0}"
      svNullKeyMessage = "Null key passed while using ResourceBundle {0}"
      svMalformedMessage = "No message text associated with key {0} in bundle {1}"
    finder = null
    ivBundleName = "com.ibm.ws.webcontainer.resources.Messages"
    caller = class java.lang.Class@2023fd1b
      ANNOTATION = 8192
      ENUM = 16384
      SYNTHETIC = 4096
      cachedConstructor = null
      newInstanceCallerCache = null
      name = null
      allPermDomain = class java.security.ProtectionDomain@6dc61bf1
      useCaches = true
      reflectionData = class java.lang.ref.SoftReference@74884555
      classRedefinedCount = 0
      genericInfo = null
      serialVersionUID = 3206093459760846163
      serialPersistentFields = class java.io.ObjectStreamField[0]
      reflectionFactory = class sun.reflect.ReflectionFactory@4dfb6e65
      initted = true
      enumConstants = null
      enumConstantDirectory = null
      annotationData = class java.lang.Class$AnnotationData@613d24c0
      annotationType = null
      classValueMap = null
  self = class java.util.concurrent.atomic.AtomicReference@7b8155c4
    serialVersionUID = -1848883965231344442
    unsafe = class sun.misc.Unsafe@1ae847bc
    valueOffset = 12
    value = class com.ibm.ws.webcontainer.osgi.WebContainer@5572a515
  _cipherToBit = class java.util.HashMap@2395f9c5
    serialVersionUID = 362498820763181265
    DEFAULT_INITIAL_CAPACITY = 16
    MAXIMUM_CAPACITY = 1073741824
    DEFAULT_LOAD_FACTOR = 0.75
    TREEIFY_THRESHOLD = 8
    UNTREEIFY_THRESHOLD = 6
    MIN_TREEIFY_CAPACITY = 64
    table = null
    entrySet = null
    size = 0
    modCount = 0
    threshold = 0
    loadFactor = 0.75
    keySet = null
    values = null
  cacheKeyStringBuilder = class com.ibm.ws.util.WSThreadLocal@3b40833d
    tc = class com.ibm.ejs.ras.TraceComponent@7912f6
      strings[0] = "TraceComponent[com.ibm.ws.util.WSThreadLocal,class com.ibm.ws.util.WSThreadLocal,[Runtime],com.ibm.ws.runtime.runtime,null]"
    count = 6
    index = 2
    SUSPECTED_MISUSAGE_THRESHOLD = 200
    threadLocalHashCode = 1728806728
    nextHashCode = class java.util.concurrent.atomic.AtomicInteger@7eb01e55
    HASH_INCREMENT = 1640531527
  listenersInitialized = true
  webConProperties = class java.util.Properties@5ff2c7b1
    serialVersionUID = 4112578634029874840
    defaults = null
    hexDigit = {0123456789ABCDEF} /* array length = 16*/
    table = class java.util.Hashtable$Entry[95]
      table[0] = class java.util.Hashtable$Entry@68a1e9c6
      table[1] = class java.util.Hashtable$Entry@10fca44b
      table[2] = null
      table[3] = class java.util.Hashtable$Entry@187338a0
      table[4] = null
      table[5] = class java.util.Hashtable$Entry@227c5919
      table[6] = class java.util.Hashtable$Entry@45f47b49
      table[7] = null
      table[8] = class java.util.Hashtable$Entry@305f4140
      table[9] = class java.util.Hashtable$Entry@31e8d9d3
      table[10] = class java.util.Hashtable$Entry@711cea66
      table[11] = null
      table[12] = class java.util.Hashtable$Entry@1754e93f
      table[13] = null
      table[14] = class java.util.Hashtable$Entry@5d4befd4
      table[15] = class java.util.Hashtable$Entry@2a9a93ef
      table[16] = null
      table[17] = null
      table[18] = null
      table[19] = class java.util.Hashtable$Entry@3cc30300
      table[20] = class java.util.Hashtable$Entry@cee08b6
      table[21] = null
      table[22] = class java.util.Hashtable$Entry@e5973b0
      table[23] = class java.util.Hashtable$Entry@70a28c7f
      table[24] = null
      table[25] = null
      table[26] = class java.util.Hashtable$Entry@545d5a68
      table[27] = null
      table[28] = class java.util.Hashtable$Entry@288a43ed
      table[29] = class java.util.Hashtable$Entry@6d0b71bf
      table[30] = null
      table[31] = null
      table[32] = null
      table[33] = null
      table[34] = class java.util.Hashtable$Entry@9aec915
      table[35] = null
      table[36] = class java.util.Hashtable$Entry@379e5c52
      table[37] = null
      table[38] = null
      table[39] = null
      table[40] = null
      table[41] = null
      table[42] = null
      table[43] = class java.util.Hashtable$Entry@4d71f467
      table[44] = class java.util.Hashtable$Entry@7bc1e2ff
      table[45] = class java.util.Hashtable$Entry@4587af3
      table[46] = null
      table[47] = class java.util.Hashtable$Entry@4161dae6
      table[48] = null
      table[49] = class java.util.Hashtable$Entry@3f1dc61
      table[50] = class java.util.Hashtable$Entry@77d300fa
      table[51] = null
      table[52] = class java.util.Hashtable$Entry@301b6311
      table[53] = class java.util.Hashtable$Entry@7f62391e
      table[54] = class java.util.Hashtable$Entry@727de047
      table[55] = null
      table[56] = null
      table[57] = null
      table[58] = null
      table[59] = null
      table[60] = null
      table[61] = null
      table[62] = null
      table[63] = null
      table[64] = class java.util.Hashtable$Entry@1d46fa22
      table[65] = class java.util.Hashtable$Entry@76ae1170
      table[66] = null
      table[67] = null
      table[68] = null
      table[69] = null
      table[70] = class java.util.Hashtable$Entry@18ea6c72
      table[71] = null
      table[72] = null
      table[73] = class java.util.Hashtable$Entry@588c8f0
      table[74] = null
      table[75] = null
      table[76] = class java.util.Hashtable$Entry@2f35b589
      table[77] = null
      table[78] = class java.util.Hashtable$Entry@2996048e
      table[79] = null
      table[80] = class java.util.Hashtable$Entry@62546432
      table[81] = null
      table[82] = null
      table[83] = null
      table[84] = null
      table[85] = class java.util.Hashtable$Entry@21d8ffc0
      table[86] = null
      table[87] = null
      table[88] = class java.util.Hashtable$Entry@23c38f8f
      table[89] = null
      table[90] = null
      table[91] = null
      table[92] = class java.util.Hashtable$Entry@3a684d0d
      table[93] = class java.util.Hashtable$Entry@7b5ccb86
      table[94] = null
    count = 55
    threshold = 71
    loadFactor = 0.75
    modCount = 58
    serialVersionUID = 1421746759512286392
    MAX_ARRAY_SIZE = 2147483639
    keySet = null
    entrySet = null
    values = null
    KEYS = 0
    VALUES = 1
    ENTRIES = 2
  sessionRegistry = null
  isStopped = false
  readWriteLockForStopping = class java.util.concurrent.locks.ReentrantReadWriteLock@2e2c96fe
    serialVersionUID = -6992448646407690164
    readerLock = class java.util.concurrent.locks.ReentrantReadWriteLock$ReadLock@1ee51490
      serialVersionUID = -5992448646407690164
      sync = class java.util.concurrent.locks.ReentrantReadWriteLock$NonfairSync@751ce3dc
    writerLock = class java.util.concurrent.locks.ReentrantReadWriteLock$WriteLock@5c88e5b5
      serialVersionUID = -4992448646407690164
      sync = class java.util.concurrent.locks.ReentrantReadWriteLock$NonfairSync@751ce3dc
    sync = class java.util.concurrent.locks.ReentrantReadWriteLock$NonfairSync@751ce3dc
      serialVersionUID = -8159625535654395037
      serialVersionUID = 6317671515068378041
      SHARED_SHIFT = 16
      SHARED_UNIT = 65536
      MAX_COUNT = 65535
      EXCLUSIVE_MASK = 65535
      readHolds = class java.util.concurrent.locks.ReentrantReadWriteLock$Sync$ThreadLocalHoldCounter@760e543b
      cachedHoldCounter = null
      firstReader = null
      firstReaderHoldCount = 0
      serialVersionUID = 7373984972572414691
      head = null
      tail = null
      state = 0
      spinForTimeoutThreshold = 1000
      unsafe = class sun.misc.Unsafe@1ae847bc
      stateOffset = 16
      headOffset = 20
      tailOffset = 24
      waitStatusOffset = 12
      nextOffset = 20
      serialVersionUID = 3737899427754241961
      exclusiveOwnerThread = null
    UNSAFE = class sun.misc.Unsafe@1ae847bc
    TID_OFFSET = 40
  urlPrefix = ";jsessionid="
  extensionFactories = class java.util.ArrayList@227b092f
    serialVersionUID = 8683452581122892189
    DEFAULT_CAPACITY = 10
    EMPTY_ELEMENTDATA = class java.lang.Object[0]
    DEFAULTCAPACITY_EMPTY_ELEMENTDATA = class java.lang.Object[0]
    elementData = class java.lang.Object[10]
      elementData[0] = class com.ibm.ws.jsp.webcontainerext.JSPExtensionFactory@400be740
      elementData[1] = class com.ibm.ws.jaxrs20.server.component.JaxRsExtensionFactory@58c356ce
      elementData[2] = class com.ibm.ws.jsf.beanvalidation.extprocessor.JSFBeanValidationExtensionFactory@380e94c
      elementData[3] = class com.ibm.ws.jsf.extprocessor.JSFExtensionFactory@22842612
      elementData[4] = null
      elementData[5] = null
      elementData[6] = null
      elementData[7] = null
      elementData[8] = null
      elementData[9] = null
    size = 4
    MAX_ARRAY_SIZE = 2147483639
    modCount = 9
    MAX_ARRAY_SIZE = 2147483639
  postInitExtensionFactories = null
  httpResponseListeners = class java.util.ArrayList@1d1d2f36
    serialVersionUID = 8683452581122892189
    DEFAULT_CAPACITY = 10
    EMPTY_ELEMENTDATA = class java.lang.Object[0]
    DEFAULTCAPACITY_EMPTY_ELEMENTDATA = class java.lang.Object[0]
    elementData = class java.lang.Object[0]
    size = 0
    MAX_ARRAY_SIZE = 2147483639
    modCount = 0
    MAX_ARRAY_SIZE = 2147483639
  servletContainerInitializers = class java.util.ServiceLoader@541bbc6b
    PREFIX = "META-INF/services/"
    service = class java.lang.Class@18a60850
      ANNOTATION = 8192
      ENUM = 16384
      SYNTHETIC = 4096
      cachedConstructor = null
      newInstanceCallerCache = null
      name = null
      allPermDomain = class java.security.ProtectionDomain@6dc61bf1
      useCaches = true
      reflectionData = null
      classRedefinedCount = 0
      genericInfo = null
      serialVersionUID = 3206093459760846163
      serialPersistentFields = class java.io.ObjectStreamField[0]
      reflectionFactory = class sun.reflect.ReflectionFactory@4dfb6e65
      initted = true
      enumConstants = null
      enumConstantDirectory = null
      annotationData = null
      annotationType = null
      classValueMap = null
    loader = class org.eclipse.osgi.internal.loader.EquinoxClassLoader@50a4a787
      EQUINOX_REGISTERED_AS_PARALLEL = true
      configuration = class org.eclipse.osgi.internal.framework.EquinoxConfiguration@7bdb074f
      debug = class org.eclipse.osgi.internal.debug.Debug@467e735e
      delegate = class org.eclipse.osgi.internal.loader.BundleLoader@506e9909
      generation = class org.eclipse.osgi.storage.BundleInfo$Generation@214d7172
      manager = class org.eclipse.osgi.internal.loader.classpath.ClasspathManager@66abb96e
      isRegisteredAsParallel = true
      ALLPERMISSIONS = class java.security.AllPermissionCollection@20ffb6b
      REGISTERED_AS_PARALLEL = true
      classNameLocks = class java.util.HashMap@375e9cf7
      pkgLock = class java.lang.Object@135cfdc4
      parent = class com.ibm.ws.kernel.internal.classloader.BootstrapChildFirstJarClassloader@300ffa5d
      parallelLockMap = class java.util.concurrent.ConcurrentHashMap@5950d83c
      package2certs = class java.util.concurrent.ConcurrentHashMap@24f9b4de
      nocerts = class java.security.cert.Certificate[0]
      classes = class java.util.Vector@67033d92
      defaultDomain = class java.security.ProtectionDomain@13454e6b
      domains = class java.util.Collections$SynchronizedSet@4c8be507
      packages = class java.util.HashMap@25bdf70c
      scl = class sun.misc.Launcher$AppClassLoader@18b4aac2
      sclSet = true
      loadedLibraryNames = class java.util.Vector@5bacb184
      systemNativeLibraries = class java.util.Vector@62a38a8c
      nativeLibraries = class java.util.Vector@7113e802
      nativeLibraryContext = class java.util.Stack@3bdc64bb
      usr_paths = class java.lang.String[49]
      sys_paths = class java.lang.String[1]
      assertionLock = class java.lang.Object@15767b88
      defaultAssertionStatus = false
      packageAssertionStatus = null
      classAssertionStatus = null
    acc = null
    providers = class java.util.LinkedHashMap@2f0f963d
      serialVersionUID = 3801124242820219131
      head = null
      tail = null
      accessOrder = false
      serialVersionUID = 362498820763181265
      DEFAULT_INITIAL_CAPACITY = 16
      MAXIMUM_CAPACITY = 1073741824
      DEFAULT_LOAD_FACTOR = 0.75
      TREEIFY_THRESHOLD = 8
      UNTREEIFY_THRESHOLD = 6
      MIN_TREEIFY_CAPACITY = 64
      table = null
      entrySet = null
      size = 0
      modCount = 1
      threshold = 0
      loadFactor = 0.75
      keySet = null
      values = null
    lookupIterator = class java.util.ServiceLoader$LazyIterator@1bd6389
      service = class java.lang.Class@18a60850
      loader = class org.eclipse.osgi.internal.loader.EquinoxClassLoader@50a4a787
      configs = null
      pending = null
      nextName = null
      this$0 = class java.util.ServiceLoader@541bbc6b
  auditManager = class com.ibm.websphere.security.audit.context.AuditManager@1e4a4b70
    threadLocal = class com.ibm.websphere.security.audit.context.AuditManager$AuditThreadLocal@644a8d4b
      serialVersionUID = 7915092222804478388
      $$$tc$$$ = class com.ibm.websphere.ras.TraceComponent@715405dc
      threadLocalHashCode = 623478787
      nextHashCode = class java.util.concurrent.atomic.AtomicInteger@7eb01e55
      HASH_INCREMENT = 1640531527
    serialVersionUID = 3990873393024807062
    $$$tc$$$ = class com.ibm.websphere.ras.TraceComponent@74fa1dad
      strings[0] = "TraceComponent[com.ibm.websphere.security.audit.context.AuditManager,class com.ibm.websphere.security.audit.context.AuditManager,[],null,null]"
  threadLocal = class java.lang.ThreadLocal@64021be7
    threadLocalHashCode = -925629041
    nextHashCode = class java.util.concurrent.atomic.AtomicInteger@7eb01e55
      serialVersionUID = 6214790243416807050
      unsafe = class sun.misc.Unsafe@1ae847bc
      valueOffset = 12
      value = -799284573
      serialVersionUID = -8742448824652078965
    HASH_INCREMENT = 1640531527
  invocationCacheSize = 500
  decodePlusSign = true
  _cacheMap = class java.util.concurrent.ConcurrentHashMap@1012fcce
    serialVersionUID = 7249069246763182397
    MAXIMUM_CAPACITY = 1073741824
    DEFAULT_CAPACITY = 16
    MAX_ARRAY_SIZE = 2147483639
    DEFAULT_CONCURRENCY_LEVEL = 16
    LOAD_FACTOR = 0.75
    TREEIFY_THRESHOLD = 8
    UNTREEIFY_THRESHOLD = 6
    MIN_TREEIFY_CAPACITY = 64
    MIN_TRANSFER_STRIDE = 16
    RESIZE_STAMP_BITS = 16
    MAX_RESIZERS = 65535
    RESIZE_STAMP_SHIFT = 16
    MOVED = -1
    TREEBIN = -2
    RESERVED = -3
    HASH_BITS = 2147483647
    NCPU = 4
    serialPersistentFields = class java.io.ObjectStreamField[3]
    table = null
    nextTable = null
    baseCount = 0
    sizeCtl = 1024
    transferIndex = 0
    cellsBusy = 0
    counterCells = null
    keySet = null
    values = null
    entrySet = null
    U = class sun.misc.Unsafe@1ae847bc
    SIZECTL = 20
    TRANSFERINDEX = 32
    BASECOUNT = 24
    CELLSBUSY = 36
    CELLVALUE = 144
    ABASE = 16
    ASHIFT = 2
    keySet = null
    values = null
  _cacheSize = class java.util.concurrent.atomic.AtomicInteger@1963f243
    serialVersionUID = 6214790243416807050
    unsafe = class sun.misc.Unsafe@1ae847bc
      theUnsafe = class sun.misc.Unsafe@1ae847bc
      INVALID_FIELD_OFFSET = -1
      ARRAY_BOOLEAN_BASE_OFFSET = 16
      ARRAY_BYTE_BASE_OFFSET = 16
      ARRAY_SHORT_BASE_OFFSET = 16
      ARRAY_CHAR_BASE_OFFSET = 16
      ARRAY_INT_BASE_OFFSET = 16
      ARRAY_LONG_BASE_OFFSET = 16
      ARRAY_FLOAT_BASE_OFFSET = 16
      ARRAY_DOUBLE_BASE_OFFSET = 16
      ARRAY_OBJECT_BASE_OFFSET = 16
      ARRAY_BOOLEAN_INDEX_SCALE = 1
      ARRAY_BYTE_INDEX_SCALE = 1
      ARRAY_SHORT_INDEX_SCALE = 2
      ARRAY_CHAR_INDEX_SCALE = 2
      ARRAY_INT_INDEX_SCALE = 4
      ARRAY_LONG_INDEX_SCALE = 8
      ARRAY_FLOAT_INDEX_SCALE = 4
      ARRAY_DOUBLE_INDEX_SCALE = 8
      ARRAY_OBJECT_INDEX_SCALE = 4
      ADDRESS_SIZE = 8
    valueOffset = 12
    value = 0
    serialVersionUID = -8742448824652078965
  vHostCompatFlag = false
  platformHelper = class com.ibm.ws.webcontainer.PlatformHelper@55be2bd4
  isDefaultTempDir = true
  tempDir = null
  servletCachingInitNeeded = true
  appInstallBegun = true
  commands = class java.util.ArrayList@2664b3d7
    serialVersionUID = 8683452581122892189
    DEFAULT_CAPACITY = 10
    EMPTY_ELEMENTDATA = class java.lang.Object[0]
    DEFAULTCAPACITY_EMPTY_ELEMENTDATA = class java.lang.Object[0]
    elementData = class java.lang.Object[3]
      elementData[0] = null
      elementData[1] = null
      elementData[2] = null
    size = 0
    MAX_ARRAY_SIZE = 2147483639
    modCount = 0
    MAX_ARRAY_SIZE = 2147483639
  requestMapper = class com.ibm.ws.webcontainer.util.VirtualHostContextRootMapper@2093acb2
    cachedMappers = class java.util.Collections$SynchronizedMap@6b11fa72
      serialVersionUID = 1978198479659022715
      m = class java.util.HashMap@6746db55
      mutex = class java.util.Collections$SynchronizedMap@6b11fa72
      keySet = null
      entrySet = null
      values = null
    nls = class com.ibm.ejs.ras.TraceNLS@36c7711c
      resolver = class com.ibm.ws.logging.internal.TraceNLSResolver@55c2edb4
      finder = null
      ivBundleName = "com.ibm.ws.webcontainer.resources.Messages"
      caller = class java.lang.Class@a2b66c3
    logger = class com.ibm.ws.logging.internal.WsLogger@6eca05df
      tc = class com.ibm.websphere.ras.TraceComponent@68ec7ba4
      ivCachedResourceBundleName = null
      ivCachedResourceBundle = null
      ivComponent = null
      ivOrganization = null
      ivProduct = null
      ivMinimumLocalizationLevelIntValue = 625
      ivTC = class com.ibm.websphere.ras.TraceComponent@70417a89
      loggerRegistrationComponent = class java.lang.ThreadLocal@6ff2e972
      emptyHandlers = class java.util.logging.Handler[0]
      offValue = 2147483647
      SYSTEM_LOGGER_RB_NAME = "sun.util.logging.resources.logging"
      SYSTEM_BUNDLE = class java.util.logging.Logger$LoggerBundle@4dd00e3b
      NO_RESOURCE_BUNDLE = class java.util.logging.Logger$LoggerBundle@19affb8a
      manager = class com.ibm.ws.kernel.boot.logging.WsLogManager@61ee38b4
      name = "com.ibm.ws.webcontainer.util"
      handlers = class java.util.concurrent.CopyOnWriteArrayList@e8dcb62
      loggerBundle = class java.util.logging.Logger$LoggerBundle@76a74919
      useParentHandlers = true
      filter = null
      anonymous = false
      catalog = class com.ibm.ws.webcontainer.resources.Messages@7d9537dc
      catalogName = "com.ibm.ws.webcontainer.resources.Messages"
      catalogLocale = class java.util.Locale@652bfb20
      treeLock = class java.lang.Object@759054a9
      parent = class com.ibm.ws.logging.internal.WsLogger@1b106ba9
      kids = null
      levelObject = class java.util.logging.Level@61eb86fb
      levelValue = 800
      callersClassLoaderRef = class java.lang.ref.WeakReference@5c9638a7
      isSystemLogger = false
      GLOBAL_LOGGER_NAME = "global"
      global = class java.util.logging.Logger@1e6d2276
      $assertionsDisabled = true
    CLASS_NAME = "com.ibm.ws.webcontainer.util.VirtualHostContextRootMapper"
    CLASSNAME = "com.ibm.ws.util.VirtualHostMapper"
    tc = class com.ibm.ejs.ras.TraceComponent@54370381
      strings[0] = "TraceComponent[com.ibm.ws.util.VirtualHostMapper,class com.ibm.ws.util.VirtualHostMapper,[Runtime],null,null]"
    vHostTable = class java.util.concurrent.ConcurrentHashMap@566211aa
      serialVersionUID = 7249069246763182397
      MAXIMUM_CAPACITY = 1073741824
      DEFAULT_CAPACITY = 16
      MAX_ARRAY_SIZE = 2147483639
      DEFAULT_CONCURRENCY_LEVEL = 16
      LOAD_FACTOR = 0.75
      TREEIFY_THRESHOLD = 8
      UNTREEIFY_THRESHOLD = 6
      MIN_TREEIFY_CAPACITY = 64
      MIN_TRANSFER_STRIDE = 16
      RESIZE_STAMP_BITS = 16
      MAX_RESIZERS = 65535
      RESIZE_STAMP_SHIFT = 16
      MOVED = -1
      TREEBIN = -2
      RESERVED = -3
      HASH_BITS = 2147483647
      NCPU = 4
      serialPersistentFields = class java.io.ObjectStreamField[3]
      table = null
      nextTable = null
      baseCount = 0
      sizeCtl = 0
      transferIndex = 0
      cellsBusy = 0
      counterCells = null
      keySet = null
      values = null
      entrySet = null
      U = class sun.misc.Unsafe@1ae847bc
      SIZECTL = 20
      TRANSFERINDEX = 32
      BASECOUNT = 24
      CELLSBUSY = 36
      CELLVALUE = 144
      ABASE = 16
      ASHIFT = 2
      keySet = null
      values = null
  parent = null
  name = "Was.webcontainer"
  isAlive = true
  subElements = class java.util.HashMap@1b22de25
    serialVersionUID = 362498820763181265
    DEFAULT_INITIAL_CAPACITY = 16
    MAXIMUM_CAPACITY = 1073741824
    DEFAULT_LOAD_FACTOR = 0.75
    TREEIFY_THRESHOLD = 8
    UNTREEIFY_THRESHOLD = 6
    MIN_TREEIFY_CAPACITY = 64
    table = class java.util.HashMap$Node[16]
      table[0] = null
      table[1] = null
      table[2] = null
      table[3] = null
      table[4] = null
      table[5] = null
      table[6] = null
      table[7] = null
      table[8] = null
      table[9] = null
      table[10] = null
      table[11] = null
      table[12] = null
      table[13] = null
      table[14] = class java.util.HashMap$Node@3953ea23
      table[15] = null
    entrySet = null
    size = 1
    modCount = 1
    threshold = 12
    loadFactor = 0.75
    keySet = null
    values = null
  attributes = null
  config = null
  serialVersionUID = -8271459000149267764
  $$$tc$$$ = class com.ibm.websphere.ras.TraceComponent@17411b51
    strings[0] = "TraceComponent[com.ibm.ws.container.AbstractContainer,class com.ibm.ws.container.AbstractContainer,[],null,null]"

