------Start of DE processing------ = [11/12/17 13:19:51:161 CST]
Exception = com.ibm.ws.container.service.metadata.MetaDataException
Source = com.ibm.ws.app.manager.module.internal.DeployedAppInfoBase
probeid = 364
Stack Dump = com.ibm.ws.container.service.metadata.MetaDataException: SRVE0303E: Servlet name not found adding servlet mapping; servlet name=LoginServlet; URL pattern=/servlet1; module=GetStartedJava; application=get-started-java
	at com.ibm.ws.webcontainer.webapp.WebAppConfiguration.addServletMapping(WebAppConfiguration.java:1219)
	at com.ibm.ws.webcontainer.osgi.container.config.WebAppConfiguratorHelper$ConfigurationWriter.addServletMapping(WebAppConfiguratorHelper.java:369)
	at com.ibm.ws.webcontainer.osgi.container.config.WebAppConfiguratorHelper.processServletMappingConfig(WebAppConfiguratorHelper.java:3056)
	at com.ibm.ws.webcontainer.osgi.container.config.WebAppConfiguratorHelper.configureServletMappings(WebAppConfiguratorHelper.java:2325)
	at com.ibm.ws.webcontainer.osgi.container.config.WebAppConfiguratorHelper.configureFromWebApp(WebAppConfiguratorHelper.java:721)
	at com.ibm.ws.webcontainer.osgi.container.config.WebAppConfigurator.configure(WebAppConfigurator.java:394)
	at com.ibm.ws.webcontainer.osgi.container.config.WebAppConfigurationAdapter.adapt(WebAppConfigurationAdapter.java:115)
	at com.ibm.ws.webcontainer.osgi.container.config.WebAppConfigurationAdapter.adapt(WebAppConfigurationAdapter.java:43)
	at com.ibm.ws.adaptable.module.internal.AdapterFactoryServiceImpl.adapt(AdapterFactoryServiceImpl.java:192)
	at com.ibm.ws.adaptable.module.internal.AdaptableContainerImpl.adapt(AdaptableContainerImpl.java:170)
	at com.ibm.ws.webcontainer.osgi.WebContainer.createModuleMetaData(WebContainer.java:820)
	at com.ibm.ws.app.manager.module.internal.ModuleHandlerBase.createModuleMetaData(ModuleHandlerBase.java:63)
	at com.ibm.ws.app.manager.module.internal.SimpleDeployedAppInfoBase$ModuleContainerInfoBase.createModuleMetaData(SimpleDeployedAppInfoBase.java:168)
	at com.ibm.ws.app.manager.module.internal.DeployedAppInfoBase.preDeployApp(DeployedAppInfoBase.java:363)
	at com.ibm.ws.app.manager.module.internal.DeployedAppInfoBase.deployApp(DeployedAppInfoBase.java:402)
	at com.ibm.ws.app.manager.war.internal.WARApplicationHandlerImpl.install(WARApplicationHandlerImpl.java:65)
	at com.ibm.ws.app.manager.internal.statemachine.StartAction.execute(StartAction.java:140)
	at com.ibm.ws.app.manager.internal.statemachine.ApplicationStateMachineImpl.enterState(ApplicationStateMachineImpl.java:1258)
	at com.ibm.ws.app.manager.internal.statemachine.ApplicationStateMachineImpl.performAction(ApplicationStateMachineImpl.java:1138)
	at com.ibm.ws.app.manager.internal.statemachine.ApplicationStateMachineImpl.run(ApplicationStateMachineImpl.java:881)
	at java.util.concurrent.ThreadPoolExecutor.runWorker(ThreadPoolExecutor.java:1142)
	at java.util.concurrent.ThreadPoolExecutor$Worker.run(ThreadPoolExecutor.java:617)
	at java.lang.Thread.run(Thread.java:745)

Dump of callerThis
Object type = com.ibm.ws.app.manager.war.internal.WARDeployedAppInfo
  CONTEXT_ROOT = "context-root"
  webModuleHandler = class com.ibm.ws.app.manager.web.internal.WebModuleHandlerImpl@473e8a6d
    serialVersionUID = 4795602325763828210
    $$$tc$$$ = class com.ibm.websphere.ras.TraceComponent@344369da
      strings[0] = "TraceComponent[com.ibm.ws.app.manager.web.internal.WebModuleHandlerImpl,class com.ibm.ws.app.manager.web.internal.WebModuleHandlerImpl,[webcontainer, applications, app.manager],com.ibm.ws.app.manager.war.internal.resources.Messages,null]"
    futureMonitor = class com.ibm.ws.threading.internal.FutureMonitorImpl@712e7349
    metaDataService = class com.ibm.ws.container.service.metadata.internal.MetaDataServiceImpl@186f9e43
    stateChangeService = class com.ibm.ws.container.service.state.internal.StateChangeServiceImpl@3733ff0d
    moduleRuntimeContainer = class com.ibm.ws.webcontainer.osgi.WebContainer@7d0507fe
      tc = class com.ibm.websphere.ras.TraceComponent@2ff854e1
      CLASS_NAME = "com.ibm.ws.webcontainer.osgi.WebContainer"
      initialized = true
      eventService = class com.ibm.ws.event.internal.EventEngineImpl@1ae76a6c
      futureMonitor = class com.ibm.ws.threading.internal.FutureMonitorImpl@712e7349
      classLoadingSRRef = class com.ibm.wsspi.kernel.service.utils.AtomicServiceReference@1349ab31
      sessionHelperSRRef = class com.ibm.wsspi.kernel.service.utils.AtomicServiceReference@3bdbba13
      cacheManagerSRRef = class com.ibm.wsspi.kernel.service.utils.AtomicServiceReference@1ace030e
      injectionEngineSRRef = class com.ibm.wsspi.kernel.service.utils.AtomicServiceReference@18789f25
      managedObjectServiceSRRef = class com.ibm.wsspi.kernel.service.utils.AtomicServiceReference@4636bf38
      backgroundWebAppStartFutures = class com.ibm.ws.webcontainer.util.OneTimeUseArrayList@20db8ecf
      REFERENCE_WEB_MBEAN_RUNTIME = "webMBeanRuntime"
      webMBeanRuntimeServiceRef = class com.ibm.wsspi.kernel.service.utils.AtomicServiceReference@4ae72fa9
      servletContainerInitializers = class com.ibm.wsspi.kernel.service.utils.ConcurrentServiceReferenceSet@163a0067
      es = class com.ibm.ws.threading.internal.ExecutorServiceImpl@6586a2e7
      locationServiceRef = class java.util.concurrent.atomic.AtomicReference@19d7e56e
      transferContextServiceRef = class com.ibm.wsspi.kernel.service.utils.ConcurrentServiceReferenceSet@6abe1b9a
      encodingServiceRef = class java.util.concurrent.atomic.AtomicReference@2cc10792
      instance = class java.util.concurrent.atomic.AtomicReference@7c801977
      vhostManager = class com.ibm.ws.webcontainer.osgi.DynamicVirtualHostManager@5ada7f1c
      metaDataService = class com.ibm.ws.container.service.metadata.internal.MetaDataServiceImpl@186f9e43
      j2eeNameFactory = class com.ibm.ws.container.service.metadata.internal.J2EENameFactoryImpl@306a5c05
      context = class org.apache.felix.scr.impl.manager.ComponentContextImpl@40a2cd16
      contextRoots = class java.util.Collections$SynchronizedSet@64fbbf07
      pendingContextRoots = class java.util.HashMap@18cc594e
      deployedModuleMap = class java.util.concurrent.ConcurrentHashMap@11e7e7d4
      connContextPool = class com.ibm.ws.webcontainer31.osgi.srt.factory.SRTConnectionContextPool31Impl@47fb5283
      DEFAULT_PORT = "*"
      DEFAULT_VHOST_NAME = "default_host"
      cachedServerInfo = "IBM WebSphere Liberty/${liberty.service.version}"
      lock = class com.ibm.ws.webcontainer.osgi.WebContainer$1@7e41cefc
      webAppFactory = class com.ibm.ws.webcontainer31.osgi.webapp.factory.WebAppFactoryImpl31@43dee53
      requestFactory = class com.ibm.ws.webcontainer31.osgi.response.factory.IRequestResponseFactory@2aca7047
      responseFactory = class com.ibm.ws.webcontainer31.osgi.response.factory.IRequestResponseFactory@2aca7047
      asyncContextFactory = class com.ibm.ws.webcontainer31.async.factory.AsyncContextFactory31Impl@37b850d7
      DEFAULT_MAX_VERSION = 30
      versionRef = class org.eclipse.osgi.internal.serviceregistry.ServiceReferenceImpl@47fe4ef2
      serverStopping = false
      modulesStarting = 0
      SPEC_LEVEL_UNLOADED = -1
      SPEC_LEVEL_30 = 30
      SPEC_LEVEL_31 = 31
      DEFAULT_SPEC_LEVEL = 30
      loadedContainerSpecLevel = 31
      ISO = "ISO-8859-1"
      encoding = "UTF-8"
      decode = true
      wcconfig = class com.ibm.ws.webcontainer.osgi.WebContainerConfiguration@556b6aac
      applicationListeners = class java.util.ArrayList@20a0a63e
      servletListeners = class java.util.ArrayList@159cf506
      servletErrorListeners = class java.util.ArrayList@6a407ba2
      servletInvocationListeners = class java.util.ArrayList@64f0524c
      filterInvocationListeners = class java.util.ArrayList@414499ba
      filterErrorListeners = class java.util.ArrayList@33026051
      filterListeners = class java.util.ArrayList@5a7690f8
      servletRequestListeners = class java.util.ArrayList@3cf2dbc8
      servletRequestAttributeListeners = class java.util.ArrayList@591e1ca5
      servletContextListeners = class java.util.ArrayList@793eff3f
      servletContextAttributeListeners = class java.util.ArrayList@17a151b0
      sessionListeners = class java.util.ArrayList@3d27e417
      sessionIdListeners = class java.util.ArrayList@14753c22
      sessionAttributeListeners = class java.util.ArrayList@1a3cfe94
      DEFAULT_HOST = "default_host"
      _initialized = true
      logger = class com.ibm.ws.logging.internal.WsLogger@2eec5429
      CLASS_NAME = "com.ibm.ws.webcontainer.internal.WebContainer"
      nls = class com.ibm.ejs.ras.TraceNLS@70d10b2
      self = class java.util.concurrent.atomic.AtomicReference@5885b18
      _cipherToBit = class java.util.HashMap@38a1e3a7
      cacheKeyStringBuilder = class com.ibm.ws.util.WSThreadLocal@45146279
      listenersInitialized = true
      webConProperties = class java.util.Properties@2a7372e9
      sessionRegistry = null
      isStopped = false
      readWriteLockForStopping = class java.util.concurrent.locks.ReentrantReadWriteLock@6d64bc24
      urlPrefix = ";jsessionid="
      extensionFactories = class java.util.ArrayList@687f01cf
      postInitExtensionFactories = null
      httpResponseListeners = class java.util.ArrayList@5a6fd6f4
      servletContainerInitializers = class java.util.ServiceLoader@3c0e606a
      auditManager = class com.ibm.websphere.security.audit.context.AuditManager@d5ba938
      threadLocal = class java.lang.ThreadLocal@4596b12b
      invocationCacheSize = 500
      decodePlusSign = true
      _cacheMap = class java.util.concurrent.ConcurrentHashMap@61ea171b
      _cacheSize = class java.util.concurrent.atomic.AtomicInteger@2e28367c
      vHostCompatFlag = false
      platformHelper = class com.ibm.ws.webcontainer.PlatformHelper@7eea48e8
      isDefaultTempDir = true
      tempDir = null
      servletCachingInitNeeded = true
      appInstallBegun = true
      commands = class java.util.ArrayList@e05a1f7
      requestMapper = class com.ibm.ws.webcontainer.util.VirtualHostContextRootMapper@3fe63de3
      parent = null
      name = "Was.webcontainer"
      isAlive = true
      subElements = class java.util.HashMap@501267b5
      attributes = null
      config = null
      serialVersionUID = -8271459000149267764
      $$$tc$$$ = class com.ibm.websphere.ras.TraceComponent@2b6a2860
    firstFailure = null
    serialVersionUID = -4563697739413190872
    $$$tc$$$ = class com.ibm.websphere.ras.TraceComponent@1d507383
      strings[0] = "TraceComponent[com.ibm.ws.app.manager.module.internal.ModuleHandlerBase,class com.ibm.ws.app.manager.module.internal.ModuleHandlerBase,[applications, app.manager],,null]"
  webContainerModuleInfo = class com.ibm.ws.app.manager.module.internal.SimpleDeployedAppInfoBase$WebModuleContainerInfo@16cd0bcd
    contextRoot = "/GetStartedJava"
    defaultContextRoot = "get-started-java"
    serialVersionUID = -8158961796913348204
    $$$tc$$$ = class com.ibm.websphere.ras.TraceComponent@5dfeff85
      strings[0] = "TraceComponent[com.ibm.ws.app.manager.module.internal.SimpleDeployedAppInfoBase$WebModuleContainerInfo,class com.ibm.ws.app.manager.module.internal.SimpleDeployedAppInfoBase$WebModuleContainerInfo,[applications, app.manager],,null]"
    moduleHandler = class com.ibm.ws.app.manager.web.internal.WebModuleHandlerImpl@473e8a6d
    moduleMetaDataExtenders = class java.util.concurrent.CopyOnWriteArrayList@33a0f608
      serialVersionUID = 8673264195747942595
      lock = class java.util.concurrent.locks.ReentrantLock@443622d5
      array = class java.lang.Object[2]
      UNSAFE = class sun.misc.Unsafe@388eb2ce
      lockOffset = 12
    nestedModuleMetaDataFactories = class java.util.concurrent.CopyOnWriteArrayList@797c714c
      serialVersionUID = 8673264195747942595
      lock = class java.util.concurrent.locks.ReentrantLock@584a7b3
      array = class java.lang.Object[1]
      UNSAFE = class sun.misc.Unsafe@388eb2ce
      lockOffset = 12
    nestedModules = null
    moduleName = "GetStartedJava"
    moduleDD = class com.ibm.ws.javaee.ddmodel.web.common.WebAppType@22d9ad87
      version = class com.ibm.ws.javaee.ddmodel.TokenType@1137cae0
      metadata_complete = null
      module_name = null
      absolute_ordering = null
      serialVersionUID = 4092807504738198665
      $$$tc$$$ = class com.ibm.websphere.ras.TraceComponent@42a2ab41
      description = null
      display_name = class com.ibm.ws.javaee.ddmodel.common.DisplayNameType$ListType@4662eb55
      icon = null
      distributable = null
      context_param = null
      filter = null
      filter_mapping = null
      listener = null
      servlet = class com.ibm.ws.javaee.ddmodel.web.common.ServletType$ListType@41e9c094
      servlet_mapping = class com.ibm.ws.javaee.ddmodel.web.common.ServletMappingType$ListType@1a6d8ba4
      session_config = null
      mime_mapping = null
      welcome_file_list = class com.ibm.ws.javaee.ddmodel.web.common.WelcomeFileListType@352222c3
      error_page = null
      jsp_config = null
      security_constraint = null
      deny_uncovered_http_methods = null
      login_config = null
      security_role = null
      message_destination = null
      locale_encoding_mapping_list = null
      servletNameToServletMap = null
      filterNameToFilterMap = null
      ejbRefNameToEJBLocalRefMap = null
      ejbRefNameToEJBRefMap = null
      resourceEnvRefNameToResourceEnvRefMap = null
      messageDestinationRefNameToMessageDestinationRefMap = null
      resRefNameToResourceRefMap = null
      envEntryNameToEnvEntryMap = null
      roleNameToSecurityRoleMap = null
      roleLinkToSecurityRoleRefMap = null
      handlerNameToHandlerMap = null
      path = "WEB-INF/web.xml"
      idMap = class com.ibm.ws.javaee.ddmodel.DDParser$ComponentIDMap@644b5f71
      serialVersionUID = -9198110745419802975
      $$$tc$$$ = class com.ibm.websphere.ras.TraceComponent@5ae60f1a
      post_construct = null
      pre_destroy = null
      serialVersionUID = 1102064201943992836
      $$$tc$$$ = class com.ibm.websphere.ras.TraceComponent@2647d374
      env_entry = null
      ejb_ref = null
      ejb_local_ref = null
      resource_ref = null
      resource_env_ref = null
      message_destination_ref = null
      persistence_context_ref = null
      persistence_unit_ref = null
      data_source = null
      jms_connection_factory = null
      jms_destination = null
      mail_session = null
      connection_factory = null
      administered_object = null
      serialVersionUID = 8931982405528922228
      $$$tc$$$ = class com.ibm.websphere.ras.TraceComponent@a6da881
      service_ref = null
      serialVersionUID = -6199862059825607270
      $$$tc$$$ = class com.ibm.websphere.ras.TraceComponent@2a60ccd4
      nilled = false
      serialVersionUID = -2826386306561723362
      $$$tc$$$ = class com.ibm.websphere.ras.TraceComponent@21047e92
    moduleInfo = class com.ibm.ws.app.manager.module.internal.WebModuleInfoImpl@48ba82be
      contextRoot = "/GetStartedJava"
      serialVersionUID = 4357952575365007841
      $$$tc$$$ = class com.ibm.websphere.ras.TraceComponent@688ef487
      tc = class com.ibm.websphere.ras.TraceComponent@792b3537
      appInfo = class com.ibm.ws.container.service.app.deploy.internal.ApplicationInfoImpl@1e5f9f72
      moduleName = "GetStartedJava"
      path = "GetStartedJava.war"
      moduleContainer = class com.ibm.ws.adaptable.module.internal.AdaptableContainerImpl@340a298c
      altDDEntry = null
      moduleClassesContainers = class java.util.ArrayList@29655a0c
      classLoaderFactory = class com.ibm.ws.app.manager.war.internal.WARDeployedAppInfo@55421fac
      containerInfoType = class com.ibm.ws.container.service.app.deploy.ContainerInfo$Type@424d5e72
      classLoader = class com.ibm.ws.classloading.internal.AppClassLoader@3e434518
      moduleMetaData = null
      nestedModuleMetaDataTypes = null
      nestedModuleMetaDataValues = null
      serialVersionUID = 3986734351620206554
    serialVersionUID = 8693907776607441911
    $$$tc$$$ = class com.ibm.websphere.ras.TraceComponent@5a8ba47b
      strings[0] = "TraceComponent[com.ibm.ws.app.manager.module.internal.SimpleDeployedAppInfoBase$ModuleContainerInfoBase,class com.ibm.ws.app.manager.module.internal.SimpleDeployedAppInfoBase$ModuleContainerInfoBase,[applications, app.manager],,null]"
    type = class com.ibm.ws.container.service.app.deploy.ContainerInfo$Type@424d5e72
      MANIFEST_CLASSPATH = class com.ibm.ws.container.service.app.deploy.ContainerInfo$Type@5c639bd0
      WEB_INF_CLASSES = class com.ibm.ws.container.service.app.deploy.ContainerInfo$Type@4d25e357
      WEB_INF_LIB = class com.ibm.ws.container.service.app.deploy.ContainerInfo$Type@720c4eb7
      EAR_LIB = class com.ibm.ws.container.service.app.deploy.ContainerInfo$Type@a51acdd
      WEB_MODULE = class com.ibm.ws.container.service.app.deploy.ContainerInfo$Type@424d5e72
      EJB_MODULE = class com.ibm.ws.container.service.app.deploy.ContainerInfo$Type@4a2c0b5c
      CLIENT_MODULE = class com.ibm.ws.container.service.app.deploy.ContainerInfo$Type@28f17615
      RAR_MODULE = class com.ibm.ws.container.service.app.deploy.ContainerInfo$Type@3898fc4a
      JAR_MODULE = class com.ibm.ws.container.service.app.deploy.ContainerInfo$Type@3f2888c0
      SHARED_LIB = class com.ibm.ws.container.service.app.deploy.ContainerInfo$Type@15f40292
      $VALUES = class com.ibm.ws.container.service.app.deploy.ContainerInfo$Type[10]
      $$$tc$$$ = class com.ibm.websphere.ras.TraceComponent@5f03ba0e
      name = "WEB_MODULE"
      ordinal = 4
    name = "GetStartedJava.war"
    container = class com.ibm.ws.adaptable.module.internal.AdaptableContainerImpl@340a298c
      root = class com.ibm.ws.adaptable.module.internal.AdaptableContainerImpl@340a298c
      rootOverlay = class com.ibm.ws.artifact.overlay.internal.DirectoryBasedOverlayContainerImpl@1d6f5866
      factoryHolder = class com.ibm.ws.adaptable.module.internal.AdaptableModuleFactoryImpl@28f933f7
      delegate = class com.ibm.ws.artifact.overlay.internal.DirectoryBasedOverlayContainerImpl@1d6f5866
      notifier = class com.ibm.ws.adaptable.module.internal.NotifierImpl@397f4532
      serialVersionUID = -5621513278641113667
      $$$tc$$$ = class com.ibm.websphere.ras.TraceComponent@389df47e
    altDDEntry = null
    classesContainerInfo = class java.util.ArrayList@29655a0c
      serialVersionUID = 8683452581122892189
      DEFAULT_CAPACITY = 10
      EMPTY_ELEMENTDATA = class java.lang.Object[0]
      DEFAULTCAPACITY_EMPTY_ELEMENTDATA = class java.lang.Object[0]
      elementData = class java.lang.Object[10]
      size = 8
      MAX_ARRAY_SIZE = 2147483639
      modCount = 9
      MAX_ARRAY_SIZE = 2147483639
    serialVersionUID = 7427332431485745589
    $$$tc$$$ = class com.ibm.websphere.ras.TraceComponent@1f3b7fc1
      strings[0] = "TraceComponent[com.ibm.ws.app.manager.module.internal.SimpleDeployedAppInfoBase$ExtendedContainerInfo,class com.ibm.ws.app.manager.module.internal.SimpleDeployedAppInfoBase$ExtendedContainerInfo,[applications, app.manager],,null]"
  DYNAMIC_IMPORT_PACKAGE_LIST = class java.util.Collections$UnmodifiableRandomAccessList@58f22739
    serialVersionUID = -2542308836966382001
    serialVersionUID = -283967356065247728
    list = class java.util.Arrays$ArrayList@7da27e1b
      serialVersionUID = -2764017481108945198
      a = class java.lang.String[1]
      modCount = 0
      MAX_ARRAY_SIZE = 2147483639
    serialVersionUID = 1820017752578914078
    c = class java.util.Arrays$ArrayList@7da27e1b
  serialVersionUID = -6153587016903242961
  $$$tc$$$ = class com.ibm.websphere.ras.TraceComponent@26e482d0
    strings[0] = "TraceComponent[com.ibm.ws.app.manager.war.internal.WARDeployedAppInfo,class com.ibm.ws.app.manager.war.internal.WARDeployedAppInfo,[webcontainer, applications, app.manager],com.ibm.ws.app.manager.war.internal.resources.Messages,null]"
  _tc = class com.ibm.websphere.ras.TraceComponent@5e9a96dd
    strings[0] = "TraceComponent[com.ibm.ws.app.manager.module.internal.DeployedAppInfoBase,class com.ibm.ws.app.manager.module.internal.DeployedAppInfoBase,[app.manager],com.ibm.ws.app.manager.module.internal.resources.Messages,null]"
  PERMISSION_XML = "permissions.xml"
  applicationInformation = class com.ibm.ws.app.manager.internal.ApplicationInstallInfo@1f8ed641
    _config = class com.ibm.ws.app.manager.internal.ApplicationConfig@47ce84d1
      _configPid = "com.ibm.ws.app.manager_30"
      _config = class com.ibm.ws.config.admin.ConfigurationDictionary@508bbcd7
      _location = "GetStartedJava.war"
      _type = "war"
      _name = "get-started-java"
      _notificationBroadcasterSupport = class javax.management.NotificationBroadcasterSupport@24bc2c22
    _handlerInfo = class java.util.concurrent.atomic.AtomicReference@6fcb9a73
      serialVersionUID = -1848883965231344442
      unsafe = class sun.misc.Unsafe@388eb2ce
      valueOffset = 12
      value = class com.ibm.ws.app.manager.war.internal.WARDeployedAppInfo@55421fac
    _container = class java.util.concurrent.atomic.AtomicReference@5720d4e5
      serialVersionUID = -1848883965231344442
      unsafe = class sun.misc.Unsafe@388eb2ce
      valueOffset = 12
      value = class com.ibm.ws.adaptable.module.internal.AdaptableContainerImpl@340a298c
    _resolvedLocation = class java.util.concurrent.atomic.AtomicReference@5130eb2d
      serialVersionUID = -1848883965231344442
      unsafe = class sun.misc.Unsafe@388eb2ce
      valueOffset = 12
      value = class com.ibm.ws.kernel.service.location.internal.LocalFileResource@4cffc0be
    _handler = class com.ibm.ws.app.manager.war.internal.WARApplicationHandlerImpl@18476301
      futureMonitor = class com.ibm.ws.threading.internal.FutureMonitorImpl@712e7349
      deployedAppFactory = class com.ibm.ws.app.manager.war.internal.WARDeployedAppInfoFactoryImpl@49935fc3
      serialVersionUID = 4622845147410944782
      $$$tc$$$ = class com.ibm.websphere.ras.TraceComponent@5509fd3d
    _ami = class java.util.concurrent.atomic.AtomicReference@558f0219
      serialVersionUID = -1848883965231344442
      unsafe = class sun.misc.Unsafe@388eb2ce
      valueOffset = 12
      value = class com.ibm.wsspi.application.handler.DefaultApplicationMonitoringInformation@7f135bb
    _updateHandler = class com.ibm.ws.app.manager.internal.statemachine.ApplicationStateMachineImpl@9f9c131
      _tc = class com.ibm.websphere.ras.TraceComponent@53ccb1fe
      EMPTY_FUTURE_ARRAY = interface java.util.concurrent.Future[0]
      asmSequenceNumber = class java.util.concurrent.atomic.AtomicLong@703ee1ea
      _qscaCounter = class java.util.concurrent.atomic.AtomicInteger@43dc8f24
      _failedThrowable = class com.ibm.ws.container.service.metadata.MetaDataException@430a61b1
      _interruptibleLock = class com.ibm.ws.app.manager.internal.statemachine.ApplicationStateMachineImpl$2@6d166355
      _interruptible = false
      _performingQueuedActions = true
      _queuedActions = class java.util.concurrent.ConcurrentLinkedQueue@217c419a
      _callbackState = class java.util.concurrent.atomic.AtomicReference@264ac5ee
      blockAppStartingFutures = class java.util.Collections$SetFromMap@148cbac
      waitingForAppHandlerFuture = class java.util.concurrent.atomic.AtomicReference@5f1a1c1b
      waitingForExplicitStartFuture = class java.util.concurrent.atomic.AtomicReference@1ca9e6f3
      completionListener = class java.util.concurrent.atomic.AtomicReference@6cbc353d
      _notifyAppStopped = class java.util.concurrent.ConcurrentLinkedQueue@2b6e86ad
      _notifyAppStarting = class java.util.concurrent.ConcurrentLinkedQueue@249bad1f
      _notifyAppInstallCalled = class java.util.concurrent.ConcurrentLinkedQueue@77565901
      _notifyAppStarted = class java.util.concurrent.ConcurrentLinkedQueue@7ace8f0b
      _notifyAppRemoved = class java.util.concurrent.ConcurrentLinkedQueue@254a3511
      _stateLock = class com.ibm.ws.app.manager.internal.statemachine.ApplicationStateMachineImpl$3@5cc087f2
      _internalState = class java.util.concurrent.atomic.AtomicReference@191b533a
      _currentAction = class java.util.concurrent.atomic.AtomicReference@17a321c5
      _rfa = class java.util.concurrent.atomic.AtomicReference@63b56c9d
      _appInstallInfo = class java.util.concurrent.atomic.AtomicReference@3b92880e
      _update = class java.util.concurrent.atomic.AtomicBoolean@78539ec5
      _appConfig = class java.util.concurrent.atomic.AtomicReference@76702503
      _nextAppConfig = class java.util.concurrent.atomic.AtomicReference@3e697ed4
      _appContainer = class java.util.concurrent.atomic.AtomicReference@119443ef
      _resolvedLocation = class java.util.concurrent.atomic.AtomicReference@755542ae
      _handler = class java.util.concurrent.atomic.AtomicReference@2fa393a
      _asmSeqNo = 0
      _ctx = class org.eclipse.osgi.internal.framework.BundleContextImpl@405773ed
      _locAdmin = class com.ibm.ws.kernel.service.location.internal.WsLocationAdminImpl@23f47288
      _futureMonitor = class com.ibm.ws.threading.internal.FutureMonitorImpl@712e7349
      _artifactFactory = class com.ibm.ws.artifact.internal.ArtifactContainerFactoryService@480c033d
      _moduleFactory = class com.ibm.ws.adaptable.module.internal.AdaptableModuleFactoryImpl@28f933f7
      _executorService = class com.ibm.ws.threading.internal.ExecutorServiceImpl@6586a2e7
      _scheduledExecutorService = class com.ibm.ws.threading.internal.ScheduledExecutorImpl@4b928073
      _asmHelper = class com.ibm.ws.app.manager.internal.ApplicationConfigurator$NamedApplication@6e3925ad
      _appMonitor = class com.ibm.ws.app.manager.internal.monitor.ApplicationMonitor@7790786f
      enterStateCalled = class java.util.concurrent.atomic.AtomicBoolean@4428d649
      serialVersionUID = -1399093980790866556
      serialVersionUID = 5501066335104962649
      $$$tc$$$ = class com.ibm.websphere.ras.TraceComponent@2f161882
    serialVersionUID = 3995013949638210907
    $$$tc$$$ = class com.ibm.websphere.ras.TraceComponent@7999c95
      strings[0] = "TraceComponent[com.ibm.ws.app.manager.internal.ApplicationInstallInfo,class com.ibm.ws.app.manager.internal.ApplicationInstallInfo,[applications, app.manager],com.ibm.ws.app.manager.internal.resources.AppManagerMessages,null]"
  location = "C:\Users\ahatua\Google Drive\fall17\CSC733\assignment2\liberty\usr\servers\defaultServer\apps\GetStartedJava.war.xml"
  classLoadingService = class com.ibm.ws.classloading.internal.ClassLoadingServiceImpl@1015bcda
    tc = class com.ibm.websphere.ras.TraceComponent@d5b1597
      strings[0] = "TraceComponent[com.ibm.ws.classloading.internal.ClassLoadingServiceImpl,class com.ibm.ws.classloading.internal.ClassLoadingServiceImpl,[ClassLoadingService],com.ibm.ws.classloading.internal.resources.ClassLoadingServiceMessages,null]"
    leakDetectionMap = class java.util.HashMap@b666004
      serialVersionUID = 362498820763181265
      DEFAULT_INITIAL_CAPACITY = 16
      MAXIMUM_CAPACITY = 1073741824
      DEFAULT_LOAD_FACTOR = 0.75
      TREEIFY_THRESHOLD = 8
      UNTREEIFY_THRESHOLD = 6
      MIN_TREEIFY_CAPACITY = 64
      table = null
      entrySet = null
      size = 0
      modCount = 0
      threshold = 0
      loadFactor = 0.75
      keySet = null
      values = null
    TCCL_LOCK_WAIT = 15000
    REFERENCE_GENERATORS = "generators"
    bundleContext = class org.eclipse.osgi.internal.framework.BundleContextImpl@41122286
      findHookName = "org.osgi.framework.hooks.bundle.FindHook"
      valid = true
      bundle = class org.eclipse.osgi.internal.framework.EquinoxBundle@4fb2e71b
      container = class org.eclipse.osgi.internal.framework.EquinoxContainer@30c6aadd
      debug = class org.eclipse.osgi.internal.debug.Debug@755053d5
      servicesInUse = class java.util.HashMap@4516d4cf
      activator = null
      contextLock = class java.lang.Object@4c873e53
    aclStore = class com.ibm.ws.classloading.internal.util.CanonicalStore@4a9555ad
      map = class java.util.concurrent.ConcurrentHashMap@ad640bf
      q = class com.ibm.ws.classloading.internal.util.RefQueue@73c87976
      serialVersionUID = 6715157558227169968
      $$$tc$$$ = class com.ibm.websphere.ras.TraceComponent@2dd58f0e
    tcclStore = class com.ibm.ws.classloading.internal.util.CanonicalStore@4af2d0ea
      map = class java.util.concurrent.ConcurrentHashMap@1266ea94
      q = class com.ibm.ws.classloading.internal.util.RefQueue@25ca313d
      serialVersionUID = 6715157558227169968
      $$$tc$$$ = class com.ibm.websphere.ras.TraceComponent@2dd58f0e
    tcclStoreLock = class java.util.concurrent.locks.ReentrantLock@4afe05a3
      serialVersionUID = 7373984872572414699
      sync = class java.util.concurrent.locks.ReentrantLock$NonfairSync@51025161
    digraph = class org.eclipse.equinox.internal.region.StandardRegionDigraph@72202ab8
      EMPTY_EDGE_SET = class java.util.Collections$UnmodifiableSet@78f2e4c3
      monitor = class java.lang.Object@b31f7be
      regions = class java.util.HashMap@7eb1252d
      bundleIdToRegionMapping = class org.eclipse.equinox.internal.region.StandardBundleIdToRegionMapping@33321177
      edges = class java.util.HashMap@5c093f2e
      bundleContext = class org.eclipse.osgi.internal.framework.BundleContextImpl@c81cdd1
      threadLocal = class java.lang.ThreadLocal@5801af16
      subgraphTraverser = class org.eclipse.equinox.internal.region.SubgraphTraverser@2fee7176
      bundleCollisionHook = class org.eclipse.equinox.internal.region.hook.RegionBundleCollisionHook@cf46455
      bundleEventHook = class org.eclipse.equinox.internal.region.hook.RegionBundleEventHook@1991caaa
      bundleFindHook = class org.eclipse.equinox.internal.region.hook.RegionBundleFindHook@4cbdaf91
      serviceEventHook = class org.eclipse.equinox.internal.region.hook.RegionServiceEventHook@108402b1
      serviceFindHook = class org.eclipse.equinox.internal.region.hook.RegionServiceFindHook@3f7d1a38
      resolverHookFactory = class org.eclipse.equinox.internal.region.hook.RegionResolverHookFactory@282e43e7
      origin = null
      originUpdateCount = -1
      updateCount = class java.util.concurrent.atomic.AtomicLong@94eb054
      defaultRegion = null
    redefiner = class com.ibm.ws.classloading.internal.util.ClassRedefiner@11cc1158
      tc = class com.ibm.websphere.ras.TraceComponent@7e96d0c5
      LS = "
"
      inst = class com.ibm.ws.kernel.launch.internal.TraceInstrumentation@391f8f
      serialVersionUID = 2420101865139508526
    listener = class com.ibm.ws.classloading.internal.ClassLoadingServiceImpl$1@1278316c
      this$0 = class com.ibm.ws.classloading.internal.ClassLoadingServiceImpl@1015bcda
      serialVersionUID = -9159707349812113172
      $$$tc$$$ = class com.ibm.websphere.ras.TraceComponent@2ef72c02
    classloaders = class java.util.Collections$SynchronizedMap@4e51d649
      serialVersionUID = 1978198479659022715
      m = class java.util.HashMap@431fd6c2
      mutex = class java.util.Collections$SynchronizedMap@4e51d649
      keySet = null
      entrySet = null
      values = null
    resourceProviders = class com.ibm.ws.classloading.internal.CompositeResourceProvider@7438013d
      lockFactory = class java.util.concurrent.locks.ReentrantReadWriteLock@615c5265
      providerMap = class com.ibm.ws.classloading.internal.util.MultiMap@6cca0a63
      serialVersionUID = -5576435894946156347
      $$$tc$$$ = class com.ibm.websphere.ras.TraceComponent@d30dc62
    rememberedBundles = class java.util.concurrent.ConcurrentHashMap@7be90e8
      serialVersionUID = 7249069246763182397
      MAXIMUM_CAPACITY = 1073741824
      DEFAULT_CAPACITY = 16
      MAX_ARRAY_SIZE = 2147483639
      DEFAULT_CONCURRENCY_LEVEL = 16
      LOAD_FACTOR = 0.75
      TREEIFY_THRESHOLD = 8
      UNTREEIFY_THRESHOLD = 6
      MIN_TREEIFY_CAPACITY = 64
      MIN_TRANSFER_STRIDE = 16
      RESIZE_STAMP_BITS = 16
      MAX_RESIZERS = 65535
      RESIZE_STAMP_SHIFT = 16
      MOVED = -1
      TREEBIN = -2
      RESERVED = -3
      HASH_BITS = 2147483647
      NCPU = 4
      serialPersistentFields = class java.io.ObjectStreamField[3]
      table = class java.util.concurrent.ConcurrentHashMap$Node[16]
      nextTable = null
      baseCount = 2
      sizeCtl = 12
      transferIndex = 0
      cellsBusy = 0
      counterCells = null
      keySet = null
      values = null
      entrySet = null
      U = class sun.misc.Unsafe@388eb2ce
      SIZECTL = 20
      TRANSFERINDEX = 32
      BASECOUNT = 24
      CELLSBUSY = 36
      CELLVALUE = 144
      ABASE = 16
      ASHIFT = 2
      keySet = null
      values = null
    collectedBundles = class java.lang.ref.ReferenceQueue@541e2222
      NULL = class java.lang.ref.ReferenceQueue$Null@75a3da73
      ENQUEUED = class java.lang.ref.ReferenceQueue$Null@16b185fe
      lock = class java.lang.ref.ReferenceQueue$Lock@77e9d7eb
      head = null
      queueLength = 0
      $assertionsDisabled = true
    generatorRefs = class com.ibm.wsspi.kernel.service.utils.ConcurrentServiceReferenceSet@14bd4576
      referenceName = "generators"
      contextRef = class java.util.concurrent.atomic.AtomicReference@3cf02f90
      elementMap = class java.util.LinkedHashMap@3ee82cd9
      elementSet = class java.util.concurrent.ConcurrentSkipListSet@181bd268
      elementSetUnsorted = false
      serialVersionUID = 756240983881166148
      $$$tc$$$ = class com.ibm.websphere.ras.TraceComponent@71f90d27
    generatorManager = class com.ibm.ws.classloading.internal.ClassGeneratorManager@5ba6e63e
      tc = class com.ibm.websphere.ras.TraceComponent@6a5c4d7
      generatorRefs = class com.ibm.wsspi.kernel.service.utils.ConcurrentServiceReferenceSet@14bd4576
      serialVersionUID = 4152663586056483310
    metaInfServicesProviders = class java.util.concurrent.ConcurrentHashMap@20388f35
      serialVersionUID = 7249069246763182397
      MAXIMUM_CAPACITY = 1073741824
      DEFAULT_CAPACITY = 16
      MAX_ARRAY_SIZE = 2147483639
      DEFAULT_CONCURRENCY_LEVEL = 16
      LOAD_FACTOR = 0.75
      TREEIFY_THRESHOLD = 8
      UNTREEIFY_THRESHOLD = 6
      MIN_TREEIFY_CAPACITY = 64
      MIN_TRANSFER_STRIDE = 16
      RESIZE_STAMP_BITS = 16
      MAX_RESIZERS = 65535
      RESIZE_STAMP_SHIFT = 16
      MOVED = -1
      TREEBIN = -2
      RESERVED = -3
      HASH_BITS = 2147483647
      NCPU = 4
      serialPersistentFields = class java.io.ObjectStreamField[3]
      table = null
      nextTable = null
      baseCount = 0
      sizeCtl = 0
      transferIndex = 0
      cellsBusy = 0
      counterCells = null
      keySet = null
      values = null
      entrySet = null
      U = class sun.misc.Unsafe@388eb2ce
      SIZECTL = 20
      TRANSFERINDEX = 32
      BASECOUNT = 24
      CELLSBUSY = 36
      CELLVALUE = 144
      ABASE = 16
      ASHIFT = 2
      keySet = null
      values = null
    metaInfServicesRefs = class com.ibm.wsspi.kernel.service.utils.ConcurrentServiceReferenceMap@5372620a
      referenceName = "MetaInfServicesProvider"
      context = class org.apache.felix.scr.impl.manager.ComponentContextImpl@6aa2f610
      elementMap = class java.util.concurrent.ConcurrentHashMap@29683b7c
      serialVersionUID = 6980924785166233786
      $$$tc$$$ = class com.ibm.websphere.ras.TraceComponent@3045fed6
    protectionDomainMap = class java.util.HashMap@76585574
      serialVersionUID = 362498820763181265
      DEFAULT_INITIAL_CAPACITY = 16
      MAXIMUM_CAPACITY = 1073741824
      DEFAULT_LOAD_FACTOR = 0.75
      TREEIFY_THRESHOLD = 8
      UNTREEIFY_THRESHOLD = 6
      MIN_TREEIFY_CAPACITY = 64
      table = null
      entrySet = null
      size = 0
      modCount = 0
      threshold = 0
      loadFactor = 0.75
      keySet = null
      values = null
    metadataIdentifierService = class com.ibm.ws.container.service.metadata.internal.MetaDataServiceImpl@186f9e43
    serialVersionUID = 4744076773827852552
  globalSharedLibrary = class com.ibm.ws.library.internal.SharedLibraryImpl@6718778c
    tc = class com.ibm.websphere.ras.TraceComponent@3347f7aa
      strings[0] = "TraceComponent[com.ibm.ws.library.internal.SharedLibraryImpl,class com.ibm.ws.library.internal.SharedLibraryImpl,[SharedLibrary],com.ibm.ws.classloading.internal.resources.ClassLoadingServiceMessages,null]"
    EMPTY_LIBRARY_LISTENERS = interface com.ibm.wsspi.library.LibraryChangeListener[0]
    deleted = false
    libraryListenersTracker = class org.osgi.util.tracker.ServiceTracker@441b19ca
      DEBUG = false
      context = class org.eclipse.osgi.internal.framework.BundleContextImpl@41122286
      filter = class org.eclipse.osgi.internal.framework.FilterImpl@29d0ba77
      customizer = class org.osgi.util.tracker.ServiceTracker@441b19ca
      listenerFilter = "(&(objectClass=com.ibm.wsspi.library.LibraryChangeListener)(|(library=global)(libraryRef=*com.ibm.ws.classloading.sharedlibrary_4*)))"
      trackClass = null
      trackReference = null
      tracked = class org.osgi.util.tracker.ServiceTracker$Tracked@6f1ea5b7
      cachedReference = null
      cachedService = null
    libraryReg = class org.eclipse.osgi.internal.serviceregistry.ServiceRegistrationImpl@792c890c
      registry = class org.eclipse.osgi.internal.serviceregistry.ServiceRegistry@af28724
      context = class org.eclipse.osgi.internal.framework.BundleContextImpl@41122286
      bundle = class org.eclipse.osgi.internal.framework.EquinoxBundle@4fb2e71b
      clazzes = class java.lang.String[1]
      service = class com.ibm.ws.library.internal.SharedLibraryImpl@6718778c
      reference = class org.eclipse.osgi.internal.serviceregistry.ServiceReferenceImpl@428a0e45
      contextsUsing = class java.util.ArrayList@19c44c6a
      properties = class org.eclipse.osgi.internal.serviceregistry.ServiceProperties@79123d1
      serviceid = 235
      serviceranking = 0
      registrationLock = class java.lang.Object@17ee7b2d
      state = 0
      REGISTERED = 0
      UNREGISTERING = 1
      UNREGISTERED = 2
      $assertionsDisabled = true
    ctx = class org.eclipse.osgi.internal.framework.BundleContextImpl@41122286
    classLoadingService = class com.ibm.ws.classloading.internal.ClassLoadingServiceImpl@1015bcda
    configAdmin = class com.ibm.ws.config.admin.internal.ConfigurationAdminImpl@1e422051
      bundle = class org.eclipse.osgi.internal.framework.EquinoxBundle@4fb2e71b
      caFactory = class com.ibm.ws.config.admin.internal.ConfigAdminServiceFactory@11840e87
      serialVersionUID = -3783880043350273893
      $$$tc$$$ = class com.ibm.websphere.ras.TraceComponent@207655f1
    resolvedBasePath = "C:/Users/ahatua/Google Drive/fall17/CSC733/assignment2/liberty/usr/servers/defaultServer/"
    generationLock = class com.ibm.ws.library.internal.SharedLibraryImpl$1@4dc2570b
      this$0 = class com.ibm.ws.library.internal.SharedLibraryImpl@6718778c
      serialVersionUID = 2483639803450672373
      $$$tc$$$ = class com.ibm.websphere.ras.TraceComponent@99767a2
    currentGeneration = class com.ibm.ws.library.internal.LibraryGeneration@6c1570f5
      tc = class com.ibm.websphere.ras.TraceComponent@58c869e
      nextInt = class java.util.concurrent.atomic.AtomicInteger@992557c
      libraryId = "global"
      genId = 0
      libraryProps = class java.util.Hashtable@129e073f
      filesetRefs = class java.util.Collections$UnmodifiableRandomAccessList@5432f133
      apiTypeVisibility = class java.util.RegularEnumSet@6ad585e7
      files = class java.util.Collections$EmptyList@7a6062fb
      folders = class java.util.ArrayList@71771474
      fileAndFolderContainers = class java.util.Collections$EmptyList@7a6062fb
      filesets = class java.util.concurrent.ArrayBlockingQueue@13b2429a
      filesetListenerRegs = class java.util.concurrent.ConcurrentLinkedQueue@50ca92b6
      cancelled = false
      library = class com.ibm.ws.library.internal.SharedLibraryImpl@6718778c
      serialVersionUID = 6965220007121905717
    nextGeneration = class com.ibm.ws.library.internal.LibraryGeneration@6c1570f5
    artifactContainerFactory = class com.ibm.ws.library.internal.SharedLibraryFactory$1@705ce1f4
      this$0 = class com.ibm.ws.library.internal.SharedLibraryFactory@c3678d9
      serialVersionUID = 7730244564205089330
      $$$tc$$$ = class com.ibm.websphere.ras.TraceComponent@34d29ee9
    packageExporter = class com.ibm.ws.library.internal.LibraryPackageExporter@7f131706
      EXPORTER_POSTFIX = "_library_exporter"
      REGION_EXPORT_TO_LIBERTY = "liberty.library.export.to.liberty"
      REGION_EXPORT_TO_OSGI_APPS = "liberty.library.export.to.osgi.app"
      REGION_KERNEL = "org.eclipse.equinox.region.kernel"
      counter = class java.util.concurrent.atomic.AtomicLong@15782ea
      context = class org.eclipse.osgi.internal.framework.BundleContextImpl@41122286
      digraph = class org.eclipse.equinox.internal.region.StandardRegionDigraph@72202ab8
      bundleToLibrary = class java.util.concurrent.ConcurrentHashMap@500b9193
      libraryToVisibility = class java.util.concurrent.ConcurrentHashMap@31c94b5
      serialVersionUID = 8074378969667956573
      $$$tc$$$ = class com.ibm.websphere.ras.TraceComponent@4339ee09
    serialVersionUID = 6288237618632180389
  sharedLibDeploymentInfo = class com.ibm.ws.app.manager.module.internal.DeployedAppInfoBase$SharedLibDeploymentInfo@25c8b7a0
    bundleContext = class org.eclipse.osgi.internal.framework.BundleContextImpl@291fdac7
      findHookName = "org.osgi.framework.hooks.bundle.FindHook"
      valid = true
      bundle = class org.eclipse.osgi.internal.framework.EquinoxBundle@71bb57aa
      container = class org.eclipse.osgi.internal.framework.EquinoxContainer@30c6aadd
      debug = class org.eclipse.osgi.internal.debug.Debug@755053d5
      servicesInUse = class java.util.HashMap@8f26cb5
      activator = null
      contextLock = class java.lang.Object@265c06d1
    locAdmin = class com.ibm.ws.kernel.service.location.internal.WsLocationAdminImpl@23f47288
      tc = class com.ibm.websphere.ras.TraceComponent@1451f2b
      LOC_INTERNAL_LIB_DIR = "wlp.lib.dir"
      LOC_AREA_NAME_APPS = "shared/apps/"
      LOC_AREA_NAME_CONFIG = "shared/config/"
      LOC_AREA_NAME_RESC = "shared/resources/"
      LOC_AREA_NAME_STATE = "logs/state/"
      LOC_AREA_NAME_SERVERS = "servers/"
      LOC_AREA_NAME_CLIENTS = "clients/"
      LOC_AREA_NAME_WORKING = "workarea/"
      LOC_AREA_NAME_EXTENSION = "extension/"
      instance = class com.ibm.ws.kernel.service.location.internal.WsLocationAdminImpl@23f47288
      installRoot = class com.ibm.ws.kernel.service.location.internal.SymbolicRootResource@33d39d19
      installParentRoot = class com.ibm.ws.kernel.service.location.internal.SymbolicRootResource@4e3cff05
      userRoot = class com.ibm.ws.kernel.service.location.internal.SymbolicRootResource@26678e65
      usrExtensionRoot = class com.ibm.ws.kernel.service.location.internal.SymbolicRootResource@4055a1b0
      serverConfigDir = class com.ibm.ws.kernel.service.location.internal.SymbolicRootResource@6fc1c7f6
      serverOutputDir = class com.ibm.ws.kernel.service.location.internal.SymbolicRootResource@6fc1c7f6
      bootstrapLib = class com.ibm.ws.kernel.service.location.internal.LocalFileResource@462cc9dc
      serverWorkarea = class com.ibm.ws.kernel.service.location.internal.LocalFileResource@5c2263da
      serverState = class com.ibm.ws.kernel.service.location.internal.LocalFileResource@319701cf
      sharedAppsRoot = class com.ibm.ws.kernel.service.location.internal.SymbolicRootResource@50888e7c
      sharedConfigRoot = class com.ibm.ws.kernel.service.location.internal.SymbolicRootResource@704adf98
      sharedResourceRoot = class com.ibm.ws.kernel.service.location.internal.SymbolicRootResource@3fb95ef8
      tmpRoot = class com.ibm.ws.kernel.service.location.internal.SymbolicRootResource@36a9a9b9
      serverName = "defaultServer"
      resourcePaths = class java.util.ArrayList@22c63a7e
      resourceGroups = class java.util.HashMap@45687a1
      commonRoot = class com.ibm.ws.kernel.service.location.internal.VirtualRootResource@716d474d
      serialVersionUID = 7766352982799267432
    artifactFactory = class com.ibm.ws.artifact.internal.ArtifactContainerFactoryService@480c033d
      CATEGORY_PROP_NAME = "category"
      ENTRY_KEY = "com.ibm.wsspi.artifact.ArtifactEntry"
      helperMap = class com.ibm.wsspi.kernel.service.utils.ConcurrentServiceReferenceSetMap@57240b55
      contributorMap = class com.ibm.wsspi.kernel.service.utils.ConcurrentServiceReferenceSetMap@32e3aff8
      helperCategoryMap = class com.ibm.wsspi.kernel.service.utils.ConcurrentServiceReferenceSetMap@757effef
      contributorCategoryMap = class com.ibm.wsspi.kernel.service.utils.ConcurrentServiceReferenceSetMap@451a93ac
      categories = class java.util.Collections$SynchronizedSet@329356f9
      baseProperties = class org.apache.felix.scr.impl.helper.ReadOnlyDictionary@1d20a33c
      serialVersionUID = -3101641399269402013
      $$$tc$$$ = class com.ibm.websphere.ras.TraceComponent@384d2689
    moduleFactory = class com.ibm.ws.adaptable.module.internal.AdaptableModuleFactoryImpl@28f933f7
      adapterFactoryService = class com.ibm.ws.adaptable.module.internal.AdapterFactoryServiceImpl@6f60912a
      containerFactory = class com.ibm.ws.artifact.internal.ArtifactContainerFactoryService@480c033d
      overlayContainerFactory = class com.ibm.ws.artifact.overlay.internal.OverlayContainerFactoryImpl@6553b1eb
      serialVersionUID = 4200251809856292987
      $$$tc$$$ = class com.ibm.websphere.ras.TraceComponent@763326f8
    classesContainerInfo = class java.util.ArrayList@1f14f8ef
      serialVersionUID = 8683452581122892189
      DEFAULT_CAPACITY = 10
      EMPTY_ELEMENTDATA = class java.lang.Object[0]
      DEFAULTCAPACITY_EMPTY_ELEMENTDATA = class java.lang.Object[0]
      elementData = class java.lang.Object[0]
      size = 0
      MAX_ARRAY_SIZE = 2147483639
      modCount = 0
      MAX_ARRAY_SIZE = 2147483639
    serialVersionUID = -9033256786848720484
    $$$tc$$$ = class com.ibm.websphere.ras.TraceComponent@7a56ed5e
      strings[0] = "TraceComponent[com.ibm.ws.app.manager.module.internal.DeployedAppInfoBase$SharedLibDeploymentInfo,class com.ibm.ws.app.manager.module.internal.DeployedAppInfoBase$SharedLibDeploymentInfo,[applications, app.manager],,null]"
  futureMonitor = class com.ibm.ws.threading.internal.FutureMonitorImpl@712e7349
    _monitor = class java.util.concurrent.ConcurrentLinkedQueue@708e4cf9
      serialVersionUID = 196745693267521676
      head = class java.util.concurrent.ConcurrentLinkedQueue$Node@486fb3a4
      tail = class java.util.concurrent.ConcurrentLinkedQueue$Node@486fb3a4
      UNSAFE = class sun.misc.Unsafe@388eb2ce
      headOffset = 12
      tailOffset = 16
      MAX_ARRAY_SIZE = 2147483639
    _executor = class com.ibm.ws.threading.internal.ScheduledExecutorImpl@4b928073
      threadGroupName = "Scheduled Executor Thread Group"
      executor = class com.ibm.ws.threading.internal.ExecutorServiceImpl@6586a2e7
      serialVersionUID = -9110693807503469597
      $$$tc$$$ = class com.ibm.websphere.ras.TraceComponent@3272b725
      continueExistingPeriodicTasksAfterShutdown = false
      executeExistingDelayedTasksAfterShutdown = true
      removeOnCancel = false
      sequencer = class java.util.concurrent.atomic.AtomicLong@1676cff5
      ctl = class java.util.concurrent.atomic.AtomicInteger@5f6bbdfb
      COUNT_BITS = 29
      CAPACITY = 536870911
      RUNNING = -536870912
      SHUTDOWN = 0
      STOP = 536870912
      TIDYING = 1073741824
      TERMINATED = 1610612736
      workQueue = class java.util.concurrent.ScheduledThreadPoolExecutor$DelayedWorkQueue@5e4c821e
      mainLock = class java.util.concurrent.locks.ReentrantLock@5a97e443
      workers = class java.util.HashSet@7abe8183
      termination = class java.util.concurrent.locks.AbstractQueuedSynchronizer$ConditionObject@78386f4a
      largestPoolSize = 1
      completedTaskCount = 0
      threadFactory = class com.ibm.ws.threading.internal.ThreadFactoryImpl@42de4e21
      handler = class java.util.concurrent.ThreadPoolExecutor$AbortPolicy@278e1fc5
      keepAliveTime = 0
      allowCoreThreadTimeOut = false
      corePoolSize = 1
      maximumPoolSize = 2147483647
      defaultHandler = class java.util.concurrent.ThreadPoolExecutor$AbortPolicy@278e1fc5
      shutdownPerm = class java.lang.RuntimePermission@29b2302e
      ONLY_ONE = true
      $assertionsDisabled = true
    _threadRunning = class java.util.concurrent.atomic.AtomicBoolean@74b276bd
      serialVersionUID = 4654671469794556979
      unsafe = class sun.misc.Unsafe@388eb2ce
      valueOffset = 12
      value = 0
    _thread = class com.ibm.ws.threading.internal.FutureMonitorImpl$1@4ce3a136
      this$0 = class com.ibm.ws.threading.internal.FutureMonitorImpl@712e7349
      serialVersionUID = 2422512430832938099
      $$$tc$$$ = class com.ibm.websphere.ras.TraceComponent@232f29c9
    serialVersionUID = 2765238413969174390
    $$$tc$$$ = class com.ibm.websphere.ras.TraceComponent@75f72464
      strings[0] = "TraceComponent[com.ibm.ws.threading.internal.FutureMonitorImpl,class com.ibm.ws.threading.internal.FutureMonitorImpl,[Threading],com.ibm.ws.threading.internal.resources.ThreadingMessages,null]"
  configAdmin = class com.ibm.ws.config.admin.internal.ConfigurationAdminImpl@4c87d8c1
    bundle = class org.eclipse.osgi.internal.framework.EquinoxBundle@71bb57aa
      equinoxContainer = class org.eclipse.osgi.internal.framework.EquinoxContainer@30c6aadd
      module = class org.eclipse.osgi.internal.framework.EquinoxBundle$EquinoxModule@254d085e
      monitor = class java.lang.Object@2064189e
      context = class org.eclipse.osgi.internal.framework.BundleContextImpl@291fdac7
      signerInfos = null
      $SWITCH_TABLE$org$eclipse$osgi$container$Module$State = {1,2,3,4,5,6,7} /* array length = 7*/
    caFactory = class com.ibm.ws.config.admin.internal.ConfigAdminServiceFactory@11840e87
      tc = class com.ibm.websphere.ras.TraceComponent@4b084b1a
      configurationPermission = class org.osgi.service.cm.ConfigurationPermission@18627f89
      INDEX_DICTIONARY = 0
      INDEX_LOCATION = 1
      INDEX_METATYPE_PROCESSED = 2
      INDEX_IN_OVERRIDES_FILE = 3
      INDEX_REFERENCES = 4
      INDEX_UNIQUES = 5
      bundleContext = class org.eclipse.osgi.internal.framework.BundleContextImpl@6233b194
      msTracker = class com.ibm.ws.config.admin.internal.ManagedServiceTracker@5271ba16
      msfTracker = class com.ibm.ws.config.admin.internal.ManagedServiceFactoryTracker@3886075e
      pluginManager = class com.ibm.ws.config.admin.internal.PluginManager@2cdbbc34
      configurationStore = class com.ibm.ws.config.admin.internal.ConfigurationStore@27ce0011
      updateQueue = class com.ibm.ws.config.admin.internal.UpdateQueue@7830aff4
      ced = class com.ibm.ws.config.admin.internal.ConfigEventDispatcher@7004eb5b
      idMap = class java.util.Collections$SynchronizedMap@14fd373
      referenceMap = class java.util.Collections$SynchronizedMap@56d685c3
      variableRegistryTracker = class org.osgi.util.tracker.ServiceTracker@2b64dfe2
      variableRegistry = class com.ibm.ws.kernel.service.location.internal.VariableRegistryHelper@7cedb7e6
      configurationAdminRef = class org.eclipse.osgi.internal.serviceregistry.ServiceRegistrationImpl@384ae641
      serialVersionUID = 6695202270027014725
    serialVersionUID = -3783880043350273893
    $$$tc$$$ = class com.ibm.websphere.ras.TraceComponent@207655f1
      strings[0] = "TraceComponent[com.ibm.ws.config.admin.internal.ConfigurationAdminImpl,class com.ibm.ws.config.admin.internal.ConfigurationAdminImpl,[config],com.ibm.ws.config.internal.resources.ConfigMessages,null]"
  libraryConfigHelper = class com.ibm.ws.classloading.ClassLoaderConfigHelper@60b273ca
    tc = class com.ibm.websphere.ras.TraceComponent@167e443f
      strings[0] = "TraceComponent[com.ibm.ws.classloading.ClassLoaderConfigHelper,class com.ibm.ws.classloading.ClassLoaderConfigHelper,[ClassLoadingService],com.ibm.ws.classloading.internal.resources.ClassLoadingServiceMessages,null]"
    DEFAULT_API_TYPES = class java.util.RegularEnumSet@272e8fb5
      serialVersionUID = 3411599620347842686
      elements = 23
      elementType = class java.lang.Class@10c13863
      universe = class com.ibm.wsspi.classloading.ApiType[5]
      ZERO_LENGTH_ENUM_ARRAY = class java.lang.Enum[0]
      MAX_ARRAY_SIZE = 2147483639
    sharedLibraries = class java.util.Collections$EmptyList@7a6062fb
      serialVersionUID = 8842843931221139166
      modCount = 0
      MAX_ARRAY_SIZE = 2147483639
    commonLibraries = class java.util.Collections$EmptyList@7a6062fb
    classProviders = class java.util.Collections$EmptyList@7a6062fb
    sharedLibrariesPids = null
    commonLibrariesPids = null
    isDelegateLast = false
    apiTypes = class java.util.RegularEnumSet@272e8fb5
    classLoaderConfigProps = null
    serialVersionUID = -4461331051796146154
  isDelegateLast = false
  permissionManager = class com.ibm.ws.security.java2sec.PermissionManager@4d3769b4
    tc = class com.ibm.websphere.ras.TraceComponent@6718fb61
      strings[0] = "TraceComponent[com.ibm.ws.security.java2sec.PermissionManager,class com.ibm.ws.security.java2sec.PermissionManager,[Java2SecurityUtil],com.ibm.ws.security.java2sec.resources.Java2SecurityUtilMessages,null]"
    classLoadingService = class com.ibm.ws.classloading.internal.ClassLoadingServiceImpl@1015bcda
    DEFAULT_SERVER_RESTRICTABLE_PERMISSIONS = class java.security.Permission[4]
      DEFAULT_SERVER_RESTRICTABLE_PERMISSIONS[0] = class java.lang.RuntimePermission@1e5883a
      DEFAULT_SERVER_RESTRICTABLE_PERMISSIONS[1] = class java.lang.RuntimePermission@74302259
      DEFAULT_SERVER_RESTRICTABLE_PERMISSIONS[2] = class java.security.SecurityPermission@405e61e8
      DEFAULT_SERVER_RESTRICTABLE_PERMISSIONS[3] = class javax.security.auth.AuthPermission@28e0d08a
    DEFAULT_CLIENT_RESTRICTABLE_PERMISSIONS = class java.security.Permission[3]
      DEFAULT_CLIENT_RESTRICTABLE_PERMISSIONS[0] = class java.lang.RuntimePermission@626853c6
      DEFAULT_CLIENT_RESTRICTABLE_PERMISSIONS[1] = class java.security.SecurityPermission@67fd9d14
      DEFAULT_CLIENT_RESTRICTABLE_PERMISSIONS[2] = class javax.security.auth.AuthPermission@2abf764d
    isServer = true
    wsjarUrlStreamHandlerAvailable = true
    restrictablePermissions = class java.util.ArrayList@47dddab
      serialVersionUID = 8683452581122892189
      DEFAULT_CAPACITY = 10
      EMPTY_ELEMENTDATA = class java.lang.Object[0]
      DEFAULTCAPACITY_EMPTY_ELEMENTDATA = class java.lang.Object[0]
      elementData = class java.lang.Object[10]
      size = 4
      MAX_ARRAY_SIZE = 2147483639
      modCount = 4
      MAX_ARRAY_SIZE = 2147483639
    grantedPermissions = class java.util.ArrayList@79b8dafd
      serialVersionUID = 8683452581122892189
      DEFAULT_CAPACITY = 10
      EMPTY_ELEMENTDATA = class java.lang.Object[0]
      DEFAULTCAPACITY_EMPTY_ELEMENTDATA = class java.lang.Object[0]
      elementData = class java.lang.Object[0]
      size = 0
      MAX_ARRAY_SIZE = 2147483639
      modCount = 0
      MAX_ARRAY_SIZE = 2147483639
    KEY_PERMISSION = "permission"
    INCORRECT_PERMISSION_CONFIGURATION = "INCORRECT_PERMISSION_CONFIGURATION"
    PERMISSION_CLASSNOTFOUND = "PERMISSION_CLASSNOTFOUND"
    SERVER_XML = "server.xml"
    CLIENT_XML = "client.xml"
    originationFile = "server.xml"
    permissions = class com.ibm.wsspi.kernel.service.utils.ConcurrentServiceReferenceSet@20052fd1
      referenceName = "permission"
      contextRef = class java.util.concurrent.atomic.AtomicReference@77c6b72f
      elementMap = class java.util.LinkedHashMap@6d6f877d
      elementSet = class java.util.concurrent.ConcurrentSkipListSet@4d9c6391
      elementSetUnsorted = false
      serialVersionUID = 756240983881166148
      $$$tc$$$ = class com.ibm.websphere.ras.TraceComponent@71f90d27
    codeBasePermissionMap = class java.util.HashMap@3c2679e
      serialVersionUID = 362498820763181265
      DEFAULT_INITIAL_CAPACITY = 16
      MAXIMUM_CAPACITY = 1073741824
      DEFAULT_LOAD_FACTOR = 0.75
      TREEIFY_THRESHOLD = 8
      UNTREEIFY_THRESHOLD = 6
      MIN_TREEIFY_CAPACITY = 64
      table = null
      entrySet = null
      size = 0
      modCount = 0
      threshold = 0
      loadFactor = 0.75
      keySet = class java.util.HashMap$KeySet@5606b060
      values = null
    permissionXMLPermissionMap = class java.util.HashMap@693862c8
      serialVersionUID = 362498820763181265
      DEFAULT_INITIAL_CAPACITY = 16
      MAXIMUM_CAPACITY = 1073741824
      DEFAULT_LOAD_FACTOR = 0.75
      TREEIFY_THRESHOLD = 8
      UNTREEIFY_THRESHOLD = 6
      MIN_TREEIFY_CAPACITY = 64
      table = null
      entrySet = null
      size = 0
      modCount = 0
      threshold = 0
      loadFactor = 0.75
      keySet = null
      values = null
    serialVersionUID = -1314772785255050069
  permissionsConfig = null
  serialVersionUID = -6908382869835671687
  appInfo = class com.ibm.ws.container.service.app.deploy.internal.ApplicationInfoImpl@1e5f9f72
    appName = "GetStartedJava"
    appMetaData = class com.ibm.ws.container.service.app.deploy.internal.ApplicationMetaDataImpl@704ecb1f
      j2eeName = class com.ibm.ws.container.service.metadata.internal.J2EENameImpl@a8ba122
      serialVersionUID = -7906531148367236579
      $$$tc$$$ = class com.ibm.websphere.ras.TraceComponent@5377380
      tc = class com.ibm.websphere.ras.TraceComponent@5e393a53
      NUM_STATIC_SLOTS = 4
      ID_UNINITIALIZED = -1
      id = 0
      metaDataInterface = class java.lang.Class@24b553cb
      staticSlots = class java.lang.Object[4]
      dynamicSlots = class java.lang.Object[4]
    appContainer = class com.ibm.ws.adaptable.module.internal.AdaptableContainerImpl@340a298c
    configHelper = class com.ibm.ws.app.manager.module.ApplicationNestedConfigHelper@6cfd18da
      appInfo = class com.ibm.ws.app.manager.internal.ApplicationInstallInfo@1f8ed641
      serialVersionUID = -3174031738676705046
      $$$tc$$$ = class com.ibm.websphere.ras.TraceComponent@5b4dad48
    serialVersionUID = 7091777744534637201
    $$$tc$$$ = class com.ibm.websphere.ras.TraceComponent@13291f93
      strings[0] = "TraceComponent[com.ibm.ws.container.service.app.deploy.internal.ApplicationInfoImpl,class com.ibm.ws.container.service.app.deploy.internal.ApplicationInfoImpl,[container.service],com.ibm.ws.container.service.resources.Messages,null]"
  modulesDeployed = class java.util.ArrayList@778a6e26
    serialVersionUID = 8683452581122892189
    DEFAULT_CAPACITY = 10
    EMPTY_ELEMENTDATA = class java.lang.Object[0]
    DEFAULTCAPACITY_EMPTY_ELEMENTDATA = class java.lang.Object[0]
    elementData = class java.lang.Object[0]
    size = 0
    MAX_ARRAY_SIZE = 2147483639
    modCount = 0
    MAX_ARRAY_SIZE = 2147483639
  starting = false
  started = false
  appInfoFactory = class com.ibm.ws.container.service.app.deploy.internal.ApplicationInfoFactoryImpl@624bbe88
    j2eeNameFactory = class com.ibm.wsspi.kernel.service.utils.AtomicServiceReference@56682220
      referenceName = "j2eeNameFactory"
      tuple = class java.util.concurrent.atomic.AtomicReference@3206b0b9
      serialVersionUID = 2226592364007985000
      $$$tc$$$ = class com.ibm.websphere.ras.TraceComponent@699085f3
    names = class java.util.HashSet@5f9ae49b
      serialVersionUID = -5024744406713321676
      map = class java.util.HashMap@c4cda3c
      PRESENT = class java.lang.Object@1800d947
      MAX_ARRAY_SIZE = 2147483639
    serialVersionUID = 6232436640731165768
    $$$tc$$$ = class com.ibm.websphere.ras.TraceComponent@499d53f7
      strings[0] = "TraceComponent[com.ibm.ws.container.service.app.deploy.internal.ApplicationInfoFactoryImpl,class com.ibm.ws.container.service.app.deploy.internal.ApplicationInfoFactoryImpl,[container.service],com.ibm.ws.container.service.resources.Messages,null]"
  metaDataService = class com.ibm.ws.container.service.metadata.internal.MetaDataServiceImpl@186f9e43
    applicationMetaDataManager = class com.ibm.ws.container.service.metadata.internal.ApplicationMetaDataManager@479b05b9
      serialVersionUID = 1843747281024490904
      $$$tc$$$ = class com.ibm.websphere.ras.TraceComponent@44f3b7ad
      listeners = class com.ibm.wsspi.kernel.service.utils.ConcurrentServiceReferenceSet@7e051c44
      metaDataIDs = class com.ibm.ws.container.service.metadata.internal.IndexList@38bddf9d
      metaDatas = class java.util.ArrayList@3ea143d0
      slotIDs = class com.ibm.ws.container.service.metadata.internal.IndexList@42bd13ce
      serialVersionUID = 5464421863354792977
      $$$tc$$$ = class com.ibm.websphere.ras.TraceComponent@33b1a656
    moduleMetaDataManager = class com.ibm.ws.container.service.metadata.internal.ModuleMetaDataManager@22b9a333
      serialVersionUID = 2513574389899327209
      $$$tc$$$ = class com.ibm.websphere.ras.TraceComponent@4481fa16
      listeners = class com.ibm.wsspi.kernel.service.utils.ConcurrentServiceReferenceSet@644b64b9
      metaDataIDs = class com.ibm.ws.container.service.metadata.internal.IndexList@4d8af5c9
      metaDatas = class java.util.ArrayList@4fe87942
      slotIDs = class com.ibm.ws.container.service.metadata.internal.IndexList@6dba077c
      serialVersionUID = 5464421863354792977
      $$$tc$$$ = class com.ibm.websphere.ras.TraceComponent@33b1a656
    componentMetaDataManager = class com.ibm.ws.container.service.metadata.internal.ComponentMetaDataManager@49229555
      serialVersionUID = 8629793739641703882
      $$$tc$$$ = class com.ibm.websphere.ras.TraceComponent@5fbd1788
      listeners = class com.ibm.wsspi.kernel.service.utils.ConcurrentServiceReferenceSet@4241ba2c
      metaDataIDs = class com.ibm.ws.container.service.metadata.internal.IndexList@22082258
      metaDatas = class java.util.ArrayList@2de2bd45
      slotIDs = class com.ibm.ws.container.service.metadata.internal.IndexList@76902fd7
      serialVersionUID = 5464421863354792977
      $$$tc$$$ = class com.ibm.websphere.ras.TraceComponent@33b1a656
    methodMetaDataManager = class com.ibm.ws.container.service.metadata.internal.MethodMetaDataManager@25218a27
      serialVersionUID = -3308748211841563417
      $$$tc$$$ = class com.ibm.websphere.ras.TraceComponent@23a5996d
      listeners = class com.ibm.wsspi.kernel.service.utils.ConcurrentServiceReferenceSet@1af869d2
      metaDataIDs = class com.ibm.ws.container.service.metadata.internal.IndexList@49d97dcf
      metaDatas = class java.util.ArrayList@4b1b2c53
      slotIDs = class com.ibm.ws.container.service.metadata.internal.IndexList@5be02b11
      serialVersionUID = 5464421863354792977
      $$$tc$$$ = class com.ibm.websphere.ras.TraceComponent@33b1a656
    appModuleNameToModuleContainer = class java.util.concurrent.ConcurrentHashMap@3a08f5f7
      serialVersionUID = 7249069246763182397
      MAXIMUM_CAPACITY = 1073741824
      DEFAULT_CAPACITY = 16
      MAX_ARRAY_SIZE = 2147483639
      DEFAULT_CONCURRENCY_LEVEL = 16
      LOAD_FACTOR = 0.75
      TREEIFY_THRESHOLD = 8
      UNTREEIFY_THRESHOLD = 6
      MIN_TREEIFY_CAPACITY = 64
      MIN_TRANSFER_STRIDE = 16
      RESIZE_STAMP_BITS = 16
      MAX_RESIZERS = 65535
      RESIZE_STAMP_SHIFT = 16
      MOVED = -1
      TREEBIN = -2
      RESERVED = -3
      HASH_BITS = 2147483647
      NCPU = 4
      serialPersistentFields = class java.io.ObjectStreamField[3]
      table = class java.util.concurrent.ConcurrentHashMap$Node[16]
      nextTable = null
      baseCount = 0
      sizeCtl = 12
      transferIndex = 0
      cellsBusy = 0
      counterCells = null
      keySet = null
      values = null
      entrySet = null
      U = class sun.misc.Unsafe@388eb2ce
      SIZECTL = 20
      TRANSFERINDEX = 32
      BASECOUNT = 24
      CELLSBUSY = 36
      CELLVALUE = 144
      ABASE = 16
      ASHIFT = 2
      keySet = null
      values = null
    jeeNameToComponentMetaData = class java.util.concurrent.ConcurrentHashMap@554779be
      serialVersionUID = 7249069246763182397
      MAXIMUM_CAPACITY = 1073741824
      DEFAULT_CAPACITY = 16
      MAX_ARRAY_SIZE = 2147483639
      DEFAULT_CONCURRENCY_LEVEL = 16
      LOAD_FACTOR = 0.75
      TREEIFY_THRESHOLD = 8
      UNTREEIFY_THRESHOLD = 6
      MIN_TREEIFY_CAPACITY = 64
      MIN_TRANSFER_STRIDE = 16
      RESIZE_STAMP_BITS = 16
      MAX_RESIZERS = 65535
      RESIZE_STAMP_SHIFT = 16
      MOVED = -1
      TREEBIN = -2
      RESERVED = -3
      HASH_BITS = 2147483647
      NCPU = 4
      serialPersistentFields = class java.io.ObjectStreamField[3]
      table = class java.util.concurrent.ConcurrentHashMap$Node[16]
      nextTable = null
      baseCount = 0
      sizeCtl = 12
      transferIndex = 0
      cellsBusy = 0
      counterCells = null
      keySet = null
      values = null
      entrySet = null
      U = class sun.misc.Unsafe@388eb2ce
      SIZECTL = 20
      TRANSFERINDEX = 32
      BASECOUNT = 24
      CELLSBUSY = 36
      CELLVALUE = 144
      ABASE = 16
      ASHIFT = 2
      keySet = null
      values = null
    deferredMetaDataFactories = class com.ibm.wsspi.kernel.service.utils.ConcurrentServiceReferenceSet@812c67e
      referenceName = "deferredMetaDataFactory"
      contextRef = class java.util.concurrent.atomic.AtomicReference@21550b70
      elementMap = class java.util.LinkedHashMap@51c5f644
      elementSet = class java.util.concurrent.ConcurrentSkipListSet@3b31cd08
      elementSetUnsorted = false
      serialVersionUID = 756240983881166148
      $$$tc$$$ = class com.ibm.websphere.ras.TraceComponent@71f90d27
    deferredMetaDataInitializers = class com.ibm.wsspi.kernel.service.utils.ConcurrentServiceReferenceMap@214b15e9
      referenceName = "deferredMetaDataFactory"
      context = class org.apache.felix.scr.impl.manager.ComponentContextImpl@227dce2c
      elementMap = class java.util.concurrent.ConcurrentHashMap@5711f91d
      serialVersionUID = 6980924785166233786
      $$$tc$$$ = class com.ibm.websphere.ras.TraceComponent@3045fed6
    serialVersionUID = -2494605732980966097
    $$$tc$$$ = class com.ibm.websphere.ras.TraceComponent@455a9abb
      strings[0] = "TraceComponent[com.ibm.ws.container.service.metadata.internal.MetaDataServiceImpl,class com.ibm.ws.container.service.metadata.internal.MetaDataServiceImpl,[Runtime],,null]"
  stateChangeService = class com.ibm.ws.container.service.state.internal.StateChangeServiceImpl@3733ff0d
    applicationStateManager = class com.ibm.ws.container.service.state.internal.ApplicationStateManager@1d572684
      serialVersionUID = -6685368059484454124
      $$$tc$$$ = class com.ibm.websphere.ras.TraceComponent@2f3ae367
      listeners = class com.ibm.wsspi.kernel.service.utils.ConcurrentServiceReferenceSet@5b69bd37
      serialVersionUID = 2284273176985484160
      $$$tc$$$ = class com.ibm.websphere.ras.TraceComponent@62ddb537
    moduleStateManager = class com.ibm.ws.container.service.state.internal.ModuleStateManager@41216f1c
      serialVersionUID = -5540260902341249963
      $$$tc$$$ = class com.ibm.websphere.ras.TraceComponent@3e4ee12e
      listeners = class com.ibm.wsspi.kernel.service.utils.ConcurrentServiceReferenceSet@17051266
      serialVersionUID = 2284273176985484160
      $$$tc$$$ = class com.ibm.websphere.ras.TraceComponent@62ddb537
    serialVersionUID = -537917915330350560
    $$$tc$$$ = class com.ibm.websphere.ras.TraceComponent@2e470c07
      strings[0] = "TraceComponent[com.ibm.ws.container.service.state.internal.StateChangeServiceImpl,class com.ibm.ws.container.service.state.internal.StateChangeServiceImpl,[Runtime],,null]"
  moduleClassesInfo = class com.ibm.ws.app.manager.module.internal.SimpleDeployedAppInfoBase$ModuleClassesInfoProvider@179fa2c0
    entryContainerInfosMap = class java.util.HashMap@614d9944
      serialVersionUID = 362498820763181265
      DEFAULT_INITIAL_CAPACITY = 16
      MAXIMUM_CAPACITY = 1073741824
      DEFAULT_LOAD_FACTOR = 0.75
      TREEIFY_THRESHOLD = 8
      UNTREEIFY_THRESHOLD = 6
      MIN_TREEIFY_CAPACITY = 64
      table = null
      entrySet = null
      size = 0
      modCount = 0
      threshold = 0
      loadFactor = 0.75
      keySet = null
      values = null
    serialVersionUID = -70332790531324534
    $$$tc$$$ = class com.ibm.websphere.ras.TraceComponent@bfa9598
      strings[0] = "TraceComponent[com.ibm.ws.app.manager.module.internal.SimpleDeployedAppInfoBase$ModuleClassesInfoProvider,class com.ibm.ws.app.manager.module.internal.SimpleDeployedAppInfoBase$ModuleClassesInfoProvider,[applications, app.manager],,null]"
  moduleContainerInfos = class java.util.ArrayList@64c0afda
    serialVersionUID = 8683452581122892189
    DEFAULT_CAPACITY = 10
    EMPTY_ELEMENTDATA = class java.lang.Object[0]
    DEFAULTCAPACITY_EMPTY_ELEMENTDATA = class java.lang.Object[0]
    elementData = class java.lang.Object[10]
      elementData[0] = class com.ibm.ws.app.manager.module.internal.SimpleDeployedAppInfoBase$WebModuleContainerInfo@16cd0bcd
      elementData[1] = null
      elementData[2] = null
      elementData[3] = null
      elementData[4] = null
      elementData[5] = null
      elementData[6] = null
      elementData[7] = null
      elementData[8] = null
      elementData[9] = null
    size = 1
    MAX_ARRAY_SIZE = 2147483639
    modCount = 1
    MAX_ARRAY_SIZE = 2147483639
  activeModuleHandlers = class java.util.IdentityHashMap@606083f
    DEFAULT_CAPACITY = 32
    MINIMUM_CAPACITY = 4
    MAXIMUM_CAPACITY = 536870912
    table = class java.lang.Object[16]
      table[0] = null
      table[1] = null
      table[2] = null
      table[3] = null
      table[4] = null
      table[5] = null
      table[6] = null
      table[7] = null
      table[8] = null
      table[9] = null
      table[10] = null
      table[11] = null
      table[12] = null
      table[13] = null
      table[14] = null
      table[15] = null
    size = 0
    modCount = 0
    NULL_KEY = class java.lang.Object@721ed4c9
    entrySet = null
    serialVersionUID = 8188218128353913216
    keySet = null
    values = null
  serialVersionUID = 7078125893012250887
  $$$tc$$$ = class com.ibm.websphere.ras.TraceComponent@33ad3811
    strings[0] = "TraceComponent[com.ibm.ws.app.manager.module.internal.SimpleDeployedAppInfoBase,class com.ibm.ws.app.manager.module.internal.SimpleDeployedAppInfoBase,[applications, app.manager],,null]"

Dump of objectArray[0]
Object type = com.ibm.ws.threading.internal.NonCancelableResultFuture
  _done = false
  _result = null
  _failure = null
  _listeners = class java.util.concurrent.ConcurrentLinkedQueue@62ef7efd
    serialVersionUID = 196745693267521676
    head = class java.util.concurrent.ConcurrentLinkedQueue$Node@1df4b196
      item = null
      next = null
      UNSAFE = class sun.misc.Unsafe@388eb2ce
      itemOffset = 12
      nextOffset = 16
    tail = class java.util.concurrent.ConcurrentLinkedQueue$Node@1df4b196
    UNSAFE = class sun.misc.Unsafe@388eb2ce
      theUnsafe = class sun.misc.Unsafe@388eb2ce
      INVALID_FIELD_OFFSET = -1
      ARRAY_BOOLEAN_BASE_OFFSET = 16
      ARRAY_BYTE_BASE_OFFSET = 16
      ARRAY_SHORT_BASE_OFFSET = 16
      ARRAY_CHAR_BASE_OFFSET = 16
      ARRAY_INT_BASE_OFFSET = 16
      ARRAY_LONG_BASE_OFFSET = 16
      ARRAY_FLOAT_BASE_OFFSET = 16
      ARRAY_DOUBLE_BASE_OFFSET = 16
      ARRAY_OBJECT_BASE_OFFSET = 16
      ARRAY_BOOLEAN_INDEX_SCALE = 1
      ARRAY_BYTE_INDEX_SCALE = 1
      ARRAY_SHORT_INDEX_SCALE = 2
      ARRAY_CHAR_INDEX_SCALE = 2
      ARRAY_INT_INDEX_SCALE = 4
      ARRAY_LONG_INDEX_SCALE = 8
      ARRAY_FLOAT_INDEX_SCALE = 4
      ARRAY_DOUBLE_INDEX_SCALE = 8
      ARRAY_OBJECT_INDEX_SCALE = 4
      ADDRESS_SIZE = 8
    headOffset = 12
    tailOffset = 16
    MAX_ARRAY_SIZE = 2147483639
  _notifiedListeners = class java.util.concurrent.atomic.AtomicBoolean@3606b185
    serialVersionUID = 4654671469794556979
    unsafe = class sun.misc.Unsafe@388eb2ce
    valueOffset = 12
    value = 0
  serialVersionUID = -296387658814354272
  $$$tc$$$ = class com.ibm.websphere.ras.TraceComponent@2f813696
    strings[0] = "TraceComponent[com.ibm.ws.threading.internal.NonCancelableResultFuture,class com.ibm.ws.threading.internal.NonCancelableResultFuture,[Threading],com.ibm.ws.threading.internal.resources.ThreadingMessages,null]"

