------Start of DE processing------ = [11/8/17 21:39:32:733 CST]
Exception = java.lang.NullPointerException
Source = com.ibm.ws.webcontainer.osgi.WebContainer
probeid = stopModule
Stack Dump = java.lang.NullPointerException
	at java.util.concurrent.ConcurrentHashMap.get(ConcurrentHashMap.java:936)
	at com.ibm.ws.webcontainer.osgi.DynamicVirtualHostManager.purgeHost(DynamicVirtualHostManager.java:130)
	at com.ibm.ws.webcontainer.osgi.WebContainer.stopModule(WebContainer.java:1156)
	at com.ibm.ws.webcontainer.osgi.WebContainer.startModule(WebContainer.java:945)
	at com.ibm.ws.app.manager.module.internal.ModuleHandlerBase.deployModule(ModuleHandlerBase.java:99)
	at com.ibm.ws.app.manager.module.internal.DeployedModuleInfoImpl.installModule(DeployedModuleInfoImpl.java:49)
	at com.ibm.ws.app.manager.module.internal.DeployedAppInfoBase.deployModules(DeployedAppInfoBase.java:419)
	at com.ibm.ws.app.manager.module.internal.DeployedAppInfoBase.deployApp(DeployedAppInfoBase.java:405)
	at com.ibm.ws.app.manager.war.internal.WARApplicationHandlerImpl.install(WARApplicationHandlerImpl.java:65)
	at com.ibm.ws.app.manager.internal.statemachine.StartAction.execute(StartAction.java:140)
	at com.ibm.ws.app.manager.internal.statemachine.ApplicationStateMachineImpl.enterState(ApplicationStateMachineImpl.java:1258)
	at com.ibm.ws.app.manager.internal.statemachine.ApplicationStateMachineImpl.run(ApplicationStateMachineImpl.java:873)
	at java.util.concurrent.ThreadPoolExecutor.runWorker(ThreadPoolExecutor.java:1142)
	at java.util.concurrent.ThreadPoolExecutor$Worker.run(ThreadPoolExecutor.java:617)
	at java.lang.Thread.run(Thread.java:745)

Dump of callerThis
Object type = [Ljava.lang.Object;
  Object type[0] = class com.ibm.ws.app.manager.module.internal.WebModuleInfoImpl@13aa6ca2
    contextRoot = "/GetStartedJava"
    serialVersionUID = 4357952575365007841
    $$$tc$$$ = class com.ibm.websphere.ras.TraceComponent@2cd892e7
      strings[0] = "TraceComponent[com.ibm.ws.app.manager.module.internal.WebModuleInfoImpl,class com.ibm.ws.app.manager.module.internal.WebModuleInfoImpl,[applications, app.manager],,null]"
    tc = class com.ibm.websphere.ras.TraceComponent@787df8b2
      strings[0] = "TraceComponent[com.ibm.ws.app.manager.module.internal.ExtendedModuleInfoImpl,class com.ibm.ws.app.manager.module.internal.ExtendedModuleInfoImpl,[app.manager],com.ibm.ws.app.manager.module.internal.resources.Messages,null]"
    appInfo = class com.ibm.ws.container.service.app.deploy.internal.ApplicationInfoImpl@27adfc8e
      appName = "GetStartedJava_2"
      appMetaData = class com.ibm.ws.container.service.app.deploy.internal.ApplicationMetaDataImpl@4f0d3148
      appContainer = class com.ibm.ws.adaptable.module.internal.AdaptableContainerImpl@1991dcc6
      configHelper = class com.ibm.ws.app.manager.module.ApplicationNestedConfigHelper@7cdbc293
      serialVersionUID = 7091777744534637201
      $$$tc$$$ = class com.ibm.websphere.ras.TraceComponent@4ed2ddbf
    moduleName = "GetStartedJava_2"
    path = "GetStartedJava.war"
    moduleContainer = class com.ibm.ws.adaptable.module.internal.AdaptableContainerImpl@1991dcc6
      root = class com.ibm.ws.adaptable.module.internal.AdaptableContainerImpl@1991dcc6
      rootOverlay = class com.ibm.ws.artifact.overlay.internal.DirectoryBasedOverlayContainerImpl@150a5ef9
      factoryHolder = class com.ibm.ws.adaptable.module.internal.AdaptableModuleFactoryImpl@77107ac
      delegate = class com.ibm.ws.artifact.overlay.internal.DirectoryBasedOverlayContainerImpl@150a5ef9
      notifier = class com.ibm.ws.adaptable.module.internal.NotifierImpl@76800a26
      serialVersionUID = -5621513278641113667
      $$$tc$$$ = class com.ibm.websphere.ras.TraceComponent@721dd7
    altDDEntry = null
    moduleClassesContainers = class java.util.ArrayList@5177c8ae
      serialVersionUID = 8683452581122892189
      DEFAULT_CAPACITY = 10
      EMPTY_ELEMENTDATA = class java.lang.Object[0]
      DEFAULTCAPACITY_EMPTY_ELEMENTDATA = class java.lang.Object[0]
      elementData = class java.lang.Object[10]
      size = 8
      MAX_ARRAY_SIZE = 2147483639
      modCount = 9
      MAX_ARRAY_SIZE = 2147483639
    classLoaderFactory = class com.ibm.ws.app.manager.war.internal.WARDeployedAppInfo@3c3950e0
      CONTEXT_ROOT = "context-root"
      webModuleHandler = class com.ibm.ws.app.manager.web.internal.WebModuleHandlerImpl@55f932a6
      webContainerModuleInfo = class com.ibm.ws.app.manager.module.internal.SimpleDeployedAppInfoBase$WebModuleContainerInfo@3f838313
      DYNAMIC_IMPORT_PACKAGE_LIST = class java.util.Collections$UnmodifiableRandomAccessList@235ed305
      serialVersionUID = -6153587016903242961
      $$$tc$$$ = class com.ibm.websphere.ras.TraceComponent@6db8baa
      _tc = class com.ibm.websphere.ras.TraceComponent@331c0dc7
      PERMISSION_XML = "permissions.xml"
      applicationInformation = class com.ibm.ws.app.manager.internal.ApplicationInstallInfo@37363c03
      location = "C:\Users\ahatua\Google Drive\fall17\CSC733\assignment2\liberty\usr\servers\defaultServer\apps\GetStartedJava.war.xml"
      classLoadingService = class com.ibm.ws.classloading.internal.ClassLoadingServiceImpl@65d610d3
      globalSharedLibrary = class com.ibm.ws.library.internal.SharedLibraryImpl@2bc64441
      sharedLibDeploymentInfo = class com.ibm.ws.app.manager.module.internal.DeployedAppInfoBase$SharedLibDeploymentInfo@7ed57cc7
      futureMonitor = class com.ibm.ws.threading.internal.FutureMonitorImpl@e6220bf
      configAdmin = class com.ibm.ws.config.admin.internal.ConfigurationAdminImpl@7d53fcce
      libraryConfigHelper = class com.ibm.ws.classloading.ClassLoaderConfigHelper@7b830143
      isDelegateLast = false
      permissionManager = class com.ibm.ws.security.java2sec.PermissionManager@627ea63e
      permissionsConfig = null
      serialVersionUID = -6908382869835671687
      appInfo = class com.ibm.ws.container.service.app.deploy.internal.ApplicationInfoImpl@27adfc8e
      modulesDeployed = class java.util.ArrayList@554fe253
      starting = true
      started = false
      appInfoFactory = class com.ibm.ws.container.service.app.deploy.internal.ApplicationInfoFactoryImpl@36a568a0
      metaDataService = class com.ibm.ws.container.service.metadata.internal.MetaDataServiceImpl@48f5b85d
      stateChangeService = class com.ibm.ws.container.service.state.internal.StateChangeServiceImpl@217d671c
      moduleClassesInfo = class com.ibm.ws.app.manager.module.internal.SimpleDeployedAppInfoBase$ModuleClassesInfoProvider@507bd98c
      moduleContainerInfos = class java.util.ArrayList@7a8ce4aa
      activeModuleHandlers = class java.util.IdentityHashMap@67f16333
      serialVersionUID = 7078125893012250887
      $$$tc$$$ = class com.ibm.websphere.ras.TraceComponent@2ed7f8bb
    containerInfoType = class com.ibm.ws.container.service.app.deploy.ContainerInfo$Type@737ee002
      MANIFEST_CLASSPATH = class com.ibm.ws.container.service.app.deploy.ContainerInfo$Type@23c7b6cc
      WEB_INF_CLASSES = class com.ibm.ws.container.service.app.deploy.ContainerInfo$Type@3e73afaa
      WEB_INF_LIB = class com.ibm.ws.container.service.app.deploy.ContainerInfo$Type@52f7bbac
      EAR_LIB = class com.ibm.ws.container.service.app.deploy.ContainerInfo$Type@abb28a9
      WEB_MODULE = class com.ibm.ws.container.service.app.deploy.ContainerInfo$Type@737ee002
      EJB_MODULE = class com.ibm.ws.container.service.app.deploy.ContainerInfo$Type@14d49ee4
      CLIENT_MODULE = class com.ibm.ws.container.service.app.deploy.ContainerInfo$Type@37797d2b
      RAR_MODULE = class com.ibm.ws.container.service.app.deploy.ContainerInfo$Type@58bc8ab3
      JAR_MODULE = class com.ibm.ws.container.service.app.deploy.ContainerInfo$Type@b110f6d
      SHARED_LIB = class com.ibm.ws.container.service.app.deploy.ContainerInfo$Type@3b028355
      $VALUES = class com.ibm.ws.container.service.app.deploy.ContainerInfo$Type[10]
      $$$tc$$$ = class com.ibm.websphere.ras.TraceComponent@f0b9e75
      name = "WEB_MODULE"
      ordinal = 4
    classLoader = class com.ibm.ws.classloading.internal.AppClassLoader@40b11dbd
      tc = class com.ibm.websphere.ras.TraceComponent@259725a7
      PARENT_FIRST_SEARCH_ORDER = class java.util.Collections$UnmodifiableRandomAccessList@770e280c
      CLASS_LOADING_TRACE_PREFIX = "com.ibm.ws.class.load."
      DEFAULT_PACKAGE = "default.package"
      perPackageClassLoadingTraceComponents = class java.util.concurrent.ConcurrentHashMap@18d3acfb
      config = class com.ibm.ws.classloading.internal.ClassLoaderConfigurationImpl@6e9b5151
      privateLibraries = null
      delegateLoaders = class com.ibm.ws.classloading.internal.util.CompositeIterable@6ae1d270
      nativeLibraryFiles = class java.util.ArrayList@6ca9d968
      transformers = class java.util.ArrayList@69181472
      apiAccess = class com.ibm.ws.classloading.internal.GatewayClassLoader@2722267e
      generator = class com.ibm.ws.classloading.internal.ClassGeneratorManager@5dbdd1d9
      protectionDomains = class java.util.concurrent.ConcurrentHashMap@39abea4c
      parent = class com.ibm.ws.classloading.internal.GatewayClassLoader@2722267e
      serialVersionUID = 952643806680066297
      tc = class com.ibm.websphere.ras.TraceComponent@4a455d01
      EMPTY_URL_ARRAY = class java.net.URL[0]
      smartClassPath = class com.ibm.ws.classloading.internal.ContainerClassLoader$SmartClassPathImpl@32f92a03
      nativeLibraryContainers = class java.util.ArrayList@1f9069c
      redefiner = class com.ibm.ws.classloading.internal.util.ClassRedefiner@67e67565
      mapCreationQueue = class java.util.concurrent.Executors$FinalizableDelegatedExecutorService@24faf057
      serialVersionUID = 7249739282446266343
      serialVersionUID = -7411549862368381758
      $$$tc$$$ = class com.ibm.websphere.ras.TraceComponent@2fa59794
      serialVersionUID = -4868702105808481416
      $$$tc$$$ = class com.ibm.websphere.ras.TraceComponent@6dc79efd
      serialVersionUID = 2596921220292114344
      $$$tc$$$ = class com.ibm.websphere.ras.TraceComponent@5ada7d63
      initialized = true
      pdcache = class java.util.HashMap@31be65c2
      debug = null
      parent = class com.ibm.ws.classloading.internal.GatewayClassLoader@2722267e
      parallelLockMap = null
      package2certs = class java.util.Hashtable@2df513ab
      nocerts = class java.security.cert.Certificate[0]
      classes = class java.util.Vector@59d6be8c
      defaultDomain = class java.security.ProtectionDomain@31e769b8
      domains = class java.util.HashSet@73b59a33
      packages = class java.util.HashMap@76d8b7a5
      scl = class sun.misc.Launcher$AppClassLoader@18b4aac2
      sclSet = true
      loadedLibraryNames = class java.util.Vector@5bacb184
      systemNativeLibraries = class java.util.Vector@62a38a8c
      nativeLibraries = class java.util.Vector@1a96452c
      nativeLibraryContext = class java.util.Stack@3bdc64bb
      usr_paths = class java.lang.String[49]
      sys_paths = class java.lang.String[1]
      assertionLock = class com.ibm.ws.classloading.internal.AppClassLoader@40b11dbd
      defaultAssertionStatus = false
      packageAssertionStatus = null
      classAssertionStatus = null
    moduleMetaData = class com.ibm.ws.webcontainer.osgi.metadata.WebModuleMetaDataImpl@3552a4ea
      applicationMetaData = class com.ibm.ws.container.service.app.deploy.internal.ApplicationMetaDataImpl@4f0d3148
      j2eeName = class com.ibm.ws.container.service.metadata.internal.J2EENameImpl@7673edca
      wccmd = class com.ibm.ws.webcontainer.osgi.metadata.WebCollaboratorComponentMetaDataImpl@50d2153d
      securityMetaData = class com.ibm.ws.webcontainer.security.metadata.SecurityServletConfiguratorHelper@723f8aee
      annotatedSecurityMetaData = null
      webAppConfig = class com.ibm.ws.webcontainer.osgi.webapp.WebAppConfiguration@44fd3fe7
      _isServlet23OrHigher = false
      jspComponentMetaData = class com.ibm.ws.jsp.runtime.metadata.JspComponentMetaData@2d09970f
      sessionCookieNameInUse = null
      mBeanServiceReg = null
      tc = class com.ibm.websphere.ras.TraceComponent@46b4e888
      NUM_STATIC_SLOTS = 4
      ID_UNINITIALIZED = -1
      id = 1
      metaDataInterface = class java.lang.Class@63549bcc
      staticSlots = class java.lang.Object[4]
      dynamicSlots = class java.lang.Object[4]
    nestedModuleMetaDataTypes = null
    nestedModuleMetaDataValues = null
    serialVersionUID = 3986734351620206554
  Object type[1] = class com.ibm.ws.webcontainer.osgi.WebContainer@5572a515
    tc = class com.ibm.websphere.ras.TraceComponent@2cfd6583
      strings[0] = "TraceComponent[com.ibm.ws.webcontainer.osgi.WebContainer,class com.ibm.ws.webcontainer.osgi.WebContainer,[webcontainer],com.ibm.ws.webcontainer.resources.LShimMessages,null]"
    CLASS_NAME = "com.ibm.ws.webcontainer.osgi.WebContainer"
    initialized = true
    eventService = class com.ibm.ws.event.internal.EventEngineImpl@cdf9986
      tc = class com.ibm.websphere.ras.TraceComponent@4d3f6e0f
      OSGI_EVENT_HANDLER_REFERENCE_NAME = "OsgiEventHandler"
      WS_EVENT_HANDLER_REFERENCE_NAME = "WsEventHandler"
      CFG_KEY_REENTRANT_HANDLER_DEFAULT = "reentrant.handler.default"
      CFG_KEY_STAGE_PREFIX = "stage.topics."
      topicCache = class com.ibm.ws.event.internal.TopicBasedCache@4b151809
      componentContext = class org.apache.felix.scr.impl.manager.ComponentContextImpl@50abe993
      bundleContext = class org.eclipse.osgi.internal.framework.BundleContextImpl@2472438d
      logService = class com.ibm.ws.logging.internal.osgi.TrLogServiceImpl@42bbf259
      frameworkEventAdapter = class com.ibm.ws.event.internal.adapter.FrameworkEventAdapter@292757f5
      bundleEventAdapter = class com.ibm.ws.event.internal.adapter.BundleEventAdapter@4a91c788
      serviceEventAdapter = class com.ibm.ws.event.internal.adapter.ServiceEventAdapter@45f94838
      executorServiceFactory = class com.ibm.ws.event.internal.WorkStageExecutorServiceFactory@58cd53e4
      defaultReentrancy = true
      skipSchedule = false
      serialVersionUID = -3714378010555321089
    futureMonitor = class com.ibm.ws.threading.internal.FutureMonitorImpl@e6220bf
      _monitor = class java.util.concurrent.ConcurrentLinkedQueue@4bc63ff7
      _executor = class com.ibm.ws.threading.internal.ScheduledExecutorImpl@4ca266d7
      _threadRunning = class java.util.concurrent.atomic.AtomicBoolean@f2f0c80
      _thread = class com.ibm.ws.threading.internal.FutureMonitorImpl$1@182dd5
      serialVersionUID = 2765238413969174390
      $$$tc$$$ = class com.ibm.websphere.ras.TraceComponent@295886a2
    classLoadingSRRef = class com.ibm.wsspi.kernel.service.utils.AtomicServiceReference@47d8a0d7
      referenceName = "classLoadingService"
      tuple = class java.util.concurrent.atomic.AtomicReference@123ca441
      serialVersionUID = 2226592364007985000
      $$$tc$$$ = class com.ibm.websphere.ras.TraceComponent@5c58ad72
    sessionHelperSRRef = class com.ibm.wsspi.kernel.service.utils.AtomicServiceReference@72788b18
      referenceName = "sessionHelper"
      tuple = class java.util.concurrent.atomic.AtomicReference@32780c41
      serialVersionUID = 2226592364007985000
      $$$tc$$$ = class com.ibm.websphere.ras.TraceComponent@5c58ad72
    cacheManagerSRRef = class com.ibm.wsspi.kernel.service.utils.AtomicServiceReference@29b2f78
      referenceName = "cacheManager"
      tuple = class java.util.concurrent.atomic.AtomicReference@48bbb47e
      serialVersionUID = 2226592364007985000
      $$$tc$$$ = class com.ibm.websphere.ras.TraceComponent@5c58ad72
    injectionEngineSRRef = class com.ibm.wsspi.kernel.service.utils.AtomicServiceReference@1d63904c
      referenceName = "injectionEngine"
      tuple = class java.util.concurrent.atomic.AtomicReference@78de3a7
      serialVersionUID = 2226592364007985000
      $$$tc$$$ = class com.ibm.websphere.ras.TraceComponent@5c58ad72
    managedObjectServiceSRRef = class com.ibm.wsspi.kernel.service.utils.AtomicServiceReference@1f3f452f
      referenceName = "managedObjectService"
      tuple = class java.util.concurrent.atomic.AtomicReference@53424d4f
      serialVersionUID = 2226592364007985000
      $$$tc$$$ = class com.ibm.websphere.ras.TraceComponent@5c58ad72
    backgroundWebAppStartFutures = class com.ibm.ws.webcontainer.util.OneTimeUseArrayList@29292d9b
      enabled = true
      runnables = class java.util.ArrayList@31547428
    REFERENCE_WEB_MBEAN_RUNTIME = "webMBeanRuntime"
    webMBeanRuntimeServiceRef = class com.ibm.wsspi.kernel.service.utils.AtomicServiceReference@72122729
      referenceName = "webMBeanRuntime"
      tuple = class java.util.concurrent.atomic.AtomicReference@3fa3888a
      serialVersionUID = 2226592364007985000
      $$$tc$$$ = class com.ibm.websphere.ras.TraceComponent@5c58ad72
    servletContainerInitializers = class com.ibm.wsspi.kernel.service.utils.ConcurrentServiceReferenceSet@737228d7
      referenceName = "servletContainerInitializers"
      contextRef = class java.util.concurrent.atomic.AtomicReference@64ef675b
      elementMap = class java.util.LinkedHashMap@39b02549
      elementSet = class java.util.concurrent.ConcurrentSkipListSet@7f999c94
      elementSetUnsorted = false
      serialVersionUID = 756240983881166148
      $$$tc$$$ = class com.ibm.websphere.ras.TraceComponent@1dee5c49
    es = class com.ibm.ws.threading.internal.ExecutorServiceImpl@16810dab
      JAVA_6 = false
      threadPool = class java.util.concurrent.ThreadPoolExecutor@eebb90f
      threadPoolController = class com.ibm.ws.threading.internal.ThreadPoolController@5b4847e3
      poolName = "Default Executor"
      componentConfig = class org.apache.felix.scr.impl.helper.ReadOnlyDictionary@5675bbff
      interceptorsActive = false
      interceptors = class java.util.concurrent.CopyOnWriteArraySet@54fd0bf6
      threadFactory = null
      serialVersionUID = -1809836785261129577
      $$$tc$$$ = class com.ibm.websphere.ras.TraceComponent@6d3467e2
    locationServiceRef = class java.util.concurrent.atomic.AtomicReference@76a4af15
      serialVersionUID = -1848883965231344442
      unsafe = class sun.misc.Unsafe@1ae847bc
      valueOffset = 12
      value = class com.ibm.ws.kernel.service.location.internal.WsLocationAdminImpl@dcb6a14
    transferContextServiceRef = class com.ibm.wsspi.kernel.service.utils.ConcurrentServiceReferenceSet@15ecf587
      referenceName = "transferService"
      contextRef = class java.util.concurrent.atomic.AtomicReference@19554277
      elementMap = class java.util.LinkedHashMap@1905d37a
      elementSet = class java.util.concurrent.ConcurrentSkipListSet@673924b9
      elementSetUnsorted = false
      serialVersionUID = 756240983881166148
      $$$tc$$$ = class com.ibm.websphere.ras.TraceComponent@1dee5c49
    encodingServiceRef = class java.util.concurrent.atomic.AtomicReference@773a437d
      serialVersionUID = -1848883965231344442
      unsafe = class sun.misc.Unsafe@1ae847bc
      valueOffset = 12
      value = class com.ibm.ws.http.internal.EncodingUtilsImpl@35939f7f
    instance = class java.util.concurrent.atomic.AtomicReference@6948f464
      serialVersionUID = -1848883965231344442
      unsafe = class sun.misc.Unsafe@1ae847bc
      valueOffset = 12
      value = class com.ibm.ws.webcontainer.osgi.WebContainer@5572a515
    vhostManager = class com.ibm.ws.webcontainer.osgi.DynamicVirtualHostManager@3a47325f
      tc = class com.ibm.websphere.ras.TraceComponent@5f6c3dda
      hostMap = class java.util.concurrent.ConcurrentHashMap@71585a8a
      transportMap = class java.util.concurrent.ConcurrentHashMap@7a22d7bd
      locationService = class com.ibm.ws.kernel.service.location.internal.WsLocationAdminImpl@dcb6a14
      schedExecutor = class com.ibm.ws.threading.internal.ScheduledExecutorImpl@4ca266d7
      pluginCfgVhostUris = class java.util.HashMap@7f1df9c3
      PLUGIN_CFG = "plugin-cfg.xml"
    metaDataService = class com.ibm.ws.container.service.metadata.internal.MetaDataServiceImpl@48f5b85d
      applicationMetaDataManager = class com.ibm.ws.container.service.metadata.internal.ApplicationMetaDataManager@579b0b11
      moduleMetaDataManager = class com.ibm.ws.container.service.metadata.internal.ModuleMetaDataManager@48517b06
      componentMetaDataManager = class com.ibm.ws.container.service.metadata.internal.ComponentMetaDataManager@70f39528
      methodMetaDataManager = class com.ibm.ws.container.service.metadata.internal.MethodMetaDataManager@433dca9e
      appModuleNameToModuleContainer = class java.util.concurrent.ConcurrentHashMap@4cf1826b
      jeeNameToComponentMetaData = class java.util.concurrent.ConcurrentHashMap@f3b49b8
      deferredMetaDataFactories = class com.ibm.wsspi.kernel.service.utils.ConcurrentServiceReferenceSet@630dc7a2
      deferredMetaDataInitializers = class com.ibm.wsspi.kernel.service.utils.ConcurrentServiceReferenceMap@4ec99867
      serialVersionUID = -2494605732980966097
      $$$tc$$$ = class com.ibm.websphere.ras.TraceComponent@6b22f8ad
    j2eeNameFactory = class com.ibm.ws.container.service.metadata.internal.J2EENameFactoryImpl@6d712b95
      serialVersionUID = 3486344295038028821
      $$$tc$$$ = class com.ibm.websphere.ras.TraceComponent@124e6be
    context = class org.apache.felix.scr.impl.manager.ComponentContextImpl@4334198b
      m_componentManager = class org.apache.felix.scr.impl.manager.SingleComponentManager@415fe931
      edgeInfos = class org.apache.felix.scr.impl.manager.EdgeInfo[25]
      m_componentInstance = class org.apache.felix.scr.impl.manager.ComponentContextImpl$ComponentInstanceImpl@761dbf27
      m_usingBundle = class org.eclipse.osgi.internal.framework.EquinoxBundle@330b16e5
      m_serviceRegistration = class org.eclipse.osgi.internal.serviceregistry.ServiceRegistrationImpl@1dfb6157
      m_implementationObject = class com.ibm.ws.webcontainer.osgi.WebContainer@5572a515
      m_implementationAccessible = true
      accessibleLatch = class java.util.concurrent.CountDownLatch@3b982ee5
      serviceObjectsHelper = class org.apache.felix.scr.impl.helper.ComponentServiceObjectsHelper@5b05ec6
    contextRoots = class java.util.Collections$SynchronizedSet@40e21e78
      serialVersionUID = 487447009682186044
      serialVersionUID = 3053995032091335093
      c = class java.util.HashSet@45a30501
      mutex = class java.util.Collections$SynchronizedSet@40e21e78
    pendingContextRoots = class java.util.HashMap@25b06169
      serialVersionUID = 362498820763181265
      DEFAULT_INITIAL_CAPACITY = 16
      MAXIMUM_CAPACITY = 1073741824
      DEFAULT_LOAD_FACTOR = 0.75
      TREEIFY_THRESHOLD = 8
      UNTREEIFY_THRESHOLD = 6
      MIN_TREEIFY_CAPACITY = 64
      table = null
      entrySet = null
      size = 0
      modCount = 0
      threshold = 0
      loadFactor = 0.75
      keySet = null
      values = null
    deployedModuleMap = class java.util.concurrent.ConcurrentHashMap@4179dbc9
      serialVersionUID = 7249069246763182397
      MAXIMUM_CAPACITY = 1073741824
      DEFAULT_CAPACITY = 16
      MAX_ARRAY_SIZE = 2147483639
      DEFAULT_CONCURRENCY_LEVEL = 16
      LOAD_FACTOR = 0.75
      TREEIFY_THRESHOLD = 8
      UNTREEIFY_THRESHOLD = 6
      MIN_TREEIFY_CAPACITY = 64
      MIN_TRANSFER_STRIDE = 16
      RESIZE_STAMP_BITS = 16
      MAX_RESIZERS = 65535
      RESIZE_STAMP_SHIFT = 16
      MOVED = -1
      TREEBIN = -2
      RESERVED = -3
      HASH_BITS = 2147483647
      NCPU = 4
      serialPersistentFields = class java.io.ObjectStreamField[3]
      table = class java.util.concurrent.ConcurrentHashMap$Node[16]
      nextTable = null
      baseCount = 1
      sizeCtl = 12
      transferIndex = 0
      cellsBusy = 0
      counterCells = null
      keySet = null
      values = null
      entrySet = null
      U = class sun.misc.Unsafe@1ae847bc
      SIZECTL = 20
      TRANSFERINDEX = 32
      BASECOUNT = 24
      CELLSBUSY = 36
      CELLVALUE = 144
      ABASE = 16
      ASHIFT = 2
      keySet = null
      values = null
    connContextPool = class com.ibm.ws.webcontainer31.osgi.srt.factory.SRTConnectionContextPool31Impl@22e26a2c
      head = class java.lang.ThreadLocal@72bb70c8
    DEFAULT_PORT = "*"
    DEFAULT_VHOST_NAME = "default_host"
    cachedServerInfo = "IBM WebSphere Liberty/${liberty.service.version}"
    lock = class com.ibm.ws.webcontainer.osgi.WebContainer$1@7223a1d6
      this$0 = class com.ibm.ws.webcontainer.osgi.WebContainer@5572a515
    webAppFactory = class com.ibm.ws.webcontainer31.osgi.webapp.factory.WebAppFactoryImpl31@54be2dd2
    requestFactory = class com.ibm.ws.webcontainer31.osgi.response.factory.IRequestResponseFactory@5b96031f
    responseFactory = class com.ibm.ws.webcontainer31.osgi.response.factory.IRequestResponseFactory@5b96031f
    asyncContextFactory = class com.ibm.ws.webcontainer31.async.factory.AsyncContextFactory31Impl@6a14b14b
    DEFAULT_MAX_VERSION = 30
    versionRef = class org.eclipse.osgi.internal.serviceregistry.ServiceReferenceImpl@5d680ce
      registration = class org.eclipse.osgi.internal.serviceregistry.ServiceRegistrationImpl@70ed20ec
    serverStopping = false
    modulesStarting = 1
    SPEC_LEVEL_UNLOADED = -1
    SPEC_LEVEL_30 = 30
    SPEC_LEVEL_31 = 31
    DEFAULT_SPEC_LEVEL = 30
    loadedContainerSpecLevel = 31
    ISO = "ISO-8859-1"
    encoding = "UTF-8"
    decode = true
    wcconfig = class com.ibm.ws.webcontainer.osgi.WebContainerConfiguration@4b469cfb
      properties = class org.apache.felix.scr.impl.helper.ReadOnlyDictionary@49a62b98
      CFG_KEY_ENFORCE_SEC = "enforce.security"
      logger = class com.ibm.ws.logging.internal.WsLogger@1b106ba9
      CLASS_NAME = "com.ibm.ws.webcontainer.WebContainerConfiguration"
      _localeProps = null
      _jvmProps = null
      enableServletCaching = false
      defaultVirtualHostName = "default_host"
      ardEnabled = false
      ardIncludeTimeout = 0
      poolingDisabled = false
      maximumExpiredEntries = 0
      maximumResponseStoreSize = 0
      useAsyncRunnableWorkManager = false
      asyncRunnableWorkManagerName = null
      numAsyncTimerThreads = 2
      defaultAsyncServletTimeout = 30000
    applicationListeners = class java.util.ArrayList@417e231
      serialVersionUID = 8683452581122892189
      DEFAULT_CAPACITY = 10
      EMPTY_ELEMENTDATA = class java.lang.Object[0]
      DEFAULTCAPACITY_EMPTY_ELEMENTDATA = class java.lang.Object[0]
      elementData = class java.lang.Object[0]
      size = 0
      MAX_ARRAY_SIZE = 2147483639
      modCount = 0
      MAX_ARRAY_SIZE = 2147483639
    servletListeners = class java.util.ArrayList@35f6d28d
      serialVersionUID = 8683452581122892189
      DEFAULT_CAPACITY = 10
      EMPTY_ELEMENTDATA = class java.lang.Object[0]
      DEFAULTCAPACITY_EMPTY_ELEMENTDATA = class java.lang.Object[0]
      elementData = class java.lang.Object[0]
      size = 0
      MAX_ARRAY_SIZE = 2147483639
      modCount = 0
      MAX_ARRAY_SIZE = 2147483639
    servletErrorListeners = class java.util.ArrayList@a822a0d
      serialVersionUID = 8683452581122892189
      DEFAULT_CAPACITY = 10
      EMPTY_ELEMENTDATA = class java.lang.Object[0]
      DEFAULTCAPACITY_EMPTY_ELEMENTDATA = class java.lang.Object[0]
      elementData = class java.lang.Object[0]
      size = 0
      MAX_ARRAY_SIZE = 2147483639
      modCount = 0
      MAX_ARRAY_SIZE = 2147483639
    servletInvocationListeners = class java.util.ArrayList@755ccee2
      serialVersionUID = 8683452581122892189
      DEFAULT_CAPACITY = 10
      EMPTY_ELEMENTDATA = class java.lang.Object[0]
      DEFAULTCAPACITY_EMPTY_ELEMENTDATA = class java.lang.Object[0]
      elementData = class java.lang.Object[0]
      size = 0
      MAX_ARRAY_SIZE = 2147483639
      modCount = 0
      MAX_ARRAY_SIZE = 2147483639
    filterInvocationListeners = class java.util.ArrayList@4e61ac12
      serialVersionUID = 8683452581122892189
      DEFAULT_CAPACITY = 10
      EMPTY_ELEMENTDATA = class java.lang.Object[0]
      DEFAULTCAPACITY_EMPTY_ELEMENTDATA = class java.lang.Object[0]
      elementData = class java.lang.Object[0]
      size = 0
      MAX_ARRAY_SIZE = 2147483639
      modCount = 0
      MAX_ARRAY_SIZE = 2147483639
    filterErrorListeners = class java.util.ArrayList@4d007de9
      serialVersionUID = 8683452581122892189
      DEFAULT_CAPACITY = 10
      EMPTY_ELEMENTDATA = class java.lang.Object[0]
      DEFAULTCAPACITY_EMPTY_ELEMENTDATA = class java.lang.Object[0]
      elementData = class java.lang.Object[0]
      size = 0
      MAX_ARRAY_SIZE = 2147483639
      modCount = 0
      MAX_ARRAY_SIZE = 2147483639
    filterListeners = class java.util.ArrayList@56c9e406
      serialVersionUID = 8683452581122892189
      DEFAULT_CAPACITY = 10
      EMPTY_ELEMENTDATA = class java.lang.Object[0]
      DEFAULTCAPACITY_EMPTY_ELEMENTDATA = class java.lang.Object[0]
      elementData = class java.lang.Object[0]
      size = 0
      MAX_ARRAY_SIZE = 2147483639
      modCount = 0
      MAX_ARRAY_SIZE = 2147483639
    servletRequestListeners = class java.util.ArrayList@45711be3
      serialVersionUID = 8683452581122892189
      DEFAULT_CAPACITY = 10
      EMPTY_ELEMENTDATA = class java.lang.Object[0]
      DEFAULTCAPACITY_EMPTY_ELEMENTDATA = class java.lang.Object[0]
      elementData = class java.lang.Object[0]
      size = 0
      MAX_ARRAY_SIZE = 2147483639
      modCount = 0
      MAX_ARRAY_SIZE = 2147483639
    servletRequestAttributeListeners = class java.util.ArrayList@6333e63
      serialVersionUID = 8683452581122892189
      DEFAULT_CAPACITY = 10
      EMPTY_ELEMENTDATA = class java.lang.Object[0]
      DEFAULTCAPACITY_EMPTY_ELEMENTDATA = class java.lang.Object[0]
      elementData = class java.lang.Object[0]
      size = 0
      MAX_ARRAY_SIZE = 2147483639
      modCount = 0
      MAX_ARRAY_SIZE = 2147483639
    servletContextListeners = class java.util.ArrayList@4892f479
      serialVersionUID = 8683452581122892189
      DEFAULT_CAPACITY = 10
      EMPTY_ELEMENTDATA = class java.lang.Object[0]
      DEFAULTCAPACITY_EMPTY_ELEMENTDATA = class java.lang.Object[0]
      elementData = class java.lang.Object[0]
      size = 0
      MAX_ARRAY_SIZE = 2147483639
      modCount = 0
      MAX_ARRAY_SIZE = 2147483639
    servletContextAttributeListeners = class java.util.ArrayList@5162d0b9
      serialVersionUID = 8683452581122892189
      DEFAULT_CAPACITY = 10
      EMPTY_ELEMENTDATA = class java.lang.Object[0]
      DEFAULTCAPACITY_EMPTY_ELEMENTDATA = class java.lang.Object[0]
      elementData = class java.lang.Object[0]
      size = 0
      MAX_ARRAY_SIZE = 2147483639
      modCount = 0
      MAX_ARRAY_SIZE = 2147483639
    sessionListeners = class java.util.ArrayList@1c816775
      serialVersionUID = 8683452581122892189
      DEFAULT_CAPACITY = 10
      EMPTY_ELEMENTDATA = class java.lang.Object[0]
      DEFAULTCAPACITY_EMPTY_ELEMENTDATA = class java.lang.Object[0]
      elementData = class java.lang.Object[0]
      size = 0
      MAX_ARRAY_SIZE = 2147483639
      modCount = 0
      MAX_ARRAY_SIZE = 2147483639
    sessionIdListeners = class java.util.ArrayList@35e92a0
      serialVersionUID = 8683452581122892189
      DEFAULT_CAPACITY = 10
      EMPTY_ELEMENTDATA = class java.lang.Object[0]
      DEFAULTCAPACITY_EMPTY_ELEMENTDATA = class java.lang.Object[0]
      elementData = class java.lang.Object[0]
      size = 0
      MAX_ARRAY_SIZE = 2147483639
      modCount = 0
      MAX_ARRAY_SIZE = 2147483639
    sessionAttributeListeners = class java.util.ArrayList@5c308f8e
      serialVersionUID = 8683452581122892189
      DEFAULT_CAPACITY = 10
      EMPTY_ELEMENTDATA = class java.lang.Object[0]
      DEFAULTCAPACITY_EMPTY_ELEMENTDATA = class java.lang.Object[0]
      elementData = class java.lang.Object[0]
      size = 0
      MAX_ARRAY_SIZE = 2147483639
      modCount = 0
      MAX_ARRAY_SIZE = 2147483639
    DEFAULT_HOST = "default_host"
    _initialized = true
    logger = class com.ibm.ws.logging.internal.WsLogger@1b106ba9
      tc = class com.ibm.websphere.ras.TraceComponent@68ec7ba4
      ivCachedResourceBundleName = "com.ibm.ws.webcontainer.resources.Messages"
      ivCachedResourceBundle = class com.ibm.ws.webcontainer.resources.Messages@7d9537dc
      ivComponent = null
      ivOrganization = null
      ivProduct = null
      ivMinimumLocalizationLevelIntValue = 625
      ivTC = class com.ibm.websphere.ras.TraceComponent@7b6b70ec
      loggerRegistrationComponent = class java.lang.ThreadLocal@6ff2e972
      emptyHandlers = class java.util.logging.Handler[0]
      offValue = 2147483647
      SYSTEM_LOGGER_RB_NAME = "sun.util.logging.resources.logging"
      SYSTEM_BUNDLE = class java.util.logging.Logger$LoggerBundle@4dd00e3b
      NO_RESOURCE_BUNDLE = class java.util.logging.Logger$LoggerBundle@19affb8a
      manager = class com.ibm.ws.kernel.boot.logging.WsLogManager@61ee38b4
      name = "com.ibm.ws.webcontainer"
      handlers = class java.util.concurrent.CopyOnWriteArrayList@4e524d41
      loggerBundle = class java.util.logging.Logger$LoggerBundle@33e3366
      useParentHandlers = true
      filter = null
      anonymous = false
      catalog = class com.ibm.ws.webcontainer.resources.Messages@7d9537dc
      catalogName = "com.ibm.ws.webcontainer.resources.Messages"
      catalogLocale = class java.util.Locale@652bfb20
      treeLock = class java.lang.Object@759054a9
      parent = class java.util.logging.Logger@2974271f
      kids = class java.util.ArrayList@5ba39454
      levelObject = class java.util.logging.Level@61eb86fb
      levelValue = 800
      callersClassLoaderRef = class java.lang.ref.WeakReference@1629a373
      isSystemLogger = false
      GLOBAL_LOGGER_NAME = "global"
      global = class java.util.logging.Logger@1e6d2276
      $assertionsDisabled = true
    CLASS_NAME = "com.ibm.ws.webcontainer.internal.WebContainer"
    nls = class com.ibm.ejs.ras.TraceNLS@c3d1d71
      resolver = class com.ibm.ws.logging.internal.TraceNLSResolver@55c2edb4
      finder = null
      ivBundleName = "com.ibm.ws.webcontainer.resources.Messages"
      caller = class java.lang.Class@2023fd1b
    self = class java.util.concurrent.atomic.AtomicReference@7b8155c4
      serialVersionUID = -1848883965231344442
      unsafe = class sun.misc.Unsafe@1ae847bc
      valueOffset = 12
      value = class com.ibm.ws.webcontainer.osgi.WebContainer@5572a515
    _cipherToBit = class java.util.HashMap@2395f9c5
      serialVersionUID = 362498820763181265
      DEFAULT_INITIAL_CAPACITY = 16
      MAXIMUM_CAPACITY = 1073741824
      DEFAULT_LOAD_FACTOR = 0.75
      TREEIFY_THRESHOLD = 8
      UNTREEIFY_THRESHOLD = 6
      MIN_TREEIFY_CAPACITY = 64
      table = null
      entrySet = null
      size = 0
      modCount = 0
      threshold = 0
      loadFactor = 0.75
      keySet = null
      values = null
    cacheKeyStringBuilder = class com.ibm.ws.util.WSThreadLocal@3b40833d
      tc = class com.ibm.ejs.ras.TraceComponent@7912f6
      count = 6
      index = 2
      SUSPECTED_MISUSAGE_THRESHOLD = 200
      threadLocalHashCode = 1728806728
      nextHashCode = class java.util.concurrent.atomic.AtomicInteger@7eb01e55
      HASH_INCREMENT = 1640531527
    listenersInitialized = true
    webConProperties = class java.util.Properties@5ff2c7b1
      serialVersionUID = 4112578634029874840
      defaults = null
      hexDigit = {0123456789ABCDEF} /* array length = 16*/
      table = class java.util.Hashtable$Entry[95]
      count = 55
      threshold = 71
      loadFactor = 0.75
      modCount = 58
      serialVersionUID = 1421746759512286392
      MAX_ARRAY_SIZE = 2147483639
      keySet = null
      entrySet = null
      values = null
      KEYS = 0
      VALUES = 1
      ENTRIES = 2
    sessionRegistry = null
    isStopped = false
    readWriteLockForStopping = class java.util.concurrent.locks.ReentrantReadWriteLock@2e2c96fe
      serialVersionUID = -6992448646407690164
      readerLock = class java.util.concurrent.locks.ReentrantReadWriteLock$ReadLock@1ee51490
      writerLock = class java.util.concurrent.locks.ReentrantReadWriteLock$WriteLock@5c88e5b5
      sync = class java.util.concurrent.locks.ReentrantReadWriteLock$NonfairSync@751ce3dc
      UNSAFE = class sun.misc.Unsafe@1ae847bc
      TID_OFFSET = 40
    urlPrefix = ";jsessionid="
    extensionFactories = class java.util.ArrayList@227b092f
      serialVersionUID = 8683452581122892189
      DEFAULT_CAPACITY = 10
      EMPTY_ELEMENTDATA = class java.lang.Object[0]
      DEFAULTCAPACITY_EMPTY_ELEMENTDATA = class java.lang.Object[0]
      elementData = class java.lang.Object[10]
      size = 4
      MAX_ARRAY_SIZE = 2147483639
      modCount = 9
      MAX_ARRAY_SIZE = 2147483639
    postInitExtensionFactories = null
    httpResponseListeners = class java.util.ArrayList@1d1d2f36
      serialVersionUID = 8683452581122892189
      DEFAULT_CAPACITY = 10
      EMPTY_ELEMENTDATA = class java.lang.Object[0]
      DEFAULTCAPACITY_EMPTY_ELEMENTDATA = class java.lang.Object[0]
      elementData = class java.lang.Object[0]
      size = 0
      MAX_ARRAY_SIZE = 2147483639
      modCount = 0
      MAX_ARRAY_SIZE = 2147483639
    servletContainerInitializers = class java.util.ServiceLoader@541bbc6b
      PREFIX = "META-INF/services/"
      service = class java.lang.Class@18a60850
      loader = class org.eclipse.osgi.internal.loader.EquinoxClassLoader@50a4a787
      acc = null
      providers = class java.util.LinkedHashMap@2f0f963d
      lookupIterator = class java.util.ServiceLoader$LazyIterator@1bd6389
    auditManager = class com.ibm.websphere.security.audit.context.AuditManager@1e4a4b70
      threadLocal = class com.ibm.websphere.security.audit.context.AuditManager$AuditThreadLocal@644a8d4b
      serialVersionUID = 3990873393024807062
      $$$tc$$$ = class com.ibm.websphere.ras.TraceComponent@74fa1dad
    threadLocal = class java.lang.ThreadLocal@64021be7
      threadLocalHashCode = -925629041
      nextHashCode = class java.util.concurrent.atomic.AtomicInteger@7eb01e55
      HASH_INCREMENT = 1640531527
    invocationCacheSize = 500
    decodePlusSign = true
    _cacheMap = class java.util.concurrent.ConcurrentHashMap@1012fcce
      serialVersionUID = 7249069246763182397
      MAXIMUM_CAPACITY = 1073741824
      DEFAULT_CAPACITY = 16
      MAX_ARRAY_SIZE = 2147483639
      DEFAULT_CONCURRENCY_LEVEL = 16
      LOAD_FACTOR = 0.75
      TREEIFY_THRESHOLD = 8
      UNTREEIFY_THRESHOLD = 6
      MIN_TREEIFY_CAPACITY = 64
      MIN_TRANSFER_STRIDE = 16
      RESIZE_STAMP_BITS = 16
      MAX_RESIZERS = 65535
      RESIZE_STAMP_SHIFT = 16
      MOVED = -1
      TREEBIN = -2
      RESERVED = -3
      HASH_BITS = 2147483647
      NCPU = 4
      serialPersistentFields = class java.io.ObjectStreamField[3]
      table = null
      nextTable = null
      baseCount = 0
      sizeCtl = 1024
      transferIndex = 0
      cellsBusy = 0
      counterCells = null
      keySet = null
      values = null
      entrySet = null
      U = class sun.misc.Unsafe@1ae847bc
      SIZECTL = 20
      TRANSFERINDEX = 32
      BASECOUNT = 24
      CELLSBUSY = 36
      CELLVALUE = 144
      ABASE = 16
      ASHIFT = 2
      keySet = null
      values = null
    _cacheSize = class java.util.concurrent.atomic.AtomicInteger@1963f243
      serialVersionUID = 6214790243416807050
      unsafe = class sun.misc.Unsafe@1ae847bc
      valueOffset = 12
      value = 0
      serialVersionUID = -8742448824652078965
    vHostCompatFlag = false
    platformHelper = class com.ibm.ws.webcontainer.PlatformHelper@55be2bd4
    isDefaultTempDir = true
    tempDir = null
    servletCachingInitNeeded = true
    appInstallBegun = true
    commands = class java.util.ArrayList@2664b3d7
      serialVersionUID = 8683452581122892189
      DEFAULT_CAPACITY = 10
      EMPTY_ELEMENTDATA = class java.lang.Object[0]
      DEFAULTCAPACITY_EMPTY_ELEMENTDATA = class java.lang.Object[0]
      elementData = class java.lang.Object[3]
      size = 0
      MAX_ARRAY_SIZE = 2147483639
      modCount = 0
      MAX_ARRAY_SIZE = 2147483639
    requestMapper = class com.ibm.ws.webcontainer.util.VirtualHostContextRootMapper@2093acb2
      cachedMappers = class java.util.Collections$SynchronizedMap@6b11fa72
      nls = class com.ibm.ejs.ras.TraceNLS@36c7711c
      logger = class com.ibm.ws.logging.internal.WsLogger@6eca05df
      CLASS_NAME = "com.ibm.ws.webcontainer.util.VirtualHostContextRootMapper"
      CLASSNAME = "com.ibm.ws.util.VirtualHostMapper"
      tc = class com.ibm.ejs.ras.TraceComponent@54370381
      vHostTable = class java.util.concurrent.ConcurrentHashMap@566211aa
    parent = null
    name = "Was.webcontainer"
    isAlive = true
    subElements = class java.util.HashMap@1b22de25
      serialVersionUID = 362498820763181265
      DEFAULT_INITIAL_CAPACITY = 16
      MAXIMUM_CAPACITY = 1073741824
      DEFAULT_LOAD_FACTOR = 0.75
      TREEIFY_THRESHOLD = 8
      UNTREEIFY_THRESHOLD = 6
      MIN_TREEIFY_CAPACITY = 64
      table = class java.util.HashMap$Node[16]
      entrySet = null
      size = 1
      modCount = 1
      threshold = 12
      loadFactor = 0.75
      keySet = null
      values = null
    attributes = null
    config = null
    serialVersionUID = -8271459000149267764
    $$$tc$$$ = class com.ibm.websphere.ras.TraceComponent@17411b51
      strings[0] = "TraceComponent[com.ibm.ws.container.AbstractContainer,class com.ibm.ws.container.AbstractContainer,[],null,null]"

