------Start of DE processing------ = [11/13/17 16:01:04:622 CST]
Exception = java.lang.NullPointerException
Source = com.ibm.ws.runtime.update.internal.RuntimeUpdateManagerImpl$3
probeid = 362
Stack Dump = java.lang.NullPointerException
	at com.ibm.ws.webcontainer.osgi.WebContainerListener.serverStopping(WebContainerListener.java:275)
	at com.ibm.ws.runtime.update.internal.RuntimeUpdateManagerImpl$3.run(RuntimeUpdateManagerImpl.java:358)
	at java.util.concurrent.ThreadPoolExecutor.runWorker(ThreadPoolExecutor.java:1142)
	at java.util.concurrent.ThreadPoolExecutor$Worker.run(ThreadPoolExecutor.java:617)
	at java.lang.Thread.run(Thread.java:745)

Dump of callerThis
Object type = com.ibm.ws.runtime.update.internal.RuntimeUpdateManagerImpl$3
  val$listeners = class java.util.concurrent.ConcurrentLinkedQueue@1e809314
    serialVersionUID = 196745693267521676
    head = class java.util.concurrent.ConcurrentLinkedQueue$Node@4e650d04
      item = null
      next = class java.util.concurrent.ConcurrentLinkedQueue$Node@3d0498e6
      UNSAFE = class sun.misc.Unsafe@41268882
      itemOffset = 12
      nextOffset = 16
    tail = class java.util.concurrent.ConcurrentLinkedQueue$Node@49ef4347
      item = class java.lang.Thread@515871bf
      next = class java.util.concurrent.ConcurrentLinkedQueue$Node@5d36392c
      UNSAFE = class sun.misc.Unsafe@41268882
      itemOffset = 12
      nextOffset = 16
    UNSAFE = class sun.misc.Unsafe@41268882
      theUnsafe = class sun.misc.Unsafe@41268882
      INVALID_FIELD_OFFSET = -1
      ARRAY_BOOLEAN_BASE_OFFSET = 16
      ARRAY_BYTE_BASE_OFFSET = 16
      ARRAY_SHORT_BASE_OFFSET = 16
      ARRAY_CHAR_BASE_OFFSET = 16
      ARRAY_INT_BASE_OFFSET = 16
      ARRAY_LONG_BASE_OFFSET = 16
      ARRAY_FLOAT_BASE_OFFSET = 16
      ARRAY_DOUBLE_BASE_OFFSET = 16
      ARRAY_OBJECT_BASE_OFFSET = 16
      ARRAY_BOOLEAN_INDEX_SCALE = 1
      ARRAY_BYTE_INDEX_SCALE = 1
      ARRAY_SHORT_INDEX_SCALE = 2
      ARRAY_CHAR_INDEX_SCALE = 2
      ARRAY_INT_INDEX_SCALE = 4
      ARRAY_LONG_INDEX_SCALE = 8
      ARRAY_FLOAT_INDEX_SCALE = 4
      ARRAY_DOUBLE_INDEX_SCALE = 8
      ARRAY_OBJECT_INDEX_SCALE = 4
      ADDRESS_SIZE = 8
    headOffset = 12
    tailOffset = 16
    MAX_ARRAY_SIZE = 2147483639
  val$listener = class com.ibm.ws.webcontainer.osgi.WebContainerListener@788fc10c
    tc = class com.ibm.websphere.ras.TraceComponent@4412b4ff
      strings[0] = "TraceComponent[com.ibm.ws.webcontainer.osgi.WebContainerListener,class com.ibm.ws.webcontainer.osgi.WebContainerListener,[webcontainer],com.ibm.ws.webcontainer.resources.LShimMessages,null]"
    jeeNameFactory = class com.ibm.ws.container.service.metadata.internal.J2EENameFactoryImpl@629dd531
      serialVersionUID = 3486344295038028821
      $$$tc$$$ = class com.ibm.websphere.ras.TraceComponent@4148ae65
    webModulesInStartingApps = class java.util.concurrent.ConcurrentHashMap@789fe245
      serialVersionUID = 7249069246763182397
      MAXIMUM_CAPACITY = 1073741824
      DEFAULT_CAPACITY = 16
      MAX_ARRAY_SIZE = 2147483639
      DEFAULT_CONCURRENCY_LEVEL = 16
      LOAD_FACTOR = 0.75
      TREEIFY_THRESHOLD = 8
      UNTREEIFY_THRESHOLD = 6
      MIN_TREEIFY_CAPACITY = 64
      MIN_TRANSFER_STRIDE = 16
      RESIZE_STAMP_BITS = 16
      MAX_RESIZERS = 65535
      RESIZE_STAMP_SHIFT = 16
      MOVED = -1
      TREEBIN = -2
      RESERVED = -3
      HASH_BITS = 2147483647
      NCPU = 4
      serialPersistentFields = class java.io.ObjectStreamField[3]
      table = null
      nextTable = null
      baseCount = 0
      sizeCtl = 0
      transferIndex = 0
      cellsBusy = 0
      counterCells = null
      keySet = null
      values = null
      entrySet = null
      U = class sun.misc.Unsafe@41268882
      SIZECTL = 20
      TRANSFERINDEX = 32
      BASECOUNT = 24
      CELLSBUSY = 36
      CELLVALUE = 144
      ABASE = 16
      ASHIFT = 2
      keySet = null
      values = null
    webModulesInStartedApps = class java.util.concurrent.ConcurrentHashMap@7e1edbfb
      serialVersionUID = 7249069246763182397
      MAXIMUM_CAPACITY = 1073741824
      DEFAULT_CAPACITY = 16
      MAX_ARRAY_SIZE = 2147483639
      DEFAULT_CONCURRENCY_LEVEL = 16
      LOAD_FACTOR = 0.75
      TREEIFY_THRESHOLD = 8
      UNTREEIFY_THRESHOLD = 6
      MIN_TREEIFY_CAPACITY = 64
      MIN_TRANSFER_STRIDE = 16
      RESIZE_STAMP_BITS = 16
      MAX_RESIZERS = 65535
      RESIZE_STAMP_SHIFT = 16
      MOVED = -1
      TREEBIN = -2
      RESERVED = -3
      HASH_BITS = 2147483647
      NCPU = 4
      serialPersistentFields = class java.io.ObjectStreamField[3]
      table = null
      nextTable = null
      baseCount = 0
      sizeCtl = 0
      transferIndex = 0
      cellsBusy = 0
      counterCells = null
      keySet = null
      values = null
      entrySet = null
      U = class sun.misc.Unsafe@41268882
      SIZECTL = 20
      TRANSFERINDEX = 32
      BASECOUNT = 24
      CELLSBUSY = 36
      CELLVALUE = 144
      ABASE = 16
      ASHIFT = 2
      keySet = null
      values = null
    webModulesInStartingApps_lock = class com.ibm.ws.webcontainer.osgi.WebContainerListener$1@425d6c23
      this$0 = class com.ibm.ws.webcontainer.osgi.WebContainerListener@788fc10c
  this$0 = class com.ibm.ws.runtime.update.internal.RuntimeUpdateManagerImpl@1545374c
    tc = class com.ibm.websphere.ras.TraceComponent@3bd10a1e
      strings[0] = "TraceComponent[com.ibm.ws.runtime.update.internal.RuntimeUpdateManagerImpl,class com.ibm.ws.runtime.update.internal.RuntimeUpdateManagerImpl,[runtime.update],com.ibm.ws.runtime.update.internal.resources.Messages,null]"
    futureMonitor = class com.ibm.ws.threading.internal.FutureMonitorImpl@ed8f5ce
      _monitor = class java.util.concurrent.ConcurrentLinkedQueue@6713afa6
      _executor = class com.ibm.ws.threading.internal.ScheduledExecutorImpl@6ec4f262
      _threadRunning = class java.util.concurrent.atomic.AtomicBoolean@4d812a7c
      _thread = class com.ibm.ws.threading.internal.FutureMonitorImpl$1@6d333983
      serialVersionUID = 2765238413969174390
      $$$tc$$$ = class com.ibm.websphere.ras.TraceComponent@2fcbd5cb
    normalServerStop = class java.util.concurrent.atomic.AtomicBoolean@3d1e6a29
      serialVersionUID = 4654671469794556979
      unsafe = class sun.misc.Unsafe@41268882
      valueOffset = 12
      value = 1
    updateListeners = class java.util.HashSet@48098790
      serialVersionUID = -5024744406713321676
      map = class java.util.HashMap@1727d51c
      PRESENT = class java.lang.Object@5e397278
      MAX_ARRAY_SIZE = 2147483639
    notifications = class java.util.HashMap@3e8b2a20
      serialVersionUID = 362498820763181265
      DEFAULT_INITIAL_CAPACITY = 16
      MAXIMUM_CAPACITY = 1073741824
      DEFAULT_LOAD_FACTOR = 0.75
      TREEIFY_THRESHOLD = 8
      UNTREEIFY_THRESHOLD = 6
      MIN_TREEIFY_CAPACITY = 64
      table = class java.util.HashMap$Node[16]
      entrySet = class java.util.HashMap$EntrySet@5e03fb03
      size = 3
      modCount = 8
      threshold = 12
      loadFactor = 0.75
      keySet = null
      values = class java.util.HashMap$Values@5716e6ad
    bundleCtx = class org.eclipse.osgi.internal.framework.BundleContextImpl@e4e41a0
      findHookName = "org.osgi.framework.hooks.bundle.FindHook"
      valid = true
      bundle = class org.eclipse.osgi.internal.framework.EquinoxBundle@79114f9d
      container = class org.eclipse.osgi.internal.framework.EquinoxContainer@7f46f18f
      debug = class org.eclipse.osgi.internal.debug.Debug@6711f23c
      servicesInUse = class java.util.HashMap@7d243fd
      activator = null
      contextLock = class java.lang.Object@778bc604
    cleanupListener = class com.ibm.ws.runtime.update.internal.RuntimeUpdateManagerImpl$1@77b4ceba
      this$0 = class com.ibm.ws.runtime.update.internal.RuntimeUpdateManagerImpl@1545374c
      serialVersionUID = -1247721544084393241
      $$$tc$$$ = class com.ibm.websphere.ras.TraceComponent@507d0bee
    locationService = class com.ibm.ws.kernel.service.location.internal.WsLocationAdminImpl@39b5bd47
      tc = class com.ibm.websphere.ras.TraceComponent@3a915b37
      LOC_INTERNAL_LIB_DIR = "wlp.lib.dir"
      LOC_AREA_NAME_APPS = "shared/apps/"
      LOC_AREA_NAME_CONFIG = "shared/config/"
      LOC_AREA_NAME_RESC = "shared/resources/"
      LOC_AREA_NAME_STATE = "logs/state/"
      LOC_AREA_NAME_SERVERS = "servers/"
      LOC_AREA_NAME_CLIENTS = "clients/"
      LOC_AREA_NAME_WORKING = "workarea/"
      LOC_AREA_NAME_EXTENSION = "extension/"
      instance = class com.ibm.ws.kernel.service.location.internal.WsLocationAdminImpl@39b5bd47
      installRoot = class com.ibm.ws.kernel.service.location.internal.SymbolicRootResource@3f898bf3
      installParentRoot = class com.ibm.ws.kernel.service.location.internal.SymbolicRootResource@57610e2c
      userRoot = class com.ibm.ws.kernel.service.location.internal.SymbolicRootResource@42397296
      usrExtensionRoot = class com.ibm.ws.kernel.service.location.internal.SymbolicRootResource@6bab2733
      serverConfigDir = class com.ibm.ws.kernel.service.location.internal.SymbolicRootResource@188eefa6
      serverOutputDir = class com.ibm.ws.kernel.service.location.internal.SymbolicRootResource@188eefa6
      bootstrapLib = class com.ibm.ws.kernel.service.location.internal.LocalFileResource@474182f5
      serverWorkarea = class com.ibm.ws.kernel.service.location.internal.LocalFileResource@4e65e549
      serverState = class com.ibm.ws.kernel.service.location.internal.LocalFileResource@7cc5d109
      sharedAppsRoot = class com.ibm.ws.kernel.service.location.internal.SymbolicRootResource@13d9e2e8
      sharedConfigRoot = class com.ibm.ws.kernel.service.location.internal.SymbolicRootResource@58c49c4c
      sharedResourceRoot = class com.ibm.ws.kernel.service.location.internal.SymbolicRootResource@396a75b0
      tmpRoot = class com.ibm.ws.kernel.service.location.internal.SymbolicRootResource@6bf5b60d
      serverName = "defaultServer"
      resourcePaths = class java.util.ArrayList@37e7d739
      resourceGroups = class java.util.HashMap@4bbd1b75
      commonRoot = class com.ibm.ws.kernel.service.location.internal.VirtualRootResource@21903047
      serialVersionUID = 7766352982799267432
    serialVersionUID = 8528977989724669243
  serialVersionUID = -3618464269570709744
  $$$tc$$$ = class com.ibm.websphere.ras.TraceComponent@2ed6e2e4
    strings[0] = "TraceComponent[com.ibm.ws.runtime.update.internal.RuntimeUpdateManagerImpl$3,class com.ibm.ws.runtime.update.internal.RuntimeUpdateManagerImpl$3,[runtime.update],com.ibm.ws.runtime.update.internal.resources.Messages,null]"

