------Start of DE processing------ = [11/29/17 0:00:08:185 CST]
Exception = java.lang.NullPointerException
Source = com.ibm.ws.webcontainer.filter.WebAppFilterManager.invokeFilters
probeid = 1105
Stack Dump = java.lang.NullPointerException
	at controller.LoginServlet.connectToDataBase(LoginServlet.java:422)
	at controller.LoginServlet.doGet(LoginServlet.java:157)
	at javax.servlet.http.HttpServlet.service(HttpServlet.java:687)
	at javax.servlet.http.HttpServlet.service(HttpServlet.java:790)
	at com.ibm.ws.webcontainer.servlet.ServletWrapper.service(ServletWrapper.java:1255)
	at com.ibm.ws.webcontainer.servlet.ServletWrapper.handleRequest(ServletWrapper.java:743)
	at com.ibm.ws.webcontainer.servlet.ServletWrapper.handleRequest(ServletWrapper.java:440)
	at com.ibm.ws.webcontainer.filter.WebAppFilterManager.invokeFilters(WebAppFilterManager.java:1138)
	at com.ibm.ws.webcontainer.webapp.WebApp.handleRequest(WebApp.java:4938)
	at com.ibm.ws.webcontainer.osgi.DynamicVirtualHost$2.handleRequest(DynamicVirtualHost.java:316)
	at com.ibm.ws.webcontainer.WebContainer.handleRequest(WebContainer.java:990)
	at com.ibm.ws.webcontainer.osgi.DynamicVirtualHost$2.run(DynamicVirtualHost.java:281)
	at com.ibm.ws.http.dispatcher.internal.channel.HttpDispatcherLink$TaskWrapper.run(HttpDispatcherLink.java:960)
	at com.ibm.ws.http.dispatcher.internal.channel.HttpDispatcherLink.wrapHandlerAndExecute(HttpDispatcherLink.java:362)
	at com.ibm.ws.http.dispatcher.internal.channel.HttpDispatcherLink.ready(HttpDispatcherLink.java:321)
	at com.ibm.ws.http.channel.internal.inbound.HttpInboundLink.handleDiscrimination(HttpInboundLink.java:499)
	at com.ibm.ws.http.channel.internal.inbound.HttpInboundLink.handleNewRequest(HttpInboundLink.java:433)
	at com.ibm.ws.http.channel.internal.inbound.HttpInboundLink.processRequest(HttpInboundLink.java:313)
	at com.ibm.ws.http.channel.internal.inbound.HttpInboundLink.ready(HttpInboundLink.java:284)
	at com.ibm.ws.tcpchannel.internal.NewConnectionInitialReadCallback.sendToDiscriminators(NewConnectionInitialReadCallback.java:165)
	at com.ibm.ws.tcpchannel.internal.NewConnectionInitialReadCallback.complete(NewConnectionInitialReadCallback.java:74)
	at com.ibm.ws.tcpchannel.internal.WorkQueueManager.requestComplete(WorkQueueManager.java:503)
	at com.ibm.ws.tcpchannel.internal.WorkQueueManager.attemptIO(WorkQueueManager.java:573)
	at com.ibm.ws.tcpchannel.internal.WorkQueueManager.workerRun(WorkQueueManager.java:928)
	at com.ibm.ws.tcpchannel.internal.WorkQueueManager$Worker.run(WorkQueueManager.java:1017)
	at java.util.concurrent.ThreadPoolExecutor.runWorker(ThreadPoolExecutor.java:1142)
	at java.util.concurrent.ThreadPoolExecutor$Worker.run(ThreadPoolExecutor.java:617)
	at java.lang.Thread.run(Thread.java:745)

Dump of callerThis
Object type = com.ibm.ws.webcontainer.osgi.filter.WebAppFilterManagerImpl
  _filterWrappers = class java.util.Hashtable@23f3799c
    table = class java.util.Hashtable$Entry[11]
      table[0] = null
      table[1] = null
      table[2] = null
      table[3] = null
      table[4] = null
      table[5] = null
      table[6] = null
      table[7] = null
      table[8] = null
      table[9] = null
      table[10] = null
    count = 0
    threshold = 8
    loadFactor = 0.75
    modCount = 0
    serialVersionUID = 1421746759512286392
    MAX_ARRAY_SIZE = 2147483639
    keySet = null
    entrySet = null
    values = null
    KEYS = 0
    VALUES = 1
    ENTRIES = 2
  chainCache = class java.util.Collections$SynchronizedMap@2c623a2a
    serialVersionUID = 1978198479659022715
    m = class com.ibm.ws.webcontainer.filter.WebAppFilterManager$1@669514a5
      this$0 = class com.ibm.ws.webcontainer.osgi.filter.WebAppFilterManagerImpl@7cdbe406
      serialVersionUID = 3801124242820219131
      head = null
      tail = null
      accessOrder = true
      serialVersionUID = 362498820763181265
      DEFAULT_INITIAL_CAPACITY = 16
      MAXIMUM_CAPACITY = 1073741824
      DEFAULT_LOAD_FACTOR = 0.75
      TREEIFY_THRESHOLD = 8
      UNTREEIFY_THRESHOLD = 6
      MIN_TREEIFY_CAPACITY = 64
      table = null
      entrySet = null
      size = 0
      modCount = 0
      threshold = 32
      loadFactor = 0.75
      keySet = null
      values = null
    mutex = class java.util.Collections$SynchronizedMap@2c623a2a
    keySet = null
    entrySet = null
    values = null
  forwardChainCache = class java.util.Collections$SynchronizedMap@eea08dd
    serialVersionUID = 1978198479659022715
    m = class com.ibm.ws.webcontainer.filter.WebAppFilterManager$2@42f9645e
      this$0 = class com.ibm.ws.webcontainer.osgi.filter.WebAppFilterManagerImpl@7cdbe406
      serialVersionUID = 3801124242820219131
      head = null
      tail = null
      accessOrder = true
      serialVersionUID = 362498820763181265
      DEFAULT_INITIAL_CAPACITY = 16
      MAXIMUM_CAPACITY = 1073741824
      DEFAULT_LOAD_FACTOR = 0.75
      TREEIFY_THRESHOLD = 8
      UNTREEIFY_THRESHOLD = 6
      MIN_TREEIFY_CAPACITY = 64
      table = null
      entrySet = null
      size = 0
      modCount = 0
      threshold = 16
      loadFactor = 0.75
      keySet = null
      values = null
    mutex = class java.util.Collections$SynchronizedMap@eea08dd
    keySet = null
    entrySet = null
    values = null
  includeChainCache = class java.util.Collections$SynchronizedMap@9010f87
    serialVersionUID = 1978198479659022715
    m = class com.ibm.ws.webcontainer.filter.WebAppFilterManager$3@701e895f
      this$0 = class com.ibm.ws.webcontainer.osgi.filter.WebAppFilterManagerImpl@7cdbe406
      serialVersionUID = 3801124242820219131
      head = null
      tail = null
      accessOrder = true
      serialVersionUID = 362498820763181265
      DEFAULT_INITIAL_CAPACITY = 16
      MAXIMUM_CAPACITY = 1073741824
      DEFAULT_LOAD_FACTOR = 0.75
      TREEIFY_THRESHOLD = 8
      UNTREEIFY_THRESHOLD = 6
      MIN_TREEIFY_CAPACITY = 64
      table = null
      entrySet = null
      size = 0
      modCount = 0
      threshold = 8
      loadFactor = 0.75
      keySet = null
      values = null
    mutex = class java.util.Collections$SynchronizedMap@9010f87
    keySet = null
    entrySet = null
    values = null
  errorChainCache = class java.util.Collections$SynchronizedMap@3106b8a2
    serialVersionUID = 1978198479659022715
    m = class com.ibm.ws.webcontainer.filter.WebAppFilterManager$4@7e068892
      this$0 = class com.ibm.ws.webcontainer.osgi.filter.WebAppFilterManagerImpl@7cdbe406
      serialVersionUID = 3801124242820219131
      head = null
      tail = null
      accessOrder = true
      serialVersionUID = 362498820763181265
      DEFAULT_INITIAL_CAPACITY = 16
      MAXIMUM_CAPACITY = 1073741824
      DEFAULT_LOAD_FACTOR = 0.75
      TREEIFY_THRESHOLD = 8
      UNTREEIFY_THRESHOLD = 6
      MIN_TREEIFY_CAPACITY = 64
      table = null
      entrySet = null
      size = 0
      modCount = 0
      threshold = 2
      loadFactor = 0.75
      keySet = null
      values = null
    mutex = class java.util.Collections$SynchronizedMap@3106b8a2
    keySet = null
    entrySet = null
    values = null
  _filtersDefined = false
  FMI_MAPPING_SINGLE_SLASH = 0
  FMI_MAPPING_PATH_MATCH = 1
  FMI_MAPPING_EXTENSION_MATCH = 2
  FMI_MAPPING_EXACT_MATCH = 3
  logger = class com.ibm.ws.logging.internal.WsLogger@c8877c2
    tc = class com.ibm.websphere.ras.TraceComponent@4862fcfb
      strings[0] = "TraceComponent[com.ibm.ws.logging.internal.WsLogger,class com.ibm.ws.logging.internal.WsLogger,[logging],com.ibm.ws.logging.internal.resources.LoggingMessages,null]"
    ivCachedResourceBundleName = null
    ivCachedResourceBundle = null
    ivComponent = null
    ivOrganization = null
    ivProduct = null
    ivMinimumLocalizationLevelIntValue = 625
    ivTC = class com.ibm.websphere.ras.TraceComponent@12213db0
      strings[0] = "TraceComponent[com.ibm.ws.webcontainer.filter,class com.ibm.wsspi.webcontainer.logging.LoggerFactory$1,[com.ibm.ws.webcontainer.filter],null,null]"
    loggerRegistrationComponent = class java.lang.ThreadLocal@700227b4
      threadLocalHashCode = -1992887715
      nextHashCode = class java.util.concurrent.atomic.AtomicInteger@3f1a9cc0
      HASH_INCREMENT = 1640531527
    emptyHandlers = class java.util.logging.Handler[0]
    offValue = 2147483647
    SYSTEM_LOGGER_RB_NAME = "sun.util.logging.resources.logging"
    SYSTEM_BUNDLE = class java.util.logging.Logger$LoggerBundle@628daf29
      resourceBundleName = "sun.util.logging.resources.logging"
      userBundle = null
    NO_RESOURCE_BUNDLE = class java.util.logging.Logger$LoggerBundle@7cc8208b
      resourceBundleName = null
      userBundle = null
    manager = class com.ibm.ws.kernel.boot.logging.WsLogManager@1d169721
      CLASS_NAME = "com.ibm.ws.kernel.boot.logging.WsLogManager"
      CONFIGURE_BY_SERVER_PROPERTY_NAME = "java.util.logging.configureByServer"
      CONFIGURE_BY_LOGGING_PROPERTIES_FILE = "java.util.logging.configureByLoggingPropertiesFile"
      configureByServer = true
      configureByLoggingProperties = false
      wsLogger = class java.lang.reflect.Constructor@795d8dd3
      resetEnabled = true
      manager = class com.ibm.ws.kernel.boot.logging.WsLogManager@1d169721
      props = class java.util.Properties@128a025e
      defaultLevel = class java.util.logging.Level@34ee2db
      listenerMap = class java.util.HashMap@57ca9b2
      systemContext = class java.util.logging.LogManager$SystemLoggerContext@10da8fdb
      userContext = class java.util.logging.LogManager$LoggerContext@6a0031df
      rootLogger = class java.util.logging.LogManager$RootLogger@28da5633
      readPrimordialConfiguration = true
      initializedGlobalHandlers = true
      deathImminent = false
      initializedCalled = true
      initializationDone = true
      contextsMap = null
      loggerRefQueue = class java.lang.ref.ReferenceQueue@480b5ba3
      MAX_ITERATIONS = 400
      controlPermission = class java.util.logging.LoggingPermission@cebb12e
      loggingMXBean = null
      LOGGING_MXBEAN_NAME = "java.util.logging:type=Logging"
      $assertionsDisabled = true
    name = "com.ibm.ws.webcontainer.filter"
    handlers = class java.util.concurrent.CopyOnWriteArrayList@2c65006b
      serialVersionUID = 8673264195747942595
      lock = class java.util.concurrent.locks.ReentrantLock@1db03ebb
      array = class java.lang.Object[0]
      UNSAFE = class sun.misc.Unsafe@1cbd3b68
      lockOffset = 12
    loggerBundle = class java.util.logging.Logger$LoggerBundle@231e0629
      resourceBundleName = "com.ibm.ws.webcontainer.resources.Messages"
      userBundle = null
    useParentHandlers = true
    filter = null
    anonymous = false
    catalog = class com.ibm.ws.webcontainer.resources.Messages@1eefb6b9
      resources = class [Ljava.lang.Object;[332]
      lookup = null
      INITIAL_CACHE_SIZE = 32
      NONEXISTENT_BUNDLE = class java.util.ResourceBundle$1@6469479a
      cacheList = class java.util.concurrent.ConcurrentHashMap@760b129e
      referenceQueue = class java.lang.ref.ReferenceQueue@75b529f0
      parent = null
      locale = class java.util.Locale@5fbede6f
      name = "com.ibm.ws.webcontainer.resources.Messages"
      expired = false
      cacheKey = class java.util.ResourceBundle$CacheKey@71450795
      keySet = null
      providers = null
      $assertionsDisabled = true
    catalogName = "com.ibm.ws.webcontainer.resources.Messages"
    catalogLocale = class java.util.Locale@376985da
      LOCALECACHE = class java.util.Locale$Cache@2a89e5d1
      ENGLISH = class java.util.Locale@6a6d96ed
      FRENCH = class java.util.Locale@35506884
      GERMAN = class java.util.Locale@12dfe02
      ITALIAN = class java.util.Locale@646f249b
      JAPANESE = class java.util.Locale@62b30c05
      KOREAN = class java.util.Locale@54915c9f
      CHINESE = class java.util.Locale@3aa265e1
      SIMPLIFIED_CHINESE = class java.util.Locale@27f4c5d2
      TRADITIONAL_CHINESE = class java.util.Locale@5ddd260d
      FRANCE = class java.util.Locale@376fc8d
      GERMANY = class java.util.Locale@2a520c6f
      ITALY = class java.util.Locale@2b8986a2
      JAPAN = class java.util.Locale@1fd02090
      KOREA = class java.util.Locale@2b763573
      CHINA = class java.util.Locale@27f4c5d2
      PRC = class java.util.Locale@27f4c5d2
      TAIWAN = class java.util.Locale@5ddd260d
      UK = class java.util.Locale@11fd6506
      US = class java.util.Locale@376985da
      CANADA = class java.util.Locale@76264d0d
      CANADA_FRENCH = class java.util.Locale@68ec37f9
      ROOT = class java.util.Locale@5fbede6f
      PRIVATE_USE_EXTENSION = x
      UNICODE_LOCALE_EXTENSION = u
      serialVersionUID = 9149081749638150636
      DISPLAY_LANGUAGE = 0
      DISPLAY_COUNTRY = 1
      DISPLAY_VARIANT = 2
      DISPLAY_SCRIPT = 3
      baseLocale = class sun.util.locale.BaseLocale@722b4a3a
      localeExtensions = null
      hashCodeValue = 96636889
      defaultLocale = class java.util.Locale@376985da
      defaultDisplayLocale = null
      defaultFormatLocale = class java.util.Locale@376985da
      languageTag = "en-US"
      serialPersistentFields = class java.io.ObjectStreamField[6]
      isoLanguages = null
      isoCountries = null
      $assertionsDisabled = true
    treeLock = class java.lang.Object@338bbd04
    parent = class com.ibm.ws.logging.internal.WsLogger@6077ca12
      tc = class com.ibm.websphere.ras.TraceComponent@4862fcfb
      ivCachedResourceBundleName = "com.ibm.ws.webcontainer.resources.Messages"
      ivCachedResourceBundle = class com.ibm.ws.webcontainer.resources.Messages@7c3f5efc
      ivComponent = null
      ivOrganization = null
      ivProduct = null
      ivMinimumLocalizationLevelIntValue = 625
      ivTC = class com.ibm.websphere.ras.TraceComponent@77763a66
      loggerRegistrationComponent = class java.lang.ThreadLocal@700227b4
      emptyHandlers = class java.util.logging.Handler[0]
      offValue = 2147483647
      SYSTEM_LOGGER_RB_NAME = "sun.util.logging.resources.logging"
      SYSTEM_BUNDLE = class java.util.logging.Logger$LoggerBundle@628daf29
      NO_RESOURCE_BUNDLE = class java.util.logging.Logger$LoggerBundle@7cc8208b
      manager = class com.ibm.ws.kernel.boot.logging.WsLogManager@1d169721
      name = "com.ibm.ws.webcontainer"
      handlers = class java.util.concurrent.CopyOnWriteArrayList@75194a5b
      loggerBundle = class java.util.logging.Logger$LoggerBundle@76970410
      useParentHandlers = true
      filter = null
      anonymous = false
      catalog = class com.ibm.ws.webcontainer.resources.Messages@7c3f5efc
      catalogName = "com.ibm.ws.webcontainer.resources.Messages"
      catalogLocale = class java.util.Locale@376985da
      treeLock = class java.lang.Object@338bbd04
      parent = class java.util.logging.Logger@1d007a9e
      kids = class java.util.ArrayList@1b4e1f7c
      levelObject = class java.util.logging.Level@34ee2db
      levelValue = 800
      callersClassLoaderRef = class java.lang.ref.WeakReference@24bac5dc
      isSystemLogger = false
      GLOBAL_LOGGER_NAME = "global"
      global = class java.util.logging.Logger@48066e3d
      $assertionsDisabled = true
    kids = null
    levelObject = class java.util.logging.Level@34ee2db
      defaultBundle = "sun.util.logging.resources.logging"
      name = "INFO"
      value = 800
      resourceBundleName = "sun.util.logging.resources.logging"
      localizedLevelName = "INFO"
      cachedLocale = class java.util.Locale@376985da
      OFF = class java.util.logging.Level@3a8cef63
      SEVERE = class java.util.logging.Level@60312b78
      WARNING = class java.util.logging.Level@7d85de64
      INFO = class java.util.logging.Level@34ee2db
      CONFIG = class java.util.logging.Level@71d3f6db
      FINE = class java.util.logging.Level@2cf9e875
      FINER = class java.util.logging.Level@45fa6c79
      FINEST = class java.util.logging.Level@16dfec5c
      ALL = class java.util.logging.Level@78d4a572
      serialVersionUID = -8176160795706313070
    levelValue = 800
    callersClassLoaderRef = class java.lang.ref.WeakReference@7872f03d
      referent = class org.eclipse.osgi.internal.loader.EquinoxClassLoader@2c6eb41d
      queue = class java.lang.ref.ReferenceQueue$Null@13a43305
      next = null
      discovered = null
      lock = class java.lang.ref.Reference$Lock@6c11e35a
      pending = null
    isSystemLogger = false
    GLOBAL_LOGGER_NAME = "global"
    global = class java.util.logging.Logger@48066e3d
      emptyHandlers = class java.util.logging.Handler[0]
      offValue = 2147483647
      SYSTEM_LOGGER_RB_NAME = "sun.util.logging.resources.logging"
      SYSTEM_BUNDLE = class java.util.logging.Logger$LoggerBundle@628daf29
      NO_RESOURCE_BUNDLE = class java.util.logging.Logger$LoggerBundle@7cc8208b
      manager = class com.ibm.ws.kernel.boot.logging.WsLogManager@1d169721
      name = "global"
      handlers = class java.util.concurrent.CopyOnWriteArrayList@1d9f5eb9
      loggerBundle = class java.util.logging.Logger$LoggerBundle@7cc8208b
      useParentHandlers = true
      filter = null
      anonymous = false
      catalog = null
      catalogName = null
      catalogLocale = null
      treeLock = class java.lang.Object@338bbd04
      parent = class java.util.logging.LogManager$RootLogger@28da5633
      kids = null
      levelObject = null
      levelValue = 800
      callersClassLoaderRef = null
      isSystemLogger = true
      GLOBAL_LOGGER_NAME = "global"
      global = class java.util.logging.Logger@48066e3d
      $assertionsDisabled = true
    $assertionsDisabled = true
  CLASS_NAME = "com.ibm.ws.webcontainer.filter.WebAppFilterManager"
  nls = class com.ibm.ejs.ras.TraceNLS@52fa2a6e
    resolver = class com.ibm.ws.logging.internal.TraceNLSResolver@24c03f05
      tc = class com.ibm.websphere.ras.TraceComponent@1963006a
      DEBUG_TRACE_NLS_PROPERTY = "com.ibm.ejs.ras.debugTraceNLSResolver"
      debugTraceNLSResolver = false
      makeNoise = false
      nullKey = "null"
      svNullBundleName = "Resource Bundle name is null, key = {0}"
      svBundleNotLoaded = "Unable to load ResourceBundle {0}"
      svNullKeyMessage = "Null key passed while using ResourceBundle {0}"
      svMalformedMessage = "No message text associated with key {0} in bundle {1}"
    finder = null
    ivBundleName = "com.ibm.ws.webcontainer.resources.Messages"
    caller = class java.lang.Class@aabd833
      ANNOTATION = 8192
      ENUM = 16384
      SYNTHETIC = 4096
      cachedConstructor = null
      newInstanceCallerCache = null
      name = null
      allPermDomain = class java.security.ProtectionDomain@687830fa
      useCaches = true
      reflectionData = class java.lang.ref.SoftReference@141d0c7b
      classRedefinedCount = 0
      genericInfo = null
      serialVersionUID = 3206093459760846163
      serialPersistentFields = class java.io.ObjectStreamField[0]
      reflectionFactory = class sun.reflect.ReflectionFactory@2129439f
      initted = true
      enumConstants = null
      enumConstantDirectory = null
      annotationData = class java.lang.Class$AnnotationData@688d2c31
      annotationType = null
      classValueMap = null
  webAppConfig = class com.ibm.ws.webcontainer.osgi.webapp.WebAppConfiguration@53066a81
    webModuleMetaData = class com.ibm.ws.webcontainer.osgi.metadata.WebModuleMetaDataImpl@63a9d5da
      applicationMetaData = class com.ibm.ws.container.service.app.deploy.internal.ApplicationMetaDataImpl@76b24d44
      j2eeName = class com.ibm.ws.container.service.metadata.internal.J2EENameImpl@1b97b4e7
      wccmd = class com.ibm.ws.webcontainer.osgi.metadata.WebCollaboratorComponentMetaDataImpl@78a36c6
      securityMetaData = class com.ibm.ws.webcontainer.security.metadata.SecurityServletConfiguratorHelper@3a05daa9
      annotatedSecurityMetaData = null
      webAppConfig = class com.ibm.ws.webcontainer.osgi.webapp.WebAppConfiguration@53066a81
      _isServlet23OrHigher = false
      jspComponentMetaData = class com.ibm.ws.jsp.runtime.metadata.JspComponentMetaData@e83d741
      sessionCookieNameInUse = null
      mBeanServiceReg = null
      tc = class com.ibm.websphere.ras.TraceComponent@26fe5ed1
      NUM_STATIC_SLOTS = 4
      ID_UNINITIALIZED = -1
      id = 0
      metaDataInterface = class java.lang.Class@b89e3d0
      staticSlots = class java.lang.Object[4]
      dynamicSlots = class java.lang.Object[4]
    webComponentMetaData = class com.ibm.ws.webcontainer.osgi.metadata.WebComponentMetaDataImpl@24e151d8
    dVirtualHost = class com.ibm.ws.webcontainer.osgi.DynamicVirtualHost@6348937f
      tc = class com.ibm.websphere.ras.TraceComponent@30ce4e6e
      CLASS_NAME = "com.ibm.ws.webcontainer.osgi.DynamicVirtualHost"
      webContainerParent = class com.ibm.ws.webcontainer.osgi.WebContainer@4b9d817
      dhostConfig = class com.ibm.ws.webcontainer.osgi.DynamicVirtualHostConfiguration@5ba5ee1f
      predefinedMatcher = null
      normalizeRequestURI = false
      httpInboundConnection = class com.ibm.ws.http.dispatcher.internal.channel.HttpDispatcherLink@42b78173
      logger = class com.ibm.ws.logging.internal.WsLogger@6077ca12
      CLASS_NAME = "com.ibm.ws.webcontainer.VirtualHost"
      vHostConfig = class com.ibm.ws.webcontainer.osgi.DynamicVirtualHostConfiguration@5ba5ee1f
      commands = class java.util.ArrayList@21ff03b1
      requestMapper = class com.ibm.wsspi.webcontainer.util.URIMapper@55ded487
      parent = class com.ibm.ws.webcontainer.osgi.WebContainer@4b9d817
      name = "default_host"
      isAlive = true
      subElements = class java.util.HashMap@2b1c7b56
      attributes = null
      config = null
      serialVersionUID = -8271459000149267764
      $$$tc$$$ = class com.ibm.websphere.ras.TraceComponent@63a91a
    orderedLibPaths = class java.util.Collections$UnmodifiableRandomAccessList@2198e3d9
      serialVersionUID = -2542308836966382001
      serialVersionUID = -283967356065247728
      list = class java.util.ArrayList@294668af
      serialVersionUID = 1820017752578914078
      c = class java.util.ArrayList@294668af
    bundleHeaders = null
    cdiEnabled = false
    CLASS_NAME = "com.ibm.ws.webcontainer.webapp.WebAppConfiguration"
    logger = class com.ibm.ws.logging.internal.WsLogger@6fc0852c
      tc = class com.ibm.websphere.ras.TraceComponent@4862fcfb
      ivCachedResourceBundleName = null
      ivCachedResourceBundle = null
      ivComponent = null
      ivOrganization = null
      ivProduct = null
      ivMinimumLocalizationLevelIntValue = 625
      ivTC = class com.ibm.websphere.ras.TraceComponent@475c44de
      loggerRegistrationComponent = class java.lang.ThreadLocal@700227b4
      emptyHandlers = class java.util.logging.Handler[0]
      offValue = 2147483647
      SYSTEM_LOGGER_RB_NAME = "sun.util.logging.resources.logging"
      SYSTEM_BUNDLE = class java.util.logging.Logger$LoggerBundle@628daf29
      NO_RESOURCE_BUNDLE = class java.util.logging.Logger$LoggerBundle@7cc8208b
      manager = class com.ibm.ws.kernel.boot.logging.WsLogManager@1d169721
      name = "com.ibm.ws.webcontainer.webapp"
      handlers = class java.util.concurrent.CopyOnWriteArrayList@34d15dd
      loggerBundle = class java.util.logging.Logger$LoggerBundle@fdbbd5a
      useParentHandlers = true
      filter = null
      anonymous = false
      catalog = class com.ibm.ws.webcontainer.resources.Messages@7c3f5efc
      catalogName = "com.ibm.ws.webcontainer.resources.Messages"
      catalogLocale = class java.util.Locale@376985da
      treeLock = class java.lang.Object@338bbd04
      parent = class com.ibm.ws.logging.internal.WsLogger@6077ca12
      kids = null
      levelObject = class java.util.logging.Level@34ee2db
      levelValue = 800
      callersClassLoaderRef = class java.lang.ref.WeakReference@1347b474
      isSystemLogger = false
      GLOBAL_LOGGER_NAME = "global"
      global = class java.util.logging.Logger@48066e3d
      $assertionsDisabled = true
    tc = class com.ibm.websphere.ras.TraceComponent@4e53a125
      strings[0] = "TraceComponent[com.ibm.ws.webcontainer.webapp.WebAppConfiguration,class com.ibm.ws.webcontainer.webapp.WebAppConfiguration,[webcontainer],com.ibm.ws.webcontainer.resources.LShimMessages,null]"
    nls = class com.ibm.ejs.ras.TraceNLS@28bd667b
      resolver = class com.ibm.ws.logging.internal.TraceNLSResolver@24c03f05
      finder = null
      ivBundleName = "com.ibm.ws.webcontainer.resources.Messages"
      caller = class java.lang.Class@6b10bd60
    version = 30
    contextRoot = "/GetStartedJava"
    sessionTimeout = 0
    moduleSessionTimeoutSet = false
    moduleSessionTrackingModeSet = false
    sessionCookieConfig = class com.ibm.ws.session.SessionCookieConfigImpl@4eddce9e
      comment = ""
      domain = ""
      maxAge = -1
      maxAgeSet = false
      name = "JSESSIONID"
      path = "/"
      httpOnly = true
      httpOnlySet = false
      secure = false
      secureSet = false
      contextInitialized = true
      externalCall = true
      programmaticChange = false
      nls = class com.ibm.ejs.ras.TraceNLS@771abb29
    hasProgrammaticCookieConfig = false
    sessionDefaultTrackingModeSet = class java.util.RegularEnumSet@20489198
      serialVersionUID = 3411599620347842686
      elements = 1
      elementType = class java.lang.Class@7ac2c431
      universe = class javax.servlet.SessionTrackingMode[3]
      ZERO_LENGTH_ENUM_ARRAY = class java.lang.Enum[0]
      MAX_ARRAY_SIZE = 2147483639
    sessionManagerConfig = class com.ibm.ws.session.SessionManagerConfig@4bca8958
      usingWebContainerSM = true
      useContextRootForSessionCookiePath = false
      usingMemory = true
      usingDatabase = false
      usingMemToMem = false
      enableUrlProtocolSwitchRewriting = false
      dcookieName = "SSLJSESSION"
      sipSessionCookieName = "ibmappid"
      inMemorySize = 1000
      enableOverflow = true
      sessionInvalidationTime = 1800
      integrateSec = true
      throwSecurityExceptionOnGetSessionFalse = true
      invalidateOnUnauthorizedSessionRequestException = false
      allowSerializedSessionAccess = false
      serializedSessionAccessMaxWaitTime = 0
      accessSessionOnTimeout = true
      JNDIDataSourceName = "jdbc/sample"
      sessionDBID = null
      sessionDBPWD = null
      rowSize = 4
      tableSpaceName = null
      usingMultirow = false
      drsSettings = null
      enableEOSWrite = true
      enableManualWrite = false
      enableTimeBasedWrite = false
      mPropertyWriterInterval = 120
      writeAllProperties = false
      scheduledInvalidation = false
      firstHour = 0
      secondHour = 0
      is_zOS = false
      serverId = "f49aa8e6-6638-42f3-83a0-ff7a2f1bf4de"
      cloneId = "f49aa8e6-6638-42f3-83a0-ff7a2f1bf4de"
      sacKey = "DEFAULT_SAC_KEY"
      cloneSeparator = :
      debugSessionCrossover = false
      cloneIdPropertySet = false
      expectedCloneIdsPropertySet = false
      expectedCloneIds = null
      idReuse = false
      reaperPollInterval = 164
      turnOffCacheId = false
      turnOffCloneId = false
      noAffinitySwitchBack = false
      maxSessionIdentifierLength = 1024
      sessUrlRewritePrefix = ";jsessionid="
      tableNameValue = null
      checkRecentlyInvalidList = true
      modifyActiveCountOnInvalidatedSession = false
      useOracleBlob = false
      usingCustomSchemaName = false
      trackGCCount = false
      hideSessionValues = true
      hideSessionValuesPropertySet = false
      doRemoteInvalidations = true
      zosBaseServerReplication = false
      servlet21SessionCompat = false
      cacheIdLength = 0
      sessionIDLength = 23
      trackingModes = class java.util.RegularEnumSet@7cc4c47e
      privateSessionCookieName = "JSESSIONID"
      privateSessionCookieComment = ""
      privateSessionCookieDomain = ""
      privateSessionCookieMaxAge = -1
      privateSessionCookiePath = "/"
      privateSessionCookieSecure = false
      privateSessionCookieHttpOnly = true
      cookieConfig = class com.ibm.ws.session.SessionCookieConfigImpl@4eddce9e
      SIPConvergedHttpPort = 80
      SIPConvergedHttpsPort = 443
      SIPConvergedHostName = "localhost"
      optimizeCacheIdIncrements = false
      alwaysEncodeURL = false
      checkSessionCookieNameOnEncodeURL = false
      onlyCheckInCacheDuringPreInvoke = false
      enableHotFailover = true
      forceSessionInvalidationMultiple = 3
      persistSessionAfterPassivation = false
      usingApplicationSessionsAndInvalidateAll = false
      usingApplicationSessionsAlwaysRetrieve = false
      forceSessionIdLengthCheck = false
      securityUserIgnoreCase = false
      sessionTableSkipIndexCreation = false
      checkSessionNewOnIsValidRequest = true
      delayInvalidationAlarmDuringServerStartup = 0
      useSeparateSessionInvalidatorThreadPool = true
      connectionRetryCount = 2
    displayName = "GetStartedJava"
    description = null
    reloadInterval = 0
    distributable = false
    denyUncoveredHttpMethods = false
    reloadingEnabled = false
    serveServletsByClassnameEnabled = false
    defaultErrorPage = null
    additionalClassPath = null
    fileServingEnabled = null
    directoryBrowsingEnabled = false
    autoRequestEncoding = false
    autoResponseEncoding = false
    autoLoadFilters = false
    requestListeners = null
    requestAttributeListeners = null
    sessionListeners = null
    localeMap = null
    moduleName = "GetStartedJava"
    j2eeModuleName = "GetStartedJava.war"
    moduleId = null
    isSyncToThreadEnabled = false
    encodeDispatchedRequestURI = false
    isSystemApp = false
    ardEnabled = false
    ardDispatchType = null
    listeners = class java.util.ArrayList@887a0e4
      serialVersionUID = 8683452581122892189
      DEFAULT_CAPACITY = 10
      EMPTY_ELEMENTDATA = class java.lang.Object[0]
      DEFAULTCAPACITY_EMPTY_ELEMENTDATA = class java.lang.Object[0]
      elementData = class java.lang.Object[0]
      size = 0
      MAX_ARRAY_SIZE = 2147483639
      modCount = 0
      MAX_ARRAY_SIZE = 2147483639
    welcomeFileList = class java.util.ArrayList@280e3654
      serialVersionUID = 8683452581122892189
      DEFAULT_CAPACITY = 10
      EMPTY_ELEMENTDATA = class java.lang.Object[0]
      DEFAULTCAPACITY_EMPTY_ELEMENTDATA = class java.lang.Object[0]
      elementData = class java.lang.Object[10]
      size = 7
      MAX_ARRAY_SIZE = 2147483639
      modCount = 7
      MAX_ARRAY_SIZE = 2147483639
    servletMappings = class java.util.HashMap@4c2ea69c
      serialVersionUID = 362498820763181265
      DEFAULT_INITIAL_CAPACITY = 16
      MAXIMUM_CAPACITY = 1073741824
      DEFAULT_LOAD_FACTOR = 0.75
      TREEIFY_THRESHOLD = 8
      UNTREEIFY_THRESHOLD = 6
      MIN_TREEIFY_CAPACITY = 64
      table = class java.util.HashMap$Node[16]
      entrySet = null
      size = 3
      modCount = 3
      threshold = 12
      loadFactor = 0.75
      keySet = null
      values = null
    lastIndexBeforeDeclaredFilters = 0
    filterMappings = class java.util.ArrayList@53317608
      serialVersionUID = 8683452581122892189
      DEFAULT_CAPACITY = 10
      EMPTY_ELEMENTDATA = class java.lang.Object[0]
      DEFAULTCAPACITY_EMPTY_ELEMENTDATA = class java.lang.Object[0]
      elementData = class java.lang.Object[0]
      size = 0
      MAX_ARRAY_SIZE = 2147483639
      modCount = 0
      MAX_ARRAY_SIZE = 2147483639
    servletInfo = class java.util.HashMap@66847c0a
      serialVersionUID = 362498820763181265
      DEFAULT_INITIAL_CAPACITY = 16
      MAXIMUM_CAPACITY = 1073741824
      DEFAULT_LOAD_FACTOR = 0.75
      TREEIFY_THRESHOLD = 8
      UNTREEIFY_THRESHOLD = 6
      MIN_TREEIFY_CAPACITY = 64
      table = class java.util.HashMap$Node[16]
      entrySet = null
      size = 3
      modCount = 3
      threshold = 12
      loadFactor = 0.75
      keySet = class java.util.HashMap$KeySet@4762c02d
      values = class java.util.HashMap$Values@4dfa8115
    filterInfo = class java.util.HashMap@3f615a18
      serialVersionUID = 362498820763181265
      DEFAULT_INITIAL_CAPACITY = 16
      MAXIMUM_CAPACITY = 1073741824
      DEFAULT_LOAD_FACTOR = 0.75
      TREEIFY_THRESHOLD = 8
      UNTREEIFY_THRESHOLD = 6
      MIN_TREEIFY_CAPACITY = 64
      table = null
      entrySet = null
      size = 0
      modCount = 0
      threshold = 0
      loadFactor = 0.75
      keySet = null
      values = class java.util.HashMap$Values@633d04f8
    mimeMappings = class java.util.HashMap@6c2012e
      serialVersionUID = 362498820763181265
      DEFAULT_INITIAL_CAPACITY = 16
      MAXIMUM_CAPACITY = 1073741824
      DEFAULT_LOAD_FACTOR = 0.75
      TREEIFY_THRESHOLD = 8
      UNTREEIFY_THRESHOLD = 6
      MIN_TREEIFY_CAPACITY = 64
      table = null
      entrySet = null
      size = 0
      modCount = 0
      threshold = 0
      loadFactor = 0.75
      keySet = null
      values = null
    mimeFilters = null
    isMimeFilteringEnabled = false
    theWebGroup = null
    jspAttributes = class java.util.HashMap@5e9ba6c8
      serialVersionUID = 362498820763181265
      DEFAULT_INITIAL_CAPACITY = 16
      MAXIMUM_CAPACITY = 1073741824
      DEFAULT_LOAD_FACTOR = 0.75
      TREEIFY_THRESHOLD = 8
      UNTREEIFY_THRESHOLD = 6
      MIN_TREEIFY_CAPACITY = 64
      table = null
      entrySet = null
      size = 0
      modCount = 0
      threshold = 0
      loadFactor = 0.75
      keySet = class java.util.HashMap$KeySet@6a6a6aca
      values = null
    fileServingAttributes = class java.util.HashMap@1bbae53d
      serialVersionUID = 362498820763181265
      DEFAULT_INITIAL_CAPACITY = 16
      MAXIMUM_CAPACITY = 1073741824
      DEFAULT_LOAD_FACTOR = 0.75
      TREEIFY_THRESHOLD = 8
      UNTREEIFY_THRESHOLD = 6
      MIN_TREEIFY_CAPACITY = 64
      table = null
      entrySet = null
      size = 0
      modCount = 0
      threshold = 0
      loadFactor = 0.75
      keySet = null
      values = null
    invokerAttributes = class java.util.HashMap@2e3ecdc8
      serialVersionUID = 362498820763181265
      DEFAULT_INITIAL_CAPACITY = 16
      MAXIMUM_CAPACITY = 1073741824
      DEFAULT_LOAD_FACTOR = 0.75
      TREEIFY_THRESHOLD = 8
      UNTREEIFY_THRESHOLD = 6
      MIN_TREEIFY_CAPACITY = 64
      table = null
      entrySet = null
      size = 0
      modCount = 0
      threshold = 0
      loadFactor = 0.75
      keySet = null
      values = null
    contextParams = class java.util.HashMap@38637250
      serialVersionUID = 362498820763181265
      DEFAULT_INITIAL_CAPACITY = 16
      MAXIMUM_CAPACITY = 1073741824
      DEFAULT_LOAD_FACTOR = 0.75
      TREEIFY_THRESHOLD = 8
      UNTREEIFY_THRESHOLD = 6
      MIN_TREEIFY_CAPACITY = 64
      table = null
      entrySet = null
      size = 0
      modCount = 0
      threshold = 0
      loadFactor = 0.75
      keySet = null
      values = null
    virtualHost = "default_host"
    exceptionErrorPages = class java.util.HashMap@3b4d2e72
      serialVersionUID = 362498820763181265
      DEFAULT_INITIAL_CAPACITY = 16
      MAXIMUM_CAPACITY = 1073741824
      DEFAULT_LOAD_FACTOR = 0.75
      TREEIFY_THRESHOLD = 8
      UNTREEIFY_THRESHOLD = 6
      MIN_TREEIFY_CAPACITY = 64
      table = null
      entrySet = null
      size = 0
      modCount = 0
      threshold = 0
      loadFactor = 0.75
      keySet = null
      values = null
    codeErrorPages = class java.util.HashMap@7712b72b
      serialVersionUID = 362498820763181265
      DEFAULT_INITIAL_CAPACITY = 16
      MAXIMUM_CAPACITY = 1073741824
      DEFAULT_LOAD_FACTOR = 0.75
      TREEIFY_THRESHOLD = 8
      UNTREEIFY_THRESHOLD = 6
      MIN_TREEIFY_CAPACITY = 64
      table = null
      entrySet = null
      size = 0
      modCount = 0
      threshold = 0
      loadFactor = 0.75
      keySet = null
      values = null
    tagLibList = null
    precompileJsps = false
    webApp = class com.ibm.ws.webcontainer31.osgi.webapp.WebApp31@2698c3b2
    virtualHostList = class java.util.Collections$EmptyList@2f9a748c
      serialVersionUID = 8842843931221139166
      modCount = 0
      MAX_ARRAY_SIZE = 2147483639
    appStartupWeight = 0
    moduleStartupWeight = 0
    metaDataComplete = false
    classesToScan = class java.util.ArrayList@cc872dd
      serialVersionUID = 8683452581122892189
      DEFAULT_CAPACITY = 10
      EMPTY_ELEMENTDATA = class java.lang.Object[0]
      DEFAULTCAPACITY_EMPTY_ELEMENTDATA = class java.lang.Object[0]
      elementData = class java.lang.Object[0]
      size = 0
      MAX_ARRAY_SIZE = 2147483639
      modCount = 0
      MAX_ARRAY_SIZE = 2147483639
    uriFilterMappingInfos = null
    servletFilterMappingInfos = null
    dynamicServletRegistrationMap = null
    applicationName = "get-started-java"
    libBinPathList = class java.util.ArrayList@5ea4e388
      serialVersionUID = 8683452581122892189
      DEFAULT_CAPACITY = 10
      EMPTY_ELEMENTDATA = class java.lang.Object[0]
      DEFAULTCAPACITY_EMPTY_ELEMENTDATA = class java.lang.Object[0]
      elementData = class java.lang.Object[15]
      size = 12
      MAX_ARRAY_SIZE = 2147483639
      modCount = 12
      MAX_ARRAY_SIZE = 2147483639
    webXmlDefinedListeners = class java.util.HashSet@3c6dbc98
      serialVersionUID = -5024744406713321676
      map = class java.util.HashMap@4ebe1b29
      PRESENT = class java.lang.Object@60f4f29e
      MAX_ARRAY_SIZE = 2147483639
    allRefs = class java.util.EnumMap@40af818d
      keyType = class java.lang.Class@755c4389
      keyUniverse = class com.ibm.wsspi.injectionengine.JNDIEnvironmentRefType[14]
      vals = class java.lang.Object[14]
      size = 0
      NULL = class java.util.EnumMap$1@5456c5bb
      ZERO_LENGTH_ENUM_ARRAY = class java.lang.Enum[0]
      entrySet = null
      serialVersionUID = 458661240069192865
      keySet = null
      values = null
    allRefBindings = class java.util.EnumMap@f3e4ddf
      keyType = class java.lang.Class@755c4389
      keyUniverse = class com.ibm.wsspi.injectionengine.JNDIEnvironmentRefType[14]
      vals = class java.lang.Object[14]
      size = 6
      NULL = class java.util.EnumMap$1@5456c5bb
      ZERO_LENGTH_ENUM_ARRAY = class java.lang.Enum[0]
      entrySet = null
      serialVersionUID = 458661240069192865
      keySet = null
      values = null
    envEntryValues = class java.util.HashMap@767f4713
      serialVersionUID = 362498820763181265
      DEFAULT_INITIAL_CAPACITY = 16
      MAXIMUM_CAPACITY = 1073741824
      DEFAULT_LOAD_FACTOR = 0.75
      TREEIFY_THRESHOLD = 8
      UNTREEIFY_THRESHOLD = 6
      MIN_TREEIFY_CAPACITY = 64
      table = null
      entrySet = null
      size = 0
      modCount = 0
      threshold = 0
      loadFactor = 0.75
      keySet = null
      values = null
    resourceRefConfigList = null
    disallowAllFileServingProp = "false"
    disallowServeServletsByClassnameProp = "true"
    disableStaticMappingCache = false
    jspCachedLocations = class java.util.HashMap@2727bc38
      serialVersionUID = 362498820763181265
      DEFAULT_INITIAL_CAPACITY = 16
      MAXIMUM_CAPACITY = 1073741824
      DEFAULT_LOAD_FACTOR = 0.75
      TREEIFY_THRESHOLD = 8
      UNTREEIFY_THRESHOLD = 6
      MIN_TREEIFY_CAPACITY = 64
      table = null
      entrySet = null
      size = 0
      modCount = 0
      threshold = 0
      loadFactor = 0.75
      keySet = null
      values = null
    primedSTSHeader = "NoValue"
    enablemultireadofpostdata = false
    _id = "WebAppGeneratedId2"
    _attributes = null
    serialVersionUID = 7511545662945734886
    $$$tc$$$ = class com.ibm.websphere.ras.TraceComponent@724071a0
      strings[0] = "TraceComponent[com.ibm.ws.container.BaseConfiguration,class com.ibm.ws.container.BaseConfiguration,[],null,null]"
  webApp = class com.ibm.ws.webcontainer31.osgi.webapp.WebApp31@2698c3b2
    tc = class com.ibm.websphere.ras.TraceComponent@29c956f2
      strings[0] = "TraceComponent[com.ibm.ws.webcontainer31.osgi.webapp.WebApp31,class com.ibm.ws.webcontainer31.osgi.webapp.WebApp31,[webcontainer],com.ibm.ws.webcontainer31.resources.Messages,null]"
    CLASS_NAME = "com.ibm.ws.webcontainer31.osgi.webapp.WebApp31"
    servlet31NLS = class com.ibm.ejs.ras.TraceNLS@5336e97c
      resolver = class com.ibm.ws.logging.internal.TraceNLSResolver@24c03f05
      finder = null
      ivBundleName = "com.ibm.ws.webcontainer31.resources.Messages"
      caller = class java.lang.Class@3c2a05dc
    validListenerClasses = class java.lang.Class[7]
      validListenerClasses[0] = class java.lang.Class@4cb4e092
      validListenerClasses[1] = class java.lang.Class@1aa7aa6a
      validListenerClasses[2] = class java.lang.Class@27a52e0e
      validListenerClasses[3] = class java.lang.Class@1c5d155e
      validListenerClasses[4] = class java.lang.Class@7786d637
      validListenerClasses[5] = class java.lang.Class@50d5d657
      validListenerClasses[6] = class java.lang.Class@12252cc8
    wsocServHandler = class com.ibm.ws.wsoc.external.WsocHandlerImpl@46a6b6ef
      tc = class com.ibm.websphere.ras.TraceComponent@368b122
      noMoreAddsCalled = true
      serialVersionUID = -2067291126638824067
    tc = class com.ibm.websphere.ras.TraceComponent@3e1f9246
      strings[0] = "TraceComponent[com.ibm.ws.webcontainer.osgi.webapp.WebApp,class com.ibm.ws.webcontainer.osgi.webapp.WebApp,[webcontainer],com.ibm.ws.webcontainer.resources.LShimMessages,null]"
    CLASS_NAME = "com.ibm.ws.webcontainer.osgi.webapp.WebApp"
    metaDataService = class com.ibm.ws.container.service.metadata.internal.MetaDataServiceImpl@4ed72e2e
      applicationMetaDataManager = class com.ibm.ws.container.service.metadata.internal.ApplicationMetaDataManager@3d5e25e3
      moduleMetaDataManager = class com.ibm.ws.container.service.metadata.internal.ModuleMetaDataManager@4b5127b1
      componentMetaDataManager = class com.ibm.ws.container.service.metadata.internal.ComponentMetaDataManager@75081aa1
      methodMetaDataManager = class com.ibm.ws.container.service.metadata.internal.MethodMetaDataManager@32af769c
      appModuleNameToModuleContainer = class java.util.concurrent.ConcurrentHashMap@7e122c17
      jeeNameToComponentMetaData = class java.util.concurrent.ConcurrentHashMap@3cbce0cb
      deferredMetaDataFactories = class com.ibm.wsspi.kernel.service.utils.ConcurrentServiceReferenceSet@95438ef
      deferredMetaDataInitializers = class com.ibm.wsspi.kernel.service.utils.ConcurrentServiceReferenceMap@4086a4cf
      serialVersionUID = -2494605732980966097
      $$$tc$$$ = class com.ibm.websphere.ras.TraceComponent@286c2cd1
    namespacePopulated = false
    referenceContext = class com.ibm.ws.injectionengine.osgi.internal.OSGiReferenceContextImpl@396dbc25
      scopeData = class com.ibm.ws.injectionengine.osgi.internal.OSGiInjectionScopeData@47165319
      serialVersionUID = 521511923892134915
      $$$tc$$$ = class com.ibm.websphere.ras.TraceComponent@67bca13d
      CLASS_NAME = "com.ibm.ws.injectionengine.ReferenceContextImpl"
      tc = class com.ibm.websphere.ras.TraceComponent@2591c1e5
      ivInjectionEngine = class com.ibm.ws.injectionengine.osgi.internal.OSGiInjectionEngineImpl@33df4b93
      ivProviders = class java.util.ArrayList@58a778af
      ivComponentJavaContext = null
      ivComponentNameSpace = null
      ivJavaColonCompEnvMap = class java.util.LinkedHashMap@4f45b7e4
      ivEjbContext10 = class java.util.Properties@730a7822
      ivResourceRefConfigList = null
      isAlreadyProcessed = true
      ivProcessFailure = null
      ivInjectionTargetMap = class java.util.concurrent.ConcurrentHashMap@3a403603
      svInjTarMapCacheSize = 256
      ivDeclaredInjectionTargets = class java.util.HashMap@59c153e4
      ivProcessedInjectionClasses = class java.util.HashSet@3bd925af
      ivProcessedInjectionBindings = class java.util.ArrayList@1bb2819e
      ivAnyProcessDynamic = false
      ivCheckAppConfig = false
    j2eeNameFactory = class com.ibm.ws.container.service.metadata.internal.J2EENameFactoryImpl@2115424d
      serialVersionUID = 3486344295038028821
      $$$tc$$$ = class com.ibm.websphere.ras.TraceComponent@723d81b0
    moduleLoader = class com.ibm.ws.classloading.internal.AppClassLoader@41b6fdc0
      tc = class com.ibm.websphere.ras.TraceComponent@38226b05
      PARENT_FIRST_SEARCH_ORDER = class java.util.Collections$UnmodifiableRandomAccessList@6b58e1b5
      CLASS_LOADING_TRACE_PREFIX = "com.ibm.ws.class.load."
      DEFAULT_PACKAGE = "default.package"
      perPackageClassLoadingTraceComponents = class java.util.concurrent.ConcurrentHashMap@2f0b186d
      config = class com.ibm.ws.classloading.internal.ClassLoaderConfigurationImpl@6a470303
      privateLibraries = null
      delegateLoaders = class com.ibm.ws.classloading.internal.util.CompositeIterable@19079dae
      nativeLibraryFiles = class java.util.ArrayList@35fe9272
      transformers = class java.util.ArrayList@42c12cd0
      apiAccess = class com.ibm.ws.classloading.internal.GatewayClassLoader@18e8d518
      generator = class com.ibm.ws.classloading.internal.ClassGeneratorManager@104c7090
      protectionDomains = class java.util.concurrent.ConcurrentHashMap@350375da
      parent = class com.ibm.ws.classloading.internal.GatewayClassLoader@18e8d518
      serialVersionUID = 952643806680066297
      tc = class com.ibm.websphere.ras.TraceComponent@5421413a
      EMPTY_URL_ARRAY = class java.net.URL[0]
      smartClassPath = class com.ibm.ws.classloading.internal.ContainerClassLoader$SmartClassPathImpl@3fc309e3
      nativeLibraryContainers = class java.util.ArrayList@4c78267b
      redefiner = class com.ibm.ws.classloading.internal.util.ClassRedefiner@627b378b
      mapCreationQueue = class java.util.concurrent.Executors$FinalizableDelegatedExecutorService@6eb8a892
      serialVersionUID = 7249739282446266343
      serialVersionUID = -7411549862368381758
      $$$tc$$$ = class com.ibm.websphere.ras.TraceComponent@699a56f9
      serialVersionUID = -4868702105808481416
      $$$tc$$$ = class com.ibm.websphere.ras.TraceComponent@73ca211f
      serialVersionUID = 2596921220292114344
      $$$tc$$$ = class com.ibm.websphere.ras.TraceComponent@729214c4
      initialized = true
      pdcache = class java.util.HashMap@54feef21
      debug = null
      parent = class com.ibm.ws.classloading.internal.GatewayClassLoader@18e8d518
      parallelLockMap = null
      package2certs = class java.util.Hashtable@4f82389
      nocerts = class java.security.cert.Certificate[0]
      classes = class java.util.Vector@6ce5d282
      defaultDomain = class java.security.ProtectionDomain@5a5991b4
      domains = class java.util.HashSet@79fdea39
      packages = class java.util.HashMap@3c5c7ae4
      scl = class sun.misc.Launcher$AppClassLoader@18b4aac2
      sclSet = true
      loadedLibraryNames = class java.util.Vector@7eefde2f
      systemNativeLibraries = class java.util.Vector@682d3477
      nativeLibraries = class java.util.Vector@7e97b769
      nativeLibraryContext = class java.util.Stack@21436905
      usr_paths = class java.lang.String[49]
      sys_paths = class java.lang.String[1]
      assertionLock = class com.ibm.ws.classloading.internal.AppClassLoader@41b6fdc0
      defaultAssertionStatus = false
      packageAssertionStatus = null
      classAssertionStatus = null
    webAppConfig = class com.ibm.ws.webcontainer.osgi.webapp.WebAppConfiguration@53066a81
    extensionProcessingDisabled = false
    managedObjectService = class com.ibm.ws.cdi.impl.managedobject.CDIManagedObjectService@52f7994e
      cdiServiceRef = class com.ibm.wsspi.kernel.service.utils.AtomicServiceReference@5984b0e9
      defaultMOSRef = class com.ibm.wsspi.kernel.service.utils.AtomicServiceReference@57d425e5
      cdiRuntime = class com.ibm.ws.cdi.liberty.CDIRuntimeImpl@31c414e3
      serialVersionUID = -2697988188171262037
      $$$tc$$$ = class com.ibm.websphere.ras.TraceComponent@2bc51b62
    GenPluginCfgMB = null
    internalServletMetaData = interface com.ibm.wsspi.webcontainer.metadata.WebComponentMetaData[2]
      internalServletMetaData[0] = null
      internalServletMetaData[1] = null
    loginProcessor = null
    logoutProcessor = null
    collabHelper = class com.ibm.ws.webcontainer.osgi.collaborator.CollaboratorHelperImpl@57411beb
    envObject = class com.ibm.ws.util.WSThreadLocal@33ed6e23
      tc = class com.ibm.ejs.ras.TraceComponent@60265ceb
      count = 8
      index = 3
      SUSPECTED_MISUSAGE_THRESHOLD = 200
      threadLocalHashCode = 1137100212
      nextHashCode = class java.util.concurrent.atomic.AtomicInteger@3f1a9cc0
      HASH_INCREMENT = 1640531527
    orderedLibPaths = class java.util.Collections$UnmodifiableRandomAccessList@2198e3d9
    perm = class com.ibm.websphere.security.WebSphereRuntimePermission@1087b202
      serialVersionUID = -3306242789188168337
      $$$tc$$$ = class com.ibm.websphere.ras.TraceComponent@2296bae5
      serialVersionUID = 6279438298436773498
      wildcard = false
      path = "accessServletContext"
      exitVM = false
      serialVersionUID = -5636570222231596674
      name = "accessServletContext"
    WELCOME_FILE_LIST = "com.ibm.ws.webcontainer.config.WelcomeFileList"
    DIR_BROWSING_MAPPING = "__dirBrowsing__1511934783330"
    FILTER_PROXY_MAPPING = "/__filterProxy__1511934783330"
    logger = class com.ibm.ws.logging.internal.WsLogger@6fc0852c
    CLASS_NAME = "com.ibm.ws.webcontainer.webapp.WebApp"
    loader = class com.ibm.ws.classloading.internal.ThreadContextClassLoader@285f28c9
      tc = class com.ibm.websphere.ras.TraceComponent@4d8f4a7d
      bundle = class java.util.concurrent.atomic.AtomicReference@1b8d505d
      key = "WebModule:get-started-java#GetStartedJava.war"
      refCount = class java.util.concurrent.atomic.AtomicInteger@d827ef1
      appLoader = class com.ibm.ws.classloading.internal.AppClassLoader@41b6fdc0
      clSvc = class com.ibm.ws.classloading.internal.ClassLoadingServiceImpl@64d6ce11
      serialVersionUID = 846416563800781557
      followOnClassLoaders = class java.util.ArrayList@480aa817
      serialVersionUID = -5107316606107305512
      $$$tc$$$ = class com.ibm.websphere.ras.TraceComponent@72a58162
      serialVersionUID = -4868702105808481416
      $$$tc$$$ = class com.ibm.websphere.ras.TraceComponent@73ca211f
      serialVersionUID = 2596921220292114344
      $$$tc$$$ = class com.ibm.websphere.ras.TraceComponent@729214c4
      initialized = true
      pdcache = class java.util.HashMap@56613211
      debug = null
      parent = class com.ibm.ws.classloading.internal.GatewayClassLoader@44de952c
      parallelLockMap = null
      package2certs = class java.util.Hashtable@495c88a
      nocerts = class java.security.cert.Certificate[0]
      classes = class java.util.Vector@1d3e92ac
      defaultDomain = class java.security.ProtectionDomain@e9cb0c
      domains = class java.util.HashSet@5fc790ba
      packages = class java.util.HashMap@753cd250
      scl = class sun.misc.Launcher$AppClassLoader@18b4aac2
      sclSet = true
      loadedLibraryNames = class java.util.Vector@7eefde2f
      systemNativeLibraries = class java.util.Vector@682d3477
      nativeLibraries = class java.util.Vector@1c7e85a9
      nativeLibraryContext = class java.util.Stack@21436905
      usr_paths = class java.lang.String[49]
      sys_paths = class java.lang.String[1]
      assertionLock = class com.ibm.ws.classloading.internal.ThreadContextClassLoader@285f28c9
      defaultAssertionStatus = false
      packageAssertionStatus = null
      classAssertionStatus = null
    facade = class com.ibm.ws.webcontainer31.facade.ServletContextFacade31@24a28021
      context = class com.ibm.ws.webcontainer31.osgi.webapp.WebApp31@2698c3b2
    features = class java.util.ArrayList@78d858f3
      serialVersionUID = 8683452581122892189
      DEFAULT_CAPACITY = 10
      EMPTY_ELEMENTDATA = class java.lang.Object[0]
      DEFAULTCAPACITY_EMPTY_ELEMENTDATA = class java.lang.Object[0]
      elementData = class java.lang.Object[0]
      size = 0
      MAX_ARRAY_SIZE = 2147483639
      modCount = 0
      MAX_ARRAY_SIZE = 2147483639
    applicationName = "get-started-java"
    config = class com.ibm.ws.webcontainer.osgi.webapp.WebAppConfiguration@53066a81
    securityEnabledForApp = true
    webExtensionProcessor = class com.ibm.ws.webcontainer.osgi.extension.WebExtensionProcessor@209cadbd
      webApp = class com.ibm.ws.webcontainer31.osgi.webapp.WebApp31@2698c3b2
      extensionContext = class com.ibm.ws.webcontainer31.osgi.webapp.WebApp31@2698c3b2
    production = true
    isServlet23 = true
    contextPath = "/GetStartedJava"
    internalServletList = class [Ljava.lang.String;[2]
      internalServletList[0] = class java.lang.String[2]
      internalServletList[1] = class java.lang.String[2]
    BY_NAME_ONLY = "/_1511935168534_/"
    filterManager = class com.ibm.ws.webcontainer.osgi.filter.WebAppFilterManagerImpl@7cdbe406
    documentRoot = null
    SERVLET_API_VERSION = "Servlet 2.5"
    disableServletAuditLogging = -1
    serverInfo = "IBM WebSphere Liberty/${liberty.service.version}"
    sessionCtx = class com.ibm.ws.webcontainer31.session.impl.HttpSessionContext31Impl@3db52603
      methodClassName = "HttpSessionContextImpl"
      _smc = class com.ibm.ws.session.SessionManagerConfig@4bca8958
      sessionStoreService = null
      _sap = class com.ibm.ws.session.SessionApplicationParameters@1fa70383
      _coreHttpSessionManager = class com.ibm.ws.session.SessionManager@45e73145
      _coreHttpAppSessionManager = null
      _sam = class com.ibm.ws.webcontainer.session.impl.SessionAffinityManagerImpl@6d3fae3f
      isSIPApplication = false
      sessionAttributeListener = false
      sessionListener = true
      mHttpSessionAttributeListeners = class java.util.ArrayList@47650485
      mHttpSessionListeners = class java.util.ArrayList@6079bcf1
      mHttpSessionIdListeners = class java.util.ArrayList@1c68c4a2
      mHttpSessionAttributeListenersJ2eeNames = class java.util.ArrayList@cb6df46
      mHttpSessionListenersJ2eeNames = class java.util.ArrayList@6318a379
      mHttpSessionIdListenersJ2eeNames = class java.util.ArrayList@4e2b05df
      mLocalHost = null
      _refCount = 1
      currentThreadSacHashtable = null
      methodClassName = "SessionContext"
      ANONYMOUS_USER = "anonymous"
      wasHttpSessionObserver = class com.ibm.ws.session.WasHttpSessionObserver@143c856c
      wasHttpSessionAttributeObserver = null
      _invalidator = class com.ibm.ws.session.SessionInvalidatorWithThreadPool@2e4a3442
      _storer = class com.ibm.ws.session.EOSSessionStorer@8ef4999
      wasHttpAppSessionObserver = null
      mHttpAppSessionListeners = null
      cmvcInfo = "CMVC Version 1.9 6/24/07 11:12:24"
      _loggedVersion = true
      CREATE_CORE_SESSION_MANAGER = 0
      GET_REQUESTED_SESSION_ID = 1
      GET_IHTTP_SESSION = 2
      SESSION_PRE_INVOKE = 3
      SESSION_POST_INVOKE = 4
      STOP = 5
      STOP_LISTENERS = 6
      IS_VALID = 7
      ENCODE_URL = 8
      SHOULD_ENCODE_URL = 9
      IS_PROTOCOL_SWITCH = 10
      GET_LOCAL_HOST = 11
      ADD_HTTP_SESSION_ATTRIBUTE_LISTENER = 12
      ADD_HTTP_SESSION_LISTENER = 13
      GET_SESSION_AFFINITY_CONTEXT = 14
      CHECK_SECURITY = 15
      INVALIDATE = 16
      CHECK_SESSSIONID_IS_RIGHT_LENGTH = 17
      LOCK_SESSION = 18
      UNLOCK_SESSION = 19
      ADD_HTTP_SESSION_ID_LISTENER = 20
      methodNames = class java.lang.String[21]
    eventSource = class com.ibm.ws.webcontainer.webapp.WebAppEventSource@7b209314
    nls = class com.ibm.ejs.ras.TraceNLS@790ee86
      resolver = class com.ibm.ws.logging.internal.TraceNLSResolver@24c03f05
      finder = null
      ivBundleName = "com.ibm.ws.webcontainer.resources.Messages"
      caller = class java.lang.Class@60779a3c
    liberty_nls = class com.ibm.ejs.ras.TraceNLS@42a44a8c
      resolver = class com.ibm.ws.logging.internal.TraceNLSResolver@24c03f05
      finder = null
      ivBundleName = "com.ibm.ws.webcontainer.resources.LShimMessages"
      caller = class java.lang.Class@60779a3c
    error_nls = class com.ibm.ejs.ras.TraceNLS@7fdfe8ba
      resolver = class com.ibm.ws.logging.internal.TraceNLSResolver@24c03f05
      finder = null
      ivBundleName = "com.ibm.ws.webcontainer.resources.ErrorPage"
      caller = class java.lang.Class@60779a3c
    sessionListeners = class java.util.ArrayList@6b4e4c7c
      serialVersionUID = 8683452581122892189
      DEFAULT_CAPACITY = 10
      EMPTY_ELEMENTDATA = class java.lang.Object[0]
      DEFAULTCAPACITY_EMPTY_ELEMENTDATA = class java.lang.Object[0]
      elementData = class java.lang.Object[10]
      size = 1
      MAX_ARRAY_SIZE = 2147483639
      modCount = 2
      MAX_ARRAY_SIZE = 2147483639
    sessionIdListeners = class java.util.ArrayList@6baa6b4d
      serialVersionUID = 8683452581122892189
      DEFAULT_CAPACITY = 10
      EMPTY_ELEMENTDATA = class java.lang.Object[0]
      DEFAULTCAPACITY_EMPTY_ELEMENTDATA = class java.lang.Object[0]
      elementData = class java.lang.Object[0]
      size = 0
      MAX_ARRAY_SIZE = 2147483639
      modCount = 0
      MAX_ARRAY_SIZE = 2147483639
    sessionAttrListeners = class java.util.ArrayList@b3aac9e
      serialVersionUID = 8683452581122892189
      DEFAULT_CAPACITY = 10
      EMPTY_ELEMENTDATA = class java.lang.Object[0]
      DEFAULTCAPACITY_EMPTY_ELEMENTDATA = class java.lang.Object[0]
      elementData = class java.lang.Object[0]
      size = 0
      MAX_ARRAY_SIZE = 2147483639
      modCount = 1
      MAX_ARRAY_SIZE = 2147483639
    addedSessionListeners = class java.util.ArrayList@ba01f7b
      serialVersionUID = 8683452581122892189
      DEFAULT_CAPACITY = 10
      EMPTY_ELEMENTDATA = class java.lang.Object[0]
      DEFAULTCAPACITY_EMPTY_ELEMENTDATA = class java.lang.Object[0]
      elementData = class java.lang.Object[0]
      size = 0
      MAX_ARRAY_SIZE = 2147483639
      modCount = 0
      MAX_ARRAY_SIZE = 2147483639
    addedSessionAttrListeners = class java.util.ArrayList@12148fdf
      serialVersionUID = 8683452581122892189
      DEFAULT_CAPACITY = 10
      EMPTY_ELEMENTDATA = class java.lang.Object[0]
      DEFAULTCAPACITY_EMPTY_ELEMENTDATA = class java.lang.Object[0]
      elementData = class java.lang.Object[0]
      size = 0
      MAX_ARRAY_SIZE = 2147483639
      modCount = 0
      MAX_ARRAY_SIZE = 2147483639
    servletContextListeners = class java.util.ArrayList@2a5c7ed3
      serialVersionUID = 8683452581122892189
      DEFAULT_CAPACITY = 10
      EMPTY_ELEMENTDATA = class java.lang.Object[0]
      DEFAULTCAPACITY_EMPTY_ELEMENTDATA = class java.lang.Object[0]
      elementData = class java.lang.Object[10]
      size = 4
      MAX_ARRAY_SIZE = 2147483639
      modCount = 5
      MAX_ARRAY_SIZE = 2147483639
    servletContextLAttrListeners = class java.util.ArrayList@745c695a
      serialVersionUID = 8683452581122892189
      DEFAULT_CAPACITY = 10
      EMPTY_ELEMENTDATA = class java.lang.Object[0]
      DEFAULTCAPACITY_EMPTY_ELEMENTDATA = class java.lang.Object[0]
      elementData = class java.lang.Object[0]
      size = 0
      MAX_ARRAY_SIZE = 2147483639
      modCount = 1
      MAX_ARRAY_SIZE = 2147483639
    servletRequestListeners = class java.util.ArrayList@7f8ceb6d
      serialVersionUID = 8683452581122892189
      DEFAULT_CAPACITY = 10
      EMPTY_ELEMENTDATA = class java.lang.Object[0]
      DEFAULTCAPACITY_EMPTY_ELEMENTDATA = class java.lang.Object[0]
      elementData = class java.lang.Object[0]
      size = 0
      MAX_ARRAY_SIZE = 2147483639
      modCount = 1
      MAX_ARRAY_SIZE = 2147483639
    servletRequestLAttrListeners = class java.util.ArrayList@4950f934
      serialVersionUID = 8683452581122892189
      DEFAULT_CAPACITY = 10
      EMPTY_ELEMENTDATA = class java.lang.Object[0]
      DEFAULTCAPACITY_EMPTY_ELEMENTDATA = class java.lang.Object[0]
      elementData = class java.lang.Object[0]
      size = 0
      MAX_ARRAY_SIZE = 2147483639
      modCount = 1
      MAX_ARRAY_SIZE = 2147483639
    prependSlashToResource = false
    destroyed = false
    webAppNameSpaceCollab = class com.ibm.ws.webcontainer.osgi.collaborator.WebAppNameSpaceCollaboratorImpl@18b840a6
    txCollab = class com.ibm.ws.transaction.services.WebAppTransactionCollaboratorImpl@b3ac2b
      tc = class com.ibm.websphere.ras.TraceComponent@4326a46b
      ltCurrentRef = class com.ibm.wsspi.kernel.service.utils.AtomicServiceReference@52018c81
      tranMgrRef = class com.ibm.wsspi.kernel.service.utils.AtomicServiceReference@3120843b
      userTranRef = class com.ibm.wsspi.kernel.service.utils.AtomicServiceReference@221d7e1d
      uowCallbackRef = class com.ibm.wsspi.kernel.service.utils.AtomicServiceReference@4a26f43a
      serialVersionUID = -8319003162899973281
    sessionActivationListeners = class java.util.ArrayList@17b213de
      serialVersionUID = 8683452581122892189
      DEFAULT_CAPACITY = 10
      EMPTY_ELEMENTDATA = class java.lang.Object[0]
      DEFAULTCAPACITY_EMPTY_ELEMENTDATA = class java.lang.Object[0]
      elementData = class java.lang.Object[0]
      size = 0
      MAX_ARRAY_SIZE = 2147483639
      modCount = 1
      MAX_ARRAY_SIZE = 2147483639
    sessionBindingListeners = class java.util.ArrayList@f7d55c6
      serialVersionUID = 8683452581122892189
      DEFAULT_CAPACITY = 10
      EMPTY_ELEMENTDATA = class java.lang.Object[0]
      DEFAULTCAPACITY_EMPTY_ELEMENTDATA = class java.lang.Object[0]
      elementData = class java.lang.Object[0]
      size = 0
      MAX_ARRAY_SIZE = 2147483639
      modCount = 1
      MAX_ARRAY_SIZE = 2147483639
    scratchdir = null
    jspClassLoaderLimit = 0
    jspClassLoaderExclusionList = null
    jspClassLoadersMap = null
    jspClassLoaderLimitTrackIF = false
    defaultExtProc = null
    directoryBrowsingServlet = null
    cdiContexts = class java.util.concurrent.ConcurrentHashMap@41aa8444
      serialVersionUID = 7249069246763182397
      MAXIMUM_CAPACITY = 1073741824
      DEFAULT_CAPACITY = 16
      MAX_ARRAY_SIZE = 2147483639
      DEFAULT_CONCURRENCY_LEVEL = 16
      LOAD_FACTOR = 0.75
      TREEIFY_THRESHOLD = 8
      UNTREEIFY_THRESHOLD = 6
      MIN_TREEIFY_CAPACITY = 64
      MIN_TRANSFER_STRIDE = 16
      RESIZE_STAMP_BITS = 16
      MAX_RESIZERS = 65535
      RESIZE_STAMP_SHIFT = 16
      MOVED = -1
      TREEBIN = -2
      RESERVED = -3
      HASH_BITS = 2147483647
      NCPU = 4
      serialPersistentFields = class java.io.ObjectStreamField[3]
      table = null
      nextTable = null
      baseCount = 0
      sizeCtl = 0
      transferIndex = 0
      cellsBusy = 0
      counterCells = null
      keySet = null
      values = null
      entrySet = null
      U = class sun.misc.Unsafe@1cbd3b68
      SIZECTL = 20
      TRANSFERINDEX = 32
      BASECOUNT = 24
      CELLSBUSY = 36
      CELLVALUE = 144
      ABASE = 16
      ASHIFT = 2
      keySet = null
      values = null
    moduleConfig = class com.ibm.ws.webcontainer.osgi.container.DeployedModule@5c65baae
      tc = class com.ibm.websphere.ras.TraceComponent@718005df
      loader = class com.ibm.ws.classloading.internal.ThreadContextClassLoader@285f28c9
      webApp = class com.ibm.ws.webcontainer31.osgi.webapp.WebApp31@2698c3b2
      webAppConfig = class com.ibm.ws.webcontainer.osgi.webapp.WebAppConfiguration@53066a81
      contextRootAdded = null
      properContextRoot = "/GetStartedJava"
      mappingContextRoot = "/GetStartedJava/*"
      serialVersionUID = -2104814060051592457
      $$$tc$$$ = class com.ibm.websphere.ras.TraceComponent@6facf14a
    extensionFactories = class java.util.ArrayList@5b4e6e1f
      serialVersionUID = 8683452581122892189
      DEFAULT_CAPACITY = 10
      EMPTY_ELEMENTDATA = class java.lang.Object[0]
      DEFAULTCAPACITY_EMPTY_ELEMENTDATA = class java.lang.Object[0]
      elementData = class java.lang.Object[10]
      size = 4
      MAX_ARRAY_SIZE = 2147483639
      modCount = 9
      MAX_ARRAY_SIZE = 2147483639
    initialized = true
    lock = class com.ibm.ws.webcontainer.webapp.WebApp$1@3ef8c3d5
      this$0 = class com.ibm.ws.webcontainer31.osgi.webapp.WebApp31@2698c3b2
    afterServletContextCreated = false
    redirectContextRoot = false
    errorExceptionTypeFirst = false
    initFilterBeforeServletInit = false
    sortedServletConfigs = class java.util.ArrayList@2be5f8ea
      serialVersionUID = 8683452581122892189
      DEFAULT_CAPACITY = 10
      EMPTY_ELEMENTDATA = class java.lang.Object[0]
      DEFAULTCAPACITY_EMPTY_ELEMENTDATA = class java.lang.Object[0]
      elementData = class java.lang.Object[10]
      size = 3
      MAX_ARRAY_SIZE = 2147483639
      modCount = 3
      MAX_ARRAY_SIZE = 2147483639
    effectiveMajorVersion = 3
    effectiveMinorVersion = 0
    canAddServletContextListener = true
    withinContextInitOfProgAddListener = false
    lastProgAddListenerInitialized = "com.ibm.ws.cache.CacheServiceImpl"
    webInfLibClassloader = null
    metaInfCache = class com.ibm.ws.webcontainer.webapp.WebApp$2@5aa487f2
      this$0 = class com.ibm.ws.webcontainer31.osgi.webapp.WebApp31@2698c3b2
      serialVersionUID = 3801124242820219131
      head = null
      tail = null
      accessOrder = true
      serialVersionUID = 362498820763181265
      DEFAULT_INITIAL_CAPACITY = 16
      MAXIMUM_CAPACITY = 1073741824
      DEFAULT_LOAD_FACTOR = 0.75
      TREEIFY_THRESHOLD = 8
      UNTREEIFY_THRESHOLD = 6
      MIN_TREEIFY_CAPACITY = 64
      table = null
      entrySet = null
      size = 0
      modCount = 0
      threshold = 32
      loadFactor = 1.0
      keySet = null
      values = null
    useMetaInfCache = true
    SUN_CONFIGURE_LISTENER_CLASSNAME = "com.sun.faces.config.ConfigureListener"
    MYFACES_LIFECYCLE_LISTENER_CLASSNAME = "org.apache.myfaces.webapp.StartupServletContextListener"
    JSF_IMPL_ENABLED_PARAM = "com.ibm.ws.jsf.JSF_IMPL_ENABLED"
    JSF_IMPL_ENABLED_CUSTOM = "Custom"
    JSF_IMPL_ENABLED_NONE = "None"
    staticDocRoot = class com.ibm.ws.webcontainer.util.DocumentRootUtils@7232342f
      logger = class com.ibm.ws.logging.internal.WsLogger@72d9e61a
      CLASS_NAME = "com.ibm.ws.webcontainer.util.DocumentRootUtils"
      useContentLength = false
      matchedFile = null
      matchedZipFile = null
      matchedEntry = null
      matchedURL = null
      edrRoot = null
      pfedrRoot = null
      ctxt = class com.ibm.ws.webcontainer31.osgi.webapp.WebApp31@2698c3b2
      baseDir = null
      edr = null
      pfedr = null
      metaInfRes = null
      searchpfEDR = false
      searchEDR = false
      searchMetaInfRes = true
      matchFromEDR = false
      matchFromMetaInfRes = false
      matchIsADirectory = false
      appConfig = class com.ibm.ws.webcontainer.osgi.webapp.WebAppConfiguration@53066a81
      attributeType = "staticFile"
      STATIC_FILE = "staticFile"
      JSP = "jsp"
      PFEDR = "preFragmentExtendedDocumentRoot"
      EDR = "extendedDocumentRoot"
    jspDocRoot = class com.ibm.ws.webcontainer.util.DocumentRootUtils@aacb7d7
      logger = class com.ibm.ws.logging.internal.WsLogger@72d9e61a
      CLASS_NAME = "com.ibm.ws.webcontainer.util.DocumentRootUtils"
      useContentLength = false
      matchedFile = null
      matchedZipFile = null
      matchedEntry = null
      matchedURL = null
      edrRoot = null
      pfedrRoot = null
      ctxt = class com.ibm.ws.webcontainer31.osgi.webapp.WebApp31@2698c3b2
      baseDir = null
      edr = null
      pfedr = null
      metaInfRes = null
      searchpfEDR = false
      searchEDR = false
      searchMetaInfRes = true
      matchFromEDR = false
      matchFromMetaInfRes = false
      matchIsADirectory = false
      appConfig = class com.ibm.ws.webcontainer.osgi.webapp.WebAppConfiguration@53066a81
      attributeType = "jsp"
      STATIC_FILE = "staticFile"
      JSP = "jsp"
      PFEDR = "preFragmentExtendedDocumentRoot"
      EDR = "extendedDocumentRoot"
    container = class com.ibm.ws.adaptable.module.internal.AdaptableContainerImpl@2f6683a2
      root = class com.ibm.ws.adaptable.module.internal.AdaptableContainerImpl@2f6683a2
      rootOverlay = class com.ibm.ws.artifact.overlay.internal.DirectoryBasedOverlayContainerImpl@7ef3cae2
      factoryHolder = class com.ibm.ws.adaptable.module.internal.AdaptableModuleFactoryImpl@62c9055
      delegate = class com.ibm.ws.artifact.overlay.internal.DirectoryBasedOverlayContainerImpl@7ef3cae2
      notifier = class com.ibm.ws.adaptable.module.internal.NotifierImpl@7d329859
      serialVersionUID = -5621513278641113667
      $$$tc$$$ = class com.ibm.websphere.ras.TraceComponent@19e7b2af
    metaInfResourceFinder = class com.ibm.ws.webcontainer.util.MetaInfResourceFinder@e8a3cc0
      jarResourceContainers = class java.util.ArrayList@1f2d2d1
      container = class com.ibm.ws.adaptable.module.internal.AdaptableContainerImpl@2f6683a2
    postConstructMethods = class com.ibm.ws.webcontainer.webapp.WebApp$AnnotatedMethods@70efb1f4
      annotationClass = class java.lang.Class@1054cd72
      noOpClassNames = class java.util.HashSet@46ee3d53
      annotatedMethodNames = class java.util.concurrent.ConcurrentHashMap@337fdc5c
      EMPTY_METHODS = class java.lang.reflect.Method[0]
    preDestroyMethods = class com.ibm.ws.webcontainer.webapp.WebApp$AnnotatedMethods@139f708a
      annotationClass = class java.lang.Class@1a2b41b9
      noOpClassNames = class java.util.HashSet@fcb4425
      annotatedMethodNames = class java.util.concurrent.ConcurrentHashMap@176589d0
      EMPTY_METHODS = class java.lang.reflect.Method[0]
    upgraded = false
    OBJ_EMPTY = class java.lang.Object[0]
    CLASS_EMPTY = class java.lang.Class[0]
    DEFAULT_JSP_EXTENSIONS = class java.util.ArrayList@7ce26f21
      serialVersionUID = 8683452581122892189
      DEFAULT_CAPACITY = 10
      EMPTY_ELEMENTDATA = class java.lang.Object[0]
      DEFAULTCAPACITY_EMPTY_ELEMENTDATA = class java.lang.Object[0]
      elementData = class java.lang.Object[10]
      size = 4
      MAX_ARRAY_SIZE = 2147483639
      modCount = 4
      MAX_ARRAY_SIZE = 2147483639
    DEFER_SERVLET_REQUEST_LISTENER_DESTROY_ON_ERROR = false
    DO_ACCEPT_PARTIAL = true
    DO_NOT_ACCEPT_PARTIAL = false
    DO_ACCEPT_EXCLUDED = true
    DO_NOT_ACCEPT_EXCLUDED = false
    commands = class java.util.ArrayList@2e3c45de
      serialVersionUID = 8683452581122892189
      DEFAULT_CAPACITY = 10
      EMPTY_ELEMENTDATA = class java.lang.Object[0]
      DEFAULTCAPACITY_EMPTY_ELEMENTDATA = class java.lang.Object[0]
      elementData = class java.lang.Object[3]
      size = 0
      MAX_ARRAY_SIZE = 2147483639
      modCount = 0
      MAX_ARRAY_SIZE = 2147483639
    requestMapper = class com.ibm.wsspi.webcontainer.util.URIMapper@46cf6bb3
      matcher = class com.ibm.wsspi.webcontainer.util.URIMatcher@20cc746a
    parent = class com.ibm.ws.webcontainer.osgi.webapp.WebGroup@293b9f2c
      tc = class com.ibm.websphere.ras.TraceComponent@65fcfe5
      logger = class com.ibm.ws.logging.internal.WsLogger@6fc0852c
      CLASS_NAME = "com.ibm.ws.webcontainer.webapp.WebGroup"
      sessUrlRewritePrefix = ";jsessionid="
      qMark = "?"
      config = class com.ibm.ws.webcontainer.osgi.webapp.WebGroupConfiguration@5c16ae65
      webApp = class com.ibm.ws.webcontainer31.osgi.webapp.WebApp31@2698c3b2
      commands = class java.util.ArrayList@653c9a45
      requestMapper = null
      parent = class com.ibm.ws.webcontainer.osgi.DynamicVirtualHost@6348937f
      name = "/GetStartedJava/*"
      isAlive = true
      subElements = class java.util.HashMap@1ffdad30
      attributes = null
      config = null
      serialVersionUID = -8271459000149267764
      $$$tc$$$ = class com.ibm.websphere.ras.TraceComponent@63a91a
    name = "GetStartedJava"
    isAlive = true
    subElements = null
    attributes = class java.util.concurrent.ConcurrentHashMap@4f9c4661
      serialVersionUID = 7249069246763182397
      MAXIMUM_CAPACITY = 1073741824
      DEFAULT_CAPACITY = 16
      MAX_ARRAY_SIZE = 2147483639
      DEFAULT_CONCURRENCY_LEVEL = 16
      LOAD_FACTOR = 0.75
      TREEIFY_THRESHOLD = 8
      UNTREEIFY_THRESHOLD = 6
      MIN_TREEIFY_CAPACITY = 64
      MIN_TRANSFER_STRIDE = 16
      RESIZE_STAMP_BITS = 16
      MAX_RESIZERS = 65535
      RESIZE_STAMP_SHIFT = 16
      MOVED = -1
      TREEBIN = -2
      RESERVED = -3
      HASH_BITS = 2147483647
      NCPU = 4
      serialPersistentFields = class java.io.ObjectStreamField[3]
      table = class java.util.concurrent.ConcurrentHashMap$Node[32]
      nextTable = null
      baseCount = 17
      sizeCtl = 24
      transferIndex = 0
      cellsBusy = 0
      counterCells = null
      keySet = null
      values = null
      entrySet = null
      U = class sun.misc.Unsafe@1cbd3b68
      SIZECTL = 20
      TRANSFERINDEX = 32
      BASECOUNT = 24
      CELLSBUSY = 36
      CELLVALUE = 144
      ABASE = 16
      ASHIFT = 2
      keySet = null
      values = null
    config = null
    serialVersionUID = -8271459000149267764
    $$$tc$$$ = class com.ibm.websphere.ras.TraceComponent@63a91a
      strings[0] = "TraceComponent[com.ibm.ws.container.AbstractContainer,class com.ibm.ws.container.AbstractContainer,[],null,null]"
  collabHelper = class com.ibm.ws.webcontainer.osgi.collaborator.CollaboratorHelperImpl@57411beb
    webAppInvCollabs = class java.util.Collections$UnmodifiableSet@7041d47
      serialVersionUID = -9215047833775013803
      serialVersionUID = 1820017752578914078
      c = class java.util.concurrent.CopyOnWriteArraySet@4ee4aee1
    securityDomainForApp = null
    logger = class com.ibm.ws.logging.internal.WsLogger@13d935b4
      tc = class com.ibm.websphere.ras.TraceComponent@4862fcfb
      ivCachedResourceBundleName = null
      ivCachedResourceBundle = null
      ivComponent = null
      ivOrganization = null
      ivProduct = null
      ivMinimumLocalizationLevelIntValue = 625
      ivTC = class com.ibm.websphere.ras.TraceComponent@2d75adc
      loggerRegistrationComponent = class java.lang.ThreadLocal@700227b4
      emptyHandlers = class java.util.logging.Handler[0]
      offValue = 2147483647
      SYSTEM_LOGGER_RB_NAME = "sun.util.logging.resources.logging"
      SYSTEM_BUNDLE = class java.util.logging.Logger$LoggerBundle@628daf29
      NO_RESOURCE_BUNDLE = class java.util.logging.Logger$LoggerBundle@7cc8208b
      manager = class com.ibm.ws.kernel.boot.logging.WsLogManager@1d169721
      name = "com.ibm.ws.webcontainer.collaborator"
      handlers = class java.util.concurrent.CopyOnWriteArrayList@6d315782
      loggerBundle = class java.util.logging.Logger$LoggerBundle@189115e1
      useParentHandlers = true
      filter = null
      anonymous = false
      catalog = class com.ibm.ws.webcontainer.resources.Messages@1eefb6b9
      catalogName = "com.ibm.ws.webcontainer.resources.Messages"
      catalogLocale = class java.util.Locale@376985da
      treeLock = class java.lang.Object@338bbd04
      parent = class com.ibm.ws.logging.internal.WsLogger@6077ca12
      kids = null
      levelObject = class java.util.logging.Level@34ee2db
      levelValue = 800
      callersClassLoaderRef = class java.lang.ref.WeakReference@21adbac9
      isSystemLogger = false
      GLOBAL_LOGGER_NAME = "global"
      global = class java.util.logging.Logger@48066e3d
      $assertionsDisabled = true
    staticDefaultSecurityCollaborator = class com.ibm.ws.webcontainer.collaborator.WebAppSecurityCollaborator@3e5bc6e0
    logger = class com.ibm.ws.logging.internal.WsLogger@723c6b8b
      tc = class com.ibm.websphere.ras.TraceComponent@4862fcfb
      ivCachedResourceBundleName = null
      ivCachedResourceBundle = null
      ivComponent = null
      ivOrganization = null
      ivProduct = null
      ivMinimumLocalizationLevelIntValue = 625
      ivTC = class com.ibm.websphere.ras.TraceComponent@147a8253
      loggerRegistrationComponent = class java.lang.ThreadLocal@700227b4
      emptyHandlers = class java.util.logging.Handler[0]
      offValue = 2147483647
      SYSTEM_LOGGER_RB_NAME = "sun.util.logging.resources.logging"
      SYSTEM_BUNDLE = class java.util.logging.Logger$LoggerBundle@628daf29
      NO_RESOURCE_BUNDLE = class java.util.logging.Logger$LoggerBundle@7cc8208b
      manager = class com.ibm.ws.kernel.boot.logging.WsLogManager@1d169721
      name = "com.ibm.wsspi.webcontainer.collaborator"
      handlers = class java.util.concurrent.CopyOnWriteArrayList@110c8045
      loggerBundle = class java.util.logging.Logger$LoggerBundle@63dda07c
      useParentHandlers = true
      filter = null
      anonymous = false
      catalog = class com.ibm.ws.webcontainer.resources.Messages@1eefb6b9
      catalogName = "com.ibm.ws.webcontainer.resources.Messages"
      catalogLocale = class java.util.Locale@376985da
      treeLock = class java.lang.Object@338bbd04
      parent = class com.ibm.ws.logging.internal.WsLogger@185fd521
      kids = null
      levelObject = class java.util.logging.Level@34ee2db
      levelValue = 800
      callersClassLoaderRef = class java.lang.ref.WeakReference@2cff139b
      isSystemLogger = false
      GLOBAL_LOGGER_NAME = "global"
      global = class java.util.logging.Logger@48066e3d
      $assertionsDisabled = true
    CLASS_NAME = "com.ibm.wsspi.webcontainer.collaborator.CollaboratorHelper"
    webApp = class com.ibm.ws.webcontainer31.osgi.webapp.WebApp31@2698c3b2
    securityCollaborator = class com.ibm.ws.webcontainer.security.WebAppSecurityCollaboratorImpl@1b92a085
    nameSpaceCollaborator = class com.ibm.ws.webcontainer.osgi.collaborator.WebAppNameSpaceCollaboratorImpl@18b840a6
    transactionCollaborator = class com.ibm.ws.transaction.services.WebAppTransactionCollaboratorImpl@b3ac2b
    connectionCollaborator = class com.ibm.ws.webcontainer.collaborator.ConnectionCollaborator@281294ed
    allCollabEnum = class java.util.RegularEnumSet@481e2bc9
      serialVersionUID = 3411599620347842686
      elements = 511
      elementType = class java.lang.Class@2a776ab7
      universe = class com.ibm.wsspi.webcontainer.collaborator.CollaboratorInvocationEnum[9]
      ZERO_LENGTH_ENUM_ARRAY = class java.lang.Enum[0]
      MAX_ARRAY_SIZE = 2147483639
    servlet_23_or_greater = true
    DEFER_SERVLET_REQUEST_LISTENER_DESTROY_ON_ERROR = false
  webAppNameSpaceCollab = class com.ibm.ws.webcontainer.osgi.collaborator.WebAppNameSpaceCollaboratorImpl@18b840a6
    cmdai = class com.ibm.ws.threadContext.ComponentMetaDataAccessorImpl@5b0daa41
      tc = class com.ibm.websphere.ras.TraceComponent@5f39e9d1
      cmdai = class com.ibm.ws.threadContext.ComponentMetaDataAccessorImpl@5b0daa41
      threadContext = class com.ibm.ws.threadContext.ThreadContextImpl@34b8b82f
      defaultCMD = null
  secCollab = class com.ibm.ws.webcontainer.security.WebAppSecurityCollaboratorImpl@1b92a085
    tc = class com.ibm.websphere.ras.TraceComponent@4e8b1a84
      strings[0] = "TraceComponent[com.ibm.ws.webcontainer.security.WebAppSecurityCollaboratorImpl,class com.ibm.ws.webcontainer.security.WebAppSecurityCollaboratorImpl,[WebAppSecurity],com.ibm.ws.webcontainer.security.resources.WebAppSecurityMessages,null]"
    KEY_ID = "id"
    KEY_SERVICE_ID = "service.id"
    KEY_COMPONENT_NAME = "component.name"
    KEY_SECURITY_SERVICE = "securityService"
    KEY_TAI_SERVICE = "taiService"
    KEY_INTERCEPTOR_SERVICE = "interceptorService"
    KEY_JACC_SERVICE = "jaccService"
    JASPI_SERVICE_COMPONENT_NAME = "com.ibm.ws.security.jaspi"
    KEY_WEB_AUTHENTICATOR = "webAuthenticator"
    KEY_UNPROTECTED_RESOURCE_SERVICE = "unprotectedResourceService"
    DELEGATION_USERS_LIST = "DELEGATION_USERS_LIST"
    webAuthenticatorRef = class com.ibm.wsspi.kernel.service.utils.ConcurrentServiceReferenceMap@41d581c6
      referenceName = "webAuthenticator"
      context = class org.apache.felix.scr.impl.manager.ComponentContextImpl@16e1dae6
      elementMap = class java.util.concurrent.ConcurrentHashMap@7a4dc963
      serialVersionUID = 6980924785166233786
      $$$tc$$$ = class com.ibm.websphere.ras.TraceComponent@107bdae1
    unprotectedResourceServiceRef = class com.ibm.wsspi.kernel.service.utils.ConcurrentServiceReferenceMap@1e8b8a5
      referenceName = "unprotectedResourceService"
      context = class org.apache.felix.scr.impl.manager.ComponentContextImpl@16e1dae6
      elementMap = class java.util.concurrent.ConcurrentHashMap@23cb8033
      serialVersionUID = 6980924785166233786
      $$$tc$$$ = class com.ibm.websphere.ras.TraceComponent@107bdae1
    taiServiceRef = class com.ibm.wsspi.kernel.service.utils.AtomicServiceReference@53ca19ca
      referenceName = "taiService"
      tuple = class java.util.concurrent.atomic.AtomicReference@5a9b62ff
      serialVersionUID = 2226592364007985000
      $$$tc$$$ = class com.ibm.websphere.ras.TraceComponent@57352fbf
    interceptorServiceRef = class com.ibm.wsspi.kernel.service.utils.ConcurrentServiceReferenceMap@5a185c79
      referenceName = "interceptorService"
      context = class org.apache.felix.scr.impl.manager.ComponentContextImpl@16e1dae6
      elementMap = class java.util.concurrent.ConcurrentHashMap@fb8a476
      serialVersionUID = 6980924785166233786
      $$$tc$$$ = class com.ibm.websphere.ras.TraceComponent@107bdae1
    securityServiceRef = class com.ibm.wsspi.kernel.service.utils.AtomicServiceReference@37ae3d4d
      referenceName = "securityService"
      tuple = class java.util.concurrent.atomic.AtomicReference@65903cd7
      serialVersionUID = 2226592364007985000
      $$$tc$$$ = class com.ibm.websphere.ras.TraceComponent@57352fbf
    jaccServiceRef = class com.ibm.wsspi.kernel.service.utils.AtomicServiceReference@73c7868d
      referenceName = "jaccService"
      tuple = class java.util.concurrent.atomic.AtomicReference@e430d00
      serialVersionUID = 2226592364007985000
      $$$tc$$$ = class com.ibm.websphere.ras.TraceComponent@57352fbf
    KEY_LOCATION_ADMIN = "locationAdmin"
    locationAdminRef = class com.ibm.wsspi.kernel.service.utils.AtomicServiceReference@70c0c576
      referenceName = "locationAdmin"
      tuple = class java.util.concurrent.atomic.AtomicReference@6e1b51e0
      serialVersionUID = 2226592364007985000
      $$$tc$$$ = class com.ibm.websphere.ras.TraceComponent@57352fbf
    PERMIT_REPLY = class com.ibm.ws.webcontainer.security.internal.PermitReply@68a3a483
      serialVersionUID = 8303150652534131684
      $$$tc$$$ = class com.ibm.websphere.ras.TraceComponent@3acfcaaf
      responseCode = 200
      message = "OK"
      serialVersionUID = -2052464364003317781
      $$$tc$$$ = class com.ibm.websphere.ras.TraceComponent@13634222
    DENY_AUTHZ_FAILED = class com.ibm.ws.webcontainer.security.internal.DenyReply@2ea1a88f
      serialVersionUID = -5683685740512191354
      $$$tc$$$ = class com.ibm.websphere.ras.TraceComponent@bcfc0de
      responseCode = 403
      message = "AuthorizationFailed"
      serialVersionUID = -2052464364003317781
      $$$tc$$$ = class com.ibm.websphere.ras.TraceComponent@13634222
    AUTH_TYPE = "AUTH_TYPE"
    ALL_AUTHENTICATED_ROLE = "**"
    STARSTAR_ROLE = "_starstar_"
    globalConfig = class com.ibm.ws.webcontainer.security.internal.extended.WebAppSecurityConfigImplExtended@611da038
      tc = class com.ibm.websphere.ras.TraceComponent@4c72539f
      oidcServerRef = class com.ibm.wsspi.kernel.service.utils.AtomicServiceReference@799c025b
      oidcClientRef = class com.ibm.wsspi.kernel.service.utils.AtomicServiceReference@78e4054e
      serialVersionUID = -720314228807838986
      tc = class com.ibm.websphere.ras.TraceComponent@29adbb9
      WLP_USER_DIR = "${wlp.user.dir}"
      AUTO_GEN_COOKIE_NAME_PREFIX = "WAS_"
      DEFAULT_SSO_COOKIE_NAME = "LtpaToken2"
      CFG_KEY_LOGOUT_ON_HTTP_SESSION_EXPIRE = "logoutOnHttpSessionExpire"
      CFG_KEY_SINGLE_SIGN_ON_ENABLED = "singleSignonEnabled"
      CFG_KEY_PRESERVE_FULLY_QUALIFIED_REFERRER_URL = "preserveFullyQualifiedReferrerUrl"
      CFG_KEY_POSTPARAM_SAVE_METHOD = "postParamSaveMethod"
      CFG_KEY_POSTPARAM_COOKIE_SIZE = "postParamCookieSize"
      CFG_KEY_ALLOW_LOGOUT_PAGE_REDIRECT_TO_ANY_HOST = "allowLogoutPageRedirectToAnyHost"
      CFG_KEY_LOGOUT_PAGE_REDIRECT_DOMAIN_NAMES = "logoutPageRedirectDomainNames"
      CFG_KEY_WAS_REQ_URL_REDIRECT_DOMAIN_NAMES = "wasReqURLRedirectDomainNames"
      CFG_KEY_SSO_COOKIE_NAME = "ssoCookieName"
      CFG_KEY_AUTO_GEN_SSO_COOKIE_NAME = "autoGenSsoCookieName"
      CFG_KEY_FAIL_OVER_TO_BASICAUTH = "allowFailOverToBasicAuth"
      CFG_KEY_DISPLAY_AUTHENTICATION_REALM = "displayAuthenticationRealm"
      CFG_KEY_HTTP_ONLY_COOKIES = "httpOnlyCookies"
      CFG_KEY_WEB_ALWAYS_LOGIN = "webAlwaysLogin"
      CFG_KEY_SSO_DOMAIN_NAMES = "ssoDomainNames"
      CFG_KEY_SSO_REQUIRES_SSL = "ssoRequiresSSL"
      CFG_KEY_SSO_USE_DOMAIN_FROM_URL = "ssoUseDomainFromURL"
      CFG_KEY_USE_AUTH_DATA_FOR_UNPROTECTED = "useAuthenticationDataForUnprotectedResource"
      CFG_KEY_LOGIN_FORM_URL = "loginFormURL"
      CFG_KEY_ALLOW_FAIL_OVER_TO_AUTH_METHOD = "allowAuthenticationFailOverToAuthMethod"
      CFG_KEY_INCLUDE_PATH_IN_WAS_REQ_URL = "includePathInWASReqURL"
      CFG_KEY_TRACK_LOGGED_OUT_SSO_COOKIES = "trackLoggedOutSSOCookies"
      CFG_KEY_USE_ONLY_CUSTOM_COOKIE_NAME = "useOnlyCustomCookieName"
      logoutOnHttpSessionExpire = false
      singleSignonEnabled = true
      preserveFullyQualifiedReferrerUrl = false
      postParamSaveMethod = "Cookie"
      postParamCookieSize = 16384
      allowLogoutPageRedirectToAnyHost = false
      wasReqURLRedirectDomainNames = null
      logoutPageRedirectDomainNames = null
      ssoCookieName = "LtpaToken2"
      autoGenSsoCookieName = false
      allowFailOverToBasicAuth = false
      displayAuthenticationRealm = false
      httpOnlyCookies = true
      webAlwaysLogin = false
      ssoRequiresSSL = false
      ssoDomainNames = null
      ssoUseDomainFromURL = false
      useAuthenticationDataForUnprotectedResource = true
      loginFormURL = null
      allowFailOverToAuthMethod = null
      includePathInWASReqURL = false
      trackLoggedOutSSOCookies = false
      useOnlyCustomCookieName = false
      locationAdminRef = class com.ibm.wsspi.kernel.service.utils.AtomicServiceReference@70c0c576
      securityServiceRef = class com.ibm.wsspi.kernel.service.utils.AtomicServiceReference@37ae3d4d
      serialVersionUID = -7863660892004950769
    currentProps = class java.util.HashMap@17802218
      serialVersionUID = 362498820763181265
      DEFAULT_INITIAL_CAPACITY = 16
      MAXIMUM_CAPACITY = 1073741824
      DEFAULT_LOAD_FACTOR = 0.75
      TREEIFY_THRESHOLD = 8
      UNTREEIFY_THRESHOLD = 6
      MIN_TREEIFY_CAPACITY = 64
      table = class java.util.HashMap$Node[64]
      entrySet = null
      size = 26
      modCount = 27
      threshold = 48
      loadFactor = 0.75
      keySet = null
      values = null
    authenticatorFactory = class com.ibm.ws.webcontainer.security.internal.extended.WebAuthenticatorFactoryImplExtended@62f20bd7
      KEY_OAUTH_SERVICE = "oauthService"
      KEY_OIDC_SERVER = "oidcServer"
      KEY_OIDC_CLIENT = "oidcClient"
      KEY_OPENID_CLIENT_SERVICE = "openidClientService"
      oauthServiceRef = class com.ibm.wsspi.kernel.service.utils.AtomicServiceReference@107543c7
      oidcServerRef = class com.ibm.wsspi.kernel.service.utils.AtomicServiceReference@799c025b
      oidcClientRef = class com.ibm.wsspi.kernel.service.utils.AtomicServiceReference@78e4054e
      openidClientRef = class com.ibm.wsspi.kernel.service.utils.AtomicServiceReference@3a386538
      serialVersionUID = -1477921690833372224
      $$$tc$$$ = class com.ibm.websphere.ras.TraceComponent@667b8e4d
    webAppSecConfig = class com.ibm.ws.webcontainer.security.internal.extended.WebAppSecurityConfigImplExtended@611da038
    authenticateApi = class com.ibm.ws.webcontainer.security.extended.AuthenticateApiExtended@41b432d6
      serialVersionUID = 8376760192840062807
      $$$tc$$$ = class com.ibm.websphere.ras.TraceComponent@5816593b
      tc = class com.ibm.websphere.ras.TraceComponent@5042375d
      KEY_SECURITY_SERVICE = "securityService"
      securityServiceRef = class com.ibm.wsspi.kernel.service.utils.AtomicServiceReference@37ae3d4d
      subjectManager = class com.ibm.ws.security.context.SubjectManager@427f03b6
      subjectHelper = class com.ibm.ws.security.authentication.utility.SubjectHelper@82e949b
      ssoCookieHelper = class com.ibm.ws.webcontainer.security.extended.SSOCookieHelperImplExtended@49378da5
      authCacheService = class com.ibm.ws.security.authentication.internal.cache.AuthCacheServiceImpl@3321848d
      collabUtils = class com.ibm.ws.security.collaborator.CollaboratorUtils@5ba23df6
      authService = class com.ibm.ws.security.authentication.internal.AuthenticationServiceImpl@97953ec
      webAuthenticatorRefs = class com.ibm.wsspi.kernel.service.utils.ConcurrentServiceReferenceMap@41d581c6
      unprotectedResourceServiceRef = class com.ibm.wsspi.kernel.service.utils.ConcurrentServiceReferenceMap@1e8b8a5
      DENY_AUTHN_FAILED = class com.ibm.ws.webcontainer.security.internal.DenyReply@758f9414
      logoutSubject = null
      serialVersionUID = 4961033084277237683
    postParameterHelper = class com.ibm.ws.webcontainer.security.PostParameterHelper@4da456b8
      tc = class com.ibm.websphere.ras.TraceComponent@2411280b
      INITIAL_URL = "INITIAL_URL"
      PARAM_NAMES = "PARAM_NAMES"
      PARAM_VALUES = "PARAM_VALUES"
      POSTPARAM_COOKIE = "WASPostParam"
      ATTRIB_HASH_MAP = "ServletRequestWrapperHashmap"
      LENGTH_INT = 4
      OFFSET_REQURL = 0
      OFFSET_DATA = 1
      webAppSecurityConfig = class com.ibm.ws.webcontainer.security.internal.extended.WebAppSecurityConfigImplExtended@611da038
      serialVersionUID = -1165845467615987734
    collabUtils = class com.ibm.ws.security.collaborator.CollaboratorUtils@5ba23df6
      tc = class com.ibm.websphere.ras.TraceComponent@31f127fb
      subjectManager = class com.ibm.ws.security.context.SubjectManager@49be9c8d
      serialVersionUID = 1544996125297377090
    subjectHelper = class com.ibm.ws.security.authentication.utility.SubjectHelper@29fc29e6
      tc = class com.ibm.websphere.ras.TraceComponent@44a2480
      serialVersionUID = -892250569803095632
    subjectManager = class com.ibm.ws.security.context.SubjectManager@49be9c8d
      threadLocal = class com.ibm.ws.security.context.SubjectManager$SecurityThreadLocal@1b304767
      serialVersionUID = 8008928227801865506
      $$$tc$$$ = class com.ibm.websphere.ras.TraceComponent@d911077
    httpsRedirectHandler = class com.ibm.ws.webcontainer.security.internal.HTTPSRedirectHandler@26400294
      tc = class com.ibm.websphere.ras.TraceComponent@628c2286
      serialVersionUID = -3103286160096161340
    auditManager = class com.ibm.websphere.security.audit.context.AuditManager@6c47c627
      threadLocal = class com.ibm.websphere.security.audit.context.AuditManager$AuditThreadLocal@731604a9
      serialVersionUID = 3990873393024807062
      $$$tc$$$ = class com.ibm.websphere.ras.TraceComponent@3522602a
    extraAuditData = class java.util.HashMap@24bc6150
      serialVersionUID = 362498820763181265
      DEFAULT_INITIAL_CAPACITY = 16
      MAXIMUM_CAPACITY = 1073741824
      DEFAULT_LOAD_FACTOR = 0.75
      TREEIFY_THRESHOLD = 8
      UNTREEIFY_THRESHOLD = 6
      MIN_TREEIFY_CAPACITY = 64
      table = class java.util.HashMap$Node[16]
      entrySet = null
      size = 1
      modCount = 1
      threshold = 12
      loadFactor = 0.75
      keySet = null
      values = null
    authenticatorProxy = class com.ibm.ws.webcontainer.security.extended.WebAuthenticatorProxyExtended@19dbcbbe
      tc = class com.ibm.websphere.ras.TraceComponent@7cda0e1d
      oidcServerRef = class com.ibm.wsspi.kernel.service.utils.AtomicServiceReference@799c025b
      serialVersionUID = -6484703206286851753
      tc = class com.ibm.websphere.ras.TraceComponent@2e292776
      AUTH_TYPE = "AUTH_TYPE"
      securityServiceRef = class com.ibm.wsspi.kernel.service.utils.AtomicServiceReference@37ae3d4d
      webAppSecurityConfig = class com.ibm.ws.webcontainer.security.internal.extended.WebAppSecurityConfigImplExtended@611da038
      postParameterHelper = class com.ibm.ws.webcontainer.security.PostParameterHelper@4da456b8
      providerAuthenticatorProxy = class com.ibm.ws.webcontainer.security.extended.WebProviderAuthenticatorProxyExtended@3fa93eb3
      extraAuditData = class java.util.HashMap@1fd7e581
      serialVersionUID = 4335595118122782273
    providerAuthenticatorProxy = class com.ibm.ws.webcontainer.security.extended.WebProviderAuthenticatorProxyExtended@3fa93eb3
      tc = class com.ibm.websphere.ras.TraceComponent@77638c28
      authenticatorOdering = class java.util.Collections$UnmodifiableRandomAccessList@244968d6
      OAUTH_CONT = class com.ibm.ws.webcontainer.security.AuthenticationResult@562fd542
      OPENID_CLIENT_CONT = class com.ibm.ws.webcontainer.security.AuthenticationResult@4cc86026
      OIDC_SERVER_CONT = class com.ibm.ws.webcontainer.security.AuthenticationResult@587e5332
      OIDC_CLIENT_CONT = class com.ibm.ws.webcontainer.security.AuthenticationResult@371e8f33
      SPNEGO_CONT = class com.ibm.ws.webcontainer.security.AuthenticationResult@1f33c957
      oauthServiceRef = class com.ibm.wsspi.kernel.service.utils.AtomicServiceReference@107543c7
      openIdClientServiceRef = class com.ibm.wsspi.kernel.service.utils.AtomicServiceReference@3a386538
      oidcServerRef = class com.ibm.wsspi.kernel.service.utils.AtomicServiceReference@799c025b
      oidcClientRef = class com.ibm.wsspi.kernel.service.utils.AtomicServiceReference@78e4054e
      authHelper = class com.ibm.ws.webcontainer.security.WebProviderAuthenticatorHelper@42351aee
      referrerURLCookieHandler = class com.ibm.ws.webcontainer.security.extended.ReferrerURLCookieHandlerExtended@3b5db635
      serialVersionUID = -4962376951919845428
      tc = class com.ibm.websphere.ras.TraceComponent@73fae184
      JASPI_CONT = class com.ibm.ws.webcontainer.security.AuthenticationResult@7adc4aad
      securityServiceRef = class com.ibm.wsspi.kernel.service.utils.AtomicServiceReference@37ae3d4d
      taiServiceRef = class com.ibm.wsspi.kernel.service.utils.AtomicServiceReference@53ca19ca
      interceptorServiceRef = class com.ibm.wsspi.kernel.service.utils.ConcurrentServiceReferenceMap@5a185c79
      webAppSecurityConfig = class com.ibm.ws.webcontainer.security.internal.extended.WebAppSecurityConfigImplExtended@611da038
      webAuthenticatorRef = class com.ibm.wsspi.kernel.service.utils.ConcurrentServiceReferenceMap@41d581c6
      serialVersionUID = -187182665254904997
    unauthenticatedSubjectService = class com.ibm.ws.security.authentication.internal.UnauthenticatedSubjectServiceImpl@6d8db19f
      tc = class com.ibm.websphere.ras.TraceComponent@7a9dd9b3
      KEY_SECURITY_SERVICE = "securityService"
      KEY_CREDENTIALS_SERVICE = "credentialsService"
      securityServiceRef = class com.ibm.wsspi.kernel.service.utils.AtomicServiceReference@6506bc5d
      credentialsServiceRef = class com.ibm.wsspi.kernel.service.utils.AtomicServiceReference@795f03a0
      unauthenticatedSubject = class javax.security.auth.Subject@ccc0198
      unauthenticatedSubjectLock = class com.ibm.ws.security.authentication.internal.UnauthenticatedSubjectServiceImpl$1@4796314a
      serialVersionUID = -259576979582176405
    wasch = class com.ibm.ws.webcontainer.security.WebAppSecurityCollaboratorImpl@1b92a085
    isJaspiEnabled = false
    savedSubject = null
    byPassedAuthRequest = true
    isActive = true
    threadLocal = class java.lang.ThreadLocal@2afceb9f
      threadLocalHashCode = 1637383029
      nextHashCode = class java.util.concurrent.atomic.AtomicInteger@3f1a9cc0
      HASH_INCREMENT = 1640531527
    serialVersionUID = -4833686237530004079
  sessionSecurityIntegrationEnabled = true
  assumeFilterSuccessOnSecurityError = false
  useOriginalRequestState = false
  _evtSource = class com.ibm.ws.webcontainer.webapp.WebAppEventSource@7b209314
    _invocationListeners = class com.ibm.ws.webcontainer.util.EventListeners@3f07b178
      EMPTY_LISTENERS = interface java.util.EventListener[0]
      logger = class com.ibm.ws.logging.internal.WsLogger@72d9e61a
      CLASS_NAME = "com.ibm.ws.webcontainer.util.EventListeners"
      listeners = interface java.util.EventListener[0]
    _servletListeners = class com.ibm.ws.webcontainer.util.EventListeners@6a93b84f
      EMPTY_LISTENERS = interface java.util.EventListener[0]
      logger = class com.ibm.ws.logging.internal.WsLogger@72d9e61a
      CLASS_NAME = "com.ibm.ws.webcontainer.util.EventListeners"
      listeners = interface java.util.EventListener[0]
    _errorListeners = class com.ibm.ws.webcontainer.util.EventListeners@4f0e9a0f
      EMPTY_LISTENERS = interface java.util.EventListener[0]
      logger = class com.ibm.ws.logging.internal.WsLogger@72d9e61a
      CLASS_NAME = "com.ibm.ws.webcontainer.util.EventListeners"
      listeners = interface java.util.EventListener[0]
    _applicationListeners = class com.ibm.ws.webcontainer.util.EventListeners@7a719852
      EMPTY_LISTENERS = interface java.util.EventListener[0]
      logger = class com.ibm.ws.logging.internal.WsLogger@72d9e61a
      CLASS_NAME = "com.ibm.ws.webcontainer.util.EventListeners"
      listeners = interface java.util.EventListener[0]
    _filterInvocationListeners = class com.ibm.ws.webcontainer.util.EventListeners@78ff7a15
      EMPTY_LISTENERS = interface java.util.EventListener[0]
      logger = class com.ibm.ws.logging.internal.WsLogger@72d9e61a
      CLASS_NAME = "com.ibm.ws.webcontainer.util.EventListeners"
      listeners = interface java.util.EventListener[0]
    _filterListeners = class com.ibm.ws.webcontainer.util.EventListeners@f59f485
      EMPTY_LISTENERS = interface java.util.EventListener[0]
      logger = class com.ibm.ws.logging.internal.WsLogger@72d9e61a
      CLASS_NAME = "com.ibm.ws.webcontainer.util.EventListeners"
      listeners = interface java.util.EventListener[0]
    _filterErrorListeners = class com.ibm.ws.webcontainer.util.EventListeners@343cc983
      EMPTY_LISTENERS = interface java.util.EventListener[0]
      logger = class com.ibm.ws.logging.internal.WsLogger@72d9e61a
      CLASS_NAME = "com.ibm.ws.webcontainer.util.EventListeners"
      listeners = interface java.util.EventListener[0]
  defaultComponentMetaData = class com.ibm.ws.webcontainer.osgi.metadata.WebComponentMetaDataImpl@24e151d8
    j2eeName = class com.ibm.ws.container.service.metadata.internal.J2EENameImpl@1b97b4e7
      serialVersionUID = 7488184044073147667
      application = "get-started-java"
      module = "GetStartedJava.war"
      component = null
      string = "get-started-java#GetStartedJava.war"
      j2eeNameBytes = null
      $$$tc$$$ = class com.ibm.websphere.ras.TraceComponent@1d0c6234
    webModuleMetaData = class com.ibm.ws.webcontainer.osgi.metadata.WebModuleMetaDataImpl@63a9d5da
    mBeanServiceReg = null
    tc = class com.ibm.websphere.ras.TraceComponent@26fe5ed1
      strings[0] = "TraceComponent[com.ibm.ws.runtime.metadata.MetaDataImpl,class com.ibm.ws.runtime.metadata.MetaDataImpl,[Runtime],null,null]"
    NUM_STATIC_SLOTS = 4
    ID_UNINITIALIZED = -1
    id = 1
    metaDataInterface = class java.lang.Class@567b4fbd
      ANNOTATION = 8192
      ENUM = 16384
      SYNTHETIC = 4096
      cachedConstructor = null
      newInstanceCallerCache = null
      name = null
      allPermDomain = class java.security.ProtectionDomain@687830fa
      useCaches = true
      reflectionData = null
      classRedefinedCount = 0
      genericInfo = null
      serialVersionUID = 3206093459760846163
      serialPersistentFields = class java.io.ObjectStreamField[0]
      reflectionFactory = class sun.reflect.ReflectionFactory@2129439f
      initted = true
      enumConstants = null
      enumConstantDirectory = null
      annotationData = null
      annotationType = null
      classValueMap = null
    staticSlots = class java.lang.Object[4]
      staticSlots[0] = null
      staticSlots[1] = null
      staticSlots[2] = null
      staticSlots[3] = null
    dynamicSlots = null
  DEFER_SERVLET_REQUEST_LISTENER_DESTROY_ON_ERROR = false

