------Start of DE processing------ = [11/8/17 22:43:36:887 CST]
Exception = java.lang.NullPointerException
Source = com.ibm.ws.runtime.update.internal.RuntimeUpdateManagerImpl$3
probeid = 362
Stack Dump = java.lang.NullPointerException
	at com.ibm.ws.webcontainer.osgi.WebContainerListener.serverStopping(WebContainerListener.java:275)
	at com.ibm.ws.runtime.update.internal.RuntimeUpdateManagerImpl$3.run(RuntimeUpdateManagerImpl.java:358)
	at java.util.concurrent.ThreadPoolExecutor.runWorker(ThreadPoolExecutor.java:1142)
	at java.util.concurrent.ThreadPoolExecutor$Worker.run(ThreadPoolExecutor.java:617)
	at java.lang.Thread.run(Thread.java:745)

Dump of callerThis
Object type = com.ibm.ws.runtime.update.internal.RuntimeUpdateManagerImpl$3
  val$listeners = class java.util.concurrent.ConcurrentLinkedQueue@5a381a1a
    serialVersionUID = 196745693267521676
    head = class java.util.concurrent.ConcurrentLinkedQueue$Node@5c91b33c
      item = null
      next = class java.util.concurrent.ConcurrentLinkedQueue$Node@4cb39710
      UNSAFE = class sun.misc.Unsafe@5a627786
      itemOffset = 12
      nextOffset = 16
    tail = class java.util.concurrent.ConcurrentLinkedQueue$Node@46e38a7e
      item = class java.lang.Thread@7106ce13
      next = class java.util.concurrent.ConcurrentLinkedQueue$Node@5e6687c3
      UNSAFE = class sun.misc.Unsafe@5a627786
      itemOffset = 12
      nextOffset = 16
    UNSAFE = class sun.misc.Unsafe@5a627786
      theUnsafe = class sun.misc.Unsafe@5a627786
      INVALID_FIELD_OFFSET = -1
      ARRAY_BOOLEAN_BASE_OFFSET = 16
      ARRAY_BYTE_BASE_OFFSET = 16
      ARRAY_SHORT_BASE_OFFSET = 16
      ARRAY_CHAR_BASE_OFFSET = 16
      ARRAY_INT_BASE_OFFSET = 16
      ARRAY_LONG_BASE_OFFSET = 16
      ARRAY_FLOAT_BASE_OFFSET = 16
      ARRAY_DOUBLE_BASE_OFFSET = 16
      ARRAY_OBJECT_BASE_OFFSET = 16
      ARRAY_BOOLEAN_INDEX_SCALE = 1
      ARRAY_BYTE_INDEX_SCALE = 1
      ARRAY_SHORT_INDEX_SCALE = 2
      ARRAY_CHAR_INDEX_SCALE = 2
      ARRAY_INT_INDEX_SCALE = 4
      ARRAY_LONG_INDEX_SCALE = 8
      ARRAY_FLOAT_INDEX_SCALE = 4
      ARRAY_DOUBLE_INDEX_SCALE = 8
      ARRAY_OBJECT_INDEX_SCALE = 4
      ADDRESS_SIZE = 8
    headOffset = 12
    tailOffset = 16
    MAX_ARRAY_SIZE = 2147483639
  val$listener = class com.ibm.ws.webcontainer.osgi.WebContainerListener@405b88cc
    tc = class com.ibm.websphere.ras.TraceComponent@7630ea63
      strings[0] = "TraceComponent[com.ibm.ws.webcontainer.osgi.WebContainerListener,class com.ibm.ws.webcontainer.osgi.WebContainerListener,[webcontainer],com.ibm.ws.webcontainer.resources.LShimMessages,null]"
    jeeNameFactory = class com.ibm.ws.container.service.metadata.internal.J2EENameFactoryImpl@25428245
      serialVersionUID = 3486344295038028821
      $$$tc$$$ = class com.ibm.websphere.ras.TraceComponent@41b3e10b
    webModulesInStartingApps = class java.util.concurrent.ConcurrentHashMap@7fa85ce9
      serialVersionUID = 7249069246763182397
      MAXIMUM_CAPACITY = 1073741824
      DEFAULT_CAPACITY = 16
      MAX_ARRAY_SIZE = 2147483639
      DEFAULT_CONCURRENCY_LEVEL = 16
      LOAD_FACTOR = 0.75
      TREEIFY_THRESHOLD = 8
      UNTREEIFY_THRESHOLD = 6
      MIN_TREEIFY_CAPACITY = 64
      MIN_TRANSFER_STRIDE = 16
      RESIZE_STAMP_BITS = 16
      MAX_RESIZERS = 65535
      RESIZE_STAMP_SHIFT = 16
      MOVED = -1
      TREEBIN = -2
      RESERVED = -3
      HASH_BITS = 2147483647
      NCPU = 4
      serialPersistentFields = class java.io.ObjectStreamField[3]
      table = null
      nextTable = null
      baseCount = 0
      sizeCtl = 0
      transferIndex = 0
      cellsBusy = 0
      counterCells = null
      keySet = null
      values = null
      entrySet = null
      U = class sun.misc.Unsafe@5a627786
      SIZECTL = 20
      TRANSFERINDEX = 32
      BASECOUNT = 24
      CELLSBUSY = 36
      CELLVALUE = 144
      ABASE = 16
      ASHIFT = 2
      keySet = null
      values = null
    webModulesInStartedApps = class java.util.concurrent.ConcurrentHashMap@36bfdadd
      serialVersionUID = 7249069246763182397
      MAXIMUM_CAPACITY = 1073741824
      DEFAULT_CAPACITY = 16
      MAX_ARRAY_SIZE = 2147483639
      DEFAULT_CONCURRENCY_LEVEL = 16
      LOAD_FACTOR = 0.75
      TREEIFY_THRESHOLD = 8
      UNTREEIFY_THRESHOLD = 6
      MIN_TREEIFY_CAPACITY = 64
      MIN_TRANSFER_STRIDE = 16
      RESIZE_STAMP_BITS = 16
      MAX_RESIZERS = 65535
      RESIZE_STAMP_SHIFT = 16
      MOVED = -1
      TREEBIN = -2
      RESERVED = -3
      HASH_BITS = 2147483647
      NCPU = 4
      serialPersistentFields = class java.io.ObjectStreamField[3]
      table = null
      nextTable = null
      baseCount = 0
      sizeCtl = 0
      transferIndex = 0
      cellsBusy = 0
      counterCells = null
      keySet = null
      values = null
      entrySet = null
      U = class sun.misc.Unsafe@5a627786
      SIZECTL = 20
      TRANSFERINDEX = 32
      BASECOUNT = 24
      CELLSBUSY = 36
      CELLVALUE = 144
      ABASE = 16
      ASHIFT = 2
      keySet = null
      values = null
    webModulesInStartingApps_lock = class com.ibm.ws.webcontainer.osgi.WebContainerListener$1@1cb3752c
      this$0 = class com.ibm.ws.webcontainer.osgi.WebContainerListener@405b88cc
  this$0 = class com.ibm.ws.runtime.update.internal.RuntimeUpdateManagerImpl@3673049f
    tc = class com.ibm.websphere.ras.TraceComponent@44ab64d
      strings[0] = "TraceComponent[com.ibm.ws.runtime.update.internal.RuntimeUpdateManagerImpl,class com.ibm.ws.runtime.update.internal.RuntimeUpdateManagerImpl,[runtime.update],com.ibm.ws.runtime.update.internal.resources.Messages,null]"
    futureMonitor = class com.ibm.ws.threading.internal.FutureMonitorImpl@2d528c55
      _monitor = class java.util.concurrent.ConcurrentLinkedQueue@7370e281
      _executor = class com.ibm.ws.threading.internal.ScheduledExecutorImpl@54ec7a41
      _threadRunning = class java.util.concurrent.atomic.AtomicBoolean@520dfe05
      _thread = class com.ibm.ws.threading.internal.FutureMonitorImpl$1@38231e7f
      serialVersionUID = 2765238413969174390
      $$$tc$$$ = class com.ibm.websphere.ras.TraceComponent@2810a2c0
    normalServerStop = class java.util.concurrent.atomic.AtomicBoolean@10a0c202
      serialVersionUID = 4654671469794556979
      unsafe = class sun.misc.Unsafe@5a627786
      valueOffset = 12
      value = 1
    updateListeners = class java.util.HashSet@58019bf9
      serialVersionUID = -5024744406713321676
      map = class java.util.HashMap@24bd6305
      PRESENT = class java.lang.Object@16834c66
      MAX_ARRAY_SIZE = 2147483639
    notifications = class java.util.HashMap@5f9c8fc0
      serialVersionUID = 362498820763181265
      DEFAULT_INITIAL_CAPACITY = 16
      MAXIMUM_CAPACITY = 1073741824
      DEFAULT_LOAD_FACTOR = 0.75
      TREEIFY_THRESHOLD = 8
      UNTREEIFY_THRESHOLD = 6
      MIN_TREEIFY_CAPACITY = 64
      table = class java.util.HashMap$Node[16]
      entrySet = class java.util.HashMap$EntrySet@3280a5aa
      size = 3
      modCount = 8
      threshold = 12
      loadFactor = 0.75
      keySet = null
      values = class java.util.HashMap$Values@7dea4db4
    bundleCtx = class org.eclipse.osgi.internal.framework.BundleContextImpl@72879de1
      findHookName = "org.osgi.framework.hooks.bundle.FindHook"
      valid = true
      bundle = class org.eclipse.osgi.internal.framework.EquinoxBundle@8ccc48b
      container = class org.eclipse.osgi.internal.framework.EquinoxContainer@55bd900a
      debug = class org.eclipse.osgi.internal.debug.Debug@3a93b503
      servicesInUse = class java.util.HashMap@552a79a0
      activator = null
      contextLock = class java.lang.Object@4a741605
    cleanupListener = class com.ibm.ws.runtime.update.internal.RuntimeUpdateManagerImpl$1@66959042
      this$0 = class com.ibm.ws.runtime.update.internal.RuntimeUpdateManagerImpl@3673049f
      serialVersionUID = -1247721544084393241
      $$$tc$$$ = class com.ibm.websphere.ras.TraceComponent@3d3f34ea
    locationService = class com.ibm.ws.kernel.service.location.internal.WsLocationAdminImpl@7033fe40
      tc = class com.ibm.websphere.ras.TraceComponent@197f3bb4
      LOC_INTERNAL_LIB_DIR = "wlp.lib.dir"
      LOC_AREA_NAME_APPS = "shared/apps/"
      LOC_AREA_NAME_CONFIG = "shared/config/"
      LOC_AREA_NAME_RESC = "shared/resources/"
      LOC_AREA_NAME_STATE = "logs/state/"
      LOC_AREA_NAME_SERVERS = "servers/"
      LOC_AREA_NAME_CLIENTS = "clients/"
      LOC_AREA_NAME_WORKING = "workarea/"
      LOC_AREA_NAME_EXTENSION = "extension/"
      instance = class com.ibm.ws.kernel.service.location.internal.WsLocationAdminImpl@7033fe40
      installRoot = class com.ibm.ws.kernel.service.location.internal.SymbolicRootResource@467ae601
      installParentRoot = class com.ibm.ws.kernel.service.location.internal.SymbolicRootResource@668ac857
      userRoot = class com.ibm.ws.kernel.service.location.internal.SymbolicRootResource@36d1c881
      usrExtensionRoot = class com.ibm.ws.kernel.service.location.internal.SymbolicRootResource@1b539b84
      serverConfigDir = class com.ibm.ws.kernel.service.location.internal.SymbolicRootResource@a083c01
      serverOutputDir = class com.ibm.ws.kernel.service.location.internal.SymbolicRootResource@a083c01
      bootstrapLib = class com.ibm.ws.kernel.service.location.internal.LocalFileResource@3a708567
      serverWorkarea = class com.ibm.ws.kernel.service.location.internal.LocalFileResource@2ddc768
      serverState = class com.ibm.ws.kernel.service.location.internal.LocalFileResource@5d5e30c
      sharedAppsRoot = class com.ibm.ws.kernel.service.location.internal.SymbolicRootResource@4e763f83
      sharedConfigRoot = class com.ibm.ws.kernel.service.location.internal.SymbolicRootResource@7013d097
      sharedResourceRoot = class com.ibm.ws.kernel.service.location.internal.SymbolicRootResource@1c99bf7a
      tmpRoot = class com.ibm.ws.kernel.service.location.internal.SymbolicRootResource@36fef266
      serverName = "defaultServer"
      resourcePaths = class java.util.ArrayList@498b491d
      resourceGroups = class java.util.HashMap@27f2bfd3
      commonRoot = class com.ibm.ws.kernel.service.location.internal.VirtualRootResource@7641a638
      serialVersionUID = 7766352982799267432
    serialVersionUID = 8528977989724669243
  serialVersionUID = -3618464269570709744
  $$$tc$$$ = class com.ibm.websphere.ras.TraceComponent@29630c55
    strings[0] = "TraceComponent[com.ibm.ws.runtime.update.internal.RuntimeUpdateManagerImpl$3,class com.ibm.ws.runtime.update.internal.RuntimeUpdateManagerImpl$3,[runtime.update],com.ibm.ws.runtime.update.internal.resources.Messages,null]"

