------Start of DE processing------ = [11/29/17 14:15:54:657 CST]
Exception = java.lang.NullPointerException
Source = com.ibm.ws.webcontainer.filter.WebAppFilterManager.invokeFilters
probeid = 1105
Stack Dump = java.lang.NullPointerException
	at controller.LoginServlet.connectToDataBase(LoginServlet.java:422)
	at controller.LoginServlet.doGet(LoginServlet.java:157)
	at javax.servlet.http.HttpServlet.service(HttpServlet.java:687)
	at javax.servlet.http.HttpServlet.service(HttpServlet.java:790)
	at com.ibm.ws.webcontainer.servlet.ServletWrapper.service(ServletWrapper.java:1255)
	at com.ibm.ws.webcontainer.servlet.ServletWrapper.handleRequest(ServletWrapper.java:743)
	at com.ibm.ws.webcontainer.servlet.ServletWrapper.handleRequest(ServletWrapper.java:440)
	at com.ibm.ws.webcontainer.filter.WebAppFilterManager.invokeFilters(WebAppFilterManager.java:1138)
	at com.ibm.ws.webcontainer.webapp.WebApp.handleRequest(WebApp.java:4938)
	at com.ibm.ws.webcontainer.osgi.DynamicVirtualHost$2.handleRequest(DynamicVirtualHost.java:316)
	at com.ibm.ws.webcontainer.WebContainer.handleRequest(WebContainer.java:990)
	at com.ibm.ws.webcontainer.osgi.DynamicVirtualHost$2.run(DynamicVirtualHost.java:281)
	at com.ibm.ws.http.dispatcher.internal.channel.HttpDispatcherLink$TaskWrapper.run(HttpDispatcherLink.java:960)
	at com.ibm.ws.http.dispatcher.internal.channel.HttpDispatcherLink.wrapHandlerAndExecute(HttpDispatcherLink.java:362)
	at com.ibm.ws.http.dispatcher.internal.channel.HttpDispatcherLink.ready(HttpDispatcherLink.java:321)
	at com.ibm.ws.http.channel.internal.inbound.HttpInboundLink.handleDiscrimination(HttpInboundLink.java:499)
	at com.ibm.ws.http.channel.internal.inbound.HttpInboundLink.handleNewRequest(HttpInboundLink.java:433)
	at com.ibm.ws.http.channel.internal.inbound.HttpInboundLink.processRequest(HttpInboundLink.java:313)
	at com.ibm.ws.http.channel.internal.inbound.HttpInboundLink.ready(HttpInboundLink.java:284)
	at com.ibm.ws.tcpchannel.internal.NewConnectionInitialReadCallback.sendToDiscriminators(NewConnectionInitialReadCallback.java:165)
	at com.ibm.ws.tcpchannel.internal.NewConnectionInitialReadCallback.complete(NewConnectionInitialReadCallback.java:74)
	at com.ibm.ws.tcpchannel.internal.WorkQueueManager.requestComplete(WorkQueueManager.java:503)
	at com.ibm.ws.tcpchannel.internal.WorkQueueManager.attemptIO(WorkQueueManager.java:573)
	at com.ibm.ws.tcpchannel.internal.WorkQueueManager.workerRun(WorkQueueManager.java:928)
	at com.ibm.ws.tcpchannel.internal.WorkQueueManager$Worker.run(WorkQueueManager.java:1017)
	at java.util.concurrent.ThreadPoolExecutor.runWorker(ThreadPoolExecutor.java:1142)
	at java.util.concurrent.ThreadPoolExecutor$Worker.run(ThreadPoolExecutor.java:617)
	at java.lang.Thread.run(Thread.java:745)

Dump of callerThis
Object type = com.ibm.ws.webcontainer.osgi.filter.WebAppFilterManagerImpl
  _filterWrappers = class java.util.Hashtable@2bf19207
    table = class java.util.Hashtable$Entry[11]
      table[0] = null
      table[1] = null
      table[2] = null
      table[3] = null
      table[4] = null
      table[5] = null
      table[6] = null
      table[7] = null
      table[8] = null
      table[9] = null
      table[10] = null
    count = 0
    threshold = 8
    loadFactor = 0.75
    modCount = 0
    serialVersionUID = 1421746759512286392
    MAX_ARRAY_SIZE = 2147483639
    keySet = null
    entrySet = null
    values = null
    KEYS = 0
    VALUES = 1
    ENTRIES = 2
  chainCache = class java.util.Collections$SynchronizedMap@5f564733
    serialVersionUID = 1978198479659022715
    m = class com.ibm.ws.webcontainer.filter.WebAppFilterManager$1@41e4b337
      this$0 = class com.ibm.ws.webcontainer.osgi.filter.WebAppFilterManagerImpl@7f5ae4bf
      serialVersionUID = 3801124242820219131
      head = null
      tail = null
      accessOrder = true
      serialVersionUID = 362498820763181265
      DEFAULT_INITIAL_CAPACITY = 16
      MAXIMUM_CAPACITY = 1073741824
      DEFAULT_LOAD_FACTOR = 0.75
      TREEIFY_THRESHOLD = 8
      UNTREEIFY_THRESHOLD = 6
      MIN_TREEIFY_CAPACITY = 64
      table = null
      entrySet = null
      size = 0
      modCount = 0
      threshold = 32
      loadFactor = 0.75
      keySet = null
      values = null
    mutex = class java.util.Collections$SynchronizedMap@5f564733
    keySet = null
    entrySet = null
    values = null
  forwardChainCache = class java.util.Collections$SynchronizedMap@50264e3e
    serialVersionUID = 1978198479659022715
    m = class com.ibm.ws.webcontainer.filter.WebAppFilterManager$2@64c5b8
      this$0 = class com.ibm.ws.webcontainer.osgi.filter.WebAppFilterManagerImpl@7f5ae4bf
      serialVersionUID = 3801124242820219131
      head = null
      tail = null
      accessOrder = true
      serialVersionUID = 362498820763181265
      DEFAULT_INITIAL_CAPACITY = 16
      MAXIMUM_CAPACITY = 1073741824
      DEFAULT_LOAD_FACTOR = 0.75
      TREEIFY_THRESHOLD = 8
      UNTREEIFY_THRESHOLD = 6
      MIN_TREEIFY_CAPACITY = 64
      table = null
      entrySet = null
      size = 0
      modCount = 0
      threshold = 16
      loadFactor = 0.75
      keySet = null
      values = null
    mutex = class java.util.Collections$SynchronizedMap@50264e3e
    keySet = null
    entrySet = null
    values = null
  includeChainCache = class java.util.Collections$SynchronizedMap@22e2d735
    serialVersionUID = 1978198479659022715
    m = class com.ibm.ws.webcontainer.filter.WebAppFilterManager$3@2c27cd5c
      this$0 = class com.ibm.ws.webcontainer.osgi.filter.WebAppFilterManagerImpl@7f5ae4bf
      serialVersionUID = 3801124242820219131
      head = null
      tail = null
      accessOrder = true
      serialVersionUID = 362498820763181265
      DEFAULT_INITIAL_CAPACITY = 16
      MAXIMUM_CAPACITY = 1073741824
      DEFAULT_LOAD_FACTOR = 0.75
      TREEIFY_THRESHOLD = 8
      UNTREEIFY_THRESHOLD = 6
      MIN_TREEIFY_CAPACITY = 64
      table = null
      entrySet = null
      size = 0
      modCount = 0
      threshold = 8
      loadFactor = 0.75
      keySet = null
      values = null
    mutex = class java.util.Collections$SynchronizedMap@22e2d735
    keySet = null
    entrySet = null
    values = null
  errorChainCache = class java.util.Collections$SynchronizedMap@5a418c4
    serialVersionUID = 1978198479659022715
    m = class com.ibm.ws.webcontainer.filter.WebAppFilterManager$4@2bdc6638
      this$0 = class com.ibm.ws.webcontainer.osgi.filter.WebAppFilterManagerImpl@7f5ae4bf
      serialVersionUID = 3801124242820219131
      head = null
      tail = null
      accessOrder = true
      serialVersionUID = 362498820763181265
      DEFAULT_INITIAL_CAPACITY = 16
      MAXIMUM_CAPACITY = 1073741824
      DEFAULT_LOAD_FACTOR = 0.75
      TREEIFY_THRESHOLD = 8
      UNTREEIFY_THRESHOLD = 6
      MIN_TREEIFY_CAPACITY = 64
      table = null
      entrySet = null
      size = 0
      modCount = 0
      threshold = 2
      loadFactor = 0.75
      keySet = null
      values = null
    mutex = class java.util.Collections$SynchronizedMap@5a418c4
    keySet = null
    entrySet = null
    values = null
  _filtersDefined = false
  FMI_MAPPING_SINGLE_SLASH = 0
  FMI_MAPPING_PATH_MATCH = 1
  FMI_MAPPING_EXTENSION_MATCH = 2
  FMI_MAPPING_EXACT_MATCH = 3
  logger = class com.ibm.ws.logging.internal.WsLogger@68a6a89c
    tc = class com.ibm.websphere.ras.TraceComponent@2b610908
      strings[0] = "TraceComponent[com.ibm.ws.logging.internal.WsLogger,class com.ibm.ws.logging.internal.WsLogger,[logging],com.ibm.ws.logging.internal.resources.LoggingMessages,null]"
    ivCachedResourceBundleName = null
    ivCachedResourceBundle = null
    ivComponent = null
    ivOrganization = null
    ivProduct = null
    ivMinimumLocalizationLevelIntValue = 625
    ivTC = class com.ibm.websphere.ras.TraceComponent@35d012e4
      strings[0] = "TraceComponent[com.ibm.ws.webcontainer.filter,class com.ibm.wsspi.webcontainer.logging.LoggerFactory$1,[com.ibm.ws.webcontainer.filter],null,null]"
    loggerRegistrationComponent = class java.lang.ThreadLocal@6f6c3f68
      threadLocalHashCode = -352356188
      nextHashCode = class java.util.concurrent.atomic.AtomicInteger@6cbe73d2
      HASH_INCREMENT = 1640531527
    emptyHandlers = class java.util.logging.Handler[0]
    offValue = 2147483647
    SYSTEM_LOGGER_RB_NAME = "sun.util.logging.resources.logging"
    SYSTEM_BUNDLE = class java.util.logging.Logger$LoggerBundle@7fe969d6
      resourceBundleName = "sun.util.logging.resources.logging"
      userBundle = null
    NO_RESOURCE_BUNDLE = class java.util.logging.Logger$LoggerBundle@688d40ae
      resourceBundleName = null
      userBundle = null
    manager = class com.ibm.ws.kernel.boot.logging.WsLogManager@6614b5a8
      CLASS_NAME = "com.ibm.ws.kernel.boot.logging.WsLogManager"
      CONFIGURE_BY_SERVER_PROPERTY_NAME = "java.util.logging.configureByServer"
      CONFIGURE_BY_LOGGING_PROPERTIES_FILE = "java.util.logging.configureByLoggingPropertiesFile"
      configureByServer = true
      configureByLoggingProperties = false
      wsLogger = class java.lang.reflect.Constructor@349edb51
      resetEnabled = true
      manager = class com.ibm.ws.kernel.boot.logging.WsLogManager@6614b5a8
      props = class java.util.Properties@8503c25
      defaultLevel = class java.util.logging.Level@61d987dd
      listenerMap = class java.util.HashMap@62f0043
      systemContext = class java.util.logging.LogManager$SystemLoggerContext@44a90784
      userContext = class java.util.logging.LogManager$LoggerContext@842ce2e
      rootLogger = class java.util.logging.LogManager$RootLogger@1fa6a17
      readPrimordialConfiguration = true
      initializedGlobalHandlers = true
      deathImminent = false
      initializedCalled = true
      initializationDone = true
      contextsMap = null
      loggerRefQueue = class java.lang.ref.ReferenceQueue@7f295f73
      MAX_ITERATIONS = 400
      controlPermission = class java.util.logging.LoggingPermission@73b0f235
      loggingMXBean = null
      LOGGING_MXBEAN_NAME = "java.util.logging:type=Logging"
      $assertionsDisabled = true
    name = "com.ibm.ws.webcontainer.filter"
    handlers = class java.util.concurrent.CopyOnWriteArrayList@3e087a9a
      serialVersionUID = 8673264195747942595
      lock = class java.util.concurrent.locks.ReentrantLock@7ec48071
      array = class java.lang.Object[0]
      UNSAFE = class sun.misc.Unsafe@28e4a949
      lockOffset = 12
    loggerBundle = class java.util.logging.Logger$LoggerBundle@a9b0354
      resourceBundleName = "com.ibm.ws.webcontainer.resources.Messages"
      userBundle = null
    useParentHandlers = true
    filter = null
    anonymous = false
    catalog = class com.ibm.ws.webcontainer.resources.Messages@891ba99
      resources = class [Ljava.lang.Object;[332]
      lookup = null
      INITIAL_CACHE_SIZE = 32
      NONEXISTENT_BUNDLE = class java.util.ResourceBundle$1@4311ca05
      cacheList = class java.util.concurrent.ConcurrentHashMap@1e3fdf01
      referenceQueue = class java.lang.ref.ReferenceQueue@2ec69f14
      parent = null
      locale = class java.util.Locale@1da0d637
      name = "com.ibm.ws.webcontainer.resources.Messages"
      expired = false
      cacheKey = class java.util.ResourceBundle$CacheKey@502c7664
      keySet = null
      providers = null
      $assertionsDisabled = true
    catalogName = "com.ibm.ws.webcontainer.resources.Messages"
    catalogLocale = class java.util.Locale@4b6be7d6
      LOCALECACHE = class java.util.Locale$Cache@3fe504a5
      ENGLISH = class java.util.Locale@a8216ed
      FRENCH = class java.util.Locale@7ed77cd2
      GERMAN = class java.util.Locale@78420922
      ITALIAN = class java.util.Locale@6f95faa3
      JAPANESE = class java.util.Locale@753aacc2
      KOREAN = class java.util.Locale@304e7f5b
      CHINESE = class java.util.Locale@58ad6b69
      SIMPLIFIED_CHINESE = class java.util.Locale@18add23d
      TRADITIONAL_CHINESE = class java.util.Locale@38512156
      FRANCE = class java.util.Locale@7ba635a0
      GERMANY = class java.util.Locale@48e3ef9e
      ITALY = class java.util.Locale@3e29f085
      JAPAN = class java.util.Locale@fc33d87
      KOREA = class java.util.Locale@458212ea
      CHINA = class java.util.Locale@18add23d
      PRC = class java.util.Locale@18add23d
      TAIWAN = class java.util.Locale@38512156
      UK = class java.util.Locale@12ca8adb
      US = class java.util.Locale@4b6be7d6
      CANADA = class java.util.Locale@6316fddf
      CANADA_FRENCH = class java.util.Locale@75afdb3f
      ROOT = class java.util.Locale@1da0d637
      PRIVATE_USE_EXTENSION = x
      UNICODE_LOCALE_EXTENSION = u
      serialVersionUID = 9149081749638150636
      DISPLAY_LANGUAGE = 0
      DISPLAY_COUNTRY = 1
      DISPLAY_VARIANT = 2
      DISPLAY_SCRIPT = 3
      baseLocale = class sun.util.locale.BaseLocale@206f9222
      localeExtensions = null
      hashCodeValue = 96636889
      defaultLocale = class java.util.Locale@4b6be7d6
      defaultDisplayLocale = null
      defaultFormatLocale = class java.util.Locale@4b6be7d6
      languageTag = "en-US"
      serialPersistentFields = class java.io.ObjectStreamField[6]
      isoLanguages = null
      isoCountries = null
      $assertionsDisabled = true
    treeLock = class java.lang.Object@36ca888b
    parent = class com.ibm.ws.logging.internal.WsLogger@6499bca5
      tc = class com.ibm.websphere.ras.TraceComponent@2b610908
      ivCachedResourceBundleName = "com.ibm.ws.webcontainer.resources.Messages"
      ivCachedResourceBundle = class com.ibm.ws.webcontainer.resources.Messages@5f739923
      ivComponent = null
      ivOrganization = null
      ivProduct = null
      ivMinimumLocalizationLevelIntValue = 625
      ivTC = class com.ibm.websphere.ras.TraceComponent@5f3984a6
      loggerRegistrationComponent = class java.lang.ThreadLocal@6f6c3f68
      emptyHandlers = class java.util.logging.Handler[0]
      offValue = 2147483647
      SYSTEM_LOGGER_RB_NAME = "sun.util.logging.resources.logging"
      SYSTEM_BUNDLE = class java.util.logging.Logger$LoggerBundle@7fe969d6
      NO_RESOURCE_BUNDLE = class java.util.logging.Logger$LoggerBundle@688d40ae
      manager = class com.ibm.ws.kernel.boot.logging.WsLogManager@6614b5a8
      name = "com.ibm.ws.webcontainer"
      handlers = class java.util.concurrent.CopyOnWriteArrayList@6e94a010
      loggerBundle = class java.util.logging.Logger$LoggerBundle@1032bf0a
      useParentHandlers = true
      filter = null
      anonymous = false
      catalog = class com.ibm.ws.webcontainer.resources.Messages@5f739923
      catalogName = "com.ibm.ws.webcontainer.resources.Messages"
      catalogLocale = class java.util.Locale@4b6be7d6
      treeLock = class java.lang.Object@36ca888b
      parent = class java.util.logging.Logger@2f5c4c7f
      kids = class java.util.ArrayList@6c256236
      levelObject = class java.util.logging.Level@61d987dd
      levelValue = 800
      callersClassLoaderRef = class java.lang.ref.WeakReference@27fadb82
      isSystemLogger = false
      GLOBAL_LOGGER_NAME = "global"
      global = class java.util.logging.Logger@1774c99f
      $assertionsDisabled = true
    kids = null
    levelObject = class java.util.logging.Level@61d987dd
      defaultBundle = "sun.util.logging.resources.logging"
      name = "INFO"
      value = 800
      resourceBundleName = "sun.util.logging.resources.logging"
      localizedLevelName = "INFO"
      cachedLocale = class java.util.Locale@4b6be7d6
      OFF = class java.util.logging.Level@2bce76c0
      SEVERE = class java.util.logging.Level@48702838
      WARNING = class java.util.logging.Level@574ff207
      INFO = class java.util.logging.Level@61d987dd
      CONFIG = class java.util.logging.Level@4f985649
      FINE = class java.util.logging.Level@1738510c
      FINER = class java.util.logging.Level@5e409a3b
      FINEST = class java.util.logging.Level@7637943e
      ALL = class java.util.logging.Level@7b90aeaf
      serialVersionUID = -8176160795706313070
    levelValue = 800
    callersClassLoaderRef = class java.lang.ref.WeakReference@75188967
      referent = class org.eclipse.osgi.internal.loader.EquinoxClassLoader@12c3f6ca
      queue = class java.lang.ref.ReferenceQueue$Null@1546e275
      next = null
      discovered = null
      lock = class java.lang.ref.Reference$Lock@44625195
      pending = null
    isSystemLogger = false
    GLOBAL_LOGGER_NAME = "global"
    global = class java.util.logging.Logger@1774c99f
      emptyHandlers = class java.util.logging.Handler[0]
      offValue = 2147483647
      SYSTEM_LOGGER_RB_NAME = "sun.util.logging.resources.logging"
      SYSTEM_BUNDLE = class java.util.logging.Logger$LoggerBundle@7fe969d6
      NO_RESOURCE_BUNDLE = class java.util.logging.Logger$LoggerBundle@688d40ae
      manager = class com.ibm.ws.kernel.boot.logging.WsLogManager@6614b5a8
      name = "global"
      handlers = class java.util.concurrent.CopyOnWriteArrayList@1865c914
      loggerBundle = class java.util.logging.Logger$LoggerBundle@688d40ae
      useParentHandlers = true
      filter = null
      anonymous = false
      catalog = null
      catalogName = null
      catalogLocale = null
      treeLock = class java.lang.Object@36ca888b
      parent = class java.util.logging.LogManager$RootLogger@1fa6a17
      kids = null
      levelObject = null
      levelValue = 800
      callersClassLoaderRef = null
      isSystemLogger = true
      GLOBAL_LOGGER_NAME = "global"
      global = class java.util.logging.Logger@1774c99f
      $assertionsDisabled = true
    $assertionsDisabled = true
  CLASS_NAME = "com.ibm.ws.webcontainer.filter.WebAppFilterManager"
  nls = class com.ibm.ejs.ras.TraceNLS@a134c08
    resolver = class com.ibm.ws.logging.internal.TraceNLSResolver@13ebbc26
      tc = class com.ibm.websphere.ras.TraceComponent@1963006a
      DEBUG_TRACE_NLS_PROPERTY = "com.ibm.ejs.ras.debugTraceNLSResolver"
      debugTraceNLSResolver = false
      makeNoise = false
      nullKey = "null"
      svNullBundleName = "Resource Bundle name is null, key = {0}"
      svBundleNotLoaded = "Unable to load ResourceBundle {0}"
      svNullKeyMessage = "Null key passed while using ResourceBundle {0}"
      svMalformedMessage = "No message text associated with key {0} in bundle {1}"
    finder = null
    ivBundleName = "com.ibm.ws.webcontainer.resources.Messages"
    caller = class java.lang.Class@631b859f
      ANNOTATION = 8192
      ENUM = 16384
      SYNTHETIC = 4096
      cachedConstructor = null
      newInstanceCallerCache = null
      name = null
      allPermDomain = class java.security.ProtectionDomain@55fff35b
      useCaches = true
      reflectionData = class java.lang.ref.SoftReference@4b6cbef4
      classRedefinedCount = 0
      genericInfo = null
      serialVersionUID = 3206093459760846163
      serialPersistentFields = class java.io.ObjectStreamField[0]
      reflectionFactory = class sun.reflect.ReflectionFactory@72bb3dc7
      initted = true
      enumConstants = null
      enumConstantDirectory = null
      annotationData = class java.lang.Class$AnnotationData@504c2caf
      annotationType = null
      classValueMap = null
  webAppConfig = class com.ibm.ws.webcontainer.osgi.webapp.WebAppConfiguration@3e7c7900
    webModuleMetaData = class com.ibm.ws.webcontainer.osgi.metadata.WebModuleMetaDataImpl@548ca5d7
    webComponentMetaData = class com.ibm.ws.webcontainer.osgi.metadata.WebComponentMetaDataImpl@49d61a0f
    dVirtualHost = class com.ibm.ws.webcontainer.osgi.DynamicVirtualHost@35ba93d7
      tc = class com.ibm.websphere.ras.TraceComponent@3f2c3940
      CLASS_NAME = "com.ibm.ws.webcontainer.osgi.DynamicVirtualHost"
      webContainerParent = class com.ibm.ws.webcontainer.osgi.WebContainer@11410186
      dhostConfig = class com.ibm.ws.webcontainer.osgi.DynamicVirtualHostConfiguration@1c05b9e1
      predefinedMatcher = null
      normalizeRequestURI = false
      httpInboundConnection = class com.ibm.ws.http.dispatcher.internal.channel.HttpDispatcherLink@6cc0f7c3
      logger = class com.ibm.ws.logging.internal.WsLogger@6499bca5
      CLASS_NAME = "com.ibm.ws.webcontainer.VirtualHost"
      vHostConfig = class com.ibm.ws.webcontainer.osgi.DynamicVirtualHostConfiguration@1c05b9e1
      commands = class java.util.ArrayList@525190ad
      requestMapper = class com.ibm.wsspi.webcontainer.util.URIMapper@632af1b7
      parent = class com.ibm.ws.webcontainer.osgi.WebContainer@11410186
      name = "default_host"
      isAlive = true
      subElements = class java.util.HashMap@8bf6cfe
      attributes = null
      config = null
      serialVersionUID = -8271459000149267764
      $$$tc$$$ = class com.ibm.websphere.ras.TraceComponent@30f84f8
    orderedLibPaths = class java.util.Collections$UnmodifiableRandomAccessList@7f30cb97
    bundleHeaders = null
    cdiEnabled = false
    CLASS_NAME = "com.ibm.ws.webcontainer.webapp.WebAppConfiguration"
    logger = class com.ibm.ws.logging.internal.WsLogger@63386dc2
    tc = class com.ibm.websphere.ras.TraceComponent@320a501c
      strings[0] = "TraceComponent[com.ibm.ws.webcontainer.webapp.WebAppConfiguration,class com.ibm.ws.webcontainer.webapp.WebAppConfiguration,[webcontainer],com.ibm.ws.webcontainer.resources.LShimMessages,null]"
    nls = class com.ibm.ejs.ras.TraceNLS@240cdb71
      resolver = class com.ibm.ws.logging.internal.TraceNLSResolver@13ebbc26
      finder = null
      ivBundleName = "com.ibm.ws.webcontainer.resources.Messages"
      caller = class java.lang.Class@13005172
    version = 30
    contextRoot = "/GetStartedJava"
    sessionTimeout = 0
    moduleSessionTimeoutSet = false
    moduleSessionTrackingModeSet = false
    sessionCookieConfig = class com.ibm.ws.session.SessionCookieConfigImpl@6a48595a
      comment = ""
      domain = ""
      maxAge = -1
      maxAgeSet = false
      name = "JSESSIONID"
      path = "/"
      httpOnly = true
      httpOnlySet = false
      secure = false
      secureSet = false
      contextInitialized = true
      externalCall = true
      programmaticChange = false
      nls = class com.ibm.ejs.ras.TraceNLS@56838458
    hasProgrammaticCookieConfig = false
    sessionDefaultTrackingModeSet = class java.util.RegularEnumSet@24d0daa
      serialVersionUID = 3411599620347842686
      elements = 1
      elementType = class java.lang.Class@8140ac8
      universe = class javax.servlet.SessionTrackingMode[3]
      ZERO_LENGTH_ENUM_ARRAY = class java.lang.Enum[0]
      MAX_ARRAY_SIZE = 2147483639
    sessionManagerConfig = class com.ibm.ws.session.SessionManagerConfig@13574750
      usingWebContainerSM = true
      useContextRootForSessionCookiePath = false
      usingMemory = true
      usingDatabase = false
      usingMemToMem = false
      enableUrlProtocolSwitchRewriting = false
      dcookieName = "SSLJSESSION"
      sipSessionCookieName = "ibmappid"
      inMemorySize = 1000
      enableOverflow = true
      sessionInvalidationTime = 1800
      integrateSec = true
      throwSecurityExceptionOnGetSessionFalse = true
      invalidateOnUnauthorizedSessionRequestException = false
      allowSerializedSessionAccess = false
      serializedSessionAccessMaxWaitTime = 0
      accessSessionOnTimeout = true
      JNDIDataSourceName = "jdbc/sample"
      sessionDBID = null
      sessionDBPWD = null
      rowSize = 4
      tableSpaceName = null
      usingMultirow = false
      drsSettings = null
      enableEOSWrite = true
      enableManualWrite = false
      enableTimeBasedWrite = false
      mPropertyWriterInterval = 120
      writeAllProperties = false
      scheduledInvalidation = false
      firstHour = 0
      secondHour = 0
      is_zOS = false
      serverId = "f49aa8e6-6638-42f3-83a0-ff7a2f1bf4de"
      cloneId = "f49aa8e6-6638-42f3-83a0-ff7a2f1bf4de"
      sacKey = "DEFAULT_SAC_KEY"
      cloneSeparator = :
      debugSessionCrossover = false
      cloneIdPropertySet = false
      expectedCloneIdsPropertySet = false
      expectedCloneIds = null
      idReuse = false
      reaperPollInterval = 158
      turnOffCacheId = false
      turnOffCloneId = false
      noAffinitySwitchBack = false
      maxSessionIdentifierLength = 1024
      sessUrlRewritePrefix = ";jsessionid="
      tableNameValue = null
      checkRecentlyInvalidList = true
      modifyActiveCountOnInvalidatedSession = false
      useOracleBlob = false
      usingCustomSchemaName = false
      trackGCCount = false
      hideSessionValues = true
      hideSessionValuesPropertySet = false
      doRemoteInvalidations = true
      zosBaseServerReplication = false
      servlet21SessionCompat = false
      cacheIdLength = 0
      sessionIDLength = 23
      trackingModes = class java.util.RegularEnumSet@3e620a8a
      privateSessionCookieName = "JSESSIONID"
      privateSessionCookieComment = ""
      privateSessionCookieDomain = ""
      privateSessionCookieMaxAge = -1
      privateSessionCookiePath = "/"
      privateSessionCookieSecure = false
      privateSessionCookieHttpOnly = true
      cookieConfig = class com.ibm.ws.session.SessionCookieConfigImpl@6a48595a
      SIPConvergedHttpPort = 80
      SIPConvergedHttpsPort = 443
      SIPConvergedHostName = "localhost"
      optimizeCacheIdIncrements = false
      alwaysEncodeURL = false
      checkSessionCookieNameOnEncodeURL = false
      onlyCheckInCacheDuringPreInvoke = false
      enableHotFailover = true
      forceSessionInvalidationMultiple = 3
      persistSessionAfterPassivation = false
      usingApplicationSessionsAndInvalidateAll = false
      usingApplicationSessionsAlwaysRetrieve = false
      forceSessionIdLengthCheck = false
      securityUserIgnoreCase = false
      sessionTableSkipIndexCreation = false
      checkSessionNewOnIsValidRequest = true
      delayInvalidationAlarmDuringServerStartup = 0
      useSeparateSessionInvalidatorThreadPool = true
      connectionRetryCount = 2
    displayName = "GetStartedJava"
    description = null
    reloadInterval = 0
    distributable = false
    denyUncoveredHttpMethods = false
    reloadingEnabled = false
    serveServletsByClassnameEnabled = false
    defaultErrorPage = null
    additionalClassPath = null
    fileServingEnabled = null
    directoryBrowsingEnabled = false
    autoRequestEncoding = false
    autoResponseEncoding = false
    autoLoadFilters = false
    requestListeners = null
    requestAttributeListeners = null
    sessionListeners = null
    localeMap = null
    moduleName = "GetStartedJava"
    j2eeModuleName = "GetStartedJava.war"
    moduleId = null
    isSyncToThreadEnabled = false
    encodeDispatchedRequestURI = false
    isSystemApp = false
    ardEnabled = false
    ardDispatchType = null
    listeners = class java.util.ArrayList@51c2d118
      serialVersionUID = 8683452581122892189
      DEFAULT_CAPACITY = 10
      EMPTY_ELEMENTDATA = class java.lang.Object[0]
      DEFAULTCAPACITY_EMPTY_ELEMENTDATA = class java.lang.Object[0]
      elementData = class java.lang.Object[0]
      size = 0
      MAX_ARRAY_SIZE = 2147483639
      modCount = 0
      MAX_ARRAY_SIZE = 2147483639
    welcomeFileList = class java.util.ArrayList@7968c0f3
      serialVersionUID = 8683452581122892189
      DEFAULT_CAPACITY = 10
      EMPTY_ELEMENTDATA = class java.lang.Object[0]
      DEFAULTCAPACITY_EMPTY_ELEMENTDATA = class java.lang.Object[0]
      elementData = class java.lang.Object[10]
      size = 7
      MAX_ARRAY_SIZE = 2147483639
      modCount = 7
      MAX_ARRAY_SIZE = 2147483639
    servletMappings = class java.util.HashMap@1322a229
      serialVersionUID = 362498820763181265
      DEFAULT_INITIAL_CAPACITY = 16
      MAXIMUM_CAPACITY = 1073741824
      DEFAULT_LOAD_FACTOR = 0.75
      TREEIFY_THRESHOLD = 8
      UNTREEIFY_THRESHOLD = 6
      MIN_TREEIFY_CAPACITY = 64
      table = class java.util.HashMap$Node[16]
      entrySet = null
      size = 3
      modCount = 3
      threshold = 12
      loadFactor = 0.75
      keySet = null
      values = null
    lastIndexBeforeDeclaredFilters = 0
    filterMappings = class java.util.ArrayList@3a661ada
      serialVersionUID = 8683452581122892189
      DEFAULT_CAPACITY = 10
      EMPTY_ELEMENTDATA = class java.lang.Object[0]
      DEFAULTCAPACITY_EMPTY_ELEMENTDATA = class java.lang.Object[0]
      elementData = class java.lang.Object[0]
      size = 0
      MAX_ARRAY_SIZE = 2147483639
      modCount = 0
      MAX_ARRAY_SIZE = 2147483639
    servletInfo = class java.util.HashMap@7deb569f
      serialVersionUID = 362498820763181265
      DEFAULT_INITIAL_CAPACITY = 16
      MAXIMUM_CAPACITY = 1073741824
      DEFAULT_LOAD_FACTOR = 0.75
      TREEIFY_THRESHOLD = 8
      UNTREEIFY_THRESHOLD = 6
      MIN_TREEIFY_CAPACITY = 64
      table = class java.util.HashMap$Node[16]
      entrySet = null
      size = 3
      modCount = 3
      threshold = 12
      loadFactor = 0.75
      keySet = class java.util.HashMap$KeySet@66caf4c
      values = class java.util.HashMap$Values@75c7fbe3
    filterInfo = class java.util.HashMap@423b6e89
      serialVersionUID = 362498820763181265
      DEFAULT_INITIAL_CAPACITY = 16
      MAXIMUM_CAPACITY = 1073741824
      DEFAULT_LOAD_FACTOR = 0.75
      TREEIFY_THRESHOLD = 8
      UNTREEIFY_THRESHOLD = 6
      MIN_TREEIFY_CAPACITY = 64
      table = null
      entrySet = null
      size = 0
      modCount = 0
      threshold = 0
      loadFactor = 0.75
      keySet = null
      values = class java.util.HashMap$Values@465a05f
    mimeMappings = class java.util.HashMap@448eaf0d
      serialVersionUID = 362498820763181265
      DEFAULT_INITIAL_CAPACITY = 16
      MAXIMUM_CAPACITY = 1073741824
      DEFAULT_LOAD_FACTOR = 0.75
      TREEIFY_THRESHOLD = 8
      UNTREEIFY_THRESHOLD = 6
      MIN_TREEIFY_CAPACITY = 64
      table = null
      entrySet = null
      size = 0
      modCount = 0
      threshold = 0
      loadFactor = 0.75
      keySet = null
      values = null
    mimeFilters = null
    isMimeFilteringEnabled = false
    theWebGroup = null
    jspAttributes = class java.util.HashMap@4eb4dd8c
      serialVersionUID = 362498820763181265
      DEFAULT_INITIAL_CAPACITY = 16
      MAXIMUM_CAPACITY = 1073741824
      DEFAULT_LOAD_FACTOR = 0.75
      TREEIFY_THRESHOLD = 8
      UNTREEIFY_THRESHOLD = 6
      MIN_TREEIFY_CAPACITY = 64
      table = null
      entrySet = null
      size = 0
      modCount = 0
      threshold = 0
      loadFactor = 0.75
      keySet = class java.util.HashMap$KeySet@2c33acb9
      values = null
    fileServingAttributes = class java.util.HashMap@69cc356b
      serialVersionUID = 362498820763181265
      DEFAULT_INITIAL_CAPACITY = 16
      MAXIMUM_CAPACITY = 1073741824
      DEFAULT_LOAD_FACTOR = 0.75
      TREEIFY_THRESHOLD = 8
      UNTREEIFY_THRESHOLD = 6
      MIN_TREEIFY_CAPACITY = 64
      table = null
      entrySet = null
      size = 0
      modCount = 0
      threshold = 0
      loadFactor = 0.75
      keySet = null
      values = null
    invokerAttributes = class java.util.HashMap@709a41fd
      serialVersionUID = 362498820763181265
      DEFAULT_INITIAL_CAPACITY = 16
      MAXIMUM_CAPACITY = 1073741824
      DEFAULT_LOAD_FACTOR = 0.75
      TREEIFY_THRESHOLD = 8
      UNTREEIFY_THRESHOLD = 6
      MIN_TREEIFY_CAPACITY = 64
      table = null
      entrySet = null
      size = 0
      modCount = 0
      threshold = 0
      loadFactor = 0.75
      keySet = null
      values = null
    contextParams = class java.util.HashMap@415d6e24
      serialVersionUID = 362498820763181265
      DEFAULT_INITIAL_CAPACITY = 16
      MAXIMUM_CAPACITY = 1073741824
      DEFAULT_LOAD_FACTOR = 0.75
      TREEIFY_THRESHOLD = 8
      UNTREEIFY_THRESHOLD = 6
      MIN_TREEIFY_CAPACITY = 64
      table = null
      entrySet = null
      size = 0
      modCount = 0
      threshold = 0
      loadFactor = 0.75
      keySet = null
      values = null
    virtualHost = "default_host"
    exceptionErrorPages = class java.util.HashMap@296d933e
      serialVersionUID = 362498820763181265
      DEFAULT_INITIAL_CAPACITY = 16
      MAXIMUM_CAPACITY = 1073741824
      DEFAULT_LOAD_FACTOR = 0.75
      TREEIFY_THRESHOLD = 8
      UNTREEIFY_THRESHOLD = 6
      MIN_TREEIFY_CAPACITY = 64
      table = null
      entrySet = null
      size = 0
      modCount = 0
      threshold = 0
      loadFactor = 0.75
      keySet = null
      values = null
    codeErrorPages = class java.util.HashMap@21828c15
      serialVersionUID = 362498820763181265
      DEFAULT_INITIAL_CAPACITY = 16
      MAXIMUM_CAPACITY = 1073741824
      DEFAULT_LOAD_FACTOR = 0.75
      TREEIFY_THRESHOLD = 8
      UNTREEIFY_THRESHOLD = 6
      MIN_TREEIFY_CAPACITY = 64
      table = null
      entrySet = null
      size = 0
      modCount = 0
      threshold = 0
      loadFactor = 0.75
      keySet = null
      values = null
    tagLibList = null
    precompileJsps = false
    webApp = class com.ibm.ws.webcontainer31.osgi.webapp.WebApp31@62e38d95
    virtualHostList = class java.util.Collections$EmptyList@335b471
      serialVersionUID = 8842843931221139166
      modCount = 0
      MAX_ARRAY_SIZE = 2147483639
    appStartupWeight = 0
    moduleStartupWeight = 0
    metaDataComplete = false
    classesToScan = class java.util.ArrayList@2933d67d
      serialVersionUID = 8683452581122892189
      DEFAULT_CAPACITY = 10
      EMPTY_ELEMENTDATA = class java.lang.Object[0]
      DEFAULTCAPACITY_EMPTY_ELEMENTDATA = class java.lang.Object[0]
      elementData = class java.lang.Object[0]
      size = 0
      MAX_ARRAY_SIZE = 2147483639
      modCount = 0
      MAX_ARRAY_SIZE = 2147483639
    uriFilterMappingInfos = null
    servletFilterMappingInfos = null
    dynamicServletRegistrationMap = null
    applicationName = "get-started-java"
    libBinPathList = class java.util.ArrayList@6c024406
      serialVersionUID = 8683452581122892189
      DEFAULT_CAPACITY = 10
      EMPTY_ELEMENTDATA = class java.lang.Object[0]
      DEFAULTCAPACITY_EMPTY_ELEMENTDATA = class java.lang.Object[0]
      elementData = class java.lang.Object[15]
      size = 12
      MAX_ARRAY_SIZE = 2147483639
      modCount = 12
      MAX_ARRAY_SIZE = 2147483639
    webXmlDefinedListeners = class java.util.HashSet@59d59fb7
      serialVersionUID = -5024744406713321676
      map = class java.util.HashMap@52445654
      PRESENT = class java.lang.Object@84225f8
      MAX_ARRAY_SIZE = 2147483639
    allRefs = class java.util.EnumMap@77ed2ec0
      keyType = class java.lang.Class@471620aa
      keyUniverse = class com.ibm.wsspi.injectionengine.JNDIEnvironmentRefType[14]
      vals = class java.lang.Object[14]
      size = 0
      NULL = class java.util.EnumMap$1@60244975
      ZERO_LENGTH_ENUM_ARRAY = class java.lang.Enum[0]
      entrySet = null
      serialVersionUID = 458661240069192865
      keySet = null
      values = null
    allRefBindings = class java.util.EnumMap@40da9e7e
      keyType = class java.lang.Class@471620aa
      keyUniverse = class com.ibm.wsspi.injectionengine.JNDIEnvironmentRefType[14]
      vals = class java.lang.Object[14]
      size = 6
      NULL = class java.util.EnumMap$1@60244975
      ZERO_LENGTH_ENUM_ARRAY = class java.lang.Enum[0]
      entrySet = null
      serialVersionUID = 458661240069192865
      keySet = null
      values = null
    envEntryValues = class java.util.HashMap@3e06d017
      serialVersionUID = 362498820763181265
      DEFAULT_INITIAL_CAPACITY = 16
      MAXIMUM_CAPACITY = 1073741824
      DEFAULT_LOAD_FACTOR = 0.75
      TREEIFY_THRESHOLD = 8
      UNTREEIFY_THRESHOLD = 6
      MIN_TREEIFY_CAPACITY = 64
      table = null
      entrySet = null
      size = 0
      modCount = 0
      threshold = 0
      loadFactor = 0.75
      keySet = null
      values = null
    resourceRefConfigList = null
    disallowAllFileServingProp = "false"
    disallowServeServletsByClassnameProp = "true"
    disableStaticMappingCache = false
    jspCachedLocations = class java.util.HashMap@4b5bd847
      serialVersionUID = 362498820763181265
      DEFAULT_INITIAL_CAPACITY = 16
      MAXIMUM_CAPACITY = 1073741824
      DEFAULT_LOAD_FACTOR = 0.75
      TREEIFY_THRESHOLD = 8
      UNTREEIFY_THRESHOLD = 6
      MIN_TREEIFY_CAPACITY = 64
      table = null
      entrySet = null
      size = 0
      modCount = 0
      threshold = 0
      loadFactor = 0.75
      keySet = null
      values = null
    primedSTSHeader = "NoValue"
    enablemultireadofpostdata = false
    _id = "WebAppGeneratedId1"
    _attributes = null
    serialVersionUID = 7511545662945734886
    $$$tc$$$ = class com.ibm.websphere.ras.TraceComponent@495c86ec
      strings[0] = "TraceComponent[com.ibm.ws.container.BaseConfiguration,class com.ibm.ws.container.BaseConfiguration,[],null,null]"
  webApp = class com.ibm.ws.webcontainer31.osgi.webapp.WebApp31@62e38d95
    tc = class com.ibm.websphere.ras.TraceComponent@46e3b57a
      strings[0] = "TraceComponent[com.ibm.ws.webcontainer31.osgi.webapp.WebApp31,class com.ibm.ws.webcontainer31.osgi.webapp.WebApp31,[webcontainer],com.ibm.ws.webcontainer31.resources.Messages,null]"
    CLASS_NAME = "com.ibm.ws.webcontainer31.osgi.webapp.WebApp31"
    servlet31NLS = class com.ibm.ejs.ras.TraceNLS@4ba4d44
      resolver = class com.ibm.ws.logging.internal.TraceNLSResolver@13ebbc26
      finder = null
      ivBundleName = "com.ibm.ws.webcontainer31.resources.Messages"
      caller = class java.lang.Class@2af713f7
    validListenerClasses = class java.lang.Class[7]
      validListenerClasses[0] = class java.lang.Class@2af7bf45
      validListenerClasses[1] = class java.lang.Class@469d812a
      validListenerClasses[2] = class java.lang.Class@49dd9533
      validListenerClasses[3] = class java.lang.Class@24a0b3bd
      validListenerClasses[4] = class java.lang.Class@333a2dfb
      validListenerClasses[5] = class java.lang.Class@19047e67
      validListenerClasses[6] = class java.lang.Class@2e687f1a
    wsocServHandler = class com.ibm.ws.wsoc.external.WsocHandlerImpl@20d0da38
      tc = class com.ibm.websphere.ras.TraceComponent@f16fd0f
      noMoreAddsCalled = true
      serialVersionUID = -2067291126638824067
    tc = class com.ibm.websphere.ras.TraceComponent@54bd4654
      strings[0] = "TraceComponent[com.ibm.ws.webcontainer.osgi.webapp.WebApp,class com.ibm.ws.webcontainer.osgi.webapp.WebApp,[webcontainer],com.ibm.ws.webcontainer.resources.LShimMessages,null]"
    CLASS_NAME = "com.ibm.ws.webcontainer.osgi.webapp.WebApp"
    metaDataService = class com.ibm.ws.container.service.metadata.internal.MetaDataServiceImpl@64aca602
      applicationMetaDataManager = class com.ibm.ws.container.service.metadata.internal.ApplicationMetaDataManager@21ba014c
      moduleMetaDataManager = class com.ibm.ws.container.service.metadata.internal.ModuleMetaDataManager@266ce9d9
      componentMetaDataManager = class com.ibm.ws.container.service.metadata.internal.ComponentMetaDataManager@433e8d66
      methodMetaDataManager = class com.ibm.ws.container.service.metadata.internal.MethodMetaDataManager@7c6ee6f4
      appModuleNameToModuleContainer = class java.util.concurrent.ConcurrentHashMap@d2f3854
      jeeNameToComponentMetaData = class java.util.concurrent.ConcurrentHashMap@4ccc2a09
      deferredMetaDataFactories = class com.ibm.wsspi.kernel.service.utils.ConcurrentServiceReferenceSet@7b2ecb4b
      deferredMetaDataInitializers = class com.ibm.wsspi.kernel.service.utils.ConcurrentServiceReferenceMap@707ccb9c
      serialVersionUID = -2494605732980966097
      $$$tc$$$ = class com.ibm.websphere.ras.TraceComponent@2efdca1d
    namespacePopulated = false
    referenceContext = class com.ibm.ws.injectionengine.osgi.internal.OSGiReferenceContextImpl@1d2011ff
      scopeData = class com.ibm.ws.injectionengine.osgi.internal.OSGiInjectionScopeData@51ab266c
      serialVersionUID = 521511923892134915
      $$$tc$$$ = class com.ibm.websphere.ras.TraceComponent@2171c1bd
      CLASS_NAME = "com.ibm.ws.injectionengine.ReferenceContextImpl"
      tc = class com.ibm.websphere.ras.TraceComponent@3c454911
      ivInjectionEngine = class com.ibm.ws.injectionengine.osgi.internal.OSGiInjectionEngineImpl@2f1673fd
      ivProviders = class java.util.ArrayList@f7de569
      ivComponentJavaContext = null
      ivComponentNameSpace = null
      ivJavaColonCompEnvMap = class java.util.LinkedHashMap@33c9fcd5
      ivEjbContext10 = class java.util.Properties@1ee0dca5
      ivResourceRefConfigList = null
      isAlreadyProcessed = true
      ivProcessFailure = null
      ivInjectionTargetMap = class java.util.concurrent.ConcurrentHashMap@2f5cd1f
      svInjTarMapCacheSize = 256
      ivDeclaredInjectionTargets = class java.util.HashMap@62c32685
      ivProcessedInjectionClasses = class java.util.HashSet@1e10415c
      ivProcessedInjectionBindings = class java.util.ArrayList@60db3cf
      ivAnyProcessDynamic = false
      ivCheckAppConfig = false
    j2eeNameFactory = class com.ibm.ws.container.service.metadata.internal.J2EENameFactoryImpl@109f0245
      serialVersionUID = 3486344295038028821
      $$$tc$$$ = class com.ibm.websphere.ras.TraceComponent@11ed5444
    moduleLoader = class com.ibm.ws.classloading.internal.AppClassLoader@508abb60
      tc = class com.ibm.websphere.ras.TraceComponent@3b1dd8ff
      PARENT_FIRST_SEARCH_ORDER = class java.util.Collections$UnmodifiableRandomAccessList@3ab8f804
      CLASS_LOADING_TRACE_PREFIX = "com.ibm.ws.class.load."
      DEFAULT_PACKAGE = "default.package"
      perPackageClassLoadingTraceComponents = class java.util.concurrent.ConcurrentHashMap@454036be
      config = class com.ibm.ws.classloading.internal.ClassLoaderConfigurationImpl@1364d318
      privateLibraries = null
      delegateLoaders = class com.ibm.ws.classloading.internal.util.CompositeIterable@75892fd6
      nativeLibraryFiles = class java.util.ArrayList@88c91bb
      transformers = class java.util.ArrayList@4c3db3d2
      apiAccess = class com.ibm.ws.classloading.internal.GatewayClassLoader@4c21991d
      generator = class com.ibm.ws.classloading.internal.ClassGeneratorManager@79f4455e
      protectionDomains = class java.util.concurrent.ConcurrentHashMap@45bf3229
      parent = class com.ibm.ws.classloading.internal.GatewayClassLoader@4c21991d
      serialVersionUID = 952643806680066297
      tc = class com.ibm.websphere.ras.TraceComponent@644d069
      EMPTY_URL_ARRAY = class java.net.URL[0]
      smartClassPath = class com.ibm.ws.classloading.internal.ContainerClassLoader$SmartClassPathImpl@8d0e7b7
      nativeLibraryContainers = class java.util.ArrayList@53559d46
      redefiner = class com.ibm.ws.classloading.internal.util.ClassRedefiner@6fc7d37f
      mapCreationQueue = class java.util.concurrent.Executors$FinalizableDelegatedExecutorService@553c0df9
      serialVersionUID = 7249739282446266343
      serialVersionUID = -7411549862368381758
      $$$tc$$$ = class com.ibm.websphere.ras.TraceComponent@273e2139
      serialVersionUID = -4868702105808481416
      $$$tc$$$ = class com.ibm.websphere.ras.TraceComponent@6cad21fc
      serialVersionUID = 2596921220292114344
      $$$tc$$$ = class com.ibm.websphere.ras.TraceComponent@1e0e89b9
      initialized = true
      pdcache = class java.util.HashMap@251eac06
      debug = null
      parent = class com.ibm.ws.classloading.internal.GatewayClassLoader@4c21991d
      parallelLockMap = null
      package2certs = class java.util.Hashtable@7413dff1
      nocerts = class java.security.cert.Certificate[0]
      classes = class java.util.Vector@41f5474f
      defaultDomain = class java.security.ProtectionDomain@6e2929c2
      domains = class java.util.HashSet@3e87c69d
      packages = class java.util.HashMap@54816aeb
      scl = class sun.misc.Launcher$AppClassLoader@18b4aac2
      sclSet = true
      loadedLibraryNames = class java.util.Vector@7983582b
      systemNativeLibraries = class java.util.Vector@6952a4d8
      nativeLibraries = class java.util.Vector@3f25900b
      nativeLibraryContext = class java.util.Stack@1c541cd7
      usr_paths = class java.lang.String[49]
      sys_paths = class java.lang.String[1]
      assertionLock = class com.ibm.ws.classloading.internal.AppClassLoader@508abb60
      defaultAssertionStatus = false
      packageAssertionStatus = null
      classAssertionStatus = null
    webAppConfig = class com.ibm.ws.webcontainer.osgi.webapp.WebAppConfiguration@3e7c7900
    extensionProcessingDisabled = false
    managedObjectService = class com.ibm.ws.cdi.impl.managedobject.CDIManagedObjectService@36381b74
      cdiServiceRef = class com.ibm.wsspi.kernel.service.utils.AtomicServiceReference@502faf0a
      defaultMOSRef = class com.ibm.wsspi.kernel.service.utils.AtomicServiceReference@17a6ea84
      cdiRuntime = class com.ibm.ws.cdi.liberty.CDIRuntimeImpl@6b917cc5
      serialVersionUID = -2697988188171262037
      $$$tc$$$ = class com.ibm.websphere.ras.TraceComponent@4d3dae58
    GenPluginCfgMB = null
    internalServletMetaData = interface com.ibm.wsspi.webcontainer.metadata.WebComponentMetaData[2]
      internalServletMetaData[0] = null
      internalServletMetaData[1] = null
    loginProcessor = null
    logoutProcessor = null
    collabHelper = class com.ibm.ws.webcontainer.osgi.collaborator.CollaboratorHelperImpl@1b3b3433
    envObject = class com.ibm.ws.util.WSThreadLocal@7230b63
      tc = class com.ibm.ejs.ras.TraceComponent@2c3e917
      count = 8
      index = 3
      SUSPECTED_MISUSAGE_THRESHOLD = 200
      threadLocalHashCode = 1137100212
      nextHashCode = class java.util.concurrent.atomic.AtomicInteger@6cbe73d2
      HASH_INCREMENT = 1640531527
    orderedLibPaths = class java.util.Collections$UnmodifiableRandomAccessList@7f30cb97
      serialVersionUID = -2542308836966382001
      serialVersionUID = -283967356065247728
      list = class java.util.ArrayList@36ca6fb5
      serialVersionUID = 1820017752578914078
      c = class java.util.ArrayList@36ca6fb5
    perm = class com.ibm.websphere.security.WebSphereRuntimePermission@53bb1acc
      serialVersionUID = -3306242789188168337
      $$$tc$$$ = class com.ibm.websphere.ras.TraceComponent@14e0c59c
      serialVersionUID = 6279438298436773498
      wildcard = false
      path = "accessServletContext"
      exitVM = false
      serialVersionUID = -5636570222231596674
      name = "accessServletContext"
    WELCOME_FILE_LIST = "com.ibm.ws.webcontainer.config.WelcomeFileList"
    DIR_BROWSING_MAPPING = "__dirBrowsing__1511986478553"
    FILTER_PROXY_MAPPING = "/__filterProxy__1511986478553"
    logger = class com.ibm.ws.logging.internal.WsLogger@63386dc2
      tc = class com.ibm.websphere.ras.TraceComponent@2b610908
      ivCachedResourceBundleName = null
      ivCachedResourceBundle = null
      ivComponent = null
      ivOrganization = null
      ivProduct = null
      ivMinimumLocalizationLevelIntValue = 625
      ivTC = class com.ibm.websphere.ras.TraceComponent@7079e496
      loggerRegistrationComponent = class java.lang.ThreadLocal@6f6c3f68
      emptyHandlers = class java.util.logging.Handler[0]
      offValue = 2147483647
      SYSTEM_LOGGER_RB_NAME = "sun.util.logging.resources.logging"
      SYSTEM_BUNDLE = class java.util.logging.Logger$LoggerBundle@7fe969d6
      NO_RESOURCE_BUNDLE = class java.util.logging.Logger$LoggerBundle@688d40ae
      manager = class com.ibm.ws.kernel.boot.logging.WsLogManager@6614b5a8
      name = "com.ibm.ws.webcontainer.webapp"
      handlers = class java.util.concurrent.CopyOnWriteArrayList@5469d540
      loggerBundle = class java.util.logging.Logger$LoggerBundle@62728bb0
      useParentHandlers = true
      filter = null
      anonymous = false
      catalog = class com.ibm.ws.webcontainer.resources.Messages@5f739923
      catalogName = "com.ibm.ws.webcontainer.resources.Messages"
      catalogLocale = class java.util.Locale@4b6be7d6
      treeLock = class java.lang.Object@36ca888b
      parent = class com.ibm.ws.logging.internal.WsLogger@6499bca5
      kids = null
      levelObject = class java.util.logging.Level@61d987dd
      levelValue = 800
      callersClassLoaderRef = class java.lang.ref.WeakReference@48b3735a
      isSystemLogger = false
      GLOBAL_LOGGER_NAME = "global"
      global = class java.util.logging.Logger@1774c99f
      $assertionsDisabled = true
    CLASS_NAME = "com.ibm.ws.webcontainer.webapp.WebApp"
    loader = class com.ibm.ws.classloading.internal.ThreadContextClassLoader@6e8e2234
      tc = class com.ibm.websphere.ras.TraceComponent@4046a3
      bundle = class java.util.concurrent.atomic.AtomicReference@602c3b52
      key = "WebModule:get-started-java#GetStartedJava.war"
      refCount = class java.util.concurrent.atomic.AtomicInteger@1f520e38
      appLoader = class com.ibm.ws.classloading.internal.AppClassLoader@508abb60
      clSvc = class com.ibm.ws.classloading.internal.ClassLoadingServiceImpl@33f07ae3
      serialVersionUID = 846416563800781557
      followOnClassLoaders = class java.util.ArrayList@2b312520
      serialVersionUID = -5107316606107305512
      $$$tc$$$ = class com.ibm.websphere.ras.TraceComponent@7461526a
      serialVersionUID = -4868702105808481416
      $$$tc$$$ = class com.ibm.websphere.ras.TraceComponent@6cad21fc
      serialVersionUID = 2596921220292114344
      $$$tc$$$ = class com.ibm.websphere.ras.TraceComponent@1e0e89b9
      initialized = true
      pdcache = class java.util.HashMap@d395157
      debug = null
      parent = class com.ibm.ws.classloading.internal.GatewayClassLoader@2d85b040
      parallelLockMap = null
      package2certs = class java.util.Hashtable@2f836df5
      nocerts = class java.security.cert.Certificate[0]
      classes = class java.util.Vector@653945f8
      defaultDomain = class java.security.ProtectionDomain@2516baf1
      domains = class java.util.HashSet@6262f4ed
      packages = class java.util.HashMap@563ad191
      scl = class sun.misc.Launcher$AppClassLoader@18b4aac2
      sclSet = true
      loadedLibraryNames = class java.util.Vector@7983582b
      systemNativeLibraries = class java.util.Vector@6952a4d8
      nativeLibraries = class java.util.Vector@1ce2f083
      nativeLibraryContext = class java.util.Stack@1c541cd7
      usr_paths = class java.lang.String[49]
      sys_paths = class java.lang.String[1]
      assertionLock = class com.ibm.ws.classloading.internal.ThreadContextClassLoader@6e8e2234
      defaultAssertionStatus = false
      packageAssertionStatus = null
      classAssertionStatus = null
    facade = class com.ibm.ws.webcontainer31.facade.ServletContextFacade31@7c5f0ad5
      context = class com.ibm.ws.webcontainer31.osgi.webapp.WebApp31@62e38d95
    features = class java.util.ArrayList@5ca1aba
      serialVersionUID = 8683452581122892189
      DEFAULT_CAPACITY = 10
      EMPTY_ELEMENTDATA = class java.lang.Object[0]
      DEFAULTCAPACITY_EMPTY_ELEMENTDATA = class java.lang.Object[0]
      elementData = class java.lang.Object[0]
      size = 0
      MAX_ARRAY_SIZE = 2147483639
      modCount = 0
      MAX_ARRAY_SIZE = 2147483639
    applicationName = "get-started-java"
    config = class com.ibm.ws.webcontainer.osgi.webapp.WebAppConfiguration@3e7c7900
    securityEnabledForApp = true
    webExtensionProcessor = class com.ibm.ws.webcontainer.osgi.extension.WebExtensionProcessor@eac1db5
      webApp = class com.ibm.ws.webcontainer31.osgi.webapp.WebApp31@62e38d95
      extensionContext = class com.ibm.ws.webcontainer31.osgi.webapp.WebApp31@62e38d95
    production = true
    isServlet23 = true
    contextPath = "/GetStartedJava"
    internalServletList = class [Ljava.lang.String;[2]
      internalServletList[0] = class java.lang.String[2]
      internalServletList[1] = class java.lang.String[2]
    BY_NAME_ONLY = "/_1511986478553_/"
    filterManager = class com.ibm.ws.webcontainer.osgi.filter.WebAppFilterManagerImpl@7f5ae4bf
    documentRoot = null
    SERVLET_API_VERSION = "Servlet 2.5"
    disableServletAuditLogging = -1
    serverInfo = "IBM WebSphere Liberty/${liberty.service.version}"
    sessionCtx = class com.ibm.ws.webcontainer31.session.impl.HttpSessionContext31Impl@2ad78963
      methodClassName = "HttpSessionContextImpl"
      _smc = class com.ibm.ws.session.SessionManagerConfig@13574750
      sessionStoreService = null
      _sap = class com.ibm.ws.session.SessionApplicationParameters@59f98749
      _coreHttpSessionManager = class com.ibm.ws.session.SessionManager@36967ffd
      _coreHttpAppSessionManager = null
      _sam = class com.ibm.ws.webcontainer.session.impl.SessionAffinityManagerImpl@1a587e9
      isSIPApplication = false
      sessionAttributeListener = false
      sessionListener = true
      mHttpSessionAttributeListeners = class java.util.ArrayList@68807d9b
      mHttpSessionListeners = class java.util.ArrayList@7d567c0d
      mHttpSessionIdListeners = class java.util.ArrayList@783a8dcd
      mHttpSessionAttributeListenersJ2eeNames = class java.util.ArrayList@550dd7ec
      mHttpSessionListenersJ2eeNames = class java.util.ArrayList@3e0a0473
      mHttpSessionIdListenersJ2eeNames = class java.util.ArrayList@7072b1ab
      mLocalHost = null
      _refCount = 1
      currentThreadSacHashtable = null
      methodClassName = "SessionContext"
      ANONYMOUS_USER = "anonymous"
      wasHttpSessionObserver = class com.ibm.ws.session.WasHttpSessionObserver@5c8a0e8d
      wasHttpSessionAttributeObserver = null
      _invalidator = class com.ibm.ws.session.SessionInvalidatorWithThreadPool@67831047
      _storer = class com.ibm.ws.session.EOSSessionStorer@944a958
      wasHttpAppSessionObserver = null
      mHttpAppSessionListeners = null
      cmvcInfo = "CMVC Version 1.9 6/24/07 11:12:24"
      _loggedVersion = true
      CREATE_CORE_SESSION_MANAGER = 0
      GET_REQUESTED_SESSION_ID = 1
      GET_IHTTP_SESSION = 2
      SESSION_PRE_INVOKE = 3
      SESSION_POST_INVOKE = 4
      STOP = 5
      STOP_LISTENERS = 6
      IS_VALID = 7
      ENCODE_URL = 8
      SHOULD_ENCODE_URL = 9
      IS_PROTOCOL_SWITCH = 10
      GET_LOCAL_HOST = 11
      ADD_HTTP_SESSION_ATTRIBUTE_LISTENER = 12
      ADD_HTTP_SESSION_LISTENER = 13
      GET_SESSION_AFFINITY_CONTEXT = 14
      CHECK_SECURITY = 15
      INVALIDATE = 16
      CHECK_SESSSIONID_IS_RIGHT_LENGTH = 17
      LOCK_SESSION = 18
      UNLOCK_SESSION = 19
      ADD_HTTP_SESSION_ID_LISTENER = 20
      methodNames = class java.lang.String[21]
    eventSource = class com.ibm.ws.webcontainer.webapp.WebAppEventSource@b0e3df1
    nls = class com.ibm.ejs.ras.TraceNLS@7f1d4949
      resolver = class com.ibm.ws.logging.internal.TraceNLSResolver@13ebbc26
      finder = null
      ivBundleName = "com.ibm.ws.webcontainer.resources.Messages"
      caller = class java.lang.Class@23026627
    liberty_nls = class com.ibm.ejs.ras.TraceNLS@11b2b2aa
      resolver = class com.ibm.ws.logging.internal.TraceNLSResolver@13ebbc26
      finder = null
      ivBundleName = "com.ibm.ws.webcontainer.resources.LShimMessages"
      caller = class java.lang.Class@23026627
    error_nls = class com.ibm.ejs.ras.TraceNLS@6e291b9c
      resolver = class com.ibm.ws.logging.internal.TraceNLSResolver@13ebbc26
      finder = null
      ivBundleName = "com.ibm.ws.webcontainer.resources.ErrorPage"
      caller = class java.lang.Class@23026627
    sessionListeners = class java.util.ArrayList@78a31bab
      serialVersionUID = 8683452581122892189
      DEFAULT_CAPACITY = 10
      EMPTY_ELEMENTDATA = class java.lang.Object[0]
      DEFAULTCAPACITY_EMPTY_ELEMENTDATA = class java.lang.Object[0]
      elementData = class java.lang.Object[10]
      size = 1
      MAX_ARRAY_SIZE = 2147483639
      modCount = 2
      MAX_ARRAY_SIZE = 2147483639
    sessionIdListeners = class java.util.ArrayList@6d6142f7
      serialVersionUID = 8683452581122892189
      DEFAULT_CAPACITY = 10
      EMPTY_ELEMENTDATA = class java.lang.Object[0]
      DEFAULTCAPACITY_EMPTY_ELEMENTDATA = class java.lang.Object[0]
      elementData = class java.lang.Object[0]
      size = 0
      MAX_ARRAY_SIZE = 2147483639
      modCount = 0
      MAX_ARRAY_SIZE = 2147483639
    sessionAttrListeners = class java.util.ArrayList@69429a13
      serialVersionUID = 8683452581122892189
      DEFAULT_CAPACITY = 10
      EMPTY_ELEMENTDATA = class java.lang.Object[0]
      DEFAULTCAPACITY_EMPTY_ELEMENTDATA = class java.lang.Object[0]
      elementData = class java.lang.Object[0]
      size = 0
      MAX_ARRAY_SIZE = 2147483639
      modCount = 1
      MAX_ARRAY_SIZE = 2147483639
    addedSessionListeners = class java.util.ArrayList@4f91895c
      serialVersionUID = 8683452581122892189
      DEFAULT_CAPACITY = 10
      EMPTY_ELEMENTDATA = class java.lang.Object[0]
      DEFAULTCAPACITY_EMPTY_ELEMENTDATA = class java.lang.Object[0]
      elementData = class java.lang.Object[0]
      size = 0
      MAX_ARRAY_SIZE = 2147483639
      modCount = 0
      MAX_ARRAY_SIZE = 2147483639
    addedSessionAttrListeners = class java.util.ArrayList@2f8fad46
      serialVersionUID = 8683452581122892189
      DEFAULT_CAPACITY = 10
      EMPTY_ELEMENTDATA = class java.lang.Object[0]
      DEFAULTCAPACITY_EMPTY_ELEMENTDATA = class java.lang.Object[0]
      elementData = class java.lang.Object[0]
      size = 0
      MAX_ARRAY_SIZE = 2147483639
      modCount = 0
      MAX_ARRAY_SIZE = 2147483639
    servletContextListeners = class java.util.ArrayList@481e34ba
      serialVersionUID = 8683452581122892189
      DEFAULT_CAPACITY = 10
      EMPTY_ELEMENTDATA = class java.lang.Object[0]
      DEFAULTCAPACITY_EMPTY_ELEMENTDATA = class java.lang.Object[0]
      elementData = class java.lang.Object[10]
      size = 4
      MAX_ARRAY_SIZE = 2147483639
      modCount = 5
      MAX_ARRAY_SIZE = 2147483639
    servletContextLAttrListeners = class java.util.ArrayList@3571ada8
      serialVersionUID = 8683452581122892189
      DEFAULT_CAPACITY = 10
      EMPTY_ELEMENTDATA = class java.lang.Object[0]
      DEFAULTCAPACITY_EMPTY_ELEMENTDATA = class java.lang.Object[0]
      elementData = class java.lang.Object[0]
      size = 0
      MAX_ARRAY_SIZE = 2147483639
      modCount = 1
      MAX_ARRAY_SIZE = 2147483639
    servletRequestListeners = class java.util.ArrayList@76e90933
      serialVersionUID = 8683452581122892189
      DEFAULT_CAPACITY = 10
      EMPTY_ELEMENTDATA = class java.lang.Object[0]
      DEFAULTCAPACITY_EMPTY_ELEMENTDATA = class java.lang.Object[0]
      elementData = class java.lang.Object[0]
      size = 0
      MAX_ARRAY_SIZE = 2147483639
      modCount = 1
      MAX_ARRAY_SIZE = 2147483639
    servletRequestLAttrListeners = class java.util.ArrayList@24de6f35
      serialVersionUID = 8683452581122892189
      DEFAULT_CAPACITY = 10
      EMPTY_ELEMENTDATA = class java.lang.Object[0]
      DEFAULTCAPACITY_EMPTY_ELEMENTDATA = class java.lang.Object[0]
      elementData = class java.lang.Object[0]
      size = 0
      MAX_ARRAY_SIZE = 2147483639
      modCount = 1
      MAX_ARRAY_SIZE = 2147483639
    prependSlashToResource = false
    destroyed = false
    webAppNameSpaceCollab = class com.ibm.ws.webcontainer.osgi.collaborator.WebAppNameSpaceCollaboratorImpl@46848d80
    txCollab = class com.ibm.ws.transaction.services.WebAppTransactionCollaboratorImpl@51e4ca81
    sessionActivationListeners = class java.util.ArrayList@1ddc34f0
      serialVersionUID = 8683452581122892189
      DEFAULT_CAPACITY = 10
      EMPTY_ELEMENTDATA = class java.lang.Object[0]
      DEFAULTCAPACITY_EMPTY_ELEMENTDATA = class java.lang.Object[0]
      elementData = class java.lang.Object[0]
      size = 0
      MAX_ARRAY_SIZE = 2147483639
      modCount = 1
      MAX_ARRAY_SIZE = 2147483639
    sessionBindingListeners = class java.util.ArrayList@25f8d60e
      serialVersionUID = 8683452581122892189
      DEFAULT_CAPACITY = 10
      EMPTY_ELEMENTDATA = class java.lang.Object[0]
      DEFAULTCAPACITY_EMPTY_ELEMENTDATA = class java.lang.Object[0]
      elementData = class java.lang.Object[0]
      size = 0
      MAX_ARRAY_SIZE = 2147483639
      modCount = 1
      MAX_ARRAY_SIZE = 2147483639
    scratchdir = null
    jspClassLoaderLimit = 0
    jspClassLoaderExclusionList = null
    jspClassLoadersMap = null
    jspClassLoaderLimitTrackIF = false
    defaultExtProc = null
    directoryBrowsingServlet = null
    cdiContexts = class java.util.concurrent.ConcurrentHashMap@1be6f313
      serialVersionUID = 7249069246763182397
      MAXIMUM_CAPACITY = 1073741824
      DEFAULT_CAPACITY = 16
      MAX_ARRAY_SIZE = 2147483639
      DEFAULT_CONCURRENCY_LEVEL = 16
      LOAD_FACTOR = 0.75
      TREEIFY_THRESHOLD = 8
      UNTREEIFY_THRESHOLD = 6
      MIN_TREEIFY_CAPACITY = 64
      MIN_TRANSFER_STRIDE = 16
      RESIZE_STAMP_BITS = 16
      MAX_RESIZERS = 65535
      RESIZE_STAMP_SHIFT = 16
      MOVED = -1
      TREEBIN = -2
      RESERVED = -3
      HASH_BITS = 2147483647
      NCPU = 4
      serialPersistentFields = class java.io.ObjectStreamField[3]
      table = null
      nextTable = null
      baseCount = 0
      sizeCtl = 0
      transferIndex = 0
      cellsBusy = 0
      counterCells = null
      keySet = null
      values = null
      entrySet = null
      U = class sun.misc.Unsafe@28e4a949
      SIZECTL = 20
      TRANSFERINDEX = 32
      BASECOUNT = 24
      CELLSBUSY = 36
      CELLVALUE = 144
      ABASE = 16
      ASHIFT = 2
      keySet = null
      values = null
    moduleConfig = class com.ibm.ws.webcontainer.osgi.container.DeployedModule@4c96909d
      tc = class com.ibm.websphere.ras.TraceComponent@efb963a
      loader = class com.ibm.ws.classloading.internal.ThreadContextClassLoader@6e8e2234
      webApp = class com.ibm.ws.webcontainer31.osgi.webapp.WebApp31@62e38d95
      webAppConfig = class com.ibm.ws.webcontainer.osgi.webapp.WebAppConfiguration@3e7c7900
      contextRootAdded = null
      properContextRoot = "/GetStartedJava"
      mappingContextRoot = "/GetStartedJava/*"
      serialVersionUID = -2104814060051592457
      $$$tc$$$ = class com.ibm.websphere.ras.TraceComponent@59be44ce
    extensionFactories = class java.util.ArrayList@3091464b
      serialVersionUID = 8683452581122892189
      DEFAULT_CAPACITY = 10
      EMPTY_ELEMENTDATA = class java.lang.Object[0]
      DEFAULTCAPACITY_EMPTY_ELEMENTDATA = class java.lang.Object[0]
      elementData = class java.lang.Object[10]
      size = 4
      MAX_ARRAY_SIZE = 2147483639
      modCount = 9
      MAX_ARRAY_SIZE = 2147483639
    initialized = true
    lock = class com.ibm.ws.webcontainer.webapp.WebApp$1@53babef1
      this$0 = class com.ibm.ws.webcontainer31.osgi.webapp.WebApp31@62e38d95
    afterServletContextCreated = false
    redirectContextRoot = false
    errorExceptionTypeFirst = false
    initFilterBeforeServletInit = false
    sortedServletConfigs = class java.util.ArrayList@7fe8b1fe
      serialVersionUID = 8683452581122892189
      DEFAULT_CAPACITY = 10
      EMPTY_ELEMENTDATA = class java.lang.Object[0]
      DEFAULTCAPACITY_EMPTY_ELEMENTDATA = class java.lang.Object[0]
      elementData = class java.lang.Object[10]
      size = 3
      MAX_ARRAY_SIZE = 2147483639
      modCount = 3
      MAX_ARRAY_SIZE = 2147483639
    effectiveMajorVersion = 3
    effectiveMinorVersion = 0
    canAddServletContextListener = true
    withinContextInitOfProgAddListener = false
    lastProgAddListenerInitialized = "com.ibm.ws.cache.CacheServiceImpl"
    webInfLibClassloader = null
    metaInfCache = class com.ibm.ws.webcontainer.webapp.WebApp$2@782c4e6
      this$0 = class com.ibm.ws.webcontainer31.osgi.webapp.WebApp31@62e38d95
      serialVersionUID = 3801124242820219131
      head = null
      tail = null
      accessOrder = true
      serialVersionUID = 362498820763181265
      DEFAULT_INITIAL_CAPACITY = 16
      MAXIMUM_CAPACITY = 1073741824
      DEFAULT_LOAD_FACTOR = 0.75
      TREEIFY_THRESHOLD = 8
      UNTREEIFY_THRESHOLD = 6
      MIN_TREEIFY_CAPACITY = 64
      table = null
      entrySet = null
      size = 0
      modCount = 0
      threshold = 32
      loadFactor = 1.0
      keySet = null
      values = null
    useMetaInfCache = true
    SUN_CONFIGURE_LISTENER_CLASSNAME = "com.sun.faces.config.ConfigureListener"
    MYFACES_LIFECYCLE_LISTENER_CLASSNAME = "org.apache.myfaces.webapp.StartupServletContextListener"
    JSF_IMPL_ENABLED_PARAM = "com.ibm.ws.jsf.JSF_IMPL_ENABLED"
    JSF_IMPL_ENABLED_CUSTOM = "Custom"
    JSF_IMPL_ENABLED_NONE = "None"
    staticDocRoot = class com.ibm.ws.webcontainer.util.DocumentRootUtils@3d1b6943
      logger = class com.ibm.ws.logging.internal.WsLogger@7e5c18fa
      CLASS_NAME = "com.ibm.ws.webcontainer.util.DocumentRootUtils"
      useContentLength = false
      matchedFile = null
      matchedZipFile = null
      matchedEntry = null
      matchedURL = null
      edrRoot = null
      pfedrRoot = null
      ctxt = class com.ibm.ws.webcontainer31.osgi.webapp.WebApp31@62e38d95
      baseDir = null
      edr = null
      pfedr = null
      metaInfRes = null
      searchpfEDR = false
      searchEDR = false
      searchMetaInfRes = true
      matchFromEDR = false
      matchFromMetaInfRes = false
      matchIsADirectory = false
      appConfig = class com.ibm.ws.webcontainer.osgi.webapp.WebAppConfiguration@3e7c7900
      attributeType = "staticFile"
      STATIC_FILE = "staticFile"
      JSP = "jsp"
      PFEDR = "preFragmentExtendedDocumentRoot"
      EDR = "extendedDocumentRoot"
    jspDocRoot = class com.ibm.ws.webcontainer.util.DocumentRootUtils@3b500527
      logger = class com.ibm.ws.logging.internal.WsLogger@7e5c18fa
      CLASS_NAME = "com.ibm.ws.webcontainer.util.DocumentRootUtils"
      useContentLength = false
      matchedFile = null
      matchedZipFile = null
      matchedEntry = null
      matchedURL = null
      edrRoot = null
      pfedrRoot = null
      ctxt = class com.ibm.ws.webcontainer31.osgi.webapp.WebApp31@62e38d95
      baseDir = null
      edr = null
      pfedr = null
      metaInfRes = null
      searchpfEDR = false
      searchEDR = false
      searchMetaInfRes = true
      matchFromEDR = false
      matchFromMetaInfRes = false
      matchIsADirectory = false
      appConfig = class com.ibm.ws.webcontainer.osgi.webapp.WebAppConfiguration@3e7c7900
      attributeType = "jsp"
      STATIC_FILE = "staticFile"
      JSP = "jsp"
      PFEDR = "preFragmentExtendedDocumentRoot"
      EDR = "extendedDocumentRoot"
    container = class com.ibm.ws.adaptable.module.internal.AdaptableContainerImpl@721a9b2c
      root = class com.ibm.ws.adaptable.module.internal.AdaptableContainerImpl@721a9b2c
      rootOverlay = class com.ibm.ws.artifact.overlay.internal.DirectoryBasedOverlayContainerImpl@53a86065
      factoryHolder = class com.ibm.ws.adaptable.module.internal.AdaptableModuleFactoryImpl@1105e484
      delegate = class com.ibm.ws.artifact.overlay.internal.DirectoryBasedOverlayContainerImpl@53a86065
      notifier = class com.ibm.ws.adaptable.module.internal.NotifierImpl@1ff8483a
      serialVersionUID = -5621513278641113667
      $$$tc$$$ = class com.ibm.websphere.ras.TraceComponent@3421ea31
    metaInfResourceFinder = class com.ibm.ws.webcontainer.util.MetaInfResourceFinder@18d34f2
      jarResourceContainers = class java.util.ArrayList@58d1349c
      container = class com.ibm.ws.adaptable.module.internal.AdaptableContainerImpl@721a9b2c
    postConstructMethods = class com.ibm.ws.webcontainer.webapp.WebApp$AnnotatedMethods@10b965d1
      annotationClass = class java.lang.Class@6f7eab89
      noOpClassNames = class java.util.HashSet@2a98188c
      annotatedMethodNames = class java.util.concurrent.ConcurrentHashMap@364a41a5
      EMPTY_METHODS = class java.lang.reflect.Method[0]
    preDestroyMethods = class com.ibm.ws.webcontainer.webapp.WebApp$AnnotatedMethods@768e57f4
      annotationClass = class java.lang.Class@53eb20cc
      noOpClassNames = class java.util.HashSet@4203eca5
      annotatedMethodNames = class java.util.concurrent.ConcurrentHashMap@58a44f42
      EMPTY_METHODS = class java.lang.reflect.Method[0]
    upgraded = false
    OBJ_EMPTY = class java.lang.Object[0]
    CLASS_EMPTY = class java.lang.Class[0]
    DEFAULT_JSP_EXTENSIONS = class java.util.ArrayList@4dcc0d3f
      serialVersionUID = 8683452581122892189
      DEFAULT_CAPACITY = 10
      EMPTY_ELEMENTDATA = class java.lang.Object[0]
      DEFAULTCAPACITY_EMPTY_ELEMENTDATA = class java.lang.Object[0]
      elementData = class java.lang.Object[10]
      size = 4
      MAX_ARRAY_SIZE = 2147483639
      modCount = 4
      MAX_ARRAY_SIZE = 2147483639
    DEFER_SERVLET_REQUEST_LISTENER_DESTROY_ON_ERROR = false
    DO_ACCEPT_PARTIAL = true
    DO_NOT_ACCEPT_PARTIAL = false
    DO_ACCEPT_EXCLUDED = true
    DO_NOT_ACCEPT_EXCLUDED = false
    commands = class java.util.ArrayList@7e42f45d
      serialVersionUID = 8683452581122892189
      DEFAULT_CAPACITY = 10
      EMPTY_ELEMENTDATA = class java.lang.Object[0]
      DEFAULTCAPACITY_EMPTY_ELEMENTDATA = class java.lang.Object[0]
      elementData = class java.lang.Object[3]
      size = 0
      MAX_ARRAY_SIZE = 2147483639
      modCount = 0
      MAX_ARRAY_SIZE = 2147483639
    requestMapper = class com.ibm.wsspi.webcontainer.util.URIMapper@7af72d96
      matcher = class com.ibm.wsspi.webcontainer.util.URIMatcher@18ab7596
    parent = class com.ibm.ws.webcontainer.osgi.webapp.WebGroup@57ff7202
      tc = class com.ibm.websphere.ras.TraceComponent@8de86d5
      logger = class com.ibm.ws.logging.internal.WsLogger@63386dc2
      CLASS_NAME = "com.ibm.ws.webcontainer.webapp.WebGroup"
      sessUrlRewritePrefix = ";jsessionid="
      qMark = "?"
      config = class com.ibm.ws.webcontainer.osgi.webapp.WebGroupConfiguration@1e55f731
      webApp = class com.ibm.ws.webcontainer31.osgi.webapp.WebApp31@62e38d95
      commands = class java.util.ArrayList@4d2f7e02
      requestMapper = null
      parent = class com.ibm.ws.webcontainer.osgi.DynamicVirtualHost@35ba93d7
      name = "/GetStartedJava/*"
      isAlive = true
      subElements = class java.util.HashMap@1194e685
      attributes = null
      config = null
      serialVersionUID = -8271459000149267764
      $$$tc$$$ = class com.ibm.websphere.ras.TraceComponent@30f84f8
    name = "GetStartedJava"
    isAlive = true
    subElements = null
    attributes = class java.util.concurrent.ConcurrentHashMap@6f7fd6b8
      serialVersionUID = 7249069246763182397
      MAXIMUM_CAPACITY = 1073741824
      DEFAULT_CAPACITY = 16
      MAX_ARRAY_SIZE = 2147483639
      DEFAULT_CONCURRENCY_LEVEL = 16
      LOAD_FACTOR = 0.75
      TREEIFY_THRESHOLD = 8
      UNTREEIFY_THRESHOLD = 6
      MIN_TREEIFY_CAPACITY = 64
      MIN_TRANSFER_STRIDE = 16
      RESIZE_STAMP_BITS = 16
      MAX_RESIZERS = 65535
      RESIZE_STAMP_SHIFT = 16
      MOVED = -1
      TREEBIN = -2
      RESERVED = -3
      HASH_BITS = 2147483647
      NCPU = 4
      serialPersistentFields = class java.io.ObjectStreamField[3]
      table = class java.util.concurrent.ConcurrentHashMap$Node[32]
      nextTable = null
      baseCount = 17
      sizeCtl = 24
      transferIndex = 0
      cellsBusy = 0
      counterCells = null
      keySet = null
      values = null
      entrySet = null
      U = class sun.misc.Unsafe@28e4a949
      SIZECTL = 20
      TRANSFERINDEX = 32
      BASECOUNT = 24
      CELLSBUSY = 36
      CELLVALUE = 144
      ABASE = 16
      ASHIFT = 2
      keySet = null
      values = null
    config = null
    serialVersionUID = -8271459000149267764
    $$$tc$$$ = class com.ibm.websphere.ras.TraceComponent@30f84f8
      strings[0] = "TraceComponent[com.ibm.ws.container.AbstractContainer,class com.ibm.ws.container.AbstractContainer,[],null,null]"
  collabHelper = class com.ibm.ws.webcontainer.osgi.collaborator.CollaboratorHelperImpl@1b3b3433
    webAppInvCollabs = class java.util.Collections$UnmodifiableSet@4f65f784
      serialVersionUID = -9215047833775013803
      serialVersionUID = 1820017752578914078
      c = class java.util.concurrent.CopyOnWriteArraySet@51b0e7f8
    securityDomainForApp = null
    logger = class com.ibm.ws.logging.internal.WsLogger@299a7fb9
      tc = class com.ibm.websphere.ras.TraceComponent@2b610908
      ivCachedResourceBundleName = null
      ivCachedResourceBundle = null
      ivComponent = null
      ivOrganization = null
      ivProduct = null
      ivMinimumLocalizationLevelIntValue = 625
      ivTC = class com.ibm.websphere.ras.TraceComponent@2cb805ed
      loggerRegistrationComponent = class java.lang.ThreadLocal@6f6c3f68
      emptyHandlers = class java.util.logging.Handler[0]
      offValue = 2147483647
      SYSTEM_LOGGER_RB_NAME = "sun.util.logging.resources.logging"
      SYSTEM_BUNDLE = class java.util.logging.Logger$LoggerBundle@7fe969d6
      NO_RESOURCE_BUNDLE = class java.util.logging.Logger$LoggerBundle@688d40ae
      manager = class com.ibm.ws.kernel.boot.logging.WsLogManager@6614b5a8
      name = "com.ibm.ws.webcontainer.collaborator"
      handlers = class java.util.concurrent.CopyOnWriteArrayList@230a5b6f
      loggerBundle = class java.util.logging.Logger$LoggerBundle@3bb137c4
      useParentHandlers = true
      filter = null
      anonymous = false
      catalog = class com.ibm.ws.webcontainer.resources.Messages@891ba99
      catalogName = "com.ibm.ws.webcontainer.resources.Messages"
      catalogLocale = class java.util.Locale@4b6be7d6
      treeLock = class java.lang.Object@36ca888b
      parent = class com.ibm.ws.logging.internal.WsLogger@6499bca5
      kids = null
      levelObject = class java.util.logging.Level@61d987dd
      levelValue = 800
      callersClassLoaderRef = class java.lang.ref.WeakReference@77699aeb
      isSystemLogger = false
      GLOBAL_LOGGER_NAME = "global"
      global = class java.util.logging.Logger@1774c99f
      $assertionsDisabled = true
    staticDefaultSecurityCollaborator = class com.ibm.ws.webcontainer.collaborator.WebAppSecurityCollaborator@4d831cb6
    logger = class com.ibm.ws.logging.internal.WsLogger@2bf91ff0
      tc = class com.ibm.websphere.ras.TraceComponent@2b610908
      ivCachedResourceBundleName = null
      ivCachedResourceBundle = null
      ivComponent = null
      ivOrganization = null
      ivProduct = null
      ivMinimumLocalizationLevelIntValue = 625
      ivTC = class com.ibm.websphere.ras.TraceComponent@5c036add
      loggerRegistrationComponent = class java.lang.ThreadLocal@6f6c3f68
      emptyHandlers = class java.util.logging.Handler[0]
      offValue = 2147483647
      SYSTEM_LOGGER_RB_NAME = "sun.util.logging.resources.logging"
      SYSTEM_BUNDLE = class java.util.logging.Logger$LoggerBundle@7fe969d6
      NO_RESOURCE_BUNDLE = class java.util.logging.Logger$LoggerBundle@688d40ae
      manager = class com.ibm.ws.kernel.boot.logging.WsLogManager@6614b5a8
      name = "com.ibm.wsspi.webcontainer.collaborator"
      handlers = class java.util.concurrent.CopyOnWriteArrayList@300b7cb7
      loggerBundle = class java.util.logging.Logger$LoggerBundle@2a2f7b9d
      useParentHandlers = true
      filter = null
      anonymous = false
      catalog = class com.ibm.ws.webcontainer.resources.Messages@891ba99
      catalogName = "com.ibm.ws.webcontainer.resources.Messages"
      catalogLocale = class java.util.Locale@4b6be7d6
      treeLock = class java.lang.Object@36ca888b
      parent = class com.ibm.ws.logging.internal.WsLogger@31250181
      kids = null
      levelObject = class java.util.logging.Level@61d987dd
      levelValue = 800
      callersClassLoaderRef = class java.lang.ref.WeakReference@209ce97
      isSystemLogger = false
      GLOBAL_LOGGER_NAME = "global"
      global = class java.util.logging.Logger@1774c99f
      $assertionsDisabled = true
    CLASS_NAME = "com.ibm.wsspi.webcontainer.collaborator.CollaboratorHelper"
    webApp = class com.ibm.ws.webcontainer31.osgi.webapp.WebApp31@62e38d95
    securityCollaborator = class com.ibm.ws.webcontainer.security.WebAppSecurityCollaboratorImpl@56e7ea54
    nameSpaceCollaborator = class com.ibm.ws.webcontainer.osgi.collaborator.WebAppNameSpaceCollaboratorImpl@46848d80
    transactionCollaborator = class com.ibm.ws.transaction.services.WebAppTransactionCollaboratorImpl@51e4ca81
      tc = class com.ibm.websphere.ras.TraceComponent@4cec8ae
      ltCurrentRef = class com.ibm.wsspi.kernel.service.utils.AtomicServiceReference@2e839f38
      tranMgrRef = class com.ibm.wsspi.kernel.service.utils.AtomicServiceReference@37f702f5
      userTranRef = class com.ibm.wsspi.kernel.service.utils.AtomicServiceReference@208ca5f7
      uowCallbackRef = class com.ibm.wsspi.kernel.service.utils.AtomicServiceReference@5259d2e8
      serialVersionUID = -8319003162899973281
    connectionCollaborator = class com.ibm.ws.webcontainer.collaborator.ConnectionCollaborator@4570aa7
    allCollabEnum = class java.util.RegularEnumSet@4f9adca6
      serialVersionUID = 3411599620347842686
      elements = 511
      elementType = class java.lang.Class@1bdde98a
      universe = class com.ibm.wsspi.webcontainer.collaborator.CollaboratorInvocationEnum[9]
      ZERO_LENGTH_ENUM_ARRAY = class java.lang.Enum[0]
      MAX_ARRAY_SIZE = 2147483639
    servlet_23_or_greater = true
    DEFER_SERVLET_REQUEST_LISTENER_DESTROY_ON_ERROR = false
  webAppNameSpaceCollab = class com.ibm.ws.webcontainer.osgi.collaborator.WebAppNameSpaceCollaboratorImpl@46848d80
    cmdai = class com.ibm.ws.threadContext.ComponentMetaDataAccessorImpl@389bd049
      tc = class com.ibm.websphere.ras.TraceComponent@4679043a
      cmdai = class com.ibm.ws.threadContext.ComponentMetaDataAccessorImpl@389bd049
      threadContext = class com.ibm.ws.threadContext.ThreadContextImpl@11058f9b
      defaultCMD = null
  secCollab = class com.ibm.ws.webcontainer.security.WebAppSecurityCollaboratorImpl@56e7ea54
    tc = class com.ibm.websphere.ras.TraceComponent@167e7f33
      strings[0] = "TraceComponent[com.ibm.ws.webcontainer.security.WebAppSecurityCollaboratorImpl,class com.ibm.ws.webcontainer.security.WebAppSecurityCollaboratorImpl,[WebAppSecurity],com.ibm.ws.webcontainer.security.resources.WebAppSecurityMessages,null]"
    KEY_ID = "id"
    KEY_SERVICE_ID = "service.id"
    KEY_COMPONENT_NAME = "component.name"
    KEY_SECURITY_SERVICE = "securityService"
    KEY_TAI_SERVICE = "taiService"
    KEY_INTERCEPTOR_SERVICE = "interceptorService"
    KEY_JACC_SERVICE = "jaccService"
    JASPI_SERVICE_COMPONENT_NAME = "com.ibm.ws.security.jaspi"
    KEY_WEB_AUTHENTICATOR = "webAuthenticator"
    KEY_UNPROTECTED_RESOURCE_SERVICE = "unprotectedResourceService"
    DELEGATION_USERS_LIST = "DELEGATION_USERS_LIST"
    webAuthenticatorRef = class com.ibm.wsspi.kernel.service.utils.ConcurrentServiceReferenceMap@5bb82bf6
      referenceName = "webAuthenticator"
      context = class org.apache.felix.scr.impl.manager.ComponentContextImpl@3d97443a
      elementMap = class java.util.concurrent.ConcurrentHashMap@1dc57bc6
      serialVersionUID = 6980924785166233786
      $$$tc$$$ = class com.ibm.websphere.ras.TraceComponent@72d74d53
    unprotectedResourceServiceRef = class com.ibm.wsspi.kernel.service.utils.ConcurrentServiceReferenceMap@67861014
      referenceName = "unprotectedResourceService"
      context = class org.apache.felix.scr.impl.manager.ComponentContextImpl@3d97443a
      elementMap = class java.util.concurrent.ConcurrentHashMap@38e86f3
      serialVersionUID = 6980924785166233786
      $$$tc$$$ = class com.ibm.websphere.ras.TraceComponent@72d74d53
    taiServiceRef = class com.ibm.wsspi.kernel.service.utils.AtomicServiceReference@7ee08fae
      referenceName = "taiService"
      tuple = class java.util.concurrent.atomic.AtomicReference@2363169
      serialVersionUID = 2226592364007985000
      $$$tc$$$ = class com.ibm.websphere.ras.TraceComponent@38d1a92f
    interceptorServiceRef = class com.ibm.wsspi.kernel.service.utils.ConcurrentServiceReferenceMap@28a892c4
      referenceName = "interceptorService"
      context = class org.apache.felix.scr.impl.manager.ComponentContextImpl@3d97443a
      elementMap = class java.util.concurrent.ConcurrentHashMap@295483ac
      serialVersionUID = 6980924785166233786
      $$$tc$$$ = class com.ibm.websphere.ras.TraceComponent@72d74d53
    securityServiceRef = class com.ibm.wsspi.kernel.service.utils.AtomicServiceReference@32d5fbbc
      referenceName = "securityService"
      tuple = class java.util.concurrent.atomic.AtomicReference@595a7565
      serialVersionUID = 2226592364007985000
      $$$tc$$$ = class com.ibm.websphere.ras.TraceComponent@38d1a92f
    jaccServiceRef = class com.ibm.wsspi.kernel.service.utils.AtomicServiceReference@65844b42
      referenceName = "jaccService"
      tuple = class java.util.concurrent.atomic.AtomicReference@3964eae5
      serialVersionUID = 2226592364007985000
      $$$tc$$$ = class com.ibm.websphere.ras.TraceComponent@38d1a92f
    KEY_LOCATION_ADMIN = "locationAdmin"
    locationAdminRef = class com.ibm.wsspi.kernel.service.utils.AtomicServiceReference@1f6325a3
      referenceName = "locationAdmin"
      tuple = class java.util.concurrent.atomic.AtomicReference@3299a9aa
      serialVersionUID = 2226592364007985000
      $$$tc$$$ = class com.ibm.websphere.ras.TraceComponent@38d1a92f
    PERMIT_REPLY = class com.ibm.ws.webcontainer.security.internal.PermitReply@73b1aa39
      serialVersionUID = 8303150652534131684
      $$$tc$$$ = class com.ibm.websphere.ras.TraceComponent@63d75145
      responseCode = 200
      message = "OK"
      serialVersionUID = -2052464364003317781
      $$$tc$$$ = class com.ibm.websphere.ras.TraceComponent@59c0e8b6
    DENY_AUTHZ_FAILED = class com.ibm.ws.webcontainer.security.internal.DenyReply@6e24a7e8
      serialVersionUID = -5683685740512191354
      $$$tc$$$ = class com.ibm.websphere.ras.TraceComponent@5eac2a95
      responseCode = 403
      message = "AuthorizationFailed"
      serialVersionUID = -2052464364003317781
      $$$tc$$$ = class com.ibm.websphere.ras.TraceComponent@59c0e8b6
    AUTH_TYPE = "AUTH_TYPE"
    ALL_AUTHENTICATED_ROLE = "**"
    STARSTAR_ROLE = "_starstar_"
    globalConfig = class com.ibm.ws.webcontainer.security.internal.extended.WebAppSecurityConfigImplExtended@29bd2f35
      tc = class com.ibm.websphere.ras.TraceComponent@525f4c0f
      oidcServerRef = class com.ibm.wsspi.kernel.service.utils.AtomicServiceReference@7d2d4c31
      oidcClientRef = class com.ibm.wsspi.kernel.service.utils.AtomicServiceReference@431b164c
      serialVersionUID = -720314228807838986
      tc = class com.ibm.websphere.ras.TraceComponent@72d1e3a9
      WLP_USER_DIR = "${wlp.user.dir}"
      AUTO_GEN_COOKIE_NAME_PREFIX = "WAS_"
      DEFAULT_SSO_COOKIE_NAME = "LtpaToken2"
      CFG_KEY_LOGOUT_ON_HTTP_SESSION_EXPIRE = "logoutOnHttpSessionExpire"
      CFG_KEY_SINGLE_SIGN_ON_ENABLED = "singleSignonEnabled"
      CFG_KEY_PRESERVE_FULLY_QUALIFIED_REFERRER_URL = "preserveFullyQualifiedReferrerUrl"
      CFG_KEY_POSTPARAM_SAVE_METHOD = "postParamSaveMethod"
      CFG_KEY_POSTPARAM_COOKIE_SIZE = "postParamCookieSize"
      CFG_KEY_ALLOW_LOGOUT_PAGE_REDIRECT_TO_ANY_HOST = "allowLogoutPageRedirectToAnyHost"
      CFG_KEY_LOGOUT_PAGE_REDIRECT_DOMAIN_NAMES = "logoutPageRedirectDomainNames"
      CFG_KEY_WAS_REQ_URL_REDIRECT_DOMAIN_NAMES = "wasReqURLRedirectDomainNames"
      CFG_KEY_SSO_COOKIE_NAME = "ssoCookieName"
      CFG_KEY_AUTO_GEN_SSO_COOKIE_NAME = "autoGenSsoCookieName"
      CFG_KEY_FAIL_OVER_TO_BASICAUTH = "allowFailOverToBasicAuth"
      CFG_KEY_DISPLAY_AUTHENTICATION_REALM = "displayAuthenticationRealm"
      CFG_KEY_HTTP_ONLY_COOKIES = "httpOnlyCookies"
      CFG_KEY_WEB_ALWAYS_LOGIN = "webAlwaysLogin"
      CFG_KEY_SSO_DOMAIN_NAMES = "ssoDomainNames"
      CFG_KEY_SSO_REQUIRES_SSL = "ssoRequiresSSL"
      CFG_KEY_SSO_USE_DOMAIN_FROM_URL = "ssoUseDomainFromURL"
      CFG_KEY_USE_AUTH_DATA_FOR_UNPROTECTED = "useAuthenticationDataForUnprotectedResource"
      CFG_KEY_LOGIN_FORM_URL = "loginFormURL"
      CFG_KEY_ALLOW_FAIL_OVER_TO_AUTH_METHOD = "allowAuthenticationFailOverToAuthMethod"
      CFG_KEY_INCLUDE_PATH_IN_WAS_REQ_URL = "includePathInWASReqURL"
      CFG_KEY_TRACK_LOGGED_OUT_SSO_COOKIES = "trackLoggedOutSSOCookies"
      CFG_KEY_USE_ONLY_CUSTOM_COOKIE_NAME = "useOnlyCustomCookieName"
      logoutOnHttpSessionExpire = false
      singleSignonEnabled = true
      preserveFullyQualifiedReferrerUrl = false
      postParamSaveMethod = "Cookie"
      postParamCookieSize = 16384
      allowLogoutPageRedirectToAnyHost = false
      wasReqURLRedirectDomainNames = null
      logoutPageRedirectDomainNames = null
      ssoCookieName = "LtpaToken2"
      autoGenSsoCookieName = false
      allowFailOverToBasicAuth = false
      displayAuthenticationRealm = false
      httpOnlyCookies = true
      webAlwaysLogin = false
      ssoRequiresSSL = false
      ssoDomainNames = null
      ssoUseDomainFromURL = false
      useAuthenticationDataForUnprotectedResource = true
      loginFormURL = null
      allowFailOverToAuthMethod = null
      includePathInWASReqURL = false
      trackLoggedOutSSOCookies = false
      useOnlyCustomCookieName = false
      locationAdminRef = class com.ibm.wsspi.kernel.service.utils.AtomicServiceReference@1f6325a3
      securityServiceRef = class com.ibm.wsspi.kernel.service.utils.AtomicServiceReference@32d5fbbc
      serialVersionUID = -7863660892004950769
    currentProps = class java.util.HashMap@2ff5599c
      serialVersionUID = 362498820763181265
      DEFAULT_INITIAL_CAPACITY = 16
      MAXIMUM_CAPACITY = 1073741824
      DEFAULT_LOAD_FACTOR = 0.75
      TREEIFY_THRESHOLD = 8
      UNTREEIFY_THRESHOLD = 6
      MIN_TREEIFY_CAPACITY = 64
      table = class java.util.HashMap$Node[64]
      entrySet = null
      size = 26
      modCount = 27
      threshold = 48
      loadFactor = 0.75
      keySet = null
      values = null
    authenticatorFactory = class com.ibm.ws.webcontainer.security.internal.extended.WebAuthenticatorFactoryImplExtended@516bde39
      KEY_OAUTH_SERVICE = "oauthService"
      KEY_OIDC_SERVER = "oidcServer"
      KEY_OIDC_CLIENT = "oidcClient"
      KEY_OPENID_CLIENT_SERVICE = "openidClientService"
      oauthServiceRef = class com.ibm.wsspi.kernel.service.utils.AtomicServiceReference@4eef9ac7
      oidcServerRef = class com.ibm.wsspi.kernel.service.utils.AtomicServiceReference@7d2d4c31
      oidcClientRef = class com.ibm.wsspi.kernel.service.utils.AtomicServiceReference@431b164c
      openidClientRef = class com.ibm.wsspi.kernel.service.utils.AtomicServiceReference@67ff5c24
      serialVersionUID = -1477921690833372224
      $$$tc$$$ = class com.ibm.websphere.ras.TraceComponent@6a77ec7f
    webAppSecConfig = class com.ibm.ws.webcontainer.security.internal.extended.WebAppSecurityConfigImplExtended@29bd2f35
    authenticateApi = class com.ibm.ws.webcontainer.security.extended.AuthenticateApiExtended@1a3b281b
      serialVersionUID = 8376760192840062807
      $$$tc$$$ = class com.ibm.websphere.ras.TraceComponent@1ca78182
      tc = class com.ibm.websphere.ras.TraceComponent@7f2cef9
      KEY_SECURITY_SERVICE = "securityService"
      securityServiceRef = class com.ibm.wsspi.kernel.service.utils.AtomicServiceReference@32d5fbbc
      subjectManager = class com.ibm.ws.security.context.SubjectManager@1134e3d2
      subjectHelper = class com.ibm.ws.security.authentication.utility.SubjectHelper@716fe15
      ssoCookieHelper = class com.ibm.ws.webcontainer.security.extended.SSOCookieHelperImplExtended@6404f706
      authCacheService = class com.ibm.ws.security.authentication.internal.cache.AuthCacheServiceImpl@66bfd391
      collabUtils = class com.ibm.ws.security.collaborator.CollaboratorUtils@5f83f38c
      authService = class com.ibm.ws.security.authentication.internal.AuthenticationServiceImpl@502386e7
      webAuthenticatorRefs = class com.ibm.wsspi.kernel.service.utils.ConcurrentServiceReferenceMap@5bb82bf6
      unprotectedResourceServiceRef = class com.ibm.wsspi.kernel.service.utils.ConcurrentServiceReferenceMap@67861014
      DENY_AUTHN_FAILED = class com.ibm.ws.webcontainer.security.internal.DenyReply@60752ca0
      logoutSubject = null
      serialVersionUID = 4961033084277237683
    postParameterHelper = class com.ibm.ws.webcontainer.security.PostParameterHelper@5a3f68ee
      tc = class com.ibm.websphere.ras.TraceComponent@4c0a6e8
      INITIAL_URL = "INITIAL_URL"
      PARAM_NAMES = "PARAM_NAMES"
      PARAM_VALUES = "PARAM_VALUES"
      POSTPARAM_COOKIE = "WASPostParam"
      ATTRIB_HASH_MAP = "ServletRequestWrapperHashmap"
      LENGTH_INT = 4
      OFFSET_REQURL = 0
      OFFSET_DATA = 1
      webAppSecurityConfig = class com.ibm.ws.webcontainer.security.internal.extended.WebAppSecurityConfigImplExtended@29bd2f35
      serialVersionUID = -1165845467615987734
    collabUtils = class com.ibm.ws.security.collaborator.CollaboratorUtils@5f83f38c
      tc = class com.ibm.websphere.ras.TraceComponent@446aeb5a
      subjectManager = class com.ibm.ws.security.context.SubjectManager@13aef5ba
      serialVersionUID = 1544996125297377090
    subjectHelper = class com.ibm.ws.security.authentication.utility.SubjectHelper@50167453
      tc = class com.ibm.websphere.ras.TraceComponent@59611fb8
      serialVersionUID = -892250569803095632
    subjectManager = class com.ibm.ws.security.context.SubjectManager@13aef5ba
      threadLocal = class com.ibm.ws.security.context.SubjectManager$SecurityThreadLocal@4b92445b
      serialVersionUID = 8008928227801865506
      $$$tc$$$ = class com.ibm.websphere.ras.TraceComponent@4a5ded17
    httpsRedirectHandler = class com.ibm.ws.webcontainer.security.internal.HTTPSRedirectHandler@32f78739
      tc = class com.ibm.websphere.ras.TraceComponent@22e62287
      serialVersionUID = -3103286160096161340
    auditManager = class com.ibm.websphere.security.audit.context.AuditManager@72a81d78
      threadLocal = class com.ibm.websphere.security.audit.context.AuditManager$AuditThreadLocal@3fae6430
      serialVersionUID = 3990873393024807062
      $$$tc$$$ = class com.ibm.websphere.ras.TraceComponent@64e0af01
    extraAuditData = class java.util.HashMap@11ff5b92
      serialVersionUID = 362498820763181265
      DEFAULT_INITIAL_CAPACITY = 16
      MAXIMUM_CAPACITY = 1073741824
      DEFAULT_LOAD_FACTOR = 0.75
      TREEIFY_THRESHOLD = 8
      UNTREEIFY_THRESHOLD = 6
      MIN_TREEIFY_CAPACITY = 64
      table = class java.util.HashMap$Node[16]
      entrySet = null
      size = 1
      modCount = 1
      threshold = 12
      loadFactor = 0.75
      keySet = null
      values = null
    authenticatorProxy = class com.ibm.ws.webcontainer.security.extended.WebAuthenticatorProxyExtended@75187f32
      tc = class com.ibm.websphere.ras.TraceComponent@454e504e
      oidcServerRef = class com.ibm.wsspi.kernel.service.utils.AtomicServiceReference@7d2d4c31
      serialVersionUID = -6484703206286851753
      tc = class com.ibm.websphere.ras.TraceComponent@31ec1204
      AUTH_TYPE = "AUTH_TYPE"
      securityServiceRef = class com.ibm.wsspi.kernel.service.utils.AtomicServiceReference@32d5fbbc
      webAppSecurityConfig = class com.ibm.ws.webcontainer.security.internal.extended.WebAppSecurityConfigImplExtended@29bd2f35
      postParameterHelper = class com.ibm.ws.webcontainer.security.PostParameterHelper@5a3f68ee
      providerAuthenticatorProxy = class com.ibm.ws.webcontainer.security.extended.WebProviderAuthenticatorProxyExtended@7bd8e0e7
      extraAuditData = class java.util.HashMap@7de7bb1a
      serialVersionUID = 4335595118122782273
    providerAuthenticatorProxy = class com.ibm.ws.webcontainer.security.extended.WebProviderAuthenticatorProxyExtended@7bd8e0e7
      tc = class com.ibm.websphere.ras.TraceComponent@2337e636
      authenticatorOdering = class java.util.Collections$UnmodifiableRandomAccessList@6f477515
      OAUTH_CONT = class com.ibm.ws.webcontainer.security.AuthenticationResult@28349e19
      OPENID_CLIENT_CONT = class com.ibm.ws.webcontainer.security.AuthenticationResult@59e37656
      OIDC_SERVER_CONT = class com.ibm.ws.webcontainer.security.AuthenticationResult@548fb6c8
      OIDC_CLIENT_CONT = class com.ibm.ws.webcontainer.security.AuthenticationResult@348e91
      SPNEGO_CONT = class com.ibm.ws.webcontainer.security.AuthenticationResult@c7c1cd8
      oauthServiceRef = class com.ibm.wsspi.kernel.service.utils.AtomicServiceReference@4eef9ac7
      openIdClientServiceRef = class com.ibm.wsspi.kernel.service.utils.AtomicServiceReference@67ff5c24
      oidcServerRef = class com.ibm.wsspi.kernel.service.utils.AtomicServiceReference@7d2d4c31
      oidcClientRef = class com.ibm.wsspi.kernel.service.utils.AtomicServiceReference@431b164c
      authHelper = class com.ibm.ws.webcontainer.security.WebProviderAuthenticatorHelper@2fed482b
      referrerURLCookieHandler = class com.ibm.ws.webcontainer.security.extended.ReferrerURLCookieHandlerExtended@1de6c6b3
      serialVersionUID = -4962376951919845428
      tc = class com.ibm.websphere.ras.TraceComponent@cc37e08
      JASPI_CONT = class com.ibm.ws.webcontainer.security.AuthenticationResult@1bd76861
      securityServiceRef = class com.ibm.wsspi.kernel.service.utils.AtomicServiceReference@32d5fbbc
      taiServiceRef = class com.ibm.wsspi.kernel.service.utils.AtomicServiceReference@7ee08fae
      interceptorServiceRef = class com.ibm.wsspi.kernel.service.utils.ConcurrentServiceReferenceMap@28a892c4
      webAppSecurityConfig = class com.ibm.ws.webcontainer.security.internal.extended.WebAppSecurityConfigImplExtended@29bd2f35
      webAuthenticatorRef = class com.ibm.wsspi.kernel.service.utils.ConcurrentServiceReferenceMap@5bb82bf6
      serialVersionUID = -187182665254904997
    unauthenticatedSubjectService = class com.ibm.ws.security.authentication.internal.UnauthenticatedSubjectServiceImpl@49296139
      tc = class com.ibm.websphere.ras.TraceComponent@34919f9a
      KEY_SECURITY_SERVICE = "securityService"
      KEY_CREDENTIALS_SERVICE = "credentialsService"
      securityServiceRef = class com.ibm.wsspi.kernel.service.utils.AtomicServiceReference@63085919
      credentialsServiceRef = class com.ibm.wsspi.kernel.service.utils.AtomicServiceReference@2fa67ebb
      unauthenticatedSubject = class javax.security.auth.Subject@7b1c935e
      unauthenticatedSubjectLock = class com.ibm.ws.security.authentication.internal.UnauthenticatedSubjectServiceImpl$1@6bad34e1
      serialVersionUID = -259576979582176405
    wasch = class com.ibm.ws.webcontainer.security.WebAppSecurityCollaboratorImpl@56e7ea54
    isJaspiEnabled = false
    savedSubject = null
    byPassedAuthRequest = true
    isActive = true
    threadLocal = class java.lang.ThreadLocal@22e18045
      threadLocalHashCode = 1637383029
      nextHashCode = class java.util.concurrent.atomic.AtomicInteger@6cbe73d2
      HASH_INCREMENT = 1640531527
    serialVersionUID = -4833686237530004079
  sessionSecurityIntegrationEnabled = true
  assumeFilterSuccessOnSecurityError = false
  useOriginalRequestState = false
  _evtSource = class com.ibm.ws.webcontainer.webapp.WebAppEventSource@b0e3df1
    _invocationListeners = class com.ibm.ws.webcontainer.util.EventListeners@496dcf2a
      EMPTY_LISTENERS = interface java.util.EventListener[0]
      logger = class com.ibm.ws.logging.internal.WsLogger@7e5c18fa
      CLASS_NAME = "com.ibm.ws.webcontainer.util.EventListeners"
      listeners = interface java.util.EventListener[0]
    _servletListeners = class com.ibm.ws.webcontainer.util.EventListeners@5c61bfa0
      EMPTY_LISTENERS = interface java.util.EventListener[0]
      logger = class com.ibm.ws.logging.internal.WsLogger@7e5c18fa
      CLASS_NAME = "com.ibm.ws.webcontainer.util.EventListeners"
      listeners = interface java.util.EventListener[0]
    _errorListeners = class com.ibm.ws.webcontainer.util.EventListeners@7a3f289a
      EMPTY_LISTENERS = interface java.util.EventListener[0]
      logger = class com.ibm.ws.logging.internal.WsLogger@7e5c18fa
      CLASS_NAME = "com.ibm.ws.webcontainer.util.EventListeners"
      listeners = interface java.util.EventListener[0]
    _applicationListeners = class com.ibm.ws.webcontainer.util.EventListeners@22cfeed5
      EMPTY_LISTENERS = interface java.util.EventListener[0]
      logger = class com.ibm.ws.logging.internal.WsLogger@7e5c18fa
      CLASS_NAME = "com.ibm.ws.webcontainer.util.EventListeners"
      listeners = interface java.util.EventListener[0]
    _filterInvocationListeners = class com.ibm.ws.webcontainer.util.EventListeners@5fc6139
      EMPTY_LISTENERS = interface java.util.EventListener[0]
      logger = class com.ibm.ws.logging.internal.WsLogger@7e5c18fa
      CLASS_NAME = "com.ibm.ws.webcontainer.util.EventListeners"
      listeners = interface java.util.EventListener[0]
    _filterListeners = class com.ibm.ws.webcontainer.util.EventListeners@54b14299
      EMPTY_LISTENERS = interface java.util.EventListener[0]
      logger = class com.ibm.ws.logging.internal.WsLogger@7e5c18fa
      CLASS_NAME = "com.ibm.ws.webcontainer.util.EventListeners"
      listeners = interface java.util.EventListener[0]
    _filterErrorListeners = class com.ibm.ws.webcontainer.util.EventListeners@5749db6d
      EMPTY_LISTENERS = interface java.util.EventListener[0]
      logger = class com.ibm.ws.logging.internal.WsLogger@7e5c18fa
      CLASS_NAME = "com.ibm.ws.webcontainer.util.EventListeners"
      listeners = interface java.util.EventListener[0]
  defaultComponentMetaData = class com.ibm.ws.webcontainer.osgi.metadata.WebComponentMetaDataImpl@49d61a0f
    j2eeName = class com.ibm.ws.container.service.metadata.internal.J2EENameImpl@262fba41
      serialVersionUID = 7488184044073147667
      application = "get-started-java"
      module = "GetStartedJava.war"
      component = null
      string = "get-started-java#GetStartedJava.war"
      j2eeNameBytes = null
      $$$tc$$$ = class com.ibm.websphere.ras.TraceComponent@2669645
    webModuleMetaData = class com.ibm.ws.webcontainer.osgi.metadata.WebModuleMetaDataImpl@548ca5d7
      applicationMetaData = class com.ibm.ws.container.service.app.deploy.internal.ApplicationMetaDataImpl@403e4a01
      j2eeName = class com.ibm.ws.container.service.metadata.internal.J2EENameImpl@262fba41
      wccmd = class com.ibm.ws.webcontainer.osgi.metadata.WebCollaboratorComponentMetaDataImpl@10142607
      securityMetaData = class com.ibm.ws.webcontainer.security.metadata.SecurityServletConfiguratorHelper@3cc91805
      annotatedSecurityMetaData = null
      webAppConfig = class com.ibm.ws.webcontainer.osgi.webapp.WebAppConfiguration@3e7c7900
      _isServlet23OrHigher = false
      jspComponentMetaData = class com.ibm.ws.jsp.runtime.metadata.JspComponentMetaData@5415ba28
      sessionCookieNameInUse = null
      mBeanServiceReg = null
      tc = class com.ibm.websphere.ras.TraceComponent@76f358cc
      NUM_STATIC_SLOTS = 4
      ID_UNINITIALIZED = -1
      id = 0
      metaDataInterface = class java.lang.Class@742e066f
      staticSlots = class java.lang.Object[4]
      dynamicSlots = class java.lang.Object[4]
    mBeanServiceReg = null
    tc = class com.ibm.websphere.ras.TraceComponent@76f358cc
      strings[0] = "TraceComponent[com.ibm.ws.runtime.metadata.MetaDataImpl,class com.ibm.ws.runtime.metadata.MetaDataImpl,[Runtime],null,null]"
    NUM_STATIC_SLOTS = 4
    ID_UNINITIALIZED = -1
    id = 1
    metaDataInterface = class java.lang.Class@121f94c6
      ANNOTATION = 8192
      ENUM = 16384
      SYNTHETIC = 4096
      cachedConstructor = null
      newInstanceCallerCache = null
      name = null
      allPermDomain = class java.security.ProtectionDomain@55fff35b
      useCaches = true
      reflectionData = null
      classRedefinedCount = 0
      genericInfo = null
      serialVersionUID = 3206093459760846163
      serialPersistentFields = class java.io.ObjectStreamField[0]
      reflectionFactory = class sun.reflect.ReflectionFactory@72bb3dc7
      initted = true
      enumConstants = null
      enumConstantDirectory = null
      annotationData = null
      annotationType = null
      classValueMap = null
    staticSlots = class java.lang.Object[4]
      staticSlots[0] = null
      staticSlots[1] = null
      staticSlots[2] = null
      staticSlots[3] = null
    dynamicSlots = null
  DEFER_SERVLET_REQUEST_LISTENER_DESTROY_ON_ERROR = false

